28-Aug-2018 17:13:37.407 INFO [main] org.apache.catalina.startup.VersionLoggerListener.log Server version:        Apache Tomcat/8.5.15
28-Aug-2018 17:13:37.422 INFO [main] org.apache.catalina.startup.VersionLoggerListener.log Server built:          May 5 2017 11:03:04 UTC
28-Aug-2018 17:13:37.423 INFO [main] org.apache.catalina.startup.VersionLoggerListener.log Server number:         8.5.15.0
28-Aug-2018 17:13:37.423 INFO [main] org.apache.catalina.startup.VersionLoggerListener.log OS Name:               Windows 10
28-Aug-2018 17:13:37.423 INFO [main] org.apache.catalina.startup.VersionLoggerListener.log OS Version:            10.0
28-Aug-2018 17:13:37.423 INFO [main] org.apache.catalina.startup.VersionLoggerListener.log Architecture:          x86
28-Aug-2018 17:13:37.423 INFO [main] org.apache.catalina.startup.VersionLoggerListener.log Java Home:             C:\Program Files (x86)\Java\jdk1.8.0_121\jre
28-Aug-2018 17:13:37.423 INFO [main] org.apache.catalina.startup.VersionLoggerListener.log JVM Version:           1.8.0_121-b13
28-Aug-2018 17:13:37.424 INFO [main] org.apache.catalina.startup.VersionLoggerListener.log JVM Vendor:            Oracle Corporation
28-Aug-2018 17:13:37.424 INFO [main] org.apache.catalina.startup.VersionLoggerListener.log CATALINA_BASE:         C:\Users\Brandon\Documents\Tomcat
28-Aug-2018 17:13:37.424 INFO [main] org.apache.catalina.startup.VersionLoggerListener.log CATALINA_HOME:         C:\Users\Brandon\Documents\Tomcat
28-Aug-2018 17:13:37.424 INFO [main] org.apache.catalina.startup.VersionLoggerListener.log Command line argument: -Djava.util.logging.config.file=C:\Users\Brandon\Documents\Tomcat\conf\logging.properties
28-Aug-2018 17:13:37.425 INFO [main] org.apache.catalina.startup.VersionLoggerListener.log Command line argument: -Djava.util.logging.manager=org.apache.juli.ClassLoaderLogManager
28-Aug-2018 17:13:37.425 INFO [main] org.apache.catalina.startup.VersionLoggerListener.log Command line argument: -Djdk.tls.ephemeralDHKeySize=2048
28-Aug-2018 17:13:37.425 INFO [main] org.apache.catalina.startup.VersionLoggerListener.log Command line argument: -Djava.protocol.handler.pkgs=org.apache.catalina.webresources
28-Aug-2018 17:13:37.425 INFO [main] org.apache.catalina.startup.VersionLoggerListener.log Command line argument: -Dcatalina.base=C:\Users\Brandon\Documents\Tomcat
28-Aug-2018 17:13:37.425 INFO [main] org.apache.catalina.startup.VersionLoggerListener.log Command line argument: -Dcatalina.home=C:\Users\Brandon\Documents\Tomcat
28-Aug-2018 17:13:37.425 INFO [main] org.apache.catalina.startup.VersionLoggerListener.log Command line argument: -Djava.io.tmpdir=C:\Users\Brandon\Documents\Tomcat\temp
28-Aug-2018 17:13:37.426 INFO [main] org.apache.catalina.core.AprLifecycleListener.lifecycleEvent The APR based Apache Tomcat Native library which allows optimal performance in production environments was not found on the java.library.path: [C:\Program Files (x86)\Java\jdk1.8.0_121\bin;C:\WINDOWS\Sun\Java\bin;C:\WINDOWS\system32;C:\WINDOWS;C:\Program Files (x86)\Common Files\Oracle\Java\javapath;C:\Program Files\Microsoft MPI\Bin\;C:\Program Files (x86)\NVIDIA Corporation\PhysX\Common;C:\ProgramData\Oracle\Java\javapath;C:\WINDOWS\system32;C:\WINDOWS;C:\WINDOWS\System32\Wbem;C:\WINDOWS\System32\WindowsPowerShell\v1.0\;C:\Program Files (x86)\Skype\Phone\;C:\Program Files (x86)\Common Files\Adobe\AGL;C:\Users\Brandon\AppData\Local\Android\sdk;C:\Program Files\Microsoft SQL Server\130\Tools\Binn\;C:\Program Files\dotnet\;C:\Program Files\Git\cmd;C:\Program Files (x86)\GtkSharp\2.12\bin;C:\WINDOWS\System32\OpenSSH\;C:\Users\Brandon\AppData\Local\Microsoft\WindowsApps;;C:\Program Files\Microsoft VS Code\bin;.]
28-Aug-2018 17:13:37.908 INFO [main] org.apache.coyote.AbstractProtocol.init Initializing ProtocolHandler ["http-nio-80"]
28-Aug-2018 17:13:38.025 INFO [main] org.apache.tomcat.util.net.NioSelectorPool.getSharedSelector Using a shared selector for servlet write/read
28-Aug-2018 17:13:38.028 INFO [main] org.apache.coyote.AbstractProtocol.init Initializing ProtocolHandler ["ajp-nio-8009"]
28-Aug-2018 17:13:38.030 INFO [main] org.apache.tomcat.util.net.NioSelectorPool.getSharedSelector Using a shared selector for servlet write/read
28-Aug-2018 17:13:38.030 INFO [main] org.apache.catalina.startup.Catalina.load Initialization processed in 955 ms
28-Aug-2018 17:13:38.062 INFO [main] org.apache.catalina.core.StandardService.startInternal Starting service [Catalina]
28-Aug-2018 17:13:38.062 INFO [main] org.apache.catalina.core.StandardEngine.startInternal Starting Servlet Engine: Apache Tomcat/8.5.15
28-Aug-2018 17:13:38.161 INFO [localhost-startStop-1] org.apache.catalina.startup.HostConfig.deployWAR Deploying web application archive [C:\Users\Brandon\Documents\Tomcat\webapps\Live.war]
28-Aug-2018 17:13:38.531 INFO [localhost-startStop-1] org.apache.catalina.startup.HostConfig.deployWAR Deployment of web application archive [C:\Users\Brandon\Documents\Tomcat\webapps\Live.war] has finished in [370] ms
28-Aug-2018 17:13:38.532 INFO [localhost-startStop-1] org.apache.catalina.startup.HostConfig.deployWAR Deploying web application archive [C:\Users\Brandon\Documents\Tomcat\webapps\RobotLive.war]
28-Aug-2018 17:13:38.575 INFO [localhost-startStop-1] org.apache.catalina.startup.HostConfig.deployWAR Deployment of web application archive [C:\Users\Brandon\Documents\Tomcat\webapps\RobotLive.war] has finished in [43] ms
28-Aug-2018 17:13:38.576 INFO [localhost-startStop-1] org.apache.catalina.startup.HostConfig.deployWAR Deploying web application archive [C:\Users\Brandon\Documents\Tomcat\webapps\ROOT.war]
28-Aug-2018 17:13:38.580 INFO [localhost-startStop-1] org.apache.catalina.startup.ExpandWar.expand An expanded directory [C:\Users\Brandon\Documents\Tomcat\webapps\ROOT] was found with a last modified time that did not match the associated WAR. It will be deleted.
28-Aug-2018 17:13:38.639 INFO [localhost-startStop-1] org.apache.catalina.startup.HostConfig.deployWAR Deployment of web application archive [C:\Users\Brandon\Documents\Tomcat\webapps\ROOT.war] has finished in [63] ms
28-Aug-2018 17:13:38.641 INFO [localhost-startStop-1] org.apache.catalina.startup.HostConfig.deployDirectory Deploying web application directory [C:\Users\Brandon\Documents\Tomcat\webapps\apache]
28-Aug-2018 17:13:38.664 INFO [localhost-startStop-1] org.apache.catalina.startup.HostConfig.deployDirectory Deployment of web application directory [C:\Users\Brandon\Documents\Tomcat\webapps\apache] has finished in [23] ms
28-Aug-2018 17:13:38.665 INFO [localhost-startStop-1] org.apache.catalina.startup.HostConfig.deployDirectory Deploying web application directory [C:\Users\Brandon\Documents\Tomcat\webapps\docs]
28-Aug-2018 17:13:38.683 INFO [localhost-startStop-1] org.apache.catalina.startup.HostConfig.deployDirectory Deployment of web application directory [C:\Users\Brandon\Documents\Tomcat\webapps\docs] has finished in [19] ms
28-Aug-2018 17:13:38.684 INFO [localhost-startStop-1] org.apache.catalina.startup.HostConfig.deployDirectory Deploying web application directory [C:\Users\Brandon\Documents\Tomcat\webapps\examples]
28-Aug-2018 17:13:39.581 INFO [localhost-startStop-1] org.apache.catalina.startup.HostConfig.deployDirectory Deployment of web application directory [C:\Users\Brandon\Documents\Tomcat\webapps\examples] has finished in [897] ms
28-Aug-2018 17:13:39.582 INFO [localhost-startStop-1] org.apache.catalina.startup.HostConfig.deployDirectory Deploying web application directory [C:\Users\Brandon\Documents\Tomcat\webapps\host-manager]
28-Aug-2018 17:13:39.610 INFO [localhost-startStop-1] org.apache.catalina.startup.HostConfig.deployDirectory Deployment of web application directory [C:\Users\Brandon\Documents\Tomcat\webapps\host-manager] has finished in [28] ms
28-Aug-2018 17:13:39.610 INFO [localhost-startStop-1] org.apache.catalina.startup.HostConfig.deployDirectory Deploying web application directory [C:\Users\Brandon\Documents\Tomcat\webapps\manager]
28-Aug-2018 17:13:39.637 INFO [localhost-startStop-1] org.apache.catalina.startup.HostConfig.deployDirectory Deployment of web application directory [C:\Users\Brandon\Documents\Tomcat\webapps\manager] has finished in [27] ms
28-Aug-2018 17:13:39.639 INFO [main] org.apache.coyote.AbstractProtocol.start Starting ProtocolHandler ["http-nio-80"]
28-Aug-2018 17:13:39.648 INFO [main] org.apache.coyote.AbstractProtocol.start Starting ProtocolHandler ["ajp-nio-8009"]
28-Aug-2018 17:13:39.651 INFO [main] org.apache.catalina.startup.Catalina.start Server startup in 1619 ms
28-Aug-2018 17:15:01.953 INFO [main] org.apache.catalina.core.StandardServer.await A valid shutdown command was received via the shutdown port. Stopping the Server instance.
28-Aug-2018 17:15:01.954 INFO [main] org.apache.coyote.AbstractProtocol.pause Pausing ProtocolHandler ["http-nio-80"]
28-Aug-2018 17:15:02.009 INFO [main] org.apache.coyote.AbstractProtocol.pause Pausing ProtocolHandler ["ajp-nio-8009"]
28-Aug-2018 17:15:02.038 INFO [main] org.apache.catalina.core.StandardService.stopInternal Stopping service [Catalina]
28-Aug-2018 17:15:02.064 INFO [main] org.apache.coyote.AbstractProtocol.stop Stopping ProtocolHandler ["http-nio-80"]
28-Aug-2018 17:15:02.065 INFO [main] org.apache.coyote.AbstractProtocol.stop Stopping ProtocolHandler ["ajp-nio-8009"]
28-Aug-2018 17:15:02.066 INFO [main] org.apache.coyote.AbstractProtocol.destroy Destroying ProtocolHandler ["http-nio-80"]
28-Aug-2018 17:15:02.067 INFO [main] org.apache.coyote.AbstractProtocol.destroy Destroying ProtocolHandler ["ajp-nio-8009"]
28-Aug-2018 17:15:03.084 INFO [main] org.apache.catalina.startup.VersionLoggerListener.log Server version:        Apache Tomcat/8.5.15
28-Aug-2018 17:15:03.086 INFO [main] org.apache.catalina.startup.VersionLoggerListener.log Server built:          May 5 2017 11:03:04 UTC
28-Aug-2018 17:15:03.086 INFO [main] org.apache.catalina.startup.VersionLoggerListener.log Server number:         8.5.15.0
28-Aug-2018 17:15:03.086 INFO [main] org.apache.catalina.startup.VersionLoggerListener.log OS Name:               Windows 10
28-Aug-2018 17:15:03.086 INFO [main] org.apache.catalina.startup.VersionLoggerListener.log OS Version:            10.0
28-Aug-2018 17:15:03.086 INFO [main] org.apache.catalina.startup.VersionLoggerListener.log Architecture:          x86
28-Aug-2018 17:15:03.087 INFO [main] org.apache.catalina.startup.VersionLoggerListener.log Java Home:             C:\Program Files (x86)\Java\jdk1.8.0_121\jre
28-Aug-2018 17:15:03.088 INFO [main] org.apache.catalina.startup.VersionLoggerListener.log JVM Version:           1.8.0_121-b13
28-Aug-2018 17:15:03.088 INFO [main] org.apache.catalina.startup.VersionLoggerListener.log JVM Vendor:            Oracle Corporation
28-Aug-2018 17:15:03.088 INFO [main] org.apache.catalina.startup.VersionLoggerListener.log CATALINA_BASE:         C:\Users\Brandon\Documents\Tomcat
28-Aug-2018 17:15:03.088 INFO [main] org.apache.catalina.startup.VersionLoggerListener.log CATALINA_HOME:         C:\Users\Brandon\Documents\Tomcat
28-Aug-2018 17:15:03.088 INFO [main] org.apache.catalina.startup.VersionLoggerListener.log Command line argument: -Djava.util.logging.config.file=C:\Users\Brandon\Documents\Tomcat\conf\logging.properties
28-Aug-2018 17:15:03.088 INFO [main] org.apache.catalina.startup.VersionLoggerListener.log Command line argument: -Djava.util.logging.manager=org.apache.juli.ClassLoaderLogManager
28-Aug-2018 17:15:03.089 INFO [main] org.apache.catalina.startup.VersionLoggerListener.log Command line argument: -Djdk.tls.ephemeralDHKeySize=2048
28-Aug-2018 17:15:03.089 INFO [main] org.apache.catalina.startup.VersionLoggerListener.log Command line argument: -Djava.protocol.handler.pkgs=org.apache.catalina.webresources
28-Aug-2018 17:15:03.089 INFO [main] org.apache.catalina.startup.VersionLoggerListener.log Command line argument: -Dcatalina.base=C:\Users\Brandon\Documents\Tomcat
28-Aug-2018 17:15:03.089 INFO [main] org.apache.catalina.startup.VersionLoggerListener.log Command line argument: -Dcatalina.home=C:\Users\Brandon\Documents\Tomcat
28-Aug-2018 17:15:03.089 INFO [main] org.apache.catalina.startup.VersionLoggerListener.log Command line argument: -Djava.io.tmpdir=C:\Users\Brandon\Documents\Tomcat\temp
28-Aug-2018 17:15:03.090 INFO [main] org.apache.catalina.core.AprLifecycleListener.lifecycleEvent The APR based Apache Tomcat Native library which allows optimal performance in production environments was not found on the java.library.path: [C:\Program Files (x86)\Java\jdk1.8.0_121\bin;C:\WINDOWS\Sun\Java\bin;C:\WINDOWS\system32;C:\WINDOWS;C:\Program Files (x86)\Common Files\Oracle\Java\javapath;C:\Program Files\Microsoft MPI\Bin\;C:\Program Files (x86)\NVIDIA Corporation\PhysX\Common;C:\ProgramData\Oracle\Java\javapath;C:\WINDOWS\system32;C:\WINDOWS;C:\WINDOWS\System32\Wbem;C:\WINDOWS\System32\WindowsPowerShell\v1.0\;C:\Program Files (x86)\Skype\Phone\;C:\Program Files (x86)\Common Files\Adobe\AGL;C:\Users\Brandon\AppData\Local\Android\sdk;C:\Program Files\Microsoft SQL Server\130\Tools\Binn\;C:\Program Files\dotnet\;C:\Program Files\Git\cmd;C:\Program Files (x86)\GtkSharp\2.12\bin;C:\WINDOWS\System32\OpenSSH\;C:\Users\Brandon\AppData\Local\Microsoft\WindowsApps;;C:\Program Files\Microsoft VS Code\bin;.]
28-Aug-2018 17:15:03.169 INFO [main] org.apache.coyote.AbstractProtocol.init Initializing ProtocolHandler ["http-nio-80"]
28-Aug-2018 17:15:03.255 INFO [main] org.apache.tomcat.util.net.NioSelectorPool.getSharedSelector Using a shared selector for servlet write/read
28-Aug-2018 17:15:03.257 INFO [main] org.apache.coyote.AbstractProtocol.init Initializing ProtocolHandler ["ajp-nio-8009"]
28-Aug-2018 17:15:03.259 INFO [main] org.apache.tomcat.util.net.NioSelectorPool.getSharedSelector Using a shared selector for servlet write/read
28-Aug-2018 17:15:03.260 INFO [main] org.apache.catalina.startup.Catalina.load Initialization processed in 426 ms
28-Aug-2018 17:15:03.279 INFO [main] org.apache.catalina.core.StandardService.startInternal Starting service [Catalina]
28-Aug-2018 17:15:03.280 INFO [main] org.apache.catalina.core.StandardEngine.startInternal Starting Servlet Engine: Apache Tomcat/8.5.15
28-Aug-2018 17:15:03.299 INFO [localhost-startStop-1] org.apache.catalina.startup.HostConfig.deployWAR Deploying web application archive [C:\Users\Brandon\Documents\Tomcat\webapps\Live.war]
28-Aug-2018 17:15:03.558 INFO [localhost-startStop-1] org.apache.catalina.startup.HostConfig.deployWAR Deployment of web application archive [C:\Users\Brandon\Documents\Tomcat\webapps\Live.war] has finished in [258] ms
28-Aug-2018 17:15:03.559 INFO [localhost-startStop-1] org.apache.catalina.startup.HostConfig.deployWAR Deploying web application archive [C:\Users\Brandon\Documents\Tomcat\webapps\RobotLive.war]
28-Aug-2018 17:15:03.585 INFO [localhost-startStop-1] org.apache.catalina.startup.HostConfig.deployWAR Deployment of web application archive [C:\Users\Brandon\Documents\Tomcat\webapps\RobotLive.war] has finished in [26] ms
28-Aug-2018 17:15:03.585 INFO [localhost-startStop-1] org.apache.catalina.startup.HostConfig.deployWAR Deploying web application archive [C:\Users\Brandon\Documents\Tomcat\webapps\ROOT.war]
28-Aug-2018 17:15:03.587 INFO [localhost-startStop-1] org.apache.catalina.startup.ExpandWar.expand An expanded directory [C:\Users\Brandon\Documents\Tomcat\webapps\ROOT] was found with a last modified time that did not match the associated WAR. It will be deleted.
28-Aug-2018 17:15:03.640 INFO [localhost-startStop-1] org.apache.catalina.startup.HostConfig.deployWAR Deployment of web application archive [C:\Users\Brandon\Documents\Tomcat\webapps\ROOT.war] has finished in [55] ms
28-Aug-2018 17:15:03.641 INFO [localhost-startStop-1] org.apache.catalina.startup.HostConfig.deployDirectory Deploying web application directory [C:\Users\Brandon\Documents\Tomcat\webapps\apache]
28-Aug-2018 17:15:03.662 INFO [localhost-startStop-1] org.apache.catalina.startup.HostConfig.deployDirectory Deployment of web application directory [C:\Users\Brandon\Documents\Tomcat\webapps\apache] has finished in [20] ms
28-Aug-2018 17:15:03.662 INFO [localhost-startStop-1] org.apache.catalina.startup.HostConfig.deployDirectory Deploying web application directory [C:\Users\Brandon\Documents\Tomcat\webapps\docs]
28-Aug-2018 17:15:03.678 INFO [localhost-startStop-1] org.apache.catalina.startup.HostConfig.deployDirectory Deployment of web application directory [C:\Users\Brandon\Documents\Tomcat\webapps\docs] has finished in [16] ms
28-Aug-2018 17:15:03.679 INFO [localhost-startStop-1] org.apache.catalina.startup.HostConfig.deployDirectory Deploying web application directory [C:\Users\Brandon\Documents\Tomcat\webapps\examples]
28-Aug-2018 17:15:03.893 INFO [localhost-startStop-1] org.apache.catalina.startup.HostConfig.deployDirectory Deployment of web application directory [C:\Users\Brandon\Documents\Tomcat\webapps\examples] has finished in [214] ms
28-Aug-2018 17:15:03.894 INFO [localhost-startStop-1] org.apache.catalina.startup.HostConfig.deployDirectory Deploying web application directory [C:\Users\Brandon\Documents\Tomcat\webapps\host-manager]
28-Aug-2018 17:15:03.912 INFO [localhost-startStop-1] org.apache.catalina.startup.HostConfig.deployDirectory Deployment of web application directory [C:\Users\Brandon\Documents\Tomcat\webapps\host-manager] has finished in [18] ms
28-Aug-2018 17:15:03.912 INFO [localhost-startStop-1] org.apache.catalina.startup.HostConfig.deployDirectory Deploying web application directory [C:\Users\Brandon\Documents\Tomcat\webapps\manager]
28-Aug-2018 17:15:03.928 INFO [localhost-startStop-1] org.apache.catalina.startup.HostConfig.deployDirectory Deployment of web application directory [C:\Users\Brandon\Documents\Tomcat\webapps\manager] has finished in [16] ms
28-Aug-2018 17:15:03.931 INFO [main] org.apache.coyote.AbstractProtocol.start Starting ProtocolHandler ["http-nio-80"]
28-Aug-2018 17:15:03.938 INFO [main] org.apache.coyote.AbstractProtocol.start Starting ProtocolHandler ["ajp-nio-8009"]
28-Aug-2018 17:15:03.941 INFO [main] org.apache.catalina.startup.Catalina.start Server startup in 681 ms
28-Aug-2018 17:16:01.533 INFO [main] org.apache.catalina.core.StandardServer.await A valid shutdown command was received via the shutdown port. Stopping the Server instance.
28-Aug-2018 17:16:01.534 INFO [main] org.apache.coyote.AbstractProtocol.pause Pausing ProtocolHandler ["http-nio-80"]
28-Aug-2018 17:16:01.587 INFO [main] org.apache.coyote.AbstractProtocol.pause Pausing ProtocolHandler ["ajp-nio-8009"]
28-Aug-2018 17:16:01.619 INFO [main] org.apache.catalina.core.StandardService.stopInternal Stopping service [Catalina]
28-Aug-2018 17:16:01.642 INFO [main] org.apache.coyote.AbstractProtocol.stop Stopping ProtocolHandler ["http-nio-80"]
28-Aug-2018 17:16:01.643 INFO [main] org.apache.coyote.AbstractProtocol.stop Stopping ProtocolHandler ["ajp-nio-8009"]
28-Aug-2018 17:16:01.645 INFO [main] org.apache.coyote.AbstractProtocol.destroy Destroying ProtocolHandler ["http-nio-80"]
28-Aug-2018 17:16:01.645 INFO [main] org.apache.coyote.AbstractProtocol.destroy Destroying ProtocolHandler ["ajp-nio-8009"]
28-Aug-2018 17:16:02.606 INFO [main] org.apache.catalina.startup.VersionLoggerListener.log Server version:        Apache Tomcat/8.5.15
28-Aug-2018 17:16:02.608 INFO [main] org.apache.catalina.startup.VersionLoggerListener.log Server built:          May 5 2017 11:03:04 UTC
28-Aug-2018 17:16:02.609 INFO [main] org.apache.catalina.startup.VersionLoggerListener.log Server number:         8.5.15.0
28-Aug-2018 17:16:02.609 INFO [main] org.apache.catalina.startup.VersionLoggerListener.log OS Name:               Windows 10
28-Aug-2018 17:16:02.609 INFO [main] org.apache.catalina.startup.VersionLoggerListener.log OS Version:            10.0
28-Aug-2018 17:16:02.609 INFO [main] org.apache.catalina.startup.VersionLoggerListener.log Architecture:          x86
28-Aug-2018 17:16:02.609 INFO [main] org.apache.catalina.startup.VersionLoggerListener.log Java Home:             C:\Program Files (x86)\Java\jdk1.8.0_121\jre
28-Aug-2018 17:16:02.609 INFO [main] org.apache.catalina.startup.VersionLoggerListener.log JVM Version:           1.8.0_121-b13
28-Aug-2018 17:16:02.610 INFO [main] org.apache.catalina.startup.VersionLoggerListener.log JVM Vendor:            Oracle Corporation
28-Aug-2018 17:16:02.610 INFO [main] org.apache.catalina.startup.VersionLoggerListener.log CATALINA_BASE:         C:\Users\Brandon\Documents\Tomcat
28-Aug-2018 17:16:02.610 INFO [main] org.apache.catalina.startup.VersionLoggerListener.log CATALINA_HOME:         C:\Users\Brandon\Documents\Tomcat
28-Aug-2018 17:16:02.610 INFO [main] org.apache.catalina.startup.VersionLoggerListener.log Command line argument: -Djava.util.logging.config.file=C:\Users\Brandon\Documents\Tomcat\conf\logging.properties
28-Aug-2018 17:16:02.610 INFO [main] org.apache.catalina.startup.VersionLoggerListener.log Command line argument: -Djava.util.logging.manager=org.apache.juli.ClassLoaderLogManager
28-Aug-2018 17:16:02.610 INFO [main] org.apache.catalina.startup.VersionLoggerListener.log Command line argument: -Djdk.tls.ephemeralDHKeySize=2048
28-Aug-2018 17:16:02.611 INFO [main] org.apache.catalina.startup.VersionLoggerListener.log Command line argument: -Djava.protocol.handler.pkgs=org.apache.catalina.webresources
28-Aug-2018 17:16:02.611 INFO [main] org.apache.catalina.startup.VersionLoggerListener.log Command line argument: -Dcatalina.base=C:\Users\Brandon\Documents\Tomcat
28-Aug-2018 17:16:02.611 INFO [main] org.apache.catalina.startup.VersionLoggerListener.log Command line argument: -Dcatalina.home=C:\Users\Brandon\Documents\Tomcat
28-Aug-2018 17:16:02.611 INFO [main] org.apache.catalina.startup.VersionLoggerListener.log Command line argument: -Djava.io.tmpdir=C:\Users\Brandon\Documents\Tomcat\temp
28-Aug-2018 17:16:02.612 INFO [main] org.apache.catalina.core.AprLifecycleListener.lifecycleEvent The APR based Apache Tomcat Native library which allows optimal performance in production environments was not found on the java.library.path: [C:\Program Files (x86)\Java\jdk1.8.0_121\bin;C:\WINDOWS\Sun\Java\bin;C:\WINDOWS\system32;C:\WINDOWS;C:\Program Files (x86)\Common Files\Oracle\Java\javapath;C:\Program Files\Microsoft MPI\Bin\;C:\Program Files (x86)\NVIDIA Corporation\PhysX\Common;C:\ProgramData\Oracle\Java\javapath;C:\WINDOWS\system32;C:\WINDOWS;C:\WINDOWS\System32\Wbem;C:\WINDOWS\System32\WindowsPowerShell\v1.0\;C:\Program Files (x86)\Skype\Phone\;C:\Program Files (x86)\Common Files\Adobe\AGL;C:\Users\Brandon\AppData\Local\Android\sdk;C:\Program Files\Microsoft SQL Server\130\Tools\Binn\;C:\Program Files\dotnet\;C:\Program Files\Git\cmd;C:\Program Files (x86)\GtkSharp\2.12\bin;C:\WINDOWS\System32\OpenSSH\;C:\Users\Brandon\AppData\Local\Microsoft\WindowsApps;;C:\Program Files\Microsoft VS Code\bin;.]
28-Aug-2018 17:16:02.699 INFO [main] org.apache.coyote.AbstractProtocol.init Initializing ProtocolHandler ["http-nio-80"]
28-Aug-2018 17:16:02.791 INFO [main] org.apache.tomcat.util.net.NioSelectorPool.getSharedSelector Using a shared selector for servlet write/read
28-Aug-2018 17:16:02.794 INFO [main] org.apache.coyote.AbstractProtocol.init Initializing ProtocolHandler ["ajp-nio-8009"]
28-Aug-2018 17:16:02.796 INFO [main] org.apache.tomcat.util.net.NioSelectorPool.getSharedSelector Using a shared selector for servlet write/read
28-Aug-2018 17:16:02.796 INFO [main] org.apache.catalina.startup.Catalina.load Initialization processed in 447 ms
28-Aug-2018 17:16:02.816 INFO [main] org.apache.catalina.core.StandardService.startInternal Starting service [Catalina]
28-Aug-2018 17:16:02.816 INFO [main] org.apache.catalina.core.StandardEngine.startInternal Starting Servlet Engine: Apache Tomcat/8.5.15
28-Aug-2018 17:16:02.835 INFO [localhost-startStop-1] org.apache.catalina.startup.HostConfig.deployWAR Deploying web application archive [C:\Users\Brandon\Documents\Tomcat\webapps\Live.war]
28-Aug-2018 17:16:03.101 INFO [localhost-startStop-1] org.apache.catalina.startup.HostConfig.deployWAR Deployment of web application archive [C:\Users\Brandon\Documents\Tomcat\webapps\Live.war] has finished in [266] ms
28-Aug-2018 17:16:03.102 INFO [localhost-startStop-1] org.apache.catalina.startup.HostConfig.deployWAR Deploying web application archive [C:\Users\Brandon\Documents\Tomcat\webapps\RobotLive.war]
28-Aug-2018 17:16:03.130 INFO [localhost-startStop-1] org.apache.catalina.startup.HostConfig.deployWAR Deployment of web application archive [C:\Users\Brandon\Documents\Tomcat\webapps\RobotLive.war] has finished in [27] ms
28-Aug-2018 17:16:03.130 INFO [localhost-startStop-1] org.apache.catalina.startup.HostConfig.deployWAR Deploying web application archive [C:\Users\Brandon\Documents\Tomcat\webapps\ROOT.war]
28-Aug-2018 17:16:03.132 INFO [localhost-startStop-1] org.apache.catalina.startup.ExpandWar.expand An expanded directory [C:\Users\Brandon\Documents\Tomcat\webapps\ROOT] was found with a last modified time that did not match the associated WAR. It will be deleted.
28-Aug-2018 17:16:03.183 INFO [localhost-startStop-1] org.apache.catalina.startup.HostConfig.deployWAR Deployment of web application archive [C:\Users\Brandon\Documents\Tomcat\webapps\ROOT.war] has finished in [53] ms
28-Aug-2018 17:16:03.184 INFO [localhost-startStop-1] org.apache.catalina.startup.HostConfig.deployDirectory Deploying web application directory [C:\Users\Brandon\Documents\Tomcat\webapps\apache]
28-Aug-2018 17:16:03.204 INFO [localhost-startStop-1] org.apache.catalina.startup.HostConfig.deployDirectory Deployment of web application directory [C:\Users\Brandon\Documents\Tomcat\webapps\apache] has finished in [20] ms
28-Aug-2018 17:16:03.205 INFO [localhost-startStop-1] org.apache.catalina.startup.HostConfig.deployDirectory Deploying web application directory [C:\Users\Brandon\Documents\Tomcat\webapps\docs]
28-Aug-2018 17:16:03.221 INFO [localhost-startStop-1] org.apache.catalina.startup.HostConfig.deployDirectory Deployment of web application directory [C:\Users\Brandon\Documents\Tomcat\webapps\docs] has finished in [16] ms
28-Aug-2018 17:16:03.221 INFO [localhost-startStop-1] org.apache.catalina.startup.HostConfig.deployDirectory Deploying web application directory [C:\Users\Brandon\Documents\Tomcat\webapps\examples]
28-Aug-2018 17:16:03.469 INFO [localhost-startStop-1] org.apache.catalina.startup.HostConfig.deployDirectory Deployment of web application directory [C:\Users\Brandon\Documents\Tomcat\webapps\examples] has finished in [248] ms
28-Aug-2018 17:16:03.487 INFO [localhost-startStop-1] org.apache.catalina.startup.HostConfig.deployDirectory Deploying web application directory [C:\Users\Brandon\Documents\Tomcat\webapps\host-manager]
28-Aug-2018 17:16:03.514 INFO [localhost-startStop-1] org.apache.catalina.startup.HostConfig.deployDirectory Deployment of web application directory [C:\Users\Brandon\Documents\Tomcat\webapps\host-manager] has finished in [27] ms
28-Aug-2018 17:16:03.516 INFO [localhost-startStop-1] org.apache.catalina.startup.HostConfig.deployDirectory Deploying web application directory [C:\Users\Brandon\Documents\Tomcat\webapps\manager]
28-Aug-2018 17:16:03.541 INFO [localhost-startStop-1] org.apache.catalina.startup.HostConfig.deployDirectory Deployment of web application directory [C:\Users\Brandon\Documents\Tomcat\webapps\manager] has finished in [25] ms
28-Aug-2018 17:16:03.546 INFO [main] org.apache.coyote.AbstractProtocol.start Starting ProtocolHandler ["http-nio-80"]
28-Aug-2018 17:16:03.556 INFO [main] org.apache.coyote.AbstractProtocol.start Starting ProtocolHandler ["ajp-nio-8009"]
28-Aug-2018 17:16:03.561 INFO [main] org.apache.catalina.startup.Catalina.start Server startup in 764 ms
28-Aug-2018 17:17:13.620 INFO [ContainerBackgroundProcessor[StandardEngine[Catalina]]] org.apache.catalina.startup.HostConfig.undeploy Undeploying context []
28-Aug-2018 17:17:13.641 SEVERE [ContainerBackgroundProcessor[StandardEngine[Catalina]]] org.apache.catalina.startup.ExpandWar.deleteDir [C:\Users\Brandon\Documents\Tomcat\work\Catalina\localhost\ROOT] could not be completely deleted. The presence of the remaining files may cause problems
28-Aug-2018 17:17:13.642 SEVERE [ContainerBackgroundProcessor[StandardEngine[Catalina]]] org.apache.catalina.startup.ExpandWar.delete [C:\Users\Brandon\Documents\Tomcat\work\Catalina\localhost\ROOT] could not be completely deleted. The presence of the remaining files may cause problems
28-Aug-2018 17:17:13.660 INFO [localhost-startStop-2] org.apache.catalina.startup.HostConfig.deployWAR Deploying web application archive [C:\Users\Brandon\Documents\Tomcat\webapps\ROOT.war]
28-Aug-2018 17:17:13.715 INFO [localhost-startStop-2] org.apache.catalina.startup.HostConfig.deployWAR Deployment of web application archive [C:\Users\Brandon\Documents\Tomcat\webapps\ROOT.war] has finished in [55] ms
28-Aug-2018 17:17:14.478 INFO [main] org.apache.catalina.core.StandardServer.await A valid shutdown command was received via the shutdown port. Stopping the Server instance.
28-Aug-2018 17:17:14.479 INFO [main] org.apache.coyote.AbstractProtocol.pause Pausing ProtocolHandler ["http-nio-80"]
28-Aug-2018 17:17:14.533 INFO [main] org.apache.coyote.AbstractProtocol.pause Pausing ProtocolHandler ["ajp-nio-8009"]
28-Aug-2018 17:17:14.564 INFO [main] org.apache.catalina.core.StandardService.stopInternal Stopping service [Catalina]
28-Aug-2018 17:17:14.585 INFO [main] org.apache.coyote.AbstractProtocol.stop Stopping ProtocolHandler ["http-nio-80"]
28-Aug-2018 17:17:14.587 INFO [main] org.apache.coyote.AbstractProtocol.stop Stopping ProtocolHandler ["ajp-nio-8009"]
28-Aug-2018 17:17:14.589 INFO [main] org.apache.coyote.AbstractProtocol.destroy Destroying ProtocolHandler ["http-nio-80"]
28-Aug-2018 17:17:14.589 INFO [main] org.apache.coyote.AbstractProtocol.destroy Destroying ProtocolHandler ["ajp-nio-8009"]
28-Aug-2018 17:17:15.699 INFO [main] org.apache.catalina.startup.VersionLoggerListener.log Server version:        Apache Tomcat/8.5.15
28-Aug-2018 17:17:15.701 INFO [main] org.apache.catalina.startup.VersionLoggerListener.log Server built:          May 5 2017 11:03:04 UTC
28-Aug-2018 17:17:15.702 INFO [main] org.apache.catalina.startup.VersionLoggerListener.log Server number:         8.5.15.0
28-Aug-2018 17:17:15.702 INFO [main] org.apache.catalina.startup.VersionLoggerListener.log OS Name:               Windows 10
28-Aug-2018 17:17:15.702 INFO [main] org.apache.catalina.startup.VersionLoggerListener.log OS Version:            10.0
28-Aug-2018 17:17:15.702 INFO [main] org.apache.catalina.startup.VersionLoggerListener.log Architecture:          x86
28-Aug-2018 17:17:15.703 INFO [main] org.apache.catalina.startup.VersionLoggerListener.log Java Home:             C:\Program Files (x86)\Java\jdk1.8.0_121\jre
28-Aug-2018 17:17:15.703 INFO [main] org.apache.catalina.startup.VersionLoggerListener.log JVM Version:           1.8.0_121-b13
28-Aug-2018 17:17:15.703 INFO [main] org.apache.catalina.startup.VersionLoggerListener.log JVM Vendor:            Oracle Corporation
28-Aug-2018 17:17:15.704 INFO [main] org.apache.catalina.startup.VersionLoggerListener.log CATALINA_BASE:         C:\Users\Brandon\Documents\Tomcat
28-Aug-2018 17:17:15.704 INFO [main] org.apache.catalina.startup.VersionLoggerListener.log CATALINA_HOME:         C:\Users\Brandon\Documents\Tomcat
28-Aug-2018 17:17:15.704 INFO [main] org.apache.catalina.startup.VersionLoggerListener.log Command line argument: -Djava.util.logging.config.file=C:\Users\Brandon\Documents\Tomcat\conf\logging.properties
28-Aug-2018 17:17:15.704 INFO [main] org.apache.catalina.startup.VersionLoggerListener.log Command line argument: -Djava.util.logging.manager=org.apache.juli.ClassLoaderLogManager
28-Aug-2018 17:17:15.704 INFO [main] org.apache.catalina.startup.VersionLoggerListener.log Command line argument: -Djdk.tls.ephemeralDHKeySize=2048
28-Aug-2018 17:17:15.704 INFO [main] org.apache.catalina.startup.VersionLoggerListener.log Command line argument: -Djava.protocol.handler.pkgs=org.apache.catalina.webresources
28-Aug-2018 17:17:15.705 INFO [main] org.apache.catalina.startup.VersionLoggerListener.log Command line argument: -Dcatalina.base=C:\Users\Brandon\Documents\Tomcat
28-Aug-2018 17:17:15.705 INFO [main] org.apache.catalina.startup.VersionLoggerListener.log Command line argument: -Dcatalina.home=C:\Users\Brandon\Documents\Tomcat
28-Aug-2018 17:17:15.705 INFO [main] org.apache.catalina.startup.VersionLoggerListener.log Command line argument: -Djava.io.tmpdir=C:\Users\Brandon\Documents\Tomcat\temp
28-Aug-2018 17:17:15.706 INFO [main] org.apache.catalina.core.AprLifecycleListener.lifecycleEvent The APR based Apache Tomcat Native library which allows optimal performance in production environments was not found on the java.library.path: [C:\Program Files (x86)\Java\jdk1.8.0_121\bin;C:\WINDOWS\Sun\Java\bin;C:\WINDOWS\system32;C:\WINDOWS;C:\Program Files (x86)\Common Files\Oracle\Java\javapath;C:\Program Files\Microsoft MPI\Bin\;C:\Program Files (x86)\NVIDIA Corporation\PhysX\Common;C:\ProgramData\Oracle\Java\javapath;C:\WINDOWS\system32;C:\WINDOWS;C:\WINDOWS\System32\Wbem;C:\WINDOWS\System32\WindowsPowerShell\v1.0\;C:\Program Files (x86)\Skype\Phone\;C:\Program Files (x86)\Common Files\Adobe\AGL;C:\Users\Brandon\AppData\Local\Android\sdk;C:\Program Files\Microsoft SQL Server\130\Tools\Binn\;C:\Program Files\dotnet\;C:\Program Files\Git\cmd;C:\Program Files (x86)\GtkSharp\2.12\bin;C:\WINDOWS\System32\OpenSSH\;C:\Users\Brandon\AppData\Local\Microsoft\WindowsApps;;C:\Program Files\Microsoft VS Code\bin;.]
28-Aug-2018 17:17:15.792 INFO [main] org.apache.coyote.AbstractProtocol.init Initializing ProtocolHandler ["http-nio-80"]
28-Aug-2018 17:17:15.886 INFO [main] org.apache.tomcat.util.net.NioSelectorPool.getSharedSelector Using a shared selector for servlet write/read
28-Aug-2018 17:17:15.889 INFO [main] org.apache.coyote.AbstractProtocol.init Initializing ProtocolHandler ["ajp-nio-8009"]
28-Aug-2018 17:17:15.891 INFO [main] org.apache.tomcat.util.net.NioSelectorPool.getSharedSelector Using a shared selector for servlet write/read
28-Aug-2018 17:17:15.891 INFO [main] org.apache.catalina.startup.Catalina.load Initialization processed in 521 ms
28-Aug-2018 17:17:15.914 INFO [main] org.apache.catalina.core.StandardService.startInternal Starting service [Catalina]
28-Aug-2018 17:17:15.915 INFO [main] org.apache.catalina.core.StandardEngine.startInternal Starting Servlet Engine: Apache Tomcat/8.5.15
28-Aug-2018 17:17:15.935 INFO [localhost-startStop-1] org.apache.catalina.startup.HostConfig.deployWAR Deploying web application archive [C:\Users\Brandon\Documents\Tomcat\webapps\Live.war]
28-Aug-2018 17:17:16.200 INFO [localhost-startStop-1] org.apache.catalina.startup.HostConfig.deployWAR Deployment of web application archive [C:\Users\Brandon\Documents\Tomcat\webapps\Live.war] has finished in [264] ms
28-Aug-2018 17:17:16.200 INFO [localhost-startStop-1] org.apache.catalina.startup.HostConfig.deployWAR Deploying web application archive [C:\Users\Brandon\Documents\Tomcat\webapps\RobotLive.war]
28-Aug-2018 17:17:16.226 INFO [localhost-startStop-1] org.apache.catalina.startup.HostConfig.deployWAR Deployment of web application archive [C:\Users\Brandon\Documents\Tomcat\webapps\RobotLive.war] has finished in [26] ms
28-Aug-2018 17:17:16.227 INFO [localhost-startStop-1] org.apache.catalina.startup.HostConfig.deployWAR Deploying web application archive [C:\Users\Brandon\Documents\Tomcat\webapps\ROOT.war]
28-Aug-2018 17:17:16.257 INFO [localhost-startStop-1] org.apache.catalina.startup.HostConfig.deployWAR Deployment of web application archive [C:\Users\Brandon\Documents\Tomcat\webapps\ROOT.war] has finished in [30] ms
28-Aug-2018 17:17:16.258 INFO [localhost-startStop-1] org.apache.catalina.startup.HostConfig.deployDirectory Deploying web application directory [C:\Users\Brandon\Documents\Tomcat\webapps\apache]
28-Aug-2018 17:17:16.277 INFO [localhost-startStop-1] org.apache.catalina.startup.HostConfig.deployDirectory Deployment of web application directory [C:\Users\Brandon\Documents\Tomcat\webapps\apache] has finished in [18] ms
28-Aug-2018 17:17:16.277 INFO [localhost-startStop-1] org.apache.catalina.startup.HostConfig.deployDirectory Deploying web application directory [C:\Users\Brandon\Documents\Tomcat\webapps\docs]
28-Aug-2018 17:17:16.293 INFO [localhost-startStop-1] org.apache.catalina.startup.HostConfig.deployDirectory Deployment of web application directory [C:\Users\Brandon\Documents\Tomcat\webapps\docs] has finished in [16] ms
28-Aug-2018 17:17:16.294 INFO [localhost-startStop-1] org.apache.catalina.startup.HostConfig.deployDirectory Deploying web application directory [C:\Users\Brandon\Documents\Tomcat\webapps\examples]
28-Aug-2018 17:17:16.525 INFO [localhost-startStop-1] org.apache.catalina.startup.HostConfig.deployDirectory Deployment of web application directory [C:\Users\Brandon\Documents\Tomcat\webapps\examples] has finished in [231] ms
28-Aug-2018 17:17:16.526 INFO [localhost-startStop-1] org.apache.catalina.startup.HostConfig.deployDirectory Deploying web application directory [C:\Users\Brandon\Documents\Tomcat\webapps\host-manager]
28-Aug-2018 17:17:16.546 INFO [localhost-startStop-1] org.apache.catalina.startup.HostConfig.deployDirectory Deployment of web application directory [C:\Users\Brandon\Documents\Tomcat\webapps\host-manager] has finished in [20] ms
28-Aug-2018 17:17:16.547 INFO [localhost-startStop-1] org.apache.catalina.startup.HostConfig.deployDirectory Deploying web application directory [C:\Users\Brandon\Documents\Tomcat\webapps\manager]
28-Aug-2018 17:17:16.566 INFO [localhost-startStop-1] org.apache.catalina.startup.HostConfig.deployDirectory Deployment of web application directory [C:\Users\Brandon\Documents\Tomcat\webapps\manager] has finished in [19] ms
28-Aug-2018 17:17:16.570 INFO [main] org.apache.coyote.AbstractProtocol.start Starting ProtocolHandler ["http-nio-80"]
28-Aug-2018 17:17:16.577 INFO [main] org.apache.coyote.AbstractProtocol.start Starting ProtocolHandler ["ajp-nio-8009"]
28-Aug-2018 17:17:16.580 INFO [main] org.apache.catalina.startup.Catalina.start Server startup in 687 ms
28-Aug-2018 17:18:13.613 INFO [main] org.apache.catalina.core.StandardServer.await A valid shutdown command was received via the shutdown port. Stopping the Server instance.
28-Aug-2018 17:18:13.614 INFO [main] org.apache.coyote.AbstractProtocol.pause Pausing ProtocolHandler ["http-nio-80"]
28-Aug-2018 17:18:13.665 INFO [main] org.apache.coyote.AbstractProtocol.pause Pausing ProtocolHandler ["ajp-nio-8009"]
28-Aug-2018 17:18:13.704 INFO [main] org.apache.catalina.core.StandardService.stopInternal Stopping service [Catalina]
28-Aug-2018 17:18:13.731 INFO [main] org.apache.coyote.AbstractProtocol.stop Stopping ProtocolHandler ["http-nio-80"]
28-Aug-2018 17:18:13.733 INFO [main] org.apache.coyote.AbstractProtocol.stop Stopping ProtocolHandler ["ajp-nio-8009"]
28-Aug-2018 17:18:13.736 INFO [main] org.apache.coyote.AbstractProtocol.destroy Destroying ProtocolHandler ["http-nio-80"]
28-Aug-2018 17:18:13.737 INFO [main] org.apache.coyote.AbstractProtocol.destroy Destroying ProtocolHandler ["ajp-nio-8009"]
