23-Aug-2018 16:54:29.015 INFO [main] org.apache.catalina.startup.VersionLoggerListener.log Server version:        Apache Tomcat/8.5.15
23-Aug-2018 16:54:29.031 INFO [main] org.apache.catalina.startup.VersionLoggerListener.log Server built:          May 5 2017 11:03:04 UTC
23-Aug-2018 16:54:29.031 INFO [main] org.apache.catalina.startup.VersionLoggerListener.log Server number:         8.5.15.0
23-Aug-2018 16:54:29.032 INFO [main] org.apache.catalina.startup.VersionLoggerListener.log OS Name:               Windows 10
23-Aug-2018 16:54:29.032 INFO [main] org.apache.catalina.startup.VersionLoggerListener.log OS Version:            10.0
23-Aug-2018 16:54:29.032 INFO [main] org.apache.catalina.startup.VersionLoggerListener.log Architecture:          x86
23-Aug-2018 16:54:29.032 INFO [main] org.apache.catalina.startup.VersionLoggerListener.log Java Home:             C:\Program Files (x86)\Java\jdk1.8.0_121\jre
23-Aug-2018 16:54:29.032 INFO [main] org.apache.catalina.startup.VersionLoggerListener.log JVM Version:           1.8.0_121-b13
23-Aug-2018 16:54:29.033 INFO [main] org.apache.catalina.startup.VersionLoggerListener.log JVM Vendor:            Oracle Corporation
23-Aug-2018 16:54:29.033 INFO [main] org.apache.catalina.startup.VersionLoggerListener.log CATALINA_BASE:         C:\Users\Brandon\Documents\Tomcat
23-Aug-2018 16:54:29.033 INFO [main] org.apache.catalina.startup.VersionLoggerListener.log CATALINA_HOME:         C:\Users\Brandon\Documents\Tomcat
23-Aug-2018 16:54:29.033 INFO [main] org.apache.catalina.startup.VersionLoggerListener.log Command line argument: -Djava.util.logging.config.file=C:\Users\Brandon\Documents\Tomcat\conf\logging.properties
23-Aug-2018 16:54:29.033 INFO [main] org.apache.catalina.startup.VersionLoggerListener.log Command line argument: -Djava.util.logging.manager=org.apache.juli.ClassLoaderLogManager
23-Aug-2018 16:54:29.034 INFO [main] org.apache.catalina.startup.VersionLoggerListener.log Command line argument: -Djdk.tls.ephemeralDHKeySize=2048
23-Aug-2018 16:54:29.034 INFO [main] org.apache.catalina.startup.VersionLoggerListener.log Command line argument: -Djava.protocol.handler.pkgs=org.apache.catalina.webresources
23-Aug-2018 16:54:29.034 INFO [main] org.apache.catalina.startup.VersionLoggerListener.log Command line argument: -Dcatalina.base=C:\Users\Brandon\Documents\Tomcat
23-Aug-2018 16:54:29.034 INFO [main] org.apache.catalina.startup.VersionLoggerListener.log Command line argument: -Dcatalina.home=C:\Users\Brandon\Documents\Tomcat
23-Aug-2018 16:54:29.035 INFO [main] org.apache.catalina.startup.VersionLoggerListener.log Command line argument: -Djava.io.tmpdir=C:\Users\Brandon\Documents\Tomcat\temp
23-Aug-2018 16:54:29.035 INFO [main] org.apache.catalina.core.AprLifecycleListener.lifecycleEvent The APR based Apache Tomcat Native library which allows optimal performance in production environments was not found on the java.library.path: [C:\Program Files (x86)\Java\jdk1.8.0_121\bin;C:\WINDOWS\Sun\Java\bin;C:\WINDOWS\system32;C:\WINDOWS;C:\Program Files (x86)\Common Files\Oracle\Java\javapath;C:\Program Files\Microsoft MPI\Bin\;C:\Program Files (x86)\NVIDIA Corporation\PhysX\Common;C:\ProgramData\Oracle\Java\javapath;C:\WINDOWS\system32;C:\WINDOWS;C:\WINDOWS\System32\Wbem;C:\WINDOWS\System32\WindowsPowerShell\v1.0\;C:\Program Files (x86)\Skype\Phone\;C:\Program Files (x86)\Common Files\Adobe\AGL;C:\Users\Brandon\AppData\Local\Android\sdk;C:\Program Files\Microsoft SQL Server\130\Tools\Binn\;C:\Program Files\dotnet\;C:\Program Files\Git\cmd;C:\Program Files (x86)\GtkSharp\2.12\bin;C:\WINDOWS\System32\OpenSSH\;C:\Users\Brandon\AppData\Local\Microsoft\WindowsApps;;C:\Program Files\Microsoft VS Code\bin;.]
23-Aug-2018 16:54:29.587 INFO [main] org.apache.coyote.AbstractProtocol.init Initializing ProtocolHandler ["http-nio-80"]
23-Aug-2018 16:54:29.711 INFO [main] org.apache.tomcat.util.net.NioSelectorPool.getSharedSelector Using a shared selector for servlet write/read
23-Aug-2018 16:54:29.714 INFO [main] org.apache.coyote.AbstractProtocol.init Initializing ProtocolHandler ["ajp-nio-8009"]
23-Aug-2018 16:54:29.716 INFO [main] org.apache.tomcat.util.net.NioSelectorPool.getSharedSelector Using a shared selector for servlet write/read
23-Aug-2018 16:54:29.716 INFO [main] org.apache.catalina.startup.Catalina.load Initialization processed in 1058 ms
23-Aug-2018 16:54:29.750 INFO [main] org.apache.catalina.core.StandardService.startInternal Starting service [Catalina]
23-Aug-2018 16:54:29.750 INFO [main] org.apache.catalina.core.StandardEngine.startInternal Starting Servlet Engine: Apache Tomcat/8.5.15
23-Aug-2018 16:54:29.853 INFO [localhost-startStop-1] org.apache.catalina.startup.HostConfig.deployWAR Deploying web application archive [C:\Users\Brandon\Documents\Tomcat\webapps\Live.war]
23-Aug-2018 16:54:30.245 INFO [localhost-startStop-1] org.apache.catalina.startup.HostConfig.deployWAR Deployment of web application archive [C:\Users\Brandon\Documents\Tomcat\webapps\Live.war] has finished in [391] ms
23-Aug-2018 16:54:30.245 INFO [localhost-startStop-1] org.apache.catalina.startup.HostConfig.deployWAR Deploying web application archive [C:\Users\Brandon\Documents\Tomcat\webapps\RobotLive.war]
23-Aug-2018 16:54:30.286 INFO [localhost-startStop-1] org.apache.catalina.startup.HostConfig.deployWAR Deployment of web application archive [C:\Users\Brandon\Documents\Tomcat\webapps\RobotLive.war] has finished in [41] ms
23-Aug-2018 16:54:30.287 INFO [localhost-startStop-1] org.apache.catalina.startup.HostConfig.deployWAR Deploying web application archive [C:\Users\Brandon\Documents\Tomcat\webapps\ROOT.war]
23-Aug-2018 16:54:30.289 INFO [localhost-startStop-1] org.apache.catalina.startup.ExpandWar.expand An expanded directory [C:\Users\Brandon\Documents\Tomcat\webapps\ROOT] was found with a last modified time that did not match the associated WAR. It will be deleted.
23-Aug-2018 16:54:30.352 INFO [localhost-startStop-1] org.apache.catalina.startup.HostConfig.deployWAR Deployment of web application archive [C:\Users\Brandon\Documents\Tomcat\webapps\ROOT.war] has finished in [65] ms
23-Aug-2018 16:54:30.353 INFO [localhost-startStop-1] org.apache.catalina.startup.HostConfig.deployDirectory Deploying web application directory [C:\Users\Brandon\Documents\Tomcat\webapps\apache]
23-Aug-2018 16:54:30.377 INFO [localhost-startStop-1] org.apache.catalina.startup.HostConfig.deployDirectory Deployment of web application directory [C:\Users\Brandon\Documents\Tomcat\webapps\apache] has finished in [23] ms
23-Aug-2018 16:54:30.377 INFO [localhost-startStop-1] org.apache.catalina.startup.HostConfig.deployDirectory Deploying web application directory [C:\Users\Brandon\Documents\Tomcat\webapps\docs]
23-Aug-2018 16:54:30.395 INFO [localhost-startStop-1] org.apache.catalina.startup.HostConfig.deployDirectory Deployment of web application directory [C:\Users\Brandon\Documents\Tomcat\webapps\docs] has finished in [18] ms
23-Aug-2018 16:54:30.396 INFO [localhost-startStop-1] org.apache.catalina.startup.HostConfig.deployDirectory Deploying web application directory [C:\Users\Brandon\Documents\Tomcat\webapps\examples]
23-Aug-2018 16:54:31.327 INFO [localhost-startStop-1] org.apache.catalina.startup.HostConfig.deployDirectory Deployment of web application directory [C:\Users\Brandon\Documents\Tomcat\webapps\examples] has finished in [931] ms
23-Aug-2018 16:54:31.327 INFO [localhost-startStop-1] org.apache.catalina.startup.HostConfig.deployDirectory Deploying web application directory [C:\Users\Brandon\Documents\Tomcat\webapps\host-manager]
23-Aug-2018 16:54:31.356 INFO [localhost-startStop-1] org.apache.catalina.startup.HostConfig.deployDirectory Deployment of web application directory [C:\Users\Brandon\Documents\Tomcat\webapps\host-manager] has finished in [29] ms
23-Aug-2018 16:54:31.357 INFO [localhost-startStop-1] org.apache.catalina.startup.HostConfig.deployDirectory Deploying web application directory [C:\Users\Brandon\Documents\Tomcat\webapps\manager]
23-Aug-2018 16:54:31.384 INFO [localhost-startStop-1] org.apache.catalina.startup.HostConfig.deployDirectory Deployment of web application directory [C:\Users\Brandon\Documents\Tomcat\webapps\manager] has finished in [27] ms
23-Aug-2018 16:54:31.387 INFO [main] org.apache.coyote.AbstractProtocol.start Starting ProtocolHandler ["http-nio-80"]
23-Aug-2018 16:54:31.393 INFO [main] org.apache.coyote.AbstractProtocol.start Starting ProtocolHandler ["ajp-nio-8009"]
23-Aug-2018 16:54:31.395 INFO [main] org.apache.catalina.startup.Catalina.start Server startup in 1677 ms
23-Aug-2018 16:56:48.802 INFO [main] org.apache.catalina.core.StandardServer.await A valid shutdown command was received via the shutdown port. Stopping the Server instance.
23-Aug-2018 16:56:48.802 INFO [main] org.apache.coyote.AbstractProtocol.pause Pausing ProtocolHandler ["http-nio-80"]
23-Aug-2018 16:56:48.858 INFO [main] org.apache.coyote.AbstractProtocol.pause Pausing ProtocolHandler ["ajp-nio-8009"]
23-Aug-2018 16:56:48.891 INFO [main] org.apache.catalina.core.StandardService.stopInternal Stopping service [Catalina]
23-Aug-2018 16:56:48.917 INFO [main] org.apache.coyote.AbstractProtocol.stop Stopping ProtocolHandler ["http-nio-80"]
23-Aug-2018 16:56:48.919 INFO [main] org.apache.coyote.AbstractProtocol.stop Stopping ProtocolHandler ["ajp-nio-8009"]
23-Aug-2018 16:56:48.920 INFO [main] org.apache.coyote.AbstractProtocol.destroy Destroying ProtocolHandler ["http-nio-80"]
23-Aug-2018 16:56:48.921 INFO [main] org.apache.coyote.AbstractProtocol.destroy Destroying ProtocolHandler ["ajp-nio-8009"]
23-Aug-2018 16:56:50.041 INFO [main] org.apache.catalina.startup.VersionLoggerListener.log Server version:        Apache Tomcat/8.5.15
23-Aug-2018 16:56:50.043 INFO [main] org.apache.catalina.startup.VersionLoggerListener.log Server built:          May 5 2017 11:03:04 UTC
23-Aug-2018 16:56:50.043 INFO [main] org.apache.catalina.startup.VersionLoggerListener.log Server number:         8.5.15.0
23-Aug-2018 16:56:50.043 INFO [main] org.apache.catalina.startup.VersionLoggerListener.log OS Name:               Windows 10
23-Aug-2018 16:56:50.043 INFO [main] org.apache.catalina.startup.VersionLoggerListener.log OS Version:            10.0
23-Aug-2018 16:56:50.044 INFO [main] org.apache.catalina.startup.VersionLoggerListener.log Architecture:          x86
23-Aug-2018 16:56:50.044 INFO [main] org.apache.catalina.startup.VersionLoggerListener.log Java Home:             C:\Program Files (x86)\Java\jdk1.8.0_121\jre
23-Aug-2018 16:56:50.044 INFO [main] org.apache.catalina.startup.VersionLoggerListener.log JVM Version:           1.8.0_121-b13
23-Aug-2018 16:56:50.044 INFO [main] org.apache.catalina.startup.VersionLoggerListener.log JVM Vendor:            Oracle Corporation
23-Aug-2018 16:56:50.045 INFO [main] org.apache.catalina.startup.VersionLoggerListener.log CATALINA_BASE:         C:\Users\Brandon\Documents\Tomcat
23-Aug-2018 16:56:50.045 INFO [main] org.apache.catalina.startup.VersionLoggerListener.log CATALINA_HOME:         C:\Users\Brandon\Documents\Tomcat
23-Aug-2018 16:56:50.045 INFO [main] org.apache.catalina.startup.VersionLoggerListener.log Command line argument: -Djava.util.logging.config.file=C:\Users\Brandon\Documents\Tomcat\conf\logging.properties
23-Aug-2018 16:56:50.045 INFO [main] org.apache.catalina.startup.VersionLoggerListener.log Command line argument: -Djava.util.logging.manager=org.apache.juli.ClassLoaderLogManager
23-Aug-2018 16:56:50.045 INFO [main] org.apache.catalina.startup.VersionLoggerListener.log Command line argument: -Djdk.tls.ephemeralDHKeySize=2048
23-Aug-2018 16:56:50.046 INFO [main] org.apache.catalina.startup.VersionLoggerListener.log Command line argument: -Djava.protocol.handler.pkgs=org.apache.catalina.webresources
23-Aug-2018 16:56:50.046 INFO [main] org.apache.catalina.startup.VersionLoggerListener.log Command line argument: -Dcatalina.base=C:\Users\Brandon\Documents\Tomcat
23-Aug-2018 16:56:50.046 INFO [main] org.apache.catalina.startup.VersionLoggerListener.log Command line argument: -Dcatalina.home=C:\Users\Brandon\Documents\Tomcat
23-Aug-2018 16:56:50.046 INFO [main] org.apache.catalina.startup.VersionLoggerListener.log Command line argument: -Djava.io.tmpdir=C:\Users\Brandon\Documents\Tomcat\temp
23-Aug-2018 16:56:50.047 INFO [main] org.apache.catalina.core.AprLifecycleListener.lifecycleEvent The APR based Apache Tomcat Native library which allows optimal performance in production environments was not found on the java.library.path: [C:\Program Files (x86)\Java\jdk1.8.0_121\bin;C:\WINDOWS\Sun\Java\bin;C:\WINDOWS\system32;C:\WINDOWS;C:\Program Files (x86)\Common Files\Oracle\Java\javapath;C:\Program Files\Microsoft MPI\Bin\;C:\Program Files (x86)\NVIDIA Corporation\PhysX\Common;C:\ProgramData\Oracle\Java\javapath;C:\WINDOWS\system32;C:\WINDOWS;C:\WINDOWS\System32\Wbem;C:\WINDOWS\System32\WindowsPowerShell\v1.0\;C:\Program Files (x86)\Skype\Phone\;C:\Program Files (x86)\Common Files\Adobe\AGL;C:\Users\Brandon\AppData\Local\Android\sdk;C:\Program Files\Microsoft SQL Server\130\Tools\Binn\;C:\Program Files\dotnet\;C:\Program Files\Git\cmd;C:\Program Files (x86)\GtkSharp\2.12\bin;C:\WINDOWS\System32\OpenSSH\;C:\Users\Brandon\AppData\Local\Microsoft\WindowsApps;;C:\Program Files\Microsoft VS Code\bin;.]
23-Aug-2018 16:56:50.131 INFO [main] org.apache.coyote.AbstractProtocol.init Initializing ProtocolHandler ["http-nio-80"]
23-Aug-2018 16:56:50.219 INFO [main] org.apache.tomcat.util.net.NioSelectorPool.getSharedSelector Using a shared selector for servlet write/read
23-Aug-2018 16:56:50.221 INFO [main] org.apache.coyote.AbstractProtocol.init Initializing ProtocolHandler ["ajp-nio-8009"]
23-Aug-2018 16:56:50.223 INFO [main] org.apache.tomcat.util.net.NioSelectorPool.getSharedSelector Using a shared selector for servlet write/read
23-Aug-2018 16:56:50.224 INFO [main] org.apache.catalina.startup.Catalina.load Initialization processed in 441 ms
23-Aug-2018 16:56:50.244 INFO [main] org.apache.catalina.core.StandardService.startInternal Starting service [Catalina]
23-Aug-2018 16:56:50.244 INFO [main] org.apache.catalina.core.StandardEngine.startInternal Starting Servlet Engine: Apache Tomcat/8.5.15
23-Aug-2018 16:56:50.262 INFO [localhost-startStop-1] org.apache.catalina.startup.HostConfig.deployWAR Deploying web application archive [C:\Users\Brandon\Documents\Tomcat\webapps\Live.war]
23-Aug-2018 16:56:50.522 INFO [localhost-startStop-1] org.apache.catalina.startup.HostConfig.deployWAR Deployment of web application archive [C:\Users\Brandon\Documents\Tomcat\webapps\Live.war] has finished in [259] ms
23-Aug-2018 16:56:50.522 INFO [localhost-startStop-1] org.apache.catalina.startup.HostConfig.deployWAR Deploying web application archive [C:\Users\Brandon\Documents\Tomcat\webapps\RobotLive.war]
23-Aug-2018 16:56:50.547 INFO [localhost-startStop-1] org.apache.catalina.startup.HostConfig.deployWAR Deployment of web application archive [C:\Users\Brandon\Documents\Tomcat\webapps\RobotLive.war] has finished in [25] ms
23-Aug-2018 16:56:50.548 INFO [localhost-startStop-1] org.apache.catalina.startup.HostConfig.deployWAR Deploying web application archive [C:\Users\Brandon\Documents\Tomcat\webapps\ROOT.war]
23-Aug-2018 16:56:50.550 INFO [localhost-startStop-1] org.apache.catalina.startup.ExpandWar.expand An expanded directory [C:\Users\Brandon\Documents\Tomcat\webapps\ROOT] was found with a last modified time that did not match the associated WAR. It will be deleted.
23-Aug-2018 16:56:50.608 INFO [localhost-startStop-1] org.apache.catalina.startup.HostConfig.deployWAR Deployment of web application archive [C:\Users\Brandon\Documents\Tomcat\webapps\ROOT.war] has finished in [61] ms
23-Aug-2018 16:56:50.610 INFO [localhost-startStop-1] org.apache.catalina.startup.HostConfig.deployDirectory Deploying web application directory [C:\Users\Brandon\Documents\Tomcat\webapps\apache]
23-Aug-2018 16:56:50.629 INFO [localhost-startStop-1] org.apache.catalina.startup.HostConfig.deployDirectory Deployment of web application directory [C:\Users\Brandon\Documents\Tomcat\webapps\apache] has finished in [19] ms
23-Aug-2018 16:56:50.630 INFO [localhost-startStop-1] org.apache.catalina.startup.HostConfig.deployDirectory Deploying web application directory [C:\Users\Brandon\Documents\Tomcat\webapps\docs]
23-Aug-2018 16:56:50.644 INFO [localhost-startStop-1] org.apache.catalina.startup.HostConfig.deployDirectory Deployment of web application directory [C:\Users\Brandon\Documents\Tomcat\webapps\docs] has finished in [14] ms
23-Aug-2018 16:56:50.644 INFO [localhost-startStop-1] org.apache.catalina.startup.HostConfig.deployDirectory Deploying web application directory [C:\Users\Brandon\Documents\Tomcat\webapps\examples]
23-Aug-2018 16:56:50.867 INFO [localhost-startStop-1] org.apache.catalina.startup.HostConfig.deployDirectory Deployment of web application directory [C:\Users\Brandon\Documents\Tomcat\webapps\examples] has finished in [223] ms
23-Aug-2018 16:56:50.867 INFO [localhost-startStop-1] org.apache.catalina.startup.HostConfig.deployDirectory Deploying web application directory [C:\Users\Brandon\Documents\Tomcat\webapps\host-manager]
23-Aug-2018 16:56:50.887 INFO [localhost-startStop-1] org.apache.catalina.startup.HostConfig.deployDirectory Deployment of web application directory [C:\Users\Brandon\Documents\Tomcat\webapps\host-manager] has finished in [20] ms
23-Aug-2018 16:56:50.887 INFO [localhost-startStop-1] org.apache.catalina.startup.HostConfig.deployDirectory Deploying web application directory [C:\Users\Brandon\Documents\Tomcat\webapps\manager]
23-Aug-2018 16:56:50.904 INFO [localhost-startStop-1] org.apache.catalina.startup.HostConfig.deployDirectory Deployment of web application directory [C:\Users\Brandon\Documents\Tomcat\webapps\manager] has finished in [17] ms
23-Aug-2018 16:56:50.906 INFO [main] org.apache.coyote.AbstractProtocol.start Starting ProtocolHandler ["http-nio-80"]
23-Aug-2018 16:56:50.913 INFO [main] org.apache.coyote.AbstractProtocol.start Starting ProtocolHandler ["ajp-nio-8009"]
23-Aug-2018 16:56:50.915 INFO [main] org.apache.catalina.startup.Catalina.start Server startup in 690 ms
23-Aug-2018 17:07:21.591 INFO [ContainerBackgroundProcessor[StandardEngine[Catalina]]] org.apache.catalina.startup.HostConfig.undeploy Undeploying context []
23-Aug-2018 17:07:21.623 INFO [localhost-startStop-2] org.apache.catalina.startup.HostConfig.deployWAR Deploying web application archive [C:\Users\Brandon\Documents\Tomcat\webapps\ROOT.war]
23-Aug-2018 17:07:21.672 INFO [localhost-startStop-2] org.apache.catalina.startup.HostConfig.deployWAR Deployment of web application archive [C:\Users\Brandon\Documents\Tomcat\webapps\ROOT.war] has finished in [50] ms
23-Aug-2018 17:07:24.250 INFO [main] org.apache.catalina.core.StandardServer.await A valid shutdown command was received via the shutdown port. Stopping the Server instance.
23-Aug-2018 17:07:24.251 INFO [main] org.apache.coyote.AbstractProtocol.pause Pausing ProtocolHandler ["http-nio-80"]
23-Aug-2018 17:07:24.300 INFO [main] org.apache.coyote.AbstractProtocol.pause Pausing ProtocolHandler ["ajp-nio-8009"]
23-Aug-2018 17:07:24.332 INFO [main] org.apache.catalina.core.StandardService.stopInternal Stopping service [Catalina]
23-Aug-2018 17:07:24.353 INFO [main] org.apache.coyote.AbstractProtocol.stop Stopping ProtocolHandler ["http-nio-80"]
23-Aug-2018 17:07:24.355 INFO [main] org.apache.coyote.AbstractProtocol.stop Stopping ProtocolHandler ["ajp-nio-8009"]
23-Aug-2018 17:07:24.356 INFO [main] org.apache.coyote.AbstractProtocol.destroy Destroying ProtocolHandler ["http-nio-80"]
23-Aug-2018 17:07:24.356 INFO [main] org.apache.coyote.AbstractProtocol.destroy Destroying ProtocolHandler ["ajp-nio-8009"]
23-Aug-2018 17:07:25.387 INFO [main] org.apache.catalina.startup.VersionLoggerListener.log Server version:        Apache Tomcat/8.5.15
23-Aug-2018 17:07:25.389 INFO [main] org.apache.catalina.startup.VersionLoggerListener.log Server built:          May 5 2017 11:03:04 UTC
23-Aug-2018 17:07:25.389 INFO [main] org.apache.catalina.startup.VersionLoggerListener.log Server number:         8.5.15.0
23-Aug-2018 17:07:25.390 INFO [main] org.apache.catalina.startup.VersionLoggerListener.log OS Name:               Windows 10
23-Aug-2018 17:07:25.390 INFO [main] org.apache.catalina.startup.VersionLoggerListener.log OS Version:            10.0
23-Aug-2018 17:07:25.390 INFO [main] org.apache.catalina.startup.VersionLoggerListener.log Architecture:          x86
23-Aug-2018 17:07:25.390 INFO [main] org.apache.catalina.startup.VersionLoggerListener.log Java Home:             C:\Program Files (x86)\Java\jdk1.8.0_121\jre
23-Aug-2018 17:07:25.390 INFO [main] org.apache.catalina.startup.VersionLoggerListener.log JVM Version:           1.8.0_121-b13
23-Aug-2018 17:07:25.390 INFO [main] org.apache.catalina.startup.VersionLoggerListener.log JVM Vendor:            Oracle Corporation
23-Aug-2018 17:07:25.391 INFO [main] org.apache.catalina.startup.VersionLoggerListener.log CATALINA_BASE:         C:\Users\Brandon\Documents\Tomcat
23-Aug-2018 17:07:25.391 INFO [main] org.apache.catalina.startup.VersionLoggerListener.log CATALINA_HOME:         C:\Users\Brandon\Documents\Tomcat
23-Aug-2018 17:07:25.391 INFO [main] org.apache.catalina.startup.VersionLoggerListener.log Command line argument: -Djava.util.logging.config.file=C:\Users\Brandon\Documents\Tomcat\conf\logging.properties
23-Aug-2018 17:07:25.391 INFO [main] org.apache.catalina.startup.VersionLoggerListener.log Command line argument: -Djava.util.logging.manager=org.apache.juli.ClassLoaderLogManager
23-Aug-2018 17:07:25.391 INFO [main] org.apache.catalina.startup.VersionLoggerListener.log Command line argument: -Djdk.tls.ephemeralDHKeySize=2048
23-Aug-2018 17:07:25.391 INFO [main] org.apache.catalina.startup.VersionLoggerListener.log Command line argument: -Djava.protocol.handler.pkgs=org.apache.catalina.webresources
23-Aug-2018 17:07:25.392 INFO [main] org.apache.catalina.startup.VersionLoggerListener.log Command line argument: -Dcatalina.base=C:\Users\Brandon\Documents\Tomcat
23-Aug-2018 17:07:25.392 INFO [main] org.apache.catalina.startup.VersionLoggerListener.log Command line argument: -Dcatalina.home=C:\Users\Brandon\Documents\Tomcat
23-Aug-2018 17:07:25.393 INFO [main] org.apache.catalina.startup.VersionLoggerListener.log Command line argument: -Djava.io.tmpdir=C:\Users\Brandon\Documents\Tomcat\temp
23-Aug-2018 17:07:25.393 INFO [main] org.apache.catalina.core.AprLifecycleListener.lifecycleEvent The APR based Apache Tomcat Native library which allows optimal performance in production environments was not found on the java.library.path: [C:\Program Files (x86)\Java\jdk1.8.0_121\bin;C:\WINDOWS\Sun\Java\bin;C:\WINDOWS\system32;C:\WINDOWS;C:\Program Files (x86)\Common Files\Oracle\Java\javapath;C:\Program Files\Microsoft MPI\Bin\;C:\Program Files (x86)\NVIDIA Corporation\PhysX\Common;C:\ProgramData\Oracle\Java\javapath;C:\WINDOWS\system32;C:\WINDOWS;C:\WINDOWS\System32\Wbem;C:\WINDOWS\System32\WindowsPowerShell\v1.0\;C:\Program Files (x86)\Skype\Phone\;C:\Program Files (x86)\Common Files\Adobe\AGL;C:\Users\Brandon\AppData\Local\Android\sdk;C:\Program Files\Microsoft SQL Server\130\Tools\Binn\;C:\Program Files\dotnet\;C:\Program Files\Git\cmd;C:\Program Files (x86)\GtkSharp\2.12\bin;C:\WINDOWS\System32\OpenSSH\;C:\Users\Brandon\AppData\Local\Microsoft\WindowsApps;;C:\Program Files\Microsoft VS Code\bin;.]
23-Aug-2018 17:07:25.485 INFO [main] org.apache.coyote.AbstractProtocol.init Initializing ProtocolHandler ["http-nio-80"]
23-Aug-2018 17:07:25.574 INFO [main] org.apache.tomcat.util.net.NioSelectorPool.getSharedSelector Using a shared selector for servlet write/read
23-Aug-2018 17:07:25.576 INFO [main] org.apache.coyote.AbstractProtocol.init Initializing ProtocolHandler ["ajp-nio-8009"]
23-Aug-2018 17:07:25.578 INFO [main] org.apache.tomcat.util.net.NioSelectorPool.getSharedSelector Using a shared selector for servlet write/read
23-Aug-2018 17:07:25.578 INFO [main] org.apache.catalina.startup.Catalina.load Initialization processed in 452 ms
23-Aug-2018 17:07:25.597 INFO [main] org.apache.catalina.core.StandardService.startInternal Starting service [Catalina]
23-Aug-2018 17:07:25.597 INFO [main] org.apache.catalina.core.StandardEngine.startInternal Starting Servlet Engine: Apache Tomcat/8.5.15
23-Aug-2018 17:07:25.617 INFO [localhost-startStop-1] org.apache.catalina.startup.HostConfig.deployWAR Deploying web application archive [C:\Users\Brandon\Documents\Tomcat\webapps\Live.war]
23-Aug-2018 17:07:25.908 INFO [localhost-startStop-1] org.apache.catalina.startup.HostConfig.deployWAR Deployment of web application archive [C:\Users\Brandon\Documents\Tomcat\webapps\Live.war] has finished in [291] ms
23-Aug-2018 17:07:25.910 INFO [localhost-startStop-1] org.apache.catalina.startup.HostConfig.deployWAR Deploying web application archive [C:\Users\Brandon\Documents\Tomcat\webapps\RobotLive.war]
23-Aug-2018 17:07:25.937 INFO [localhost-startStop-1] org.apache.catalina.startup.HostConfig.deployWAR Deployment of web application archive [C:\Users\Brandon\Documents\Tomcat\webapps\RobotLive.war] has finished in [27] ms
23-Aug-2018 17:07:25.938 INFO [localhost-startStop-1] org.apache.catalina.startup.HostConfig.deployWAR Deploying web application archive [C:\Users\Brandon\Documents\Tomcat\webapps\ROOT.war]
23-Aug-2018 17:07:25.968 INFO [localhost-startStop-1] org.apache.catalina.startup.HostConfig.deployWAR Deployment of web application archive [C:\Users\Brandon\Documents\Tomcat\webapps\ROOT.war] has finished in [30] ms
23-Aug-2018 17:07:25.968 INFO [localhost-startStop-1] org.apache.catalina.startup.HostConfig.deployDirectory Deploying web application directory [C:\Users\Brandon\Documents\Tomcat\webapps\apache]
23-Aug-2018 17:07:25.987 INFO [localhost-startStop-1] org.apache.catalina.startup.HostConfig.deployDirectory Deployment of web application directory [C:\Users\Brandon\Documents\Tomcat\webapps\apache] has finished in [19] ms
23-Aug-2018 17:07:25.988 INFO [localhost-startStop-1] org.apache.catalina.startup.HostConfig.deployDirectory Deploying web application directory [C:\Users\Brandon\Documents\Tomcat\webapps\docs]
23-Aug-2018 17:07:26.003 INFO [localhost-startStop-1] org.apache.catalina.startup.HostConfig.deployDirectory Deployment of web application directory [C:\Users\Brandon\Documents\Tomcat\webapps\docs] has finished in [15] ms
23-Aug-2018 17:07:26.004 INFO [localhost-startStop-1] org.apache.catalina.startup.HostConfig.deployDirectory Deploying web application directory [C:\Users\Brandon\Documents\Tomcat\webapps\examples]
23-Aug-2018 17:07:26.248 INFO [localhost-startStop-1] org.apache.catalina.startup.HostConfig.deployDirectory Deployment of web application directory [C:\Users\Brandon\Documents\Tomcat\webapps\examples] has finished in [244] ms
23-Aug-2018 17:07:26.248 INFO [localhost-startStop-1] org.apache.catalina.startup.HostConfig.deployDirectory Deploying web application directory [C:\Users\Brandon\Documents\Tomcat\webapps\host-manager]
23-Aug-2018 17:07:26.270 INFO [localhost-startStop-1] org.apache.catalina.startup.HostConfig.deployDirectory Deployment of web application directory [C:\Users\Brandon\Documents\Tomcat\webapps\host-manager] has finished in [21] ms
23-Aug-2018 17:07:26.270 INFO [localhost-startStop-1] org.apache.catalina.startup.HostConfig.deployDirectory Deploying web application directory [C:\Users\Brandon\Documents\Tomcat\webapps\manager]
23-Aug-2018 17:07:26.289 INFO [localhost-startStop-1] org.apache.catalina.startup.HostConfig.deployDirectory Deployment of web application directory [C:\Users\Brandon\Documents\Tomcat\webapps\manager] has finished in [19] ms
23-Aug-2018 17:07:26.292 INFO [main] org.apache.coyote.AbstractProtocol.start Starting ProtocolHandler ["http-nio-80"]
23-Aug-2018 17:07:26.300 INFO [main] org.apache.coyote.AbstractProtocol.start Starting ProtocolHandler ["ajp-nio-8009"]
23-Aug-2018 17:07:26.302 INFO [main] org.apache.catalina.startup.Catalina.start Server startup in 723 ms
23-Aug-2018 17:09:45.601 INFO [main] org.apache.catalina.core.StandardServer.await A valid shutdown command was received via the shutdown port. Stopping the Server instance.
23-Aug-2018 17:09:45.602 INFO [main] org.apache.coyote.AbstractProtocol.pause Pausing ProtocolHandler ["http-nio-80"]
23-Aug-2018 17:09:45.711 INFO [main] org.apache.coyote.AbstractProtocol.pause Pausing ProtocolHandler ["ajp-nio-8009"]
23-Aug-2018 17:09:45.759 INFO [main] org.apache.catalina.core.StandardService.stopInternal Stopping service [Catalina]
23-Aug-2018 17:09:45.793 INFO [main] org.apache.coyote.AbstractProtocol.stop Stopping ProtocolHandler ["http-nio-80"]
23-Aug-2018 17:09:45.794 INFO [main] org.apache.coyote.AbstractProtocol.stop Stopping ProtocolHandler ["ajp-nio-8009"]
23-Aug-2018 17:09:45.796 INFO [main] org.apache.coyote.AbstractProtocol.destroy Destroying ProtocolHandler ["http-nio-80"]
23-Aug-2018 17:09:45.797 INFO [main] org.apache.coyote.AbstractProtocol.destroy Destroying ProtocolHandler ["ajp-nio-8009"]
23-Aug-2018 17:09:46.797 INFO [main] org.apache.catalina.startup.VersionLoggerListener.log Server version:        Apache Tomcat/8.5.15
23-Aug-2018 17:09:46.799 INFO [main] org.apache.catalina.startup.VersionLoggerListener.log Server built:          May 5 2017 11:03:04 UTC
23-Aug-2018 17:09:46.799 INFO [main] org.apache.catalina.startup.VersionLoggerListener.log Server number:         8.5.15.0
23-Aug-2018 17:09:46.799 INFO [main] org.apache.catalina.startup.VersionLoggerListener.log OS Name:               Windows 10
23-Aug-2018 17:09:46.799 INFO [main] org.apache.catalina.startup.VersionLoggerListener.log OS Version:            10.0
23-Aug-2018 17:09:46.799 INFO [main] org.apache.catalina.startup.VersionLoggerListener.log Architecture:          x86
23-Aug-2018 17:09:46.799 INFO [main] org.apache.catalina.startup.VersionLoggerListener.log Java Home:             C:\Program Files (x86)\Java\jdk1.8.0_121\jre
23-Aug-2018 17:09:46.800 INFO [main] org.apache.catalina.startup.VersionLoggerListener.log JVM Version:           1.8.0_121-b13
23-Aug-2018 17:09:46.800 INFO [main] org.apache.catalina.startup.VersionLoggerListener.log JVM Vendor:            Oracle Corporation
23-Aug-2018 17:09:46.800 INFO [main] org.apache.catalina.startup.VersionLoggerListener.log CATALINA_BASE:         C:\Users\Brandon\Documents\Tomcat
23-Aug-2018 17:09:46.800 INFO [main] org.apache.catalina.startup.VersionLoggerListener.log CATALINA_HOME:         C:\Users\Brandon\Documents\Tomcat
23-Aug-2018 17:09:46.800 INFO [main] org.apache.catalina.startup.VersionLoggerListener.log Command line argument: -Djava.util.logging.config.file=C:\Users\Brandon\Documents\Tomcat\conf\logging.properties
23-Aug-2018 17:09:46.801 INFO [main] org.apache.catalina.startup.VersionLoggerListener.log Command line argument: -Djava.util.logging.manager=org.apache.juli.ClassLoaderLogManager
23-Aug-2018 17:09:46.801 INFO [main] org.apache.catalina.startup.VersionLoggerListener.log Command line argument: -Djdk.tls.ephemeralDHKeySize=2048
23-Aug-2018 17:09:46.801 INFO [main] org.apache.catalina.startup.VersionLoggerListener.log Command line argument: -Djava.protocol.handler.pkgs=org.apache.catalina.webresources
23-Aug-2018 17:09:46.801 INFO [main] org.apache.catalina.startup.VersionLoggerListener.log Command line argument: -Dcatalina.base=C:\Users\Brandon\Documents\Tomcat
23-Aug-2018 17:09:46.801 INFO [main] org.apache.catalina.startup.VersionLoggerListener.log Command line argument: -Dcatalina.home=C:\Users\Brandon\Documents\Tomcat
23-Aug-2018 17:09:46.801 INFO [main] org.apache.catalina.startup.VersionLoggerListener.log Command line argument: -Djava.io.tmpdir=C:\Users\Brandon\Documents\Tomcat\temp
23-Aug-2018 17:09:46.802 INFO [main] org.apache.catalina.core.AprLifecycleListener.lifecycleEvent The APR based Apache Tomcat Native library which allows optimal performance in production environments was not found on the java.library.path: [C:\Program Files (x86)\Java\jdk1.8.0_121\bin;C:\WINDOWS\Sun\Java\bin;C:\WINDOWS\system32;C:\WINDOWS;C:\Program Files (x86)\Common Files\Oracle\Java\javapath;C:\Program Files\Microsoft MPI\Bin\;C:\Program Files (x86)\NVIDIA Corporation\PhysX\Common;C:\ProgramData\Oracle\Java\javapath;C:\WINDOWS\system32;C:\WINDOWS;C:\WINDOWS\System32\Wbem;C:\WINDOWS\System32\WindowsPowerShell\v1.0\;C:\Program Files (x86)\Skype\Phone\;C:\Program Files (x86)\Common Files\Adobe\AGL;C:\Users\Brandon\AppData\Local\Android\sdk;C:\Program Files\Microsoft SQL Server\130\Tools\Binn\;C:\Program Files\dotnet\;C:\Program Files\Git\cmd;C:\Program Files (x86)\GtkSharp\2.12\bin;C:\WINDOWS\System32\OpenSSH\;C:\Users\Brandon\AppData\Local\Microsoft\WindowsApps;;C:\Program Files\Microsoft VS Code\bin;.]
23-Aug-2018 17:09:46.894 INFO [main] org.apache.coyote.AbstractProtocol.init Initializing ProtocolHandler ["http-nio-80"]
23-Aug-2018 17:09:46.987 INFO [main] org.apache.tomcat.util.net.NioSelectorPool.getSharedSelector Using a shared selector for servlet write/read
23-Aug-2018 17:09:46.989 INFO [main] org.apache.coyote.AbstractProtocol.init Initializing ProtocolHandler ["ajp-nio-8009"]
23-Aug-2018 17:09:46.991 INFO [main] org.apache.tomcat.util.net.NioSelectorPool.getSharedSelector Using a shared selector for servlet write/read
23-Aug-2018 17:09:46.991 INFO [main] org.apache.catalina.startup.Catalina.load Initialization processed in 458 ms
23-Aug-2018 17:09:47.013 INFO [main] org.apache.catalina.core.StandardService.startInternal Starting service [Catalina]
23-Aug-2018 17:09:47.013 INFO [main] org.apache.catalina.core.StandardEngine.startInternal Starting Servlet Engine: Apache Tomcat/8.5.15
23-Aug-2018 17:09:47.033 INFO [localhost-startStop-1] org.apache.catalina.startup.HostConfig.deployWAR Deploying web application archive [C:\Users\Brandon\Documents\Tomcat\webapps\Live.war]
23-Aug-2018 17:09:47.308 INFO [localhost-startStop-1] org.apache.catalina.startup.HostConfig.deployWAR Deployment of web application archive [C:\Users\Brandon\Documents\Tomcat\webapps\Live.war] has finished in [275] ms
23-Aug-2018 17:09:47.309 INFO [localhost-startStop-1] org.apache.catalina.startup.HostConfig.deployWAR Deploying web application archive [C:\Users\Brandon\Documents\Tomcat\webapps\RobotLive.war]
23-Aug-2018 17:09:47.333 INFO [localhost-startStop-1] org.apache.catalina.startup.HostConfig.deployWAR Deployment of web application archive [C:\Users\Brandon\Documents\Tomcat\webapps\RobotLive.war] has finished in [24] ms
23-Aug-2018 17:09:47.335 INFO [localhost-startStop-1] org.apache.catalina.startup.HostConfig.deployWAR Deploying web application archive [C:\Users\Brandon\Documents\Tomcat\webapps\ROOT.war]
23-Aug-2018 17:09:47.337 INFO [localhost-startStop-1] org.apache.catalina.startup.ExpandWar.expand An expanded directory [C:\Users\Brandon\Documents\Tomcat\webapps\ROOT] was found with a last modified time that did not match the associated WAR. It will be deleted.
23-Aug-2018 17:09:47.384 INFO [localhost-startStop-1] org.apache.catalina.startup.HostConfig.deployWAR Deployment of web application archive [C:\Users\Brandon\Documents\Tomcat\webapps\ROOT.war] has finished in [49] ms
23-Aug-2018 17:09:47.385 INFO [localhost-startStop-1] org.apache.catalina.startup.HostConfig.deployDirectory Deploying web application directory [C:\Users\Brandon\Documents\Tomcat\webapps\apache]
23-Aug-2018 17:09:47.405 INFO [localhost-startStop-1] org.apache.catalina.startup.HostConfig.deployDirectory Deployment of web application directory [C:\Users\Brandon\Documents\Tomcat\webapps\apache] has finished in [20] ms
23-Aug-2018 17:09:47.406 INFO [localhost-startStop-1] org.apache.catalina.startup.HostConfig.deployDirectory Deploying web application directory [C:\Users\Brandon\Documents\Tomcat\webapps\docs]
23-Aug-2018 17:09:47.421 INFO [localhost-startStop-1] org.apache.catalina.startup.HostConfig.deployDirectory Deployment of web application directory [C:\Users\Brandon\Documents\Tomcat\webapps\docs] has finished in [15] ms
23-Aug-2018 17:09:47.421 INFO [localhost-startStop-1] org.apache.catalina.startup.HostConfig.deployDirectory Deploying web application directory [C:\Users\Brandon\Documents\Tomcat\webapps\examples]
23-Aug-2018 17:09:47.652 INFO [localhost-startStop-1] org.apache.catalina.startup.HostConfig.deployDirectory Deployment of web application directory [C:\Users\Brandon\Documents\Tomcat\webapps\examples] has finished in [231] ms
23-Aug-2018 17:09:47.652 INFO [localhost-startStop-1] org.apache.catalina.startup.HostConfig.deployDirectory Deploying web application directory [C:\Users\Brandon\Documents\Tomcat\webapps\host-manager]
23-Aug-2018 17:09:47.673 INFO [localhost-startStop-1] org.apache.catalina.startup.HostConfig.deployDirectory Deployment of web application directory [C:\Users\Brandon\Documents\Tomcat\webapps\host-manager] has finished in [21] ms
23-Aug-2018 17:09:47.673 INFO [localhost-startStop-1] org.apache.catalina.startup.HostConfig.deployDirectory Deploying web application directory [C:\Users\Brandon\Documents\Tomcat\webapps\manager]
23-Aug-2018 17:09:47.691 INFO [localhost-startStop-1] org.apache.catalina.startup.HostConfig.deployDirectory Deployment of web application directory [C:\Users\Brandon\Documents\Tomcat\webapps\manager] has finished in [18] ms
23-Aug-2018 17:09:47.694 INFO [main] org.apache.coyote.AbstractProtocol.start Starting ProtocolHandler ["http-nio-80"]
23-Aug-2018 17:09:47.702 INFO [main] org.apache.coyote.AbstractProtocol.start Starting ProtocolHandler ["ajp-nio-8009"]
23-Aug-2018 17:09:47.704 INFO [main] org.apache.catalina.startup.Catalina.start Server startup in 711 ms
23-Aug-2018 18:28:31.789 INFO [main] org.apache.catalina.core.StandardServer.await A valid shutdown command was received via the shutdown port. Stopping the Server instance.
23-Aug-2018 18:28:31.789 INFO [main] org.apache.coyote.AbstractProtocol.pause Pausing ProtocolHandler ["http-nio-80"]
23-Aug-2018 18:28:31.841 INFO [main] org.apache.coyote.AbstractProtocol.pause Pausing ProtocolHandler ["ajp-nio-8009"]
23-Aug-2018 18:28:31.873 INFO [main] org.apache.catalina.core.StandardService.stopInternal Stopping service [Catalina]
23-Aug-2018 18:28:31.904 INFO [main] org.apache.coyote.AbstractProtocol.stop Stopping ProtocolHandler ["http-nio-80"]
23-Aug-2018 18:28:31.906 INFO [main] org.apache.coyote.AbstractProtocol.stop Stopping ProtocolHandler ["ajp-nio-8009"]
23-Aug-2018 18:28:31.907 INFO [main] org.apache.coyote.AbstractProtocol.destroy Destroying ProtocolHandler ["http-nio-80"]
23-Aug-2018 18:28:31.908 INFO [main] org.apache.coyote.AbstractProtocol.destroy Destroying ProtocolHandler ["ajp-nio-8009"]
23-Aug-2018 18:28:33.146 INFO [main] org.apache.catalina.startup.VersionLoggerListener.log Server version:        Apache Tomcat/8.5.15
23-Aug-2018 18:28:33.150 INFO [main] org.apache.catalina.startup.VersionLoggerListener.log Server built:          May 5 2017 11:03:04 UTC
23-Aug-2018 18:28:33.151 INFO [main] org.apache.catalina.startup.VersionLoggerListener.log Server number:         8.5.15.0
23-Aug-2018 18:28:33.151 INFO [main] org.apache.catalina.startup.VersionLoggerListener.log OS Name:               Windows 10
23-Aug-2018 18:28:33.152 INFO [main] org.apache.catalina.startup.VersionLoggerListener.log OS Version:            10.0
23-Aug-2018 18:28:33.153 INFO [main] org.apache.catalina.startup.VersionLoggerListener.log Architecture:          x86
23-Aug-2018 18:28:33.154 INFO [main] org.apache.catalina.startup.VersionLoggerListener.log Java Home:             C:\Program Files (x86)\Java\jdk1.8.0_121\jre
23-Aug-2018 18:28:33.156 INFO [main] org.apache.catalina.startup.VersionLoggerListener.log JVM Version:           1.8.0_121-b13
23-Aug-2018 18:28:33.157 INFO [main] org.apache.catalina.startup.VersionLoggerListener.log JVM Vendor:            Oracle Corporation
23-Aug-2018 18:28:33.157 INFO [main] org.apache.catalina.startup.VersionLoggerListener.log CATALINA_BASE:         C:\Users\Brandon\Documents\Tomcat
23-Aug-2018 18:28:33.158 INFO [main] org.apache.catalina.startup.VersionLoggerListener.log CATALINA_HOME:         C:\Users\Brandon\Documents\Tomcat
23-Aug-2018 18:28:33.158 INFO [main] org.apache.catalina.startup.VersionLoggerListener.log Command line argument: -Djava.util.logging.config.file=C:\Users\Brandon\Documents\Tomcat\conf\logging.properties
23-Aug-2018 18:28:33.160 INFO [main] org.apache.catalina.startup.VersionLoggerListener.log Command line argument: -Djava.util.logging.manager=org.apache.juli.ClassLoaderLogManager
23-Aug-2018 18:28:33.161 INFO [main] org.apache.catalina.startup.VersionLoggerListener.log Command line argument: -Djdk.tls.ephemeralDHKeySize=2048
23-Aug-2018 18:28:33.161 INFO [main] org.apache.catalina.startup.VersionLoggerListener.log Command line argument: -Djava.protocol.handler.pkgs=org.apache.catalina.webresources
23-Aug-2018 18:28:33.161 INFO [main] org.apache.catalina.startup.VersionLoggerListener.log Command line argument: -Dcatalina.base=C:\Users\Brandon\Documents\Tomcat
23-Aug-2018 18:28:33.161 INFO [main] org.apache.catalina.startup.VersionLoggerListener.log Command line argument: -Dcatalina.home=C:\Users\Brandon\Documents\Tomcat
23-Aug-2018 18:28:33.162 INFO [main] org.apache.catalina.startup.VersionLoggerListener.log Command line argument: -Djava.io.tmpdir=C:\Users\Brandon\Documents\Tomcat\temp
23-Aug-2018 18:28:33.162 INFO [main] org.apache.catalina.core.AprLifecycleListener.lifecycleEvent The APR based Apache Tomcat Native library which allows optimal performance in production environments was not found on the java.library.path: [C:\Program Files (x86)\Java\jdk1.8.0_121\bin;C:\WINDOWS\Sun\Java\bin;C:\WINDOWS\system32;C:\WINDOWS;C:\Program Files (x86)\Common Files\Oracle\Java\javapath;C:\Program Files\Microsoft MPI\Bin\;C:\Program Files (x86)\NVIDIA Corporation\PhysX\Common;C:\ProgramData\Oracle\Java\javapath;C:\WINDOWS\system32;C:\WINDOWS;C:\WINDOWS\System32\Wbem;C:\WINDOWS\System32\WindowsPowerShell\v1.0\;C:\Program Files (x86)\Skype\Phone\;C:\Program Files (x86)\Common Files\Adobe\AGL;C:\Users\Brandon\AppData\Local\Android\sdk;C:\Program Files\Microsoft SQL Server\130\Tools\Binn\;C:\Program Files\dotnet\;C:\Program Files\Git\cmd;C:\Program Files (x86)\GtkSharp\2.12\bin;C:\WINDOWS\System32\OpenSSH\;C:\Users\Brandon\AppData\Local\Microsoft\WindowsApps;;C:\Program Files\Microsoft VS Code\bin;.]
23-Aug-2018 18:28:33.245 INFO [main] org.apache.coyote.AbstractProtocol.init Initializing ProtocolHandler ["http-nio-80"]
23-Aug-2018 18:28:33.329 INFO [main] org.apache.tomcat.util.net.NioSelectorPool.getSharedSelector Using a shared selector for servlet write/read
23-Aug-2018 18:28:33.332 INFO [main] org.apache.coyote.AbstractProtocol.init Initializing ProtocolHandler ["ajp-nio-8009"]
23-Aug-2018 18:28:33.333 INFO [main] org.apache.tomcat.util.net.NioSelectorPool.getSharedSelector Using a shared selector for servlet write/read
23-Aug-2018 18:28:33.334 INFO [main] org.apache.catalina.startup.Catalina.load Initialization processed in 443 ms
23-Aug-2018 18:28:33.355 INFO [main] org.apache.catalina.core.StandardService.startInternal Starting service [Catalina]
23-Aug-2018 18:28:33.355 INFO [main] org.apache.catalina.core.StandardEngine.startInternal Starting Servlet Engine: Apache Tomcat/8.5.15
23-Aug-2018 18:28:33.374 INFO [localhost-startStop-1] org.apache.catalina.startup.HostConfig.deployWAR Deploying web application archive [C:\Users\Brandon\Documents\Tomcat\webapps\Live.war]
23-Aug-2018 18:28:33.635 INFO [localhost-startStop-1] org.apache.catalina.startup.HostConfig.deployWAR Deployment of web application archive [C:\Users\Brandon\Documents\Tomcat\webapps\Live.war] has finished in [261] ms
23-Aug-2018 18:28:33.636 INFO [localhost-startStop-1] org.apache.catalina.startup.HostConfig.deployWAR Deploying web application archive [C:\Users\Brandon\Documents\Tomcat\webapps\RobotLive.war]
23-Aug-2018 18:28:33.662 INFO [localhost-startStop-1] org.apache.catalina.startup.HostConfig.deployWAR Deployment of web application archive [C:\Users\Brandon\Documents\Tomcat\webapps\RobotLive.war] has finished in [26] ms
23-Aug-2018 18:28:33.663 INFO [localhost-startStop-1] org.apache.catalina.startup.HostConfig.deployWAR Deploying web application archive [C:\Users\Brandon\Documents\Tomcat\webapps\ROOT.war]
23-Aug-2018 18:28:33.665 INFO [localhost-startStop-1] org.apache.catalina.startup.ExpandWar.expand An expanded directory [C:\Users\Brandon\Documents\Tomcat\webapps\ROOT] was found with a last modified time that did not match the associated WAR. It will be deleted.
23-Aug-2018 18:28:33.710 INFO [localhost-startStop-1] org.apache.catalina.startup.HostConfig.deployWAR Deployment of web application archive [C:\Users\Brandon\Documents\Tomcat\webapps\ROOT.war] has finished in [47] ms
23-Aug-2018 18:28:33.712 INFO [localhost-startStop-1] org.apache.catalina.startup.HostConfig.deployDirectory Deploying web application directory [C:\Users\Brandon\Documents\Tomcat\webapps\apache]
23-Aug-2018 18:28:33.730 INFO [localhost-startStop-1] org.apache.catalina.startup.HostConfig.deployDirectory Deployment of web application directory [C:\Users\Brandon\Documents\Tomcat\webapps\apache] has finished in [19] ms
23-Aug-2018 18:28:33.731 INFO [localhost-startStop-1] org.apache.catalina.startup.HostConfig.deployDirectory Deploying web application directory [C:\Users\Brandon\Documents\Tomcat\webapps\docs]
23-Aug-2018 18:28:33.745 INFO [localhost-startStop-1] org.apache.catalina.startup.HostConfig.deployDirectory Deployment of web application directory [C:\Users\Brandon\Documents\Tomcat\webapps\docs] has finished in [15] ms
23-Aug-2018 18:28:33.746 INFO [localhost-startStop-1] org.apache.catalina.startup.HostConfig.deployDirectory Deploying web application directory [C:\Users\Brandon\Documents\Tomcat\webapps\examples]
23-Aug-2018 18:28:33.971 INFO [localhost-startStop-1] org.apache.catalina.startup.HostConfig.deployDirectory Deployment of web application directory [C:\Users\Brandon\Documents\Tomcat\webapps\examples] has finished in [225] ms
23-Aug-2018 18:28:33.971 INFO [localhost-startStop-1] org.apache.catalina.startup.HostConfig.deployDirectory Deploying web application directory [C:\Users\Brandon\Documents\Tomcat\webapps\host-manager]
23-Aug-2018 18:28:33.990 INFO [localhost-startStop-1] org.apache.catalina.startup.HostConfig.deployDirectory Deployment of web application directory [C:\Users\Brandon\Documents\Tomcat\webapps\host-manager] has finished in [19] ms
23-Aug-2018 18:28:33.991 INFO [localhost-startStop-1] org.apache.catalina.startup.HostConfig.deployDirectory Deploying web application directory [C:\Users\Brandon\Documents\Tomcat\webapps\manager]
23-Aug-2018 18:28:34.008 INFO [localhost-startStop-1] org.apache.catalina.startup.HostConfig.deployDirectory Deployment of web application directory [C:\Users\Brandon\Documents\Tomcat\webapps\manager] has finished in [17] ms
23-Aug-2018 18:28:34.010 INFO [main] org.apache.coyote.AbstractProtocol.start Starting ProtocolHandler ["http-nio-80"]
23-Aug-2018 18:28:34.018 INFO [main] org.apache.coyote.AbstractProtocol.start Starting ProtocolHandler ["ajp-nio-8009"]
23-Aug-2018 18:28:34.021 INFO [main] org.apache.catalina.startup.Catalina.start Server startup in 686 ms
23-Aug-2018 18:38:10.812 INFO [main] org.apache.catalina.core.StandardServer.await A valid shutdown command was received via the shutdown port. Stopping the Server instance.
23-Aug-2018 18:38:10.813 INFO [main] org.apache.coyote.AbstractProtocol.pause Pausing ProtocolHandler ["http-nio-80"]
23-Aug-2018 18:38:10.869 INFO [main] org.apache.coyote.AbstractProtocol.pause Pausing ProtocolHandler ["ajp-nio-8009"]
23-Aug-2018 18:38:10.898 INFO [main] org.apache.catalina.core.StandardService.stopInternal Stopping service [Catalina]
23-Aug-2018 18:38:10.924 INFO [main] org.apache.coyote.AbstractProtocol.stop Stopping ProtocolHandler ["http-nio-80"]
23-Aug-2018 18:38:10.926 INFO [main] org.apache.coyote.AbstractProtocol.stop Stopping ProtocolHandler ["ajp-nio-8009"]
23-Aug-2018 18:38:10.927 INFO [main] org.apache.coyote.AbstractProtocol.destroy Destroying ProtocolHandler ["http-nio-80"]
23-Aug-2018 18:38:10.928 INFO [main] org.apache.coyote.AbstractProtocol.destroy Destroying ProtocolHandler ["ajp-nio-8009"]
23-Aug-2018 18:38:11.834 INFO [main] org.apache.catalina.startup.VersionLoggerListener.log Server version:        Apache Tomcat/8.5.15
23-Aug-2018 18:38:11.836 INFO [main] org.apache.catalina.startup.VersionLoggerListener.log Server built:          May 5 2017 11:03:04 UTC
23-Aug-2018 18:38:11.837 INFO [main] org.apache.catalina.startup.VersionLoggerListener.log Server number:         8.5.15.0
23-Aug-2018 18:38:11.837 INFO [main] org.apache.catalina.startup.VersionLoggerListener.log OS Name:               Windows 10
23-Aug-2018 18:38:11.837 INFO [main] org.apache.catalina.startup.VersionLoggerListener.log OS Version:            10.0
23-Aug-2018 18:38:11.837 INFO [main] org.apache.catalina.startup.VersionLoggerListener.log Architecture:          x86
23-Aug-2018 18:38:11.837 INFO [main] org.apache.catalina.startup.VersionLoggerListener.log Java Home:             C:\Program Files (x86)\Java\jdk1.8.0_121\jre
23-Aug-2018 18:38:11.837 INFO [main] org.apache.catalina.startup.VersionLoggerListener.log JVM Version:           1.8.0_121-b13
23-Aug-2018 18:38:11.838 INFO [main] org.apache.catalina.startup.VersionLoggerListener.log JVM Vendor:            Oracle Corporation
23-Aug-2018 18:38:11.838 INFO [main] org.apache.catalina.startup.VersionLoggerListener.log CATALINA_BASE:         C:\Users\Brandon\Documents\Tomcat
23-Aug-2018 18:38:11.838 INFO [main] org.apache.catalina.startup.VersionLoggerListener.log CATALINA_HOME:         C:\Users\Brandon\Documents\Tomcat
23-Aug-2018 18:38:11.838 INFO [main] org.apache.catalina.startup.VersionLoggerListener.log Command line argument: -Djava.util.logging.config.file=C:\Users\Brandon\Documents\Tomcat\conf\logging.properties
23-Aug-2018 18:38:11.838 INFO [main] org.apache.catalina.startup.VersionLoggerListener.log Command line argument: -Djava.util.logging.manager=org.apache.juli.ClassLoaderLogManager
23-Aug-2018 18:38:11.839 INFO [main] org.apache.catalina.startup.VersionLoggerListener.log Command line argument: -Djdk.tls.ephemeralDHKeySize=2048
23-Aug-2018 18:38:11.839 INFO [main] org.apache.catalina.startup.VersionLoggerListener.log Command line argument: -Djava.protocol.handler.pkgs=org.apache.catalina.webresources
23-Aug-2018 18:38:11.839 INFO [main] org.apache.catalina.startup.VersionLoggerListener.log Command line argument: -Dcatalina.base=C:\Users\Brandon\Documents\Tomcat
23-Aug-2018 18:38:11.839 INFO [main] org.apache.catalina.startup.VersionLoggerListener.log Command line argument: -Dcatalina.home=C:\Users\Brandon\Documents\Tomcat
23-Aug-2018 18:38:11.839 INFO [main] org.apache.catalina.startup.VersionLoggerListener.log Command line argument: -Djava.io.tmpdir=C:\Users\Brandon\Documents\Tomcat\temp
23-Aug-2018 18:38:11.840 INFO [main] org.apache.catalina.core.AprLifecycleListener.lifecycleEvent The APR based Apache Tomcat Native library which allows optimal performance in production environments was not found on the java.library.path: [C:\Program Files (x86)\Java\jdk1.8.0_121\bin;C:\WINDOWS\Sun\Java\bin;C:\WINDOWS\system32;C:\WINDOWS;C:\Program Files (x86)\Common Files\Oracle\Java\javapath;C:\Program Files\Microsoft MPI\Bin\;C:\Program Files (x86)\NVIDIA Corporation\PhysX\Common;C:\ProgramData\Oracle\Java\javapath;C:\WINDOWS\system32;C:\WINDOWS;C:\WINDOWS\System32\Wbem;C:\WINDOWS\System32\WindowsPowerShell\v1.0\;C:\Program Files (x86)\Skype\Phone\;C:\Program Files (x86)\Common Files\Adobe\AGL;C:\Users\Brandon\AppData\Local\Android\sdk;C:\Program Files\Microsoft SQL Server\130\Tools\Binn\;C:\Program Files\dotnet\;C:\Program Files\Git\cmd;C:\Program Files (x86)\GtkSharp\2.12\bin;C:\WINDOWS\System32\OpenSSH\;C:\Users\Brandon\AppData\Local\Microsoft\WindowsApps;;C:\Program Files\Microsoft VS Code\bin;.]
23-Aug-2018 18:38:11.920 INFO [main] org.apache.coyote.AbstractProtocol.init Initializing ProtocolHandler ["http-nio-80"]
23-Aug-2018 18:38:12.006 INFO [main] org.apache.tomcat.util.net.NioSelectorPool.getSharedSelector Using a shared selector for servlet write/read
23-Aug-2018 18:38:12.009 INFO [main] org.apache.coyote.AbstractProtocol.init Initializing ProtocolHandler ["ajp-nio-8009"]
23-Aug-2018 18:38:12.011 INFO [main] org.apache.tomcat.util.net.NioSelectorPool.getSharedSelector Using a shared selector for servlet write/read
23-Aug-2018 18:38:12.011 INFO [main] org.apache.catalina.startup.Catalina.load Initialization processed in 446 ms
23-Aug-2018 18:38:12.031 INFO [main] org.apache.catalina.core.StandardService.startInternal Starting service [Catalina]
23-Aug-2018 18:38:12.031 INFO [main] org.apache.catalina.core.StandardEngine.startInternal Starting Servlet Engine: Apache Tomcat/8.5.15
23-Aug-2018 18:38:12.050 INFO [localhost-startStop-1] org.apache.catalina.startup.HostConfig.deployWAR Deploying web application archive [C:\Users\Brandon\Documents\Tomcat\webapps\Live.war]
23-Aug-2018 18:38:12.304 INFO [localhost-startStop-1] org.apache.catalina.startup.HostConfig.deployWAR Deployment of web application archive [C:\Users\Brandon\Documents\Tomcat\webapps\Live.war] has finished in [253] ms
23-Aug-2018 18:38:12.304 INFO [localhost-startStop-1] org.apache.catalina.startup.HostConfig.deployWAR Deploying web application archive [C:\Users\Brandon\Documents\Tomcat\webapps\RobotLive.war]
23-Aug-2018 18:38:12.330 INFO [localhost-startStop-1] org.apache.catalina.startup.HostConfig.deployWAR Deployment of web application archive [C:\Users\Brandon\Documents\Tomcat\webapps\RobotLive.war] has finished in [26] ms
23-Aug-2018 18:38:12.331 INFO [localhost-startStop-1] org.apache.catalina.startup.HostConfig.deployWAR Deploying web application archive [C:\Users\Brandon\Documents\Tomcat\webapps\ROOT.war]
23-Aug-2018 18:38:12.333 INFO [localhost-startStop-1] org.apache.catalina.startup.ExpandWar.expand An expanded directory [C:\Users\Brandon\Documents\Tomcat\webapps\ROOT] was found with a last modified time that did not match the associated WAR. It will be deleted.
23-Aug-2018 18:38:12.384 INFO [localhost-startStop-1] org.apache.catalina.startup.HostConfig.deployWAR Deployment of web application archive [C:\Users\Brandon\Documents\Tomcat\webapps\ROOT.war] has finished in [53] ms
23-Aug-2018 18:38:12.385 INFO [localhost-startStop-1] org.apache.catalina.startup.HostConfig.deployDirectory Deploying web application directory [C:\Users\Brandon\Documents\Tomcat\webapps\apache]
23-Aug-2018 18:38:12.403 INFO [localhost-startStop-1] org.apache.catalina.startup.HostConfig.deployDirectory Deployment of web application directory [C:\Users\Brandon\Documents\Tomcat\webapps\apache] has finished in [18] ms
23-Aug-2018 18:38:12.403 INFO [localhost-startStop-1] org.apache.catalina.startup.HostConfig.deployDirectory Deploying web application directory [C:\Users\Brandon\Documents\Tomcat\webapps\docs]
23-Aug-2018 18:38:12.417 INFO [localhost-startStop-1] org.apache.catalina.startup.HostConfig.deployDirectory Deployment of web application directory [C:\Users\Brandon\Documents\Tomcat\webapps\docs] has finished in [14] ms
23-Aug-2018 18:38:12.418 INFO [localhost-startStop-1] org.apache.catalina.startup.HostConfig.deployDirectory Deploying web application directory [C:\Users\Brandon\Documents\Tomcat\webapps\examples]
23-Aug-2018 18:38:12.629 INFO [localhost-startStop-1] org.apache.catalina.startup.HostConfig.deployDirectory Deployment of web application directory [C:\Users\Brandon\Documents\Tomcat\webapps\examples] has finished in [211] ms
23-Aug-2018 18:38:12.629 INFO [localhost-startStop-1] org.apache.catalina.startup.HostConfig.deployDirectory Deploying web application directory [C:\Users\Brandon\Documents\Tomcat\webapps\host-manager]
23-Aug-2018 18:38:12.647 INFO [localhost-startStop-1] org.apache.catalina.startup.HostConfig.deployDirectory Deployment of web application directory [C:\Users\Brandon\Documents\Tomcat\webapps\host-manager] has finished in [18] ms
23-Aug-2018 18:38:12.648 INFO [localhost-startStop-1] org.apache.catalina.startup.HostConfig.deployDirectory Deploying web application directory [C:\Users\Brandon\Documents\Tomcat\webapps\manager]
23-Aug-2018 18:38:12.664 INFO [localhost-startStop-1] org.apache.catalina.startup.HostConfig.deployDirectory Deployment of web application directory [C:\Users\Brandon\Documents\Tomcat\webapps\manager] has finished in [16] ms
23-Aug-2018 18:38:12.667 INFO [main] org.apache.coyote.AbstractProtocol.start Starting ProtocolHandler ["http-nio-80"]
23-Aug-2018 18:38:12.674 INFO [main] org.apache.coyote.AbstractProtocol.start Starting ProtocolHandler ["ajp-nio-8009"]
23-Aug-2018 18:38:12.676 INFO [main] org.apache.catalina.startup.Catalina.start Server startup in 665 ms
23-Aug-2018 18:38:52.699 INFO [ContainerBackgroundProcessor[StandardEngine[Catalina]]] org.apache.catalina.startup.HostConfig.undeploy Undeploying context []
23-Aug-2018 18:38:52.742 INFO [localhost-startStop-2] org.apache.catalina.startup.HostConfig.deployWAR Deploying web application archive [C:\Users\Brandon\Documents\Tomcat\webapps\ROOT.war]
23-Aug-2018 18:38:52.798 INFO [localhost-startStop-2] org.apache.catalina.startup.HostConfig.deployWAR Deployment of web application archive [C:\Users\Brandon\Documents\Tomcat\webapps\ROOT.war] has finished in [56] ms
23-Aug-2018 18:38:53.525 INFO [main] org.apache.catalina.core.StandardServer.await A valid shutdown command was received via the shutdown port. Stopping the Server instance.
23-Aug-2018 18:38:53.526 INFO [main] org.apache.coyote.AbstractProtocol.pause Pausing ProtocolHandler ["http-nio-80"]
23-Aug-2018 18:38:53.576 INFO [main] org.apache.coyote.AbstractProtocol.pause Pausing ProtocolHandler ["ajp-nio-8009"]
23-Aug-2018 18:38:53.607 INFO [main] org.apache.catalina.core.StandardService.stopInternal Stopping service [Catalina]
23-Aug-2018 18:38:53.628 INFO [main] org.apache.coyote.AbstractProtocol.stop Stopping ProtocolHandler ["http-nio-80"]
23-Aug-2018 18:38:53.630 INFO [main] org.apache.coyote.AbstractProtocol.stop Stopping ProtocolHandler ["ajp-nio-8009"]
23-Aug-2018 18:38:53.631 INFO [main] org.apache.coyote.AbstractProtocol.destroy Destroying ProtocolHandler ["http-nio-80"]
23-Aug-2018 18:38:53.632 INFO [main] org.apache.coyote.AbstractProtocol.destroy Destroying ProtocolHandler ["ajp-nio-8009"]
23-Aug-2018 18:38:54.523 INFO [main] org.apache.catalina.startup.VersionLoggerListener.log Server version:        Apache Tomcat/8.5.15
23-Aug-2018 18:38:54.525 INFO [main] org.apache.catalina.startup.VersionLoggerListener.log Server built:          May 5 2017 11:03:04 UTC
23-Aug-2018 18:38:54.525 INFO [main] org.apache.catalina.startup.VersionLoggerListener.log Server number:         8.5.15.0
23-Aug-2018 18:38:54.525 INFO [main] org.apache.catalina.startup.VersionLoggerListener.log OS Name:               Windows 10
23-Aug-2018 18:38:54.526 INFO [main] org.apache.catalina.startup.VersionLoggerListener.log OS Version:            10.0
23-Aug-2018 18:38:54.526 INFO [main] org.apache.catalina.startup.VersionLoggerListener.log Architecture:          x86
23-Aug-2018 18:38:54.526 INFO [main] org.apache.catalina.startup.VersionLoggerListener.log Java Home:             C:\Program Files (x86)\Java\jdk1.8.0_121\jre
23-Aug-2018 18:38:54.527 INFO [main] org.apache.catalina.startup.VersionLoggerListener.log JVM Version:           1.8.0_121-b13
23-Aug-2018 18:38:54.527 INFO [main] org.apache.catalina.startup.VersionLoggerListener.log JVM Vendor:            Oracle Corporation
23-Aug-2018 18:38:54.527 INFO [main] org.apache.catalina.startup.VersionLoggerListener.log CATALINA_BASE:         C:\Users\Brandon\Documents\Tomcat
23-Aug-2018 18:38:54.527 INFO [main] org.apache.catalina.startup.VersionLoggerListener.log CATALINA_HOME:         C:\Users\Brandon\Documents\Tomcat
23-Aug-2018 18:38:54.527 INFO [main] org.apache.catalina.startup.VersionLoggerListener.log Command line argument: -Djava.util.logging.config.file=C:\Users\Brandon\Documents\Tomcat\conf\logging.properties
23-Aug-2018 18:38:54.528 INFO [main] org.apache.catalina.startup.VersionLoggerListener.log Command line argument: -Djava.util.logging.manager=org.apache.juli.ClassLoaderLogManager
23-Aug-2018 18:38:54.528 INFO [main] org.apache.catalina.startup.VersionLoggerListener.log Command line argument: -Djdk.tls.ephemeralDHKeySize=2048
23-Aug-2018 18:38:54.528 INFO [main] org.apache.catalina.startup.VersionLoggerListener.log Command line argument: -Djava.protocol.handler.pkgs=org.apache.catalina.webresources
23-Aug-2018 18:38:54.528 INFO [main] org.apache.catalina.startup.VersionLoggerListener.log Command line argument: -Dcatalina.base=C:\Users\Brandon\Documents\Tomcat
23-Aug-2018 18:38:54.528 INFO [main] org.apache.catalina.startup.VersionLoggerListener.log Command line argument: -Dcatalina.home=C:\Users\Brandon\Documents\Tomcat
23-Aug-2018 18:38:54.529 INFO [main] org.apache.catalina.startup.VersionLoggerListener.log Command line argument: -Djava.io.tmpdir=C:\Users\Brandon\Documents\Tomcat\temp
23-Aug-2018 18:38:54.529 INFO [main] org.apache.catalina.core.AprLifecycleListener.lifecycleEvent The APR based Apache Tomcat Native library which allows optimal performance in production environments was not found on the java.library.path: [C:\Program Files (x86)\Java\jdk1.8.0_121\bin;C:\WINDOWS\Sun\Java\bin;C:\WINDOWS\system32;C:\WINDOWS;C:\Program Files (x86)\Common Files\Oracle\Java\javapath;C:\Program Files\Microsoft MPI\Bin\;C:\Program Files (x86)\NVIDIA Corporation\PhysX\Common;C:\ProgramData\Oracle\Java\javapath;C:\WINDOWS\system32;C:\WINDOWS;C:\WINDOWS\System32\Wbem;C:\WINDOWS\System32\WindowsPowerShell\v1.0\;C:\Program Files (x86)\Skype\Phone\;C:\Program Files (x86)\Common Files\Adobe\AGL;C:\Users\Brandon\AppData\Local\Android\sdk;C:\Program Files\Microsoft SQL Server\130\Tools\Binn\;C:\Program Files\dotnet\;C:\Program Files\Git\cmd;C:\Program Files (x86)\GtkSharp\2.12\bin;C:\WINDOWS\System32\OpenSSH\;C:\Users\Brandon\AppData\Local\Microsoft\WindowsApps;;C:\Program Files\Microsoft VS Code\bin;.]
23-Aug-2018 18:38:54.612 INFO [main] org.apache.coyote.AbstractProtocol.init Initializing ProtocolHandler ["http-nio-80"]
23-Aug-2018 18:38:54.702 INFO [main] org.apache.tomcat.util.net.NioSelectorPool.getSharedSelector Using a shared selector for servlet write/read
23-Aug-2018 18:38:54.704 INFO [main] org.apache.coyote.AbstractProtocol.init Initializing ProtocolHandler ["ajp-nio-8009"]
23-Aug-2018 18:38:54.706 INFO [main] org.apache.tomcat.util.net.NioSelectorPool.getSharedSelector Using a shared selector for servlet write/read
23-Aug-2018 18:38:54.706 INFO [main] org.apache.catalina.startup.Catalina.load Initialization processed in 438 ms
23-Aug-2018 18:38:54.727 INFO [main] org.apache.catalina.core.StandardService.startInternal Starting service [Catalina]
23-Aug-2018 18:38:54.727 INFO [main] org.apache.catalina.core.StandardEngine.startInternal Starting Servlet Engine: Apache Tomcat/8.5.15
23-Aug-2018 18:38:54.745 INFO [localhost-startStop-1] org.apache.catalina.startup.HostConfig.deployWAR Deploying web application archive [C:\Users\Brandon\Documents\Tomcat\webapps\Live.war]
23-Aug-2018 18:38:55.007 INFO [localhost-startStop-1] org.apache.catalina.startup.HostConfig.deployWAR Deployment of web application archive [C:\Users\Brandon\Documents\Tomcat\webapps\Live.war] has finished in [262] ms
23-Aug-2018 18:38:55.008 INFO [localhost-startStop-1] org.apache.catalina.startup.HostConfig.deployWAR Deploying web application archive [C:\Users\Brandon\Documents\Tomcat\webapps\RobotLive.war]
23-Aug-2018 18:38:55.033 INFO [localhost-startStop-1] org.apache.catalina.startup.HostConfig.deployWAR Deployment of web application archive [C:\Users\Brandon\Documents\Tomcat\webapps\RobotLive.war] has finished in [25] ms
23-Aug-2018 18:38:55.034 INFO [localhost-startStop-1] org.apache.catalina.startup.HostConfig.deployWAR Deploying web application archive [C:\Users\Brandon\Documents\Tomcat\webapps\ROOT.war]
23-Aug-2018 18:38:55.059 INFO [localhost-startStop-1] org.apache.catalina.startup.HostConfig.deployWAR Deployment of web application archive [C:\Users\Brandon\Documents\Tomcat\webapps\ROOT.war] has finished in [25] ms
23-Aug-2018 18:38:55.060 INFO [localhost-startStop-1] org.apache.catalina.startup.HostConfig.deployDirectory Deploying web application directory [C:\Users\Brandon\Documents\Tomcat\webapps\apache]
23-Aug-2018 18:38:55.079 INFO [localhost-startStop-1] org.apache.catalina.startup.HostConfig.deployDirectory Deployment of web application directory [C:\Users\Brandon\Documents\Tomcat\webapps\apache] has finished in [20] ms
23-Aug-2018 18:38:55.081 INFO [localhost-startStop-1] org.apache.catalina.startup.HostConfig.deployDirectory Deploying web application directory [C:\Users\Brandon\Documents\Tomcat\webapps\docs]
23-Aug-2018 18:38:55.094 INFO [localhost-startStop-1] org.apache.catalina.startup.HostConfig.deployDirectory Deployment of web application directory [C:\Users\Brandon\Documents\Tomcat\webapps\docs] has finished in [14] ms
23-Aug-2018 18:38:55.094 INFO [localhost-startStop-1] org.apache.catalina.startup.HostConfig.deployDirectory Deploying web application directory [C:\Users\Brandon\Documents\Tomcat\webapps\examples]
23-Aug-2018 18:38:55.340 INFO [localhost-startStop-1] org.apache.catalina.startup.HostConfig.deployDirectory Deployment of web application directory [C:\Users\Brandon\Documents\Tomcat\webapps\examples] has finished in [246] ms
23-Aug-2018 18:38:55.341 INFO [localhost-startStop-1] org.apache.catalina.startup.HostConfig.deployDirectory Deploying web application directory [C:\Users\Brandon\Documents\Tomcat\webapps\host-manager]
23-Aug-2018 18:38:55.366 INFO [localhost-startStop-1] org.apache.catalina.startup.HostConfig.deployDirectory Deployment of web application directory [C:\Users\Brandon\Documents\Tomcat\webapps\host-manager] has finished in [25] ms
23-Aug-2018 18:38:55.366 INFO [localhost-startStop-1] org.apache.catalina.startup.HostConfig.deployDirectory Deploying web application directory [C:\Users\Brandon\Documents\Tomcat\webapps\manager]
23-Aug-2018 18:38:55.386 INFO [localhost-startStop-1] org.apache.catalina.startup.HostConfig.deployDirectory Deployment of web application directory [C:\Users\Brandon\Documents\Tomcat\webapps\manager] has finished in [20] ms
23-Aug-2018 18:38:55.388 INFO [main] org.apache.coyote.AbstractProtocol.start Starting ProtocolHandler ["http-nio-80"]
23-Aug-2018 18:38:55.395 INFO [main] org.apache.coyote.AbstractProtocol.start Starting ProtocolHandler ["ajp-nio-8009"]
23-Aug-2018 18:38:55.399 INFO [main] org.apache.catalina.startup.Catalina.start Server startup in 692 ms
23-Aug-2018 18:39:40.684 INFO [main] org.apache.catalina.core.StandardServer.await A valid shutdown command was received via the shutdown port. Stopping the Server instance.
23-Aug-2018 18:39:40.685 INFO [main] org.apache.coyote.AbstractProtocol.pause Pausing ProtocolHandler ["http-nio-80"]
23-Aug-2018 18:39:40.768 INFO [main] org.apache.coyote.AbstractProtocol.pause Pausing ProtocolHandler ["ajp-nio-8009"]
23-Aug-2018 18:39:40.805 INFO [main] org.apache.catalina.core.StandardService.stopInternal Stopping service [Catalina]
23-Aug-2018 18:39:40.838 INFO [main] org.apache.coyote.AbstractProtocol.stop Stopping ProtocolHandler ["http-nio-80"]
23-Aug-2018 18:39:40.840 INFO [main] org.apache.coyote.AbstractProtocol.stop Stopping ProtocolHandler ["ajp-nio-8009"]
23-Aug-2018 18:39:40.841 INFO [main] org.apache.coyote.AbstractProtocol.destroy Destroying ProtocolHandler ["http-nio-80"]
23-Aug-2018 18:39:40.842 INFO [main] org.apache.coyote.AbstractProtocol.destroy Destroying ProtocolHandler ["ajp-nio-8009"]
23-Aug-2018 18:39:41.839 INFO [main] org.apache.catalina.startup.VersionLoggerListener.log Server version:        Apache Tomcat/8.5.15
23-Aug-2018 18:39:41.841 INFO [main] org.apache.catalina.startup.VersionLoggerListener.log Server built:          May 5 2017 11:03:04 UTC
23-Aug-2018 18:39:41.843 INFO [main] org.apache.catalina.startup.VersionLoggerListener.log Server number:         8.5.15.0
23-Aug-2018 18:39:41.844 INFO [main] org.apache.catalina.startup.VersionLoggerListener.log OS Name:               Windows 10
23-Aug-2018 18:39:41.845 INFO [main] org.apache.catalina.startup.VersionLoggerListener.log OS Version:            10.0
23-Aug-2018 18:39:41.845 INFO [main] org.apache.catalina.startup.VersionLoggerListener.log Architecture:          x86
23-Aug-2018 18:39:41.845 INFO [main] org.apache.catalina.startup.VersionLoggerListener.log Java Home:             C:\Program Files (x86)\Java\jdk1.8.0_121\jre
23-Aug-2018 18:39:41.847 INFO [main] org.apache.catalina.startup.VersionLoggerListener.log JVM Version:           1.8.0_121-b13
23-Aug-2018 18:39:41.847 INFO [main] org.apache.catalina.startup.VersionLoggerListener.log JVM Vendor:            Oracle Corporation
23-Aug-2018 18:39:41.847 INFO [main] org.apache.catalina.startup.VersionLoggerListener.log CATALINA_BASE:         C:\Users\Brandon\Documents\Tomcat
23-Aug-2018 18:39:41.847 INFO [main] org.apache.catalina.startup.VersionLoggerListener.log CATALINA_HOME:         C:\Users\Brandon\Documents\Tomcat
23-Aug-2018 18:39:41.848 INFO [main] org.apache.catalina.startup.VersionLoggerListener.log Command line argument: -Djava.util.logging.config.file=C:\Users\Brandon\Documents\Tomcat\conf\logging.properties
23-Aug-2018 18:39:41.848 INFO [main] org.apache.catalina.startup.VersionLoggerListener.log Command line argument: -Djava.util.logging.manager=org.apache.juli.ClassLoaderLogManager
23-Aug-2018 18:39:41.848 INFO [main] org.apache.catalina.startup.VersionLoggerListener.log Command line argument: -Djdk.tls.ephemeralDHKeySize=2048
23-Aug-2018 18:39:41.848 INFO [main] org.apache.catalina.startup.VersionLoggerListener.log Command line argument: -Djava.protocol.handler.pkgs=org.apache.catalina.webresources
23-Aug-2018 18:39:41.848 INFO [main] org.apache.catalina.startup.VersionLoggerListener.log Command line argument: -Dcatalina.base=C:\Users\Brandon\Documents\Tomcat
23-Aug-2018 18:39:41.848 INFO [main] org.apache.catalina.startup.VersionLoggerListener.log Command line argument: -Dcatalina.home=C:\Users\Brandon\Documents\Tomcat
23-Aug-2018 18:39:41.849 INFO [main] org.apache.catalina.startup.VersionLoggerListener.log Command line argument: -Djava.io.tmpdir=C:\Users\Brandon\Documents\Tomcat\temp
23-Aug-2018 18:39:41.849 INFO [main] org.apache.catalina.core.AprLifecycleListener.lifecycleEvent The APR based Apache Tomcat Native library which allows optimal performance in production environments was not found on the java.library.path: [C:\Program Files (x86)\Java\jdk1.8.0_121\bin;C:\WINDOWS\Sun\Java\bin;C:\WINDOWS\system32;C:\WINDOWS;C:\Program Files (x86)\Common Files\Oracle\Java\javapath;C:\Program Files\Microsoft MPI\Bin\;C:\Program Files (x86)\NVIDIA Corporation\PhysX\Common;C:\ProgramData\Oracle\Java\javapath;C:\WINDOWS\system32;C:\WINDOWS;C:\WINDOWS\System32\Wbem;C:\WINDOWS\System32\WindowsPowerShell\v1.0\;C:\Program Files (x86)\Skype\Phone\;C:\Program Files (x86)\Common Files\Adobe\AGL;C:\Users\Brandon\AppData\Local\Android\sdk;C:\Program Files\Microsoft SQL Server\130\Tools\Binn\;C:\Program Files\dotnet\;C:\Program Files\Git\cmd;C:\Program Files (x86)\GtkSharp\2.12\bin;C:\WINDOWS\System32\OpenSSH\;C:\Users\Brandon\AppData\Local\Microsoft\WindowsApps;;C:\Program Files\Microsoft VS Code\bin;.]
23-Aug-2018 18:39:41.933 INFO [main] org.apache.coyote.AbstractProtocol.init Initializing ProtocolHandler ["http-nio-80"]
23-Aug-2018 18:39:42.019 INFO [main] org.apache.tomcat.util.net.NioSelectorPool.getSharedSelector Using a shared selector for servlet write/read
23-Aug-2018 18:39:42.022 INFO [main] org.apache.coyote.AbstractProtocol.init Initializing ProtocolHandler ["ajp-nio-8009"]
23-Aug-2018 18:39:42.024 INFO [main] org.apache.tomcat.util.net.NioSelectorPool.getSharedSelector Using a shared selector for servlet write/read
23-Aug-2018 18:39:42.024 INFO [main] org.apache.catalina.startup.Catalina.load Initialization processed in 459 ms
23-Aug-2018 18:39:42.044 INFO [main] org.apache.catalina.core.StandardService.startInternal Starting service [Catalina]
23-Aug-2018 18:39:42.044 INFO [main] org.apache.catalina.core.StandardEngine.startInternal Starting Servlet Engine: Apache Tomcat/8.5.15
23-Aug-2018 18:39:42.065 INFO [localhost-startStop-1] org.apache.catalina.startup.HostConfig.deployWAR Deploying web application archive [C:\Users\Brandon\Documents\Tomcat\webapps\Live.war]
23-Aug-2018 18:39:42.331 INFO [localhost-startStop-1] org.apache.catalina.startup.HostConfig.deployWAR Deployment of web application archive [C:\Users\Brandon\Documents\Tomcat\webapps\Live.war] has finished in [265] ms
23-Aug-2018 18:39:42.331 INFO [localhost-startStop-1] org.apache.catalina.startup.HostConfig.deployWAR Deploying web application archive [C:\Users\Brandon\Documents\Tomcat\webapps\RobotLive.war]
23-Aug-2018 18:39:42.359 INFO [localhost-startStop-1] org.apache.catalina.startup.HostConfig.deployWAR Deployment of web application archive [C:\Users\Brandon\Documents\Tomcat\webapps\RobotLive.war] has finished in [28] ms
23-Aug-2018 18:39:42.361 INFO [localhost-startStop-1] org.apache.catalina.startup.HostConfig.deployWAR Deploying web application archive [C:\Users\Brandon\Documents\Tomcat\webapps\ROOT.war]
23-Aug-2018 18:39:42.365 INFO [localhost-startStop-1] org.apache.catalina.startup.ExpandWar.expand An expanded directory [C:\Users\Brandon\Documents\Tomcat\webapps\ROOT] was found with a last modified time that did not match the associated WAR. It will be deleted.
23-Aug-2018 18:39:42.480 INFO [localhost-startStop-1] org.apache.catalina.startup.HostConfig.deployWAR Deployment of web application archive [C:\Users\Brandon\Documents\Tomcat\webapps\ROOT.war] has finished in [119] ms
23-Aug-2018 18:39:42.483 INFO [localhost-startStop-1] org.apache.catalina.startup.HostConfig.deployDirectory Deploying web application directory [C:\Users\Brandon\Documents\Tomcat\webapps\apache]
23-Aug-2018 18:39:42.507 INFO [localhost-startStop-1] org.apache.catalina.startup.HostConfig.deployDirectory Deployment of web application directory [C:\Users\Brandon\Documents\Tomcat\webapps\apache] has finished in [24] ms
23-Aug-2018 18:39:42.509 INFO [localhost-startStop-1] org.apache.catalina.startup.HostConfig.deployDirectory Deploying web application directory [C:\Users\Brandon\Documents\Tomcat\webapps\docs]
23-Aug-2018 18:39:42.535 INFO [localhost-startStop-1] org.apache.catalina.startup.HostConfig.deployDirectory Deployment of web application directory [C:\Users\Brandon\Documents\Tomcat\webapps\docs] has finished in [26] ms
23-Aug-2018 18:39:42.549 INFO [localhost-startStop-1] org.apache.catalina.startup.HostConfig.deployDirectory Deploying web application directory [C:\Users\Brandon\Documents\Tomcat\webapps\examples]
23-Aug-2018 18:39:42.943 INFO [localhost-startStop-1] org.apache.catalina.startup.HostConfig.deployDirectory Deployment of web application directory [C:\Users\Brandon\Documents\Tomcat\webapps\examples] has finished in [395] ms
23-Aug-2018 18:39:42.945 INFO [localhost-startStop-1] org.apache.catalina.startup.HostConfig.deployDirectory Deploying web application directory [C:\Users\Brandon\Documents\Tomcat\webapps\host-manager]
23-Aug-2018 18:39:42.976 INFO [localhost-startStop-1] org.apache.catalina.startup.HostConfig.deployDirectory Deployment of web application directory [C:\Users\Brandon\Documents\Tomcat\webapps\host-manager] has finished in [31] ms
23-Aug-2018 18:39:42.977 INFO [localhost-startStop-1] org.apache.catalina.startup.HostConfig.deployDirectory Deploying web application directory [C:\Users\Brandon\Documents\Tomcat\webapps\manager]
23-Aug-2018 18:39:43.004 INFO [localhost-startStop-1] org.apache.catalina.startup.HostConfig.deployDirectory Deployment of web application directory [C:\Users\Brandon\Documents\Tomcat\webapps\manager] has finished in [27] ms
23-Aug-2018 18:39:43.007 INFO [main] org.apache.coyote.AbstractProtocol.start Starting ProtocolHandler ["http-nio-80"]
23-Aug-2018 18:39:43.017 INFO [main] org.apache.coyote.AbstractProtocol.start Starting ProtocolHandler ["ajp-nio-8009"]
23-Aug-2018 18:39:43.019 INFO [main] org.apache.catalina.startup.Catalina.start Server startup in 994 ms
23-Aug-2018 18:56:43.586 INFO [main] org.apache.catalina.core.StandardServer.await A valid shutdown command was received via the shutdown port. Stopping the Server instance.
23-Aug-2018 18:56:43.588 INFO [main] org.apache.coyote.AbstractProtocol.pause Pausing ProtocolHandler ["http-nio-80"]
23-Aug-2018 18:56:43.635 INFO [main] org.apache.coyote.AbstractProtocol.pause Pausing ProtocolHandler ["ajp-nio-8009"]
23-Aug-2018 18:56:43.666 INFO [main] org.apache.catalina.core.StandardService.stopInternal Stopping service [Catalina]
23-Aug-2018 18:56:43.691 INFO [main] org.apache.coyote.AbstractProtocol.stop Stopping ProtocolHandler ["http-nio-80"]
23-Aug-2018 18:56:43.693 INFO [main] org.apache.coyote.AbstractProtocol.stop Stopping ProtocolHandler ["ajp-nio-8009"]
23-Aug-2018 18:56:43.694 INFO [main] org.apache.coyote.AbstractProtocol.destroy Destroying ProtocolHandler ["http-nio-80"]
23-Aug-2018 18:56:43.696 INFO [main] org.apache.coyote.AbstractProtocol.destroy Destroying ProtocolHandler ["ajp-nio-8009"]
23-Aug-2018 18:56:44.784 INFO [main] org.apache.catalina.startup.VersionLoggerListener.log Server version:        Apache Tomcat/8.5.15
23-Aug-2018 18:56:44.786 INFO [main] org.apache.catalina.startup.VersionLoggerListener.log Server built:          May 5 2017 11:03:04 UTC
23-Aug-2018 18:56:44.787 INFO [main] org.apache.catalina.startup.VersionLoggerListener.log Server number:         8.5.15.0
23-Aug-2018 18:56:44.787 INFO [main] org.apache.catalina.startup.VersionLoggerListener.log OS Name:               Windows 10
23-Aug-2018 18:56:44.787 INFO [main] org.apache.catalina.startup.VersionLoggerListener.log OS Version:            10.0
23-Aug-2018 18:56:44.787 INFO [main] org.apache.catalina.startup.VersionLoggerListener.log Architecture:          x86
23-Aug-2018 18:56:44.787 INFO [main] org.apache.catalina.startup.VersionLoggerListener.log Java Home:             C:\Program Files (x86)\Java\jdk1.8.0_121\jre
23-Aug-2018 18:56:44.787 INFO [main] org.apache.catalina.startup.VersionLoggerListener.log JVM Version:           1.8.0_121-b13
23-Aug-2018 18:56:44.788 INFO [main] org.apache.catalina.startup.VersionLoggerListener.log JVM Vendor:            Oracle Corporation
23-Aug-2018 18:56:44.788 INFO [main] org.apache.catalina.startup.VersionLoggerListener.log CATALINA_BASE:         C:\Users\Brandon\Documents\Tomcat
23-Aug-2018 18:56:44.788 INFO [main] org.apache.catalina.startup.VersionLoggerListener.log CATALINA_HOME:         C:\Users\Brandon\Documents\Tomcat
23-Aug-2018 18:56:44.788 INFO [main] org.apache.catalina.startup.VersionLoggerListener.log Command line argument: -Djava.util.logging.config.file=C:\Users\Brandon\Documents\Tomcat\conf\logging.properties
23-Aug-2018 18:56:44.789 INFO [main] org.apache.catalina.startup.VersionLoggerListener.log Command line argument: -Djava.util.logging.manager=org.apache.juli.ClassLoaderLogManager
23-Aug-2018 18:56:44.789 INFO [main] org.apache.catalina.startup.VersionLoggerListener.log Command line argument: -Djdk.tls.ephemeralDHKeySize=2048
23-Aug-2018 18:56:44.789 INFO [main] org.apache.catalina.startup.VersionLoggerListener.log Command line argument: -Djava.protocol.handler.pkgs=org.apache.catalina.webresources
23-Aug-2018 18:56:44.789 INFO [main] org.apache.catalina.startup.VersionLoggerListener.log Command line argument: -Dcatalina.base=C:\Users\Brandon\Documents\Tomcat
23-Aug-2018 18:56:44.789 INFO [main] org.apache.catalina.startup.VersionLoggerListener.log Command line argument: -Dcatalina.home=C:\Users\Brandon\Documents\Tomcat
23-Aug-2018 18:56:44.790 INFO [main] org.apache.catalina.startup.VersionLoggerListener.log Command line argument: -Djava.io.tmpdir=C:\Users\Brandon\Documents\Tomcat\temp
23-Aug-2018 18:56:44.790 INFO [main] org.apache.catalina.core.AprLifecycleListener.lifecycleEvent The APR based Apache Tomcat Native library which allows optimal performance in production environments was not found on the java.library.path: [C:\Program Files (x86)\Java\jdk1.8.0_121\bin;C:\WINDOWS\Sun\Java\bin;C:\WINDOWS\system32;C:\WINDOWS;C:\Program Files (x86)\Common Files\Oracle\Java\javapath;C:\Program Files\Microsoft MPI\Bin\;C:\Program Files (x86)\NVIDIA Corporation\PhysX\Common;C:\ProgramData\Oracle\Java\javapath;C:\WINDOWS\system32;C:\WINDOWS;C:\WINDOWS\System32\Wbem;C:\WINDOWS\System32\WindowsPowerShell\v1.0\;C:\Program Files (x86)\Skype\Phone\;C:\Program Files (x86)\Common Files\Adobe\AGL;C:\Users\Brandon\AppData\Local\Android\sdk;C:\Program Files\Microsoft SQL Server\130\Tools\Binn\;C:\Program Files\dotnet\;C:\Program Files\Git\cmd;C:\Program Files (x86)\GtkSharp\2.12\bin;C:\WINDOWS\System32\OpenSSH\;C:\Users\Brandon\AppData\Local\Microsoft\WindowsApps;;C:\Program Files\Microsoft VS Code\bin;.]
23-Aug-2018 18:56:44.875 INFO [main] org.apache.coyote.AbstractProtocol.init Initializing ProtocolHandler ["http-nio-80"]
23-Aug-2018 18:56:44.963 INFO [main] org.apache.tomcat.util.net.NioSelectorPool.getSharedSelector Using a shared selector for servlet write/read
23-Aug-2018 18:56:44.966 INFO [main] org.apache.coyote.AbstractProtocol.init Initializing ProtocolHandler ["ajp-nio-8009"]
23-Aug-2018 18:56:44.970 INFO [main] org.apache.tomcat.util.net.NioSelectorPool.getSharedSelector Using a shared selector for servlet write/read
23-Aug-2018 18:56:44.972 INFO [main] org.apache.catalina.startup.Catalina.load Initialization processed in 438 ms
23-Aug-2018 18:56:45.000 INFO [main] org.apache.catalina.core.StandardService.startInternal Starting service [Catalina]
23-Aug-2018 18:56:45.000 INFO [main] org.apache.catalina.core.StandardEngine.startInternal Starting Servlet Engine: Apache Tomcat/8.5.15
23-Aug-2018 18:56:45.019 INFO [localhost-startStop-1] org.apache.catalina.startup.HostConfig.deployWAR Deploying web application archive [C:\Users\Brandon\Documents\Tomcat\webapps\Live.war]
23-Aug-2018 18:56:45.275 INFO [localhost-startStop-1] org.apache.catalina.startup.HostConfig.deployWAR Deployment of web application archive [C:\Users\Brandon\Documents\Tomcat\webapps\Live.war] has finished in [256] ms
23-Aug-2018 18:56:45.276 INFO [localhost-startStop-1] org.apache.catalina.startup.HostConfig.deployWAR Deploying web application archive [C:\Users\Brandon\Documents\Tomcat\webapps\RobotLive.war]
23-Aug-2018 18:56:45.301 INFO [localhost-startStop-1] org.apache.catalina.startup.HostConfig.deployWAR Deployment of web application archive [C:\Users\Brandon\Documents\Tomcat\webapps\RobotLive.war] has finished in [25] ms
23-Aug-2018 18:56:45.302 INFO [localhost-startStop-1] org.apache.catalina.startup.HostConfig.deployWAR Deploying web application archive [C:\Users\Brandon\Documents\Tomcat\webapps\ROOT.war]
23-Aug-2018 18:56:45.304 INFO [localhost-startStop-1] org.apache.catalina.startup.ExpandWar.expand An expanded directory [C:\Users\Brandon\Documents\Tomcat\webapps\ROOT] was found with a last modified time that did not match the associated WAR. It will be deleted.
23-Aug-2018 18:56:45.356 INFO [localhost-startStop-1] org.apache.catalina.startup.HostConfig.deployWAR Deployment of web application archive [C:\Users\Brandon\Documents\Tomcat\webapps\ROOT.war] has finished in [54] ms
23-Aug-2018 18:56:45.359 INFO [localhost-startStop-1] org.apache.catalina.startup.HostConfig.deployDirectory Deploying web application directory [C:\Users\Brandon\Documents\Tomcat\webapps\apache]
23-Aug-2018 18:56:45.383 INFO [localhost-startStop-1] org.apache.catalina.startup.HostConfig.deployDirectory Deployment of web application directory [C:\Users\Brandon\Documents\Tomcat\webapps\apache] has finished in [24] ms
23-Aug-2018 18:56:45.384 INFO [localhost-startStop-1] org.apache.catalina.startup.HostConfig.deployDirectory Deploying web application directory [C:\Users\Brandon\Documents\Tomcat\webapps\docs]
23-Aug-2018 18:56:45.399 INFO [localhost-startStop-1] org.apache.catalina.startup.HostConfig.deployDirectory Deployment of web application directory [C:\Users\Brandon\Documents\Tomcat\webapps\docs] has finished in [15] ms
23-Aug-2018 18:56:45.400 INFO [localhost-startStop-1] org.apache.catalina.startup.HostConfig.deployDirectory Deploying web application directory [C:\Users\Brandon\Documents\Tomcat\webapps\examples]
23-Aug-2018 18:56:45.631 INFO [localhost-startStop-1] org.apache.catalina.startup.HostConfig.deployDirectory Deployment of web application directory [C:\Users\Brandon\Documents\Tomcat\webapps\examples] has finished in [231] ms
23-Aug-2018 18:56:45.632 INFO [localhost-startStop-1] org.apache.catalina.startup.HostConfig.deployDirectory Deploying web application directory [C:\Users\Brandon\Documents\Tomcat\webapps\host-manager]
23-Aug-2018 18:56:45.650 INFO [localhost-startStop-1] org.apache.catalina.startup.HostConfig.deployDirectory Deployment of web application directory [C:\Users\Brandon\Documents\Tomcat\webapps\host-manager] has finished in [19] ms
23-Aug-2018 18:56:45.651 INFO [localhost-startStop-1] org.apache.catalina.startup.HostConfig.deployDirectory Deploying web application directory [C:\Users\Brandon\Documents\Tomcat\webapps\manager]
23-Aug-2018 18:56:45.667 INFO [localhost-startStop-1] org.apache.catalina.startup.HostConfig.deployDirectory Deployment of web application directory [C:\Users\Brandon\Documents\Tomcat\webapps\manager] has finished in [17] ms
23-Aug-2018 18:56:45.670 INFO [main] org.apache.coyote.AbstractProtocol.start Starting ProtocolHandler ["http-nio-80"]
23-Aug-2018 18:56:45.679 INFO [main] org.apache.coyote.AbstractProtocol.start Starting ProtocolHandler ["ajp-nio-8009"]
23-Aug-2018 18:56:45.681 INFO [main] org.apache.catalina.startup.Catalina.start Server startup in 705 ms
23-Aug-2018 18:59:55.862 INFO [ContainerBackgroundProcessor[StandardEngine[Catalina]]] org.apache.catalina.startup.HostConfig.undeploy Undeploying context []
23-Aug-2018 18:59:55.886 INFO [localhost-startStop-2] org.apache.catalina.startup.HostConfig.deployWAR Deploying web application archive [C:\Users\Brandon\Documents\Tomcat\webapps\ROOT.war]
23-Aug-2018 18:59:55.953 INFO [localhost-startStop-2] org.apache.catalina.startup.HostConfig.deployWAR Deployment of web application archive [C:\Users\Brandon\Documents\Tomcat\webapps\ROOT.war] has finished in [67] ms
23-Aug-2018 18:59:56.308 INFO [main] org.apache.catalina.core.StandardServer.await A valid shutdown command was received via the shutdown port. Stopping the Server instance.
23-Aug-2018 18:59:56.310 INFO [main] org.apache.coyote.AbstractProtocol.pause Pausing ProtocolHandler ["http-nio-80"]
23-Aug-2018 18:59:56.370 INFO [main] org.apache.coyote.AbstractProtocol.pause Pausing ProtocolHandler ["ajp-nio-8009"]
23-Aug-2018 18:59:56.410 INFO [main] org.apache.catalina.core.StandardService.stopInternal Stopping service [Catalina]
23-Aug-2018 18:59:56.435 INFO [main] org.apache.coyote.AbstractProtocol.stop Stopping ProtocolHandler ["http-nio-80"]
23-Aug-2018 18:59:56.437 INFO [main] org.apache.coyote.AbstractProtocol.stop Stopping ProtocolHandler ["ajp-nio-8009"]
23-Aug-2018 18:59:56.438 INFO [main] org.apache.coyote.AbstractProtocol.destroy Destroying ProtocolHandler ["http-nio-80"]
23-Aug-2018 18:59:56.440 INFO [main] org.apache.coyote.AbstractProtocol.destroy Destroying ProtocolHandler ["ajp-nio-8009"]
23-Aug-2018 18:59:57.595 INFO [main] org.apache.catalina.startup.VersionLoggerListener.log Server version:        Apache Tomcat/8.5.15
23-Aug-2018 18:59:57.597 INFO [main] org.apache.catalina.startup.VersionLoggerListener.log Server built:          May 5 2017 11:03:04 UTC
23-Aug-2018 18:59:57.597 INFO [main] org.apache.catalina.startup.VersionLoggerListener.log Server number:         8.5.15.0
23-Aug-2018 18:59:57.598 INFO [main] org.apache.catalina.startup.VersionLoggerListener.log OS Name:               Windows 10
23-Aug-2018 18:59:57.598 INFO [main] org.apache.catalina.startup.VersionLoggerListener.log OS Version:            10.0
23-Aug-2018 18:59:57.598 INFO [main] org.apache.catalina.startup.VersionLoggerListener.log Architecture:          x86
23-Aug-2018 18:59:57.598 INFO [main] org.apache.catalina.startup.VersionLoggerListener.log Java Home:             C:\Program Files (x86)\Java\jdk1.8.0_121\jre
23-Aug-2018 18:59:57.599 INFO [main] org.apache.catalina.startup.VersionLoggerListener.log JVM Version:           1.8.0_121-b13
23-Aug-2018 18:59:57.600 INFO [main] org.apache.catalina.startup.VersionLoggerListener.log JVM Vendor:            Oracle Corporation
23-Aug-2018 18:59:57.600 INFO [main] org.apache.catalina.startup.VersionLoggerListener.log CATALINA_BASE:         C:\Users\Brandon\Documents\Tomcat
23-Aug-2018 18:59:57.600 INFO [main] org.apache.catalina.startup.VersionLoggerListener.log CATALINA_HOME:         C:\Users\Brandon\Documents\Tomcat
23-Aug-2018 18:59:57.601 INFO [main] org.apache.catalina.startup.VersionLoggerListener.log Command line argument: -Djava.util.logging.config.file=C:\Users\Brandon\Documents\Tomcat\conf\logging.properties
23-Aug-2018 18:59:57.601 INFO [main] org.apache.catalina.startup.VersionLoggerListener.log Command line argument: -Djava.util.logging.manager=org.apache.juli.ClassLoaderLogManager
23-Aug-2018 18:59:57.601 INFO [main] org.apache.catalina.startup.VersionLoggerListener.log Command line argument: -Djdk.tls.ephemeralDHKeySize=2048
23-Aug-2018 18:59:57.601 INFO [main] org.apache.catalina.startup.VersionLoggerListener.log Command line argument: -Djava.protocol.handler.pkgs=org.apache.catalina.webresources
23-Aug-2018 18:59:57.601 INFO [main] org.apache.catalina.startup.VersionLoggerListener.log Command line argument: -Dcatalina.base=C:\Users\Brandon\Documents\Tomcat
23-Aug-2018 18:59:57.601 INFO [main] org.apache.catalina.startup.VersionLoggerListener.log Command line argument: -Dcatalina.home=C:\Users\Brandon\Documents\Tomcat
23-Aug-2018 18:59:57.602 INFO [main] org.apache.catalina.startup.VersionLoggerListener.log Command line argument: -Djava.io.tmpdir=C:\Users\Brandon\Documents\Tomcat\temp
23-Aug-2018 18:59:57.602 INFO [main] org.apache.catalina.core.AprLifecycleListener.lifecycleEvent The APR based Apache Tomcat Native library which allows optimal performance in production environments was not found on the java.library.path: [C:\Program Files (x86)\Java\jdk1.8.0_121\bin;C:\WINDOWS\Sun\Java\bin;C:\WINDOWS\system32;C:\WINDOWS;C:\Program Files (x86)\Common Files\Oracle\Java\javapath;C:\Program Files\Microsoft MPI\Bin\;C:\Program Files (x86)\NVIDIA Corporation\PhysX\Common;C:\ProgramData\Oracle\Java\javapath;C:\WINDOWS\system32;C:\WINDOWS;C:\WINDOWS\System32\Wbem;C:\WINDOWS\System32\WindowsPowerShell\v1.0\;C:\Program Files (x86)\Skype\Phone\;C:\Program Files (x86)\Common Files\Adobe\AGL;C:\Users\Brandon\AppData\Local\Android\sdk;C:\Program Files\Microsoft SQL Server\130\Tools\Binn\;C:\Program Files\dotnet\;C:\Program Files\Git\cmd;C:\Program Files (x86)\GtkSharp\2.12\bin;C:\WINDOWS\System32\OpenSSH\;C:\Users\Brandon\AppData\Local\Microsoft\WindowsApps;;C:\Program Files\Microsoft VS Code\bin;.]
23-Aug-2018 18:59:57.691 INFO [main] org.apache.coyote.AbstractProtocol.init Initializing ProtocolHandler ["http-nio-80"]
23-Aug-2018 18:59:57.785 INFO [main] org.apache.tomcat.util.net.NioSelectorPool.getSharedSelector Using a shared selector for servlet write/read
23-Aug-2018 18:59:57.787 INFO [main] org.apache.coyote.AbstractProtocol.init Initializing ProtocolHandler ["ajp-nio-8009"]
23-Aug-2018 18:59:57.789 INFO [main] org.apache.tomcat.util.net.NioSelectorPool.getSharedSelector Using a shared selector for servlet write/read
23-Aug-2018 18:59:57.790 INFO [main] org.apache.catalina.startup.Catalina.load Initialization processed in 493 ms
23-Aug-2018 18:59:57.811 INFO [main] org.apache.catalina.core.StandardService.startInternal Starting service [Catalina]
23-Aug-2018 18:59:57.812 INFO [main] org.apache.catalina.core.StandardEngine.startInternal Starting Servlet Engine: Apache Tomcat/8.5.15
23-Aug-2018 18:59:57.832 INFO [localhost-startStop-1] org.apache.catalina.startup.HostConfig.deployWAR Deploying web application archive [C:\Users\Brandon\Documents\Tomcat\webapps\Live.war]
23-Aug-2018 18:59:58.123 INFO [localhost-startStop-1] org.apache.catalina.startup.HostConfig.deployWAR Deployment of web application archive [C:\Users\Brandon\Documents\Tomcat\webapps\Live.war] has finished in [290] ms
23-Aug-2018 18:59:58.124 INFO [localhost-startStop-1] org.apache.catalina.startup.HostConfig.deployWAR Deploying web application archive [C:\Users\Brandon\Documents\Tomcat\webapps\RobotLive.war]
23-Aug-2018 18:59:58.153 INFO [localhost-startStop-1] org.apache.catalina.startup.HostConfig.deployWAR Deployment of web application archive [C:\Users\Brandon\Documents\Tomcat\webapps\RobotLive.war] has finished in [29] ms
23-Aug-2018 18:59:58.154 INFO [localhost-startStop-1] org.apache.catalina.startup.HostConfig.deployWAR Deploying web application archive [C:\Users\Brandon\Documents\Tomcat\webapps\ROOT.war]
23-Aug-2018 18:59:58.183 INFO [localhost-startStop-1] org.apache.catalina.startup.HostConfig.deployWAR Deployment of web application archive [C:\Users\Brandon\Documents\Tomcat\webapps\ROOT.war] has finished in [29] ms
23-Aug-2018 18:59:58.184 INFO [localhost-startStop-1] org.apache.catalina.startup.HostConfig.deployDirectory Deploying web application directory [C:\Users\Brandon\Documents\Tomcat\webapps\apache]
23-Aug-2018 18:59:58.203 INFO [localhost-startStop-1] org.apache.catalina.startup.HostConfig.deployDirectory Deployment of web application directory [C:\Users\Brandon\Documents\Tomcat\webapps\apache] has finished in [19] ms
23-Aug-2018 18:59:58.204 INFO [localhost-startStop-1] org.apache.catalina.startup.HostConfig.deployDirectory Deploying web application directory [C:\Users\Brandon\Documents\Tomcat\webapps\docs]
23-Aug-2018 18:59:58.220 INFO [localhost-startStop-1] org.apache.catalina.startup.HostConfig.deployDirectory Deployment of web application directory [C:\Users\Brandon\Documents\Tomcat\webapps\docs] has finished in [16] ms
23-Aug-2018 18:59:58.221 INFO [localhost-startStop-1] org.apache.catalina.startup.HostConfig.deployDirectory Deploying web application directory [C:\Users\Brandon\Documents\Tomcat\webapps\examples]
23-Aug-2018 18:59:58.453 INFO [localhost-startStop-1] org.apache.catalina.startup.HostConfig.deployDirectory Deployment of web application directory [C:\Users\Brandon\Documents\Tomcat\webapps\examples] has finished in [231] ms
23-Aug-2018 18:59:58.453 INFO [localhost-startStop-1] org.apache.catalina.startup.HostConfig.deployDirectory Deploying web application directory [C:\Users\Brandon\Documents\Tomcat\webapps\host-manager]
23-Aug-2018 18:59:58.474 INFO [localhost-startStop-1] org.apache.catalina.startup.HostConfig.deployDirectory Deployment of web application directory [C:\Users\Brandon\Documents\Tomcat\webapps\host-manager] has finished in [20] ms
23-Aug-2018 18:59:58.474 INFO [localhost-startStop-1] org.apache.catalina.startup.HostConfig.deployDirectory Deploying web application directory [C:\Users\Brandon\Documents\Tomcat\webapps\manager]
23-Aug-2018 18:59:58.495 INFO [localhost-startStop-1] org.apache.catalina.startup.HostConfig.deployDirectory Deployment of web application directory [C:\Users\Brandon\Documents\Tomcat\webapps\manager] has finished in [21] ms
23-Aug-2018 18:59:58.497 INFO [main] org.apache.coyote.AbstractProtocol.start Starting ProtocolHandler ["http-nio-80"]
23-Aug-2018 18:59:58.506 INFO [main] org.apache.coyote.AbstractProtocol.start Starting ProtocolHandler ["ajp-nio-8009"]
23-Aug-2018 18:59:58.509 INFO [main] org.apache.catalina.startup.Catalina.start Server startup in 718 ms
23-Aug-2018 19:00:48.109 INFO [main] org.apache.catalina.core.StandardServer.await A valid shutdown command was received via the shutdown port. Stopping the Server instance.
23-Aug-2018 19:00:48.111 INFO [main] org.apache.coyote.AbstractProtocol.pause Pausing ProtocolHandler ["http-nio-80"]
23-Aug-2018 19:00:48.169 INFO [main] org.apache.coyote.AbstractProtocol.pause Pausing ProtocolHandler ["ajp-nio-8009"]
23-Aug-2018 19:00:48.216 INFO [main] org.apache.catalina.core.StandardService.stopInternal Stopping service [Catalina]
23-Aug-2018 19:00:48.241 INFO [main] org.apache.coyote.AbstractProtocol.stop Stopping ProtocolHandler ["http-nio-80"]
23-Aug-2018 19:00:48.242 INFO [main] org.apache.coyote.AbstractProtocol.stop Stopping ProtocolHandler ["ajp-nio-8009"]
23-Aug-2018 19:00:48.244 INFO [main] org.apache.coyote.AbstractProtocol.destroy Destroying ProtocolHandler ["http-nio-80"]
23-Aug-2018 19:00:48.245 INFO [main] org.apache.coyote.AbstractProtocol.destroy Destroying ProtocolHandler ["ajp-nio-8009"]
