12-Sep-2018 20:22:59.125 INFO [main] org.apache.catalina.startup.VersionLoggerListener.log Server version:        Apache Tomcat/8.5.15
12-Sep-2018 20:22:59.140 INFO [main] org.apache.catalina.startup.VersionLoggerListener.log Server built:          May 5 2017 11:03:04 UTC
12-Sep-2018 20:22:59.141 INFO [main] org.apache.catalina.startup.VersionLoggerListener.log Server number:         8.5.15.0
12-Sep-2018 20:22:59.141 INFO [main] org.apache.catalina.startup.VersionLoggerListener.log OS Name:               Windows 10
12-Sep-2018 20:22:59.141 INFO [main] org.apache.catalina.startup.VersionLoggerListener.log OS Version:            10.0
12-Sep-2018 20:22:59.141 INFO [main] org.apache.catalina.startup.VersionLoggerListener.log Architecture:          x86
12-Sep-2018 20:22:59.141 INFO [main] org.apache.catalina.startup.VersionLoggerListener.log Java Home:             C:\Program Files (x86)\Java\jdk1.8.0_121\jre
12-Sep-2018 20:22:59.142 INFO [main] org.apache.catalina.startup.VersionLoggerListener.log JVM Version:           1.8.0_121-b13
12-Sep-2018 20:22:59.142 INFO [main] org.apache.catalina.startup.VersionLoggerListener.log JVM Vendor:            Oracle Corporation
12-Sep-2018 20:22:59.142 INFO [main] org.apache.catalina.startup.VersionLoggerListener.log CATALINA_BASE:         C:\Users\Brandon\Documents\_FTC\PowerStackers5029-RobotLive
12-Sep-2018 20:22:59.142 INFO [main] org.apache.catalina.startup.VersionLoggerListener.log CATALINA_HOME:         C:\Users\Brandon\Documents\_FTC\PowerStackers5029-RobotLive
12-Sep-2018 20:22:59.143 INFO [main] org.apache.catalina.startup.VersionLoggerListener.log Command line argument: -Djava.util.logging.config.file=C:\Users\Brandon\Documents\_FTC\PowerStackers5029-RobotLive\conf\logging.properties
12-Sep-2018 20:22:59.143 INFO [main] org.apache.catalina.startup.VersionLoggerListener.log Command line argument: -Djava.util.logging.manager=org.apache.juli.ClassLoaderLogManager
12-Sep-2018 20:22:59.143 INFO [main] org.apache.catalina.startup.VersionLoggerListener.log Command line argument: -Djdk.tls.ephemeralDHKeySize=2048
12-Sep-2018 20:22:59.143 INFO [main] org.apache.catalina.startup.VersionLoggerListener.log Command line argument: -Djava.protocol.handler.pkgs=org.apache.catalina.webresources
12-Sep-2018 20:22:59.143 INFO [main] org.apache.catalina.startup.VersionLoggerListener.log Command line argument: -Dcatalina.base=C:\Users\Brandon\Documents\_FTC\PowerStackers5029-RobotLive
12-Sep-2018 20:22:59.144 INFO [main] org.apache.catalina.startup.VersionLoggerListener.log Command line argument: -Dcatalina.home=C:\Users\Brandon\Documents\_FTC\PowerStackers5029-RobotLive
12-Sep-2018 20:22:59.144 INFO [main] org.apache.catalina.startup.VersionLoggerListener.log Command line argument: -Djava.io.tmpdir=C:\Users\Brandon\Documents\_FTC\PowerStackers5029-RobotLive\temp
12-Sep-2018 20:22:59.144 INFO [main] org.apache.catalina.core.AprLifecycleListener.lifecycleEvent The APR based Apache Tomcat Native library which allows optimal performance in production environments was not found on the java.library.path: [C:\Program Files (x86)\Java\jdk1.8.0_121\bin;C:\WINDOWS\Sun\Java\bin;C:\WINDOWS\system32;C:\WINDOWS;C:\Program Files (x86)\Common Files\Oracle\Java\javapath;C:\Program Files\Microsoft MPI\Bin\;C:\Program Files (x86)\NVIDIA Corporation\PhysX\Common;C:\ProgramData\Oracle\Java\javapath;C:\WINDOWS\system32;C:\WINDOWS;C:\WINDOWS\System32\Wbem;C:\WINDOWS\System32\WindowsPowerShell\v1.0\;C:\Program Files (x86)\Skype\Phone\;C:\Program Files (x86)\Common Files\Adobe\AGL;C:\Users\Brandon\AppData\Local\Android\sdk;C:\Program Files\Microsoft SQL Server\130\Tools\Binn\;C:\Program Files\dotnet\;C:\Program Files\Git\cmd;C:\Program Files (x86)\GtkSharp\2.12\bin;C:\WINDOWS\System32\OpenSSH\;C:\Users\Brandon\AppData\Local\Microsoft\WindowsApps;;C:\Program Files\Microsoft VS Code\bin;.]
12-Sep-2018 20:22:59.671 INFO [main] org.apache.coyote.AbstractProtocol.init Initializing ProtocolHandler ["http-nio-80"]
12-Sep-2018 20:22:59.803 INFO [main] org.apache.tomcat.util.net.NioSelectorPool.getSharedSelector Using a shared selector for servlet write/read
12-Sep-2018 20:22:59.805 INFO [main] org.apache.coyote.AbstractProtocol.init Initializing ProtocolHandler ["ajp-nio-8009"]
12-Sep-2018 20:22:59.807 INFO [main] org.apache.tomcat.util.net.NioSelectorPool.getSharedSelector Using a shared selector for servlet write/read
12-Sep-2018 20:22:59.808 INFO [main] org.apache.catalina.startup.Catalina.load Initialization processed in 1073 ms
12-Sep-2018 20:22:59.839 INFO [main] org.apache.catalina.core.StandardService.startInternal Starting service [Catalina]
12-Sep-2018 20:22:59.840 INFO [main] org.apache.catalina.core.StandardEngine.startInternal Starting Servlet Engine: Apache Tomcat/8.5.15
12-Sep-2018 20:22:59.946 INFO [localhost-startStop-1] org.apache.catalina.startup.HostConfig.deployWAR Deploying web application archive [C:\Users\Brandon\Documents\_FTC\PowerStackers5029-RobotLive\webapps\Live.war]
12-Sep-2018 20:23:00.384 INFO [localhost-startStop-1] org.apache.catalina.startup.HostConfig.deployWAR Deployment of web application archive [C:\Users\Brandon\Documents\_FTC\PowerStackers5029-RobotLive\webapps\Live.war] has finished in [437] ms
12-Sep-2018 20:23:00.386 INFO [localhost-startStop-1] org.apache.catalina.startup.HostConfig.deployWAR Deploying web application archive [C:\Users\Brandon\Documents\_FTC\PowerStackers5029-RobotLive\webapps\RobotLive.war]
12-Sep-2018 20:23:00.432 INFO [localhost-startStop-1] org.apache.catalina.startup.HostConfig.deployWAR Deployment of web application archive [C:\Users\Brandon\Documents\_FTC\PowerStackers5029-RobotLive\webapps\RobotLive.war] has finished in [46] ms
12-Sep-2018 20:23:00.529 INFO [localhost-startStop-1] org.apache.catalina.startup.HostConfig.deployWAR Deploying web application archive [C:\Users\Brandon\Documents\_FTC\PowerStackers5029-RobotLive\webapps\ROOT.war]
12-Sep-2018 20:23:00.619 INFO [localhost-startStop-1] org.apache.catalina.startup.HostConfig.deployWAR Deployment of web application archive [C:\Users\Brandon\Documents\_FTC\PowerStackers5029-RobotLive\webapps\ROOT.war] has finished in [90] ms
12-Sep-2018 20:23:00.620 INFO [localhost-startStop-1] org.apache.catalina.startup.HostConfig.deployDirectory Deploying web application directory [C:\Users\Brandon\Documents\_FTC\PowerStackers5029-RobotLive\webapps\apache]
12-Sep-2018 20:23:00.641 INFO [localhost-startStop-1] org.apache.catalina.startup.HostConfig.deployDirectory Deployment of web application directory [C:\Users\Brandon\Documents\_FTC\PowerStackers5029-RobotLive\webapps\apache] has finished in [21] ms
12-Sep-2018 20:23:00.641 INFO [localhost-startStop-1] org.apache.catalina.startup.HostConfig.deployDirectory Deploying web application directory [C:\Users\Brandon\Documents\_FTC\PowerStackers5029-RobotLive\webapps\docs]
12-Sep-2018 20:23:00.661 INFO [localhost-startStop-1] org.apache.catalina.startup.HostConfig.deployDirectory Deployment of web application directory [C:\Users\Brandon\Documents\_FTC\PowerStackers5029-RobotLive\webapps\docs] has finished in [20] ms
12-Sep-2018 20:23:00.663 INFO [localhost-startStop-1] org.apache.catalina.startup.HostConfig.deployDirectory Deploying web application directory [C:\Users\Brandon\Documents\_FTC\PowerStackers5029-RobotLive\webapps\examples]
12-Sep-2018 20:23:01.820 INFO [localhost-startStop-1] org.apache.catalina.startup.HostConfig.deployDirectory Deployment of web application directory [C:\Users\Brandon\Documents\_FTC\PowerStackers5029-RobotLive\webapps\examples] has finished in [1,157] ms
12-Sep-2018 20:23:01.820 INFO [localhost-startStop-1] org.apache.catalina.startup.HostConfig.deployDirectory Deploying web application directory [C:\Users\Brandon\Documents\_FTC\PowerStackers5029-RobotLive\webapps\host-manager]
12-Sep-2018 20:23:01.851 INFO [localhost-startStop-1] org.apache.catalina.startup.HostConfig.deployDirectory Deployment of web application directory [C:\Users\Brandon\Documents\_FTC\PowerStackers5029-RobotLive\webapps\host-manager] has finished in [31] ms
12-Sep-2018 20:23:01.851 INFO [localhost-startStop-1] org.apache.catalina.startup.HostConfig.deployDirectory Deploying web application directory [C:\Users\Brandon\Documents\_FTC\PowerStackers5029-RobotLive\webapps\manager]
12-Sep-2018 20:23:01.883 INFO [localhost-startStop-1] org.apache.catalina.startup.HostConfig.deployDirectory Deployment of web application directory [C:\Users\Brandon\Documents\_FTC\PowerStackers5029-RobotLive\webapps\manager] has finished in [32] ms
12-Sep-2018 20:23:01.887 INFO [main] org.apache.coyote.AbstractProtocol.start Starting ProtocolHandler ["http-nio-80"]
12-Sep-2018 20:23:01.894 INFO [main] org.apache.coyote.AbstractProtocol.start Starting ProtocolHandler ["ajp-nio-8009"]
12-Sep-2018 20:23:01.896 INFO [main] org.apache.catalina.startup.Catalina.start Server startup in 2088 ms
12-Sep-2018 20:25:50.771 INFO [main] org.apache.catalina.core.StandardServer.await A valid shutdown command was received via the shutdown port. Stopping the Server instance.
12-Sep-2018 20:25:50.772 INFO [main] org.apache.coyote.AbstractProtocol.pause Pausing ProtocolHandler ["http-nio-80"]
12-Sep-2018 20:25:50.830 INFO [main] org.apache.coyote.AbstractProtocol.pause Pausing ProtocolHandler ["ajp-nio-8009"]
12-Sep-2018 20:25:50.862 INFO [main] org.apache.catalina.core.StandardService.stopInternal Stopping service [Catalina]
12-Sep-2018 20:25:50.892 INFO [main] org.apache.coyote.AbstractProtocol.stop Stopping ProtocolHandler ["http-nio-80"]
12-Sep-2018 20:25:50.893 INFO [main] org.apache.coyote.AbstractProtocol.stop Stopping ProtocolHandler ["ajp-nio-8009"]
12-Sep-2018 20:25:50.895 INFO [main] org.apache.coyote.AbstractProtocol.destroy Destroying ProtocolHandler ["http-nio-80"]
12-Sep-2018 20:25:50.895 INFO [main] org.apache.coyote.AbstractProtocol.destroy Destroying ProtocolHandler ["ajp-nio-8009"]
12-Sep-2018 20:25:51.954 INFO [main] org.apache.catalina.startup.VersionLoggerListener.log Server version:        Apache Tomcat/8.5.15
12-Sep-2018 20:25:51.956 INFO [main] org.apache.catalina.startup.VersionLoggerListener.log Server built:          May 5 2017 11:03:04 UTC
12-Sep-2018 20:25:51.956 INFO [main] org.apache.catalina.startup.VersionLoggerListener.log Server number:         8.5.15.0
12-Sep-2018 20:25:51.956 INFO [main] org.apache.catalina.startup.VersionLoggerListener.log OS Name:               Windows 10
12-Sep-2018 20:25:51.956 INFO [main] org.apache.catalina.startup.VersionLoggerListener.log OS Version:            10.0
12-Sep-2018 20:25:51.957 INFO [main] org.apache.catalina.startup.VersionLoggerListener.log Architecture:          x86
12-Sep-2018 20:25:51.957 INFO [main] org.apache.catalina.startup.VersionLoggerListener.log Java Home:             C:\Program Files (x86)\Java\jdk1.8.0_121\jre
12-Sep-2018 20:25:51.957 INFO [main] org.apache.catalina.startup.VersionLoggerListener.log JVM Version:           1.8.0_121-b13
12-Sep-2018 20:25:51.957 INFO [main] org.apache.catalina.startup.VersionLoggerListener.log JVM Vendor:            Oracle Corporation
12-Sep-2018 20:25:51.958 INFO [main] org.apache.catalina.startup.VersionLoggerListener.log CATALINA_BASE:         C:\Users\Brandon\Documents\_FTC\PowerStackers5029-RobotLive
12-Sep-2018 20:25:51.958 INFO [main] org.apache.catalina.startup.VersionLoggerListener.log CATALINA_HOME:         C:\Users\Brandon\Documents\_FTC\PowerStackers5029-RobotLive
12-Sep-2018 20:25:51.958 INFO [main] org.apache.catalina.startup.VersionLoggerListener.log Command line argument: -Djava.util.logging.config.file=C:\Users\Brandon\Documents\_FTC\PowerStackers5029-RobotLive\conf\logging.properties
12-Sep-2018 20:25:51.958 INFO [main] org.apache.catalina.startup.VersionLoggerListener.log Command line argument: -Djava.util.logging.manager=org.apache.juli.ClassLoaderLogManager
12-Sep-2018 20:25:51.959 INFO [main] org.apache.catalina.startup.VersionLoggerListener.log Command line argument: -Djdk.tls.ephemeralDHKeySize=2048
12-Sep-2018 20:25:51.959 INFO [main] org.apache.catalina.startup.VersionLoggerListener.log Command line argument: -Djava.protocol.handler.pkgs=org.apache.catalina.webresources
12-Sep-2018 20:25:51.959 INFO [main] org.apache.catalina.startup.VersionLoggerListener.log Command line argument: -Dcatalina.base=C:\Users\Brandon\Documents\_FTC\PowerStackers5029-RobotLive
12-Sep-2018 20:25:51.959 INFO [main] org.apache.catalina.startup.VersionLoggerListener.log Command line argument: -Dcatalina.home=C:\Users\Brandon\Documents\_FTC\PowerStackers5029-RobotLive
12-Sep-2018 20:25:51.960 INFO [main] org.apache.catalina.startup.VersionLoggerListener.log Command line argument: -Djava.io.tmpdir=C:\Users\Brandon\Documents\_FTC\PowerStackers5029-RobotLive\temp
12-Sep-2018 20:25:51.960 INFO [main] org.apache.catalina.core.AprLifecycleListener.lifecycleEvent The APR based Apache Tomcat Native library which allows optimal performance in production environments was not found on the java.library.path: [C:\Program Files (x86)\Java\jdk1.8.0_121\bin;C:\WINDOWS\Sun\Java\bin;C:\WINDOWS\system32;C:\WINDOWS;C:\Program Files (x86)\Common Files\Oracle\Java\javapath;C:\Program Files\Microsoft MPI\Bin\;C:\Program Files (x86)\NVIDIA Corporation\PhysX\Common;C:\ProgramData\Oracle\Java\javapath;C:\WINDOWS\system32;C:\WINDOWS;C:\WINDOWS\System32\Wbem;C:\WINDOWS\System32\WindowsPowerShell\v1.0\;C:\Program Files (x86)\Skype\Phone\;C:\Program Files (x86)\Common Files\Adobe\AGL;C:\Users\Brandon\AppData\Local\Android\sdk;C:\Program Files\Microsoft SQL Server\130\Tools\Binn\;C:\Program Files\dotnet\;C:\Program Files\Git\cmd;C:\Program Files (x86)\GtkSharp\2.12\bin;C:\WINDOWS\System32\OpenSSH\;C:\Users\Brandon\AppData\Local\Microsoft\WindowsApps;;C:\Program Files\Microsoft VS Code\bin;.]
12-Sep-2018 20:25:52.041 INFO [main] org.apache.coyote.AbstractProtocol.init Initializing ProtocolHandler ["http-nio-80"]
12-Sep-2018 20:25:52.126 INFO [main] org.apache.tomcat.util.net.NioSelectorPool.getSharedSelector Using a shared selector for servlet write/read
12-Sep-2018 20:25:52.128 INFO [main] org.apache.coyote.AbstractProtocol.init Initializing ProtocolHandler ["ajp-nio-8009"]
12-Sep-2018 20:25:52.130 INFO [main] org.apache.tomcat.util.net.NioSelectorPool.getSharedSelector Using a shared selector for servlet write/read
12-Sep-2018 20:25:52.130 INFO [main] org.apache.catalina.startup.Catalina.load Initialization processed in 429 ms
12-Sep-2018 20:25:52.150 INFO [main] org.apache.catalina.core.StandardService.startInternal Starting service [Catalina]
12-Sep-2018 20:25:52.151 INFO [main] org.apache.catalina.core.StandardEngine.startInternal Starting Servlet Engine: Apache Tomcat/8.5.15
12-Sep-2018 20:25:52.170 INFO [localhost-startStop-1] org.apache.catalina.startup.HostConfig.deployWAR Deploying web application archive [C:\Users\Brandon\Documents\_FTC\PowerStackers5029-RobotLive\webapps\Live.war]
12-Sep-2018 20:25:52.423 INFO [localhost-startStop-1] org.apache.catalina.startup.HostConfig.deployWAR Deployment of web application archive [C:\Users\Brandon\Documents\_FTC\PowerStackers5029-RobotLive\webapps\Live.war] has finished in [253] ms
12-Sep-2018 20:25:52.424 INFO [localhost-startStop-1] org.apache.catalina.startup.HostConfig.deployWAR Deploying web application archive [C:\Users\Brandon\Documents\_FTC\PowerStackers5029-RobotLive\webapps\RobotLive.war]
12-Sep-2018 20:25:52.454 INFO [localhost-startStop-1] org.apache.catalina.startup.HostConfig.deployWAR Deployment of web application archive [C:\Users\Brandon\Documents\_FTC\PowerStackers5029-RobotLive\webapps\RobotLive.war] has finished in [30] ms
12-Sep-2018 20:25:52.455 INFO [localhost-startStop-1] org.apache.catalina.startup.HostConfig.deployWAR Deploying web application archive [C:\Users\Brandon\Documents\_FTC\PowerStackers5029-RobotLive\webapps\ROOT.war]
12-Sep-2018 20:25:52.457 INFO [localhost-startStop-1] org.apache.catalina.startup.ExpandWar.expand An expanded directory [C:\Users\Brandon\Documents\_FTC\PowerStackers5029-RobotLive\webapps\ROOT] was found with a last modified time that did not match the associated WAR. It will be deleted.
12-Sep-2018 20:25:52.539 INFO [localhost-startStop-1] org.apache.catalina.startup.HostConfig.deployWAR Deployment of web application archive [C:\Users\Brandon\Documents\_FTC\PowerStackers5029-RobotLive\webapps\ROOT.war] has finished in [84] ms
12-Sep-2018 20:25:52.540 INFO [localhost-startStop-1] org.apache.catalina.startup.HostConfig.deployDirectory Deploying web application directory [C:\Users\Brandon\Documents\_FTC\PowerStackers5029-RobotLive\webapps\apache]
12-Sep-2018 20:25:52.555 INFO [localhost-startStop-1] org.apache.catalina.startup.HostConfig.deployDirectory Deployment of web application directory [C:\Users\Brandon\Documents\_FTC\PowerStackers5029-RobotLive\webapps\apache] has finished in [15] ms
12-Sep-2018 20:25:52.557 INFO [localhost-startStop-1] org.apache.catalina.startup.HostConfig.deployDirectory Deploying web application directory [C:\Users\Brandon\Documents\_FTC\PowerStackers5029-RobotLive\webapps\docs]
12-Sep-2018 20:25:52.572 INFO [localhost-startStop-1] org.apache.catalina.startup.HostConfig.deployDirectory Deployment of web application directory [C:\Users\Brandon\Documents\_FTC\PowerStackers5029-RobotLive\webapps\docs] has finished in [16] ms
12-Sep-2018 20:25:52.573 INFO [localhost-startStop-1] org.apache.catalina.startup.HostConfig.deployDirectory Deploying web application directory [C:\Users\Brandon\Documents\_FTC\PowerStackers5029-RobotLive\webapps\examples]
12-Sep-2018 20:25:52.796 INFO [localhost-startStop-1] org.apache.catalina.startup.HostConfig.deployDirectory Deployment of web application directory [C:\Users\Brandon\Documents\_FTC\PowerStackers5029-RobotLive\webapps\examples] has finished in [223] ms
12-Sep-2018 20:25:52.796 INFO [localhost-startStop-1] org.apache.catalina.startup.HostConfig.deployDirectory Deploying web application directory [C:\Users\Brandon\Documents\_FTC\PowerStackers5029-RobotLive\webapps\host-manager]
12-Sep-2018 20:25:52.817 INFO [localhost-startStop-1] org.apache.catalina.startup.HostConfig.deployDirectory Deployment of web application directory [C:\Users\Brandon\Documents\_FTC\PowerStackers5029-RobotLive\webapps\host-manager] has finished in [21] ms
12-Sep-2018 20:25:52.817 INFO [localhost-startStop-1] org.apache.catalina.startup.HostConfig.deployDirectory Deploying web application directory [C:\Users\Brandon\Documents\_FTC\PowerStackers5029-RobotLive\webapps\manager]
12-Sep-2018 20:25:52.834 INFO [localhost-startStop-1] org.apache.catalina.startup.HostConfig.deployDirectory Deployment of web application directory [C:\Users\Brandon\Documents\_FTC\PowerStackers5029-RobotLive\webapps\manager] has finished in [17] ms
12-Sep-2018 20:25:52.836 INFO [main] org.apache.coyote.AbstractProtocol.start Starting ProtocolHandler ["http-nio-80"]
12-Sep-2018 20:25:52.845 INFO [main] org.apache.coyote.AbstractProtocol.start Starting ProtocolHandler ["ajp-nio-8009"]
12-Sep-2018 20:25:52.847 INFO [main] org.apache.catalina.startup.Catalina.start Server startup in 716 ms
12-Sep-2018 20:26:56.593 INFO [main] org.apache.catalina.core.StandardServer.await A valid shutdown command was received via the shutdown port. Stopping the Server instance.
12-Sep-2018 20:26:56.593 INFO [main] org.apache.coyote.AbstractProtocol.pause Pausing ProtocolHandler ["http-nio-80"]
12-Sep-2018 20:26:56.645 INFO [main] org.apache.coyote.AbstractProtocol.pause Pausing ProtocolHandler ["ajp-nio-8009"]
12-Sep-2018 20:26:56.684 INFO [main] org.apache.catalina.core.StandardService.stopInternal Stopping service [Catalina]
12-Sep-2018 20:26:56.709 INFO [main] org.apache.coyote.AbstractProtocol.stop Stopping ProtocolHandler ["http-nio-80"]
12-Sep-2018 20:26:56.711 INFO [main] org.apache.coyote.AbstractProtocol.stop Stopping ProtocolHandler ["ajp-nio-8009"]
12-Sep-2018 20:26:56.712 INFO [main] org.apache.coyote.AbstractProtocol.destroy Destroying ProtocolHandler ["http-nio-80"]
12-Sep-2018 20:26:56.713 INFO [main] org.apache.coyote.AbstractProtocol.destroy Destroying ProtocolHandler ["ajp-nio-8009"]
12-Sep-2018 20:26:57.762 INFO [main] org.apache.catalina.startup.VersionLoggerListener.log Server version:        Apache Tomcat/8.5.15
12-Sep-2018 20:26:57.764 INFO [main] org.apache.catalina.startup.VersionLoggerListener.log Server built:          May 5 2017 11:03:04 UTC
12-Sep-2018 20:26:57.764 INFO [main] org.apache.catalina.startup.VersionLoggerListener.log Server number:         8.5.15.0
12-Sep-2018 20:26:57.764 INFO [main] org.apache.catalina.startup.VersionLoggerListener.log OS Name:               Windows 10
12-Sep-2018 20:26:57.765 INFO [main] org.apache.catalina.startup.VersionLoggerListener.log OS Version:            10.0
12-Sep-2018 20:26:57.765 INFO [main] org.apache.catalina.startup.VersionLoggerListener.log Architecture:          x86
12-Sep-2018 20:26:57.765 INFO [main] org.apache.catalina.startup.VersionLoggerListener.log Java Home:             C:\Program Files (x86)\Java\jdk1.8.0_121\jre
12-Sep-2018 20:26:57.765 INFO [main] org.apache.catalina.startup.VersionLoggerListener.log JVM Version:           1.8.0_121-b13
12-Sep-2018 20:26:57.765 INFO [main] org.apache.catalina.startup.VersionLoggerListener.log JVM Vendor:            Oracle Corporation
12-Sep-2018 20:26:57.765 INFO [main] org.apache.catalina.startup.VersionLoggerListener.log CATALINA_BASE:         C:\Users\Brandon\Documents\_FTC\PowerStackers5029-RobotLive
12-Sep-2018 20:26:57.766 INFO [main] org.apache.catalina.startup.VersionLoggerListener.log CATALINA_HOME:         C:\Users\Brandon\Documents\_FTC\PowerStackers5029-RobotLive
12-Sep-2018 20:26:57.766 INFO [main] org.apache.catalina.startup.VersionLoggerListener.log Command line argument: -Djava.util.logging.config.file=C:\Users\Brandon\Documents\_FTC\PowerStackers5029-RobotLive\conf\logging.properties
12-Sep-2018 20:26:57.766 INFO [main] org.apache.catalina.startup.VersionLoggerListener.log Command line argument: -Djava.util.logging.manager=org.apache.juli.ClassLoaderLogManager
12-Sep-2018 20:26:57.766 INFO [main] org.apache.catalina.startup.VersionLoggerListener.log Command line argument: -Djdk.tls.ephemeralDHKeySize=2048
12-Sep-2018 20:26:57.766 INFO [main] org.apache.catalina.startup.VersionLoggerListener.log Command line argument: -Djava.protocol.handler.pkgs=org.apache.catalina.webresources
12-Sep-2018 20:26:57.767 INFO [main] org.apache.catalina.startup.VersionLoggerListener.log Command line argument: -Dcatalina.base=C:\Users\Brandon\Documents\_FTC\PowerStackers5029-RobotLive
12-Sep-2018 20:26:57.767 INFO [main] org.apache.catalina.startup.VersionLoggerListener.log Command line argument: -Dcatalina.home=C:\Users\Brandon\Documents\_FTC\PowerStackers5029-RobotLive
12-Sep-2018 20:26:57.767 INFO [main] org.apache.catalina.startup.VersionLoggerListener.log Command line argument: -Djava.io.tmpdir=C:\Users\Brandon\Documents\_FTC\PowerStackers5029-RobotLive\temp
12-Sep-2018 20:26:57.767 INFO [main] org.apache.catalina.core.AprLifecycleListener.lifecycleEvent The APR based Apache Tomcat Native library which allows optimal performance in production environments was not found on the java.library.path: [C:\Program Files (x86)\Java\jdk1.8.0_121\bin;C:\WINDOWS\Sun\Java\bin;C:\WINDOWS\system32;C:\WINDOWS;C:\Program Files (x86)\Common Files\Oracle\Java\javapath;C:\Program Files\Microsoft MPI\Bin\;C:\Program Files (x86)\NVIDIA Corporation\PhysX\Common;C:\ProgramData\Oracle\Java\javapath;C:\WINDOWS\system32;C:\WINDOWS;C:\WINDOWS\System32\Wbem;C:\WINDOWS\System32\WindowsPowerShell\v1.0\;C:\Program Files (x86)\Skype\Phone\;C:\Program Files (x86)\Common Files\Adobe\AGL;C:\Users\Brandon\AppData\Local\Android\sdk;C:\Program Files\Microsoft SQL Server\130\Tools\Binn\;C:\Program Files\dotnet\;C:\Program Files\Git\cmd;C:\Program Files (x86)\GtkSharp\2.12\bin;C:\WINDOWS\System32\OpenSSH\;C:\Users\Brandon\AppData\Local\Microsoft\WindowsApps;;C:\Program Files\Microsoft VS Code\bin;.]
12-Sep-2018 20:26:57.854 INFO [main] org.apache.coyote.AbstractProtocol.init Initializing ProtocolHandler ["http-nio-80"]
12-Sep-2018 20:26:57.941 INFO [main] org.apache.tomcat.util.net.NioSelectorPool.getSharedSelector Using a shared selector for servlet write/read
12-Sep-2018 20:26:57.944 INFO [main] org.apache.coyote.AbstractProtocol.init Initializing ProtocolHandler ["ajp-nio-8009"]
12-Sep-2018 20:26:57.945 INFO [main] org.apache.tomcat.util.net.NioSelectorPool.getSharedSelector Using a shared selector for servlet write/read
12-Sep-2018 20:26:57.946 INFO [main] org.apache.catalina.startup.Catalina.load Initialization processed in 439 ms
12-Sep-2018 20:26:57.967 INFO [main] org.apache.catalina.core.StandardService.startInternal Starting service [Catalina]
12-Sep-2018 20:26:57.967 INFO [main] org.apache.catalina.core.StandardEngine.startInternal Starting Servlet Engine: Apache Tomcat/8.5.15
12-Sep-2018 20:26:57.987 INFO [localhost-startStop-1] org.apache.catalina.startup.HostConfig.deployWAR Deploying web application archive [C:\Users\Brandon\Documents\_FTC\PowerStackers5029-RobotLive\webapps\Live.war]
12-Sep-2018 20:26:58.241 INFO [localhost-startStop-1] org.apache.catalina.startup.HostConfig.deployWAR Deployment of web application archive [C:\Users\Brandon\Documents\_FTC\PowerStackers5029-RobotLive\webapps\Live.war] has finished in [254] ms
12-Sep-2018 20:26:58.242 INFO [localhost-startStop-1] org.apache.catalina.startup.HostConfig.deployWAR Deploying web application archive [C:\Users\Brandon\Documents\_FTC\PowerStackers5029-RobotLive\webapps\RobotLive.war]
12-Sep-2018 20:26:58.271 INFO [localhost-startStop-1] org.apache.catalina.startup.HostConfig.deployWAR Deployment of web application archive [C:\Users\Brandon\Documents\_FTC\PowerStackers5029-RobotLive\webapps\RobotLive.war] has finished in [29] ms
12-Sep-2018 20:26:58.272 INFO [localhost-startStop-1] org.apache.catalina.startup.HostConfig.deployWAR Deploying web application archive [C:\Users\Brandon\Documents\_FTC\PowerStackers5029-RobotLive\webapps\ROOT.war]
12-Sep-2018 20:26:58.275 INFO [localhost-startStop-1] org.apache.catalina.startup.ExpandWar.expand An expanded directory [C:\Users\Brandon\Documents\_FTC\PowerStackers5029-RobotLive\webapps\ROOT] was found with a last modified time that did not match the associated WAR. It will be deleted.
12-Sep-2018 20:26:58.350 INFO [localhost-startStop-1] org.apache.catalina.startup.HostConfig.deployWAR Deployment of web application archive [C:\Users\Brandon\Documents\_FTC\PowerStackers5029-RobotLive\webapps\ROOT.war] has finished in [78] ms
12-Sep-2018 20:26:58.351 INFO [localhost-startStop-1] org.apache.catalina.startup.HostConfig.deployDirectory Deploying web application directory [C:\Users\Brandon\Documents\_FTC\PowerStackers5029-RobotLive\webapps\apache]
12-Sep-2018 20:26:58.367 INFO [localhost-startStop-1] org.apache.catalina.startup.HostConfig.deployDirectory Deployment of web application directory [C:\Users\Brandon\Documents\_FTC\PowerStackers5029-RobotLive\webapps\apache] has finished in [16] ms
12-Sep-2018 20:26:58.368 INFO [localhost-startStop-1] org.apache.catalina.startup.HostConfig.deployDirectory Deploying web application directory [C:\Users\Brandon\Documents\_FTC\PowerStackers5029-RobotLive\webapps\docs]
12-Sep-2018 20:26:58.384 INFO [localhost-startStop-1] org.apache.catalina.startup.HostConfig.deployDirectory Deployment of web application directory [C:\Users\Brandon\Documents\_FTC\PowerStackers5029-RobotLive\webapps\docs] has finished in [17] ms
12-Sep-2018 20:26:58.385 INFO [localhost-startStop-1] org.apache.catalina.startup.HostConfig.deployDirectory Deploying web application directory [C:\Users\Brandon\Documents\_FTC\PowerStackers5029-RobotLive\webapps\examples]
12-Sep-2018 20:26:58.613 INFO [localhost-startStop-1] org.apache.catalina.startup.HostConfig.deployDirectory Deployment of web application directory [C:\Users\Brandon\Documents\_FTC\PowerStackers5029-RobotLive\webapps\examples] has finished in [228] ms
12-Sep-2018 20:26:58.614 INFO [localhost-startStop-1] org.apache.catalina.startup.HostConfig.deployDirectory Deploying web application directory [C:\Users\Brandon\Documents\_FTC\PowerStackers5029-RobotLive\webapps\host-manager]
12-Sep-2018 20:26:58.649 INFO [localhost-startStop-1] org.apache.catalina.startup.HostConfig.deployDirectory Deployment of web application directory [C:\Users\Brandon\Documents\_FTC\PowerStackers5029-RobotLive\webapps\host-manager] has finished in [36] ms
12-Sep-2018 20:26:58.650 INFO [localhost-startStop-1] org.apache.catalina.startup.HostConfig.deployDirectory Deploying web application directory [C:\Users\Brandon\Documents\_FTC\PowerStackers5029-RobotLive\webapps\manager]
12-Sep-2018 20:26:58.674 INFO [localhost-startStop-1] org.apache.catalina.startup.HostConfig.deployDirectory Deployment of web application directory [C:\Users\Brandon\Documents\_FTC\PowerStackers5029-RobotLive\webapps\manager] has finished in [24] ms
12-Sep-2018 20:26:58.679 INFO [main] org.apache.coyote.AbstractProtocol.start Starting ProtocolHandler ["http-nio-80"]
12-Sep-2018 20:26:58.686 INFO [main] org.apache.coyote.AbstractProtocol.start Starting ProtocolHandler ["ajp-nio-8009"]
12-Sep-2018 20:26:58.688 INFO [main] org.apache.catalina.startup.Catalina.start Server startup in 741 ms
12-Sep-2018 20:30:23.776 INFO [main] org.apache.catalina.core.StandardServer.await A valid shutdown command was received via the shutdown port. Stopping the Server instance.
12-Sep-2018 20:30:23.777 INFO [main] org.apache.coyote.AbstractProtocol.pause Pausing ProtocolHandler ["http-nio-80"]
12-Sep-2018 20:30:23.833 INFO [main] org.apache.coyote.AbstractProtocol.pause Pausing ProtocolHandler ["ajp-nio-8009"]
12-Sep-2018 20:30:23.863 INFO [main] org.apache.catalina.core.StandardService.stopInternal Stopping service [Catalina]
12-Sep-2018 20:30:23.890 INFO [main] org.apache.coyote.AbstractProtocol.stop Stopping ProtocolHandler ["http-nio-80"]
12-Sep-2018 20:30:23.891 INFO [main] org.apache.coyote.AbstractProtocol.stop Stopping ProtocolHandler ["ajp-nio-8009"]
12-Sep-2018 20:30:23.893 INFO [main] org.apache.coyote.AbstractProtocol.destroy Destroying ProtocolHandler ["http-nio-80"]
12-Sep-2018 20:30:23.893 INFO [main] org.apache.coyote.AbstractProtocol.destroy Destroying ProtocolHandler ["ajp-nio-8009"]
12-Sep-2018 20:30:24.672 INFO [main] org.apache.catalina.startup.VersionLoggerListener.log Server version:        Apache Tomcat/8.5.15
12-Sep-2018 20:30:24.674 INFO [main] org.apache.catalina.startup.VersionLoggerListener.log Server built:          May 5 2017 11:03:04 UTC
12-Sep-2018 20:30:24.674 INFO [main] org.apache.catalina.startup.VersionLoggerListener.log Server number:         8.5.15.0
12-Sep-2018 20:30:24.675 INFO [main] org.apache.catalina.startup.VersionLoggerListener.log OS Name:               Windows 10
12-Sep-2018 20:30:24.675 INFO [main] org.apache.catalina.startup.VersionLoggerListener.log OS Version:            10.0
12-Sep-2018 20:30:24.675 INFO [main] org.apache.catalina.startup.VersionLoggerListener.log Architecture:          x86
12-Sep-2018 20:30:24.675 INFO [main] org.apache.catalina.startup.VersionLoggerListener.log Java Home:             C:\Program Files (x86)\Java\jdk1.8.0_121\jre
12-Sep-2018 20:30:24.675 INFO [main] org.apache.catalina.startup.VersionLoggerListener.log JVM Version:           1.8.0_121-b13
12-Sep-2018 20:30:24.675 INFO [main] org.apache.catalina.startup.VersionLoggerListener.log JVM Vendor:            Oracle Corporation
12-Sep-2018 20:30:24.676 INFO [main] org.apache.catalina.startup.VersionLoggerListener.log CATALINA_BASE:         C:\Users\Brandon\Documents\_FTC\PowerStackers5029-RobotLive
12-Sep-2018 20:30:24.676 INFO [main] org.apache.catalina.startup.VersionLoggerListener.log CATALINA_HOME:         C:\Users\Brandon\Documents\_FTC\PowerStackers5029-RobotLive
12-Sep-2018 20:30:24.676 INFO [main] org.apache.catalina.startup.VersionLoggerListener.log Command line argument: -Djava.util.logging.config.file=C:\Users\Brandon\Documents\_FTC\PowerStackers5029-RobotLive\conf\logging.properties
12-Sep-2018 20:30:24.676 INFO [main] org.apache.catalina.startup.VersionLoggerListener.log Command line argument: -Djava.util.logging.manager=org.apache.juli.ClassLoaderLogManager
12-Sep-2018 20:30:24.676 INFO [main] org.apache.catalina.startup.VersionLoggerListener.log Command line argument: -Djdk.tls.ephemeralDHKeySize=2048
12-Sep-2018 20:30:24.677 INFO [main] org.apache.catalina.startup.VersionLoggerListener.log Command line argument: -Djava.protocol.handler.pkgs=org.apache.catalina.webresources
12-Sep-2018 20:30:24.677 INFO [main] org.apache.catalina.startup.VersionLoggerListener.log Command line argument: -Dcatalina.base=C:\Users\Brandon\Documents\_FTC\PowerStackers5029-RobotLive
12-Sep-2018 20:30:24.677 INFO [main] org.apache.catalina.startup.VersionLoggerListener.log Command line argument: -Dcatalina.home=C:\Users\Brandon\Documents\_FTC\PowerStackers5029-RobotLive
12-Sep-2018 20:30:24.677 INFO [main] org.apache.catalina.startup.VersionLoggerListener.log Command line argument: -Djava.io.tmpdir=C:\Users\Brandon\Documents\_FTC\PowerStackers5029-RobotLive\temp
12-Sep-2018 20:30:24.678 INFO [main] org.apache.catalina.core.AprLifecycleListener.lifecycleEvent The APR based Apache Tomcat Native library which allows optimal performance in production environments was not found on the java.library.path: [C:\Program Files (x86)\Java\jdk1.8.0_121\bin;C:\WINDOWS\Sun\Java\bin;C:\WINDOWS\system32;C:\WINDOWS;C:\Program Files (x86)\Common Files\Oracle\Java\javapath;C:\Program Files\Microsoft MPI\Bin\;C:\Program Files (x86)\NVIDIA Corporation\PhysX\Common;C:\ProgramData\Oracle\Java\javapath;C:\WINDOWS\system32;C:\WINDOWS;C:\WINDOWS\System32\Wbem;C:\WINDOWS\System32\WindowsPowerShell\v1.0\;C:\Program Files (x86)\Skype\Phone\;C:\Program Files (x86)\Common Files\Adobe\AGL;C:\Users\Brandon\AppData\Local\Android\sdk;C:\Program Files\Microsoft SQL Server\130\Tools\Binn\;C:\Program Files\dotnet\;C:\Program Files\Git\cmd;C:\Program Files (x86)\GtkSharp\2.12\bin;C:\WINDOWS\System32\OpenSSH\;C:\Users\Brandon\AppData\Local\Microsoft\WindowsApps;;C:\Program Files\Microsoft VS Code\bin;.]
12-Sep-2018 20:30:24.767 INFO [main] org.apache.coyote.AbstractProtocol.init Initializing ProtocolHandler ["http-nio-80"]
12-Sep-2018 20:30:24.875 INFO [main] org.apache.tomcat.util.net.NioSelectorPool.getSharedSelector Using a shared selector for servlet write/read
12-Sep-2018 20:30:24.877 INFO [main] org.apache.coyote.AbstractProtocol.init Initializing ProtocolHandler ["ajp-nio-8009"]
12-Sep-2018 20:30:24.880 INFO [main] org.apache.tomcat.util.net.NioSelectorPool.getSharedSelector Using a shared selector for servlet write/read
12-Sep-2018 20:30:24.880 INFO [main] org.apache.catalina.startup.Catalina.load Initialization processed in 459 ms
12-Sep-2018 20:30:24.902 INFO [main] org.apache.catalina.core.StandardService.startInternal Starting service [Catalina]
12-Sep-2018 20:30:24.903 INFO [main] org.apache.catalina.core.StandardEngine.startInternal Starting Servlet Engine: Apache Tomcat/8.5.15
12-Sep-2018 20:30:24.925 INFO [localhost-startStop-1] org.apache.catalina.startup.HostConfig.deployWAR Deploying web application archive [C:\Users\Brandon\Documents\_FTC\PowerStackers5029-RobotLive\webapps\Live.war]
12-Sep-2018 20:30:25.195 INFO [localhost-startStop-1] org.apache.catalina.startup.HostConfig.deployWAR Deployment of web application archive [C:\Users\Brandon\Documents\_FTC\PowerStackers5029-RobotLive\webapps\Live.war] has finished in [269] ms
12-Sep-2018 20:30:25.195 INFO [localhost-startStop-1] org.apache.catalina.startup.HostConfig.deployWAR Deploying web application archive [C:\Users\Brandon\Documents\_FTC\PowerStackers5029-RobotLive\webapps\RobotLive.war]
12-Sep-2018 20:30:25.221 INFO [localhost-startStop-1] org.apache.catalina.startup.HostConfig.deployWAR Deployment of web application archive [C:\Users\Brandon\Documents\_FTC\PowerStackers5029-RobotLive\webapps\RobotLive.war] has finished in [26] ms
12-Sep-2018 20:30:25.222 INFO [localhost-startStop-1] org.apache.catalina.startup.HostConfig.deployWAR Deploying web application archive [C:\Users\Brandon\Documents\_FTC\PowerStackers5029-RobotLive\webapps\ROOT.war]
12-Sep-2018 20:30:25.224 INFO [localhost-startStop-1] org.apache.catalina.startup.ExpandWar.expand An expanded directory [C:\Users\Brandon\Documents\_FTC\PowerStackers5029-RobotLive\webapps\ROOT] was found with a last modified time that did not match the associated WAR. It will be deleted.
12-Sep-2018 20:30:25.303 INFO [localhost-startStop-1] org.apache.catalina.startup.HostConfig.deployWAR Deployment of web application archive [C:\Users\Brandon\Documents\_FTC\PowerStackers5029-RobotLive\webapps\ROOT.war] has finished in [81] ms
12-Sep-2018 20:30:25.305 INFO [localhost-startStop-1] org.apache.catalina.startup.HostConfig.deployDirectory Deploying web application directory [C:\Users\Brandon\Documents\_FTC\PowerStackers5029-RobotLive\webapps\apache]
12-Sep-2018 20:30:25.323 INFO [localhost-startStop-1] org.apache.catalina.startup.HostConfig.deployDirectory Deployment of web application directory [C:\Users\Brandon\Documents\_FTC\PowerStackers5029-RobotLive\webapps\apache] has finished in [18] ms
12-Sep-2018 20:30:25.324 INFO [localhost-startStop-1] org.apache.catalina.startup.HostConfig.deployDirectory Deploying web application directory [C:\Users\Brandon\Documents\_FTC\PowerStackers5029-RobotLive\webapps\docs]
12-Sep-2018 20:30:25.338 INFO [localhost-startStop-1] org.apache.catalina.startup.HostConfig.deployDirectory Deployment of web application directory [C:\Users\Brandon\Documents\_FTC\PowerStackers5029-RobotLive\webapps\docs] has finished in [15] ms
12-Sep-2018 20:30:25.339 INFO [localhost-startStop-1] org.apache.catalina.startup.HostConfig.deployDirectory Deploying web application directory [C:\Users\Brandon\Documents\_FTC\PowerStackers5029-RobotLive\webapps\examples]
12-Sep-2018 20:30:25.562 INFO [localhost-startStop-1] org.apache.catalina.startup.HostConfig.deployDirectory Deployment of web application directory [C:\Users\Brandon\Documents\_FTC\PowerStackers5029-RobotLive\webapps\examples] has finished in [223] ms
12-Sep-2018 20:30:25.563 INFO [localhost-startStop-1] org.apache.catalina.startup.HostConfig.deployDirectory Deploying web application directory [C:\Users\Brandon\Documents\_FTC\PowerStackers5029-RobotLive\webapps\host-manager]
12-Sep-2018 20:30:25.583 INFO [localhost-startStop-1] org.apache.catalina.startup.HostConfig.deployDirectory Deployment of web application directory [C:\Users\Brandon\Documents\_FTC\PowerStackers5029-RobotLive\webapps\host-manager] has finished in [20] ms
12-Sep-2018 20:30:25.583 INFO [localhost-startStop-1] org.apache.catalina.startup.HostConfig.deployDirectory Deploying web application directory [C:\Users\Brandon\Documents\_FTC\PowerStackers5029-RobotLive\webapps\manager]
12-Sep-2018 20:30:25.600 INFO [localhost-startStop-1] org.apache.catalina.startup.HostConfig.deployDirectory Deployment of web application directory [C:\Users\Brandon\Documents\_FTC\PowerStackers5029-RobotLive\webapps\manager] has finished in [17] ms
12-Sep-2018 20:30:25.603 INFO [main] org.apache.coyote.AbstractProtocol.start Starting ProtocolHandler ["http-nio-80"]
12-Sep-2018 20:30:25.610 INFO [main] org.apache.coyote.AbstractProtocol.start Starting ProtocolHandler ["ajp-nio-8009"]
12-Sep-2018 20:30:25.613 INFO [main] org.apache.catalina.startup.Catalina.start Server startup in 733 ms
12-Sep-2018 20:34:10.032 INFO [main] org.apache.catalina.core.StandardServer.await A valid shutdown command was received via the shutdown port. Stopping the Server instance.
12-Sep-2018 20:34:11.042 INFO [main] org.apache.catalina.startup.VersionLoggerListener.log Server version:        Apache Tomcat/8.5.15
12-Sep-2018 20:34:11.044 INFO [main] org.apache.catalina.startup.VersionLoggerListener.log Server built:          May 5 2017 11:03:04 UTC
12-Sep-2018 20:34:11.044 INFO [main] org.apache.catalina.startup.VersionLoggerListener.log Server number:         8.5.15.0
12-Sep-2018 20:34:11.044 INFO [main] org.apache.catalina.startup.VersionLoggerListener.log OS Name:               Windows 10
12-Sep-2018 20:34:11.044 INFO [main] org.apache.catalina.startup.VersionLoggerListener.log OS Version:            10.0
12-Sep-2018 20:34:11.044 INFO [main] org.apache.catalina.startup.VersionLoggerListener.log Architecture:          x86
12-Sep-2018 20:34:11.044 INFO [main] org.apache.catalina.startup.VersionLoggerListener.log Java Home:             C:\Program Files (x86)\Java\jdk1.8.0_121\jre
12-Sep-2018 20:34:11.044 INFO [main] org.apache.catalina.startup.VersionLoggerListener.log JVM Version:           1.8.0_121-b13
12-Sep-2018 20:34:11.045 INFO [main] org.apache.catalina.startup.VersionLoggerListener.log JVM Vendor:            Oracle Corporation
12-Sep-2018 20:34:11.045 INFO [main] org.apache.catalina.startup.VersionLoggerListener.log CATALINA_BASE:         C:\Users\Brandon\Documents\_FTC\PowerStackers5029-RobotLive
12-Sep-2018 20:34:11.045 INFO [main] org.apache.catalina.startup.VersionLoggerListener.log CATALINA_HOME:         C:\Users\Brandon\Documents\_FTC\PowerStackers5029-RobotLive
12-Sep-2018 20:34:11.045 INFO [main] org.apache.catalina.startup.VersionLoggerListener.log Command line argument: -Djava.util.logging.config.file=C:\Users\Brandon\Documents\_FTC\PowerStackers5029-RobotLive\conf\logging.properties
12-Sep-2018 20:34:11.045 INFO [main] org.apache.catalina.startup.VersionLoggerListener.log Command line argument: -Djava.util.logging.manager=org.apache.juli.ClassLoaderLogManager
12-Sep-2018 20:34:11.046 INFO [main] org.apache.catalina.startup.VersionLoggerListener.log Command line argument: -Djdk.tls.ephemeralDHKeySize=2048
12-Sep-2018 20:34:11.046 INFO [main] org.apache.catalina.startup.VersionLoggerListener.log Command line argument: -Djava.protocol.handler.pkgs=org.apache.catalina.webresources
12-Sep-2018 20:34:11.046 INFO [main] org.apache.catalina.startup.VersionLoggerListener.log Command line argument: -Dcatalina.base=C:\Users\Brandon\Documents\_FTC\PowerStackers5029-RobotLive
12-Sep-2018 20:34:11.046 INFO [main] org.apache.catalina.startup.VersionLoggerListener.log Command line argument: -Dcatalina.home=C:\Users\Brandon\Documents\_FTC\PowerStackers5029-RobotLive
12-Sep-2018 20:34:11.046 INFO [main] org.apache.catalina.startup.VersionLoggerListener.log Command line argument: -Djava.io.tmpdir=C:\Users\Brandon\Documents\_FTC\PowerStackers5029-RobotLive\temp
12-Sep-2018 20:34:11.047 INFO [main] org.apache.catalina.core.AprLifecycleListener.lifecycleEvent The APR based Apache Tomcat Native library which allows optimal performance in production environments was not found on the java.library.path: [C:\Program Files (x86)\Java\jdk1.8.0_121\bin;C:\WINDOWS\Sun\Java\bin;C:\WINDOWS\system32;C:\WINDOWS;C:\Program Files (x86)\Common Files\Oracle\Java\javapath;C:\Program Files\Microsoft MPI\Bin\;C:\Program Files (x86)\NVIDIA Corporation\PhysX\Common;C:\ProgramData\Oracle\Java\javapath;C:\WINDOWS\system32;C:\WINDOWS;C:\WINDOWS\System32\Wbem;C:\WINDOWS\System32\WindowsPowerShell\v1.0\;C:\Program Files (x86)\Skype\Phone\;C:\Program Files (x86)\Common Files\Adobe\AGL;C:\Users\Brandon\AppData\Local\Android\sdk;C:\Program Files\Microsoft SQL Server\130\Tools\Binn\;C:\Program Files\dotnet\;C:\Program Files\Git\cmd;C:\Program Files (x86)\GtkSharp\2.12\bin;C:\WINDOWS\System32\OpenSSH\;C:\Users\Brandon\AppData\Local\Microsoft\WindowsApps;;C:\Program Files\Microsoft VS Code\bin;.]
12-Sep-2018 20:34:11.130 INFO [main] org.apache.coyote.AbstractProtocol.init Initializing ProtocolHandler ["http-nio-80"]
12-Sep-2018 20:34:11.139 SEVERE [main] org.apache.coyote.AbstractProtocol.init Failed to initialize end point associated with ProtocolHandler ["http-nio-80"]
 java.net.BindException: Address already in use: bind
	at sun.nio.ch.Net.bind0(Native Method)
	at sun.nio.ch.Net.bind(Net.java:433)
	at sun.nio.ch.Net.bind(Net.java:425)
	at sun.nio.ch.ServerSocketChannelImpl.bind(ServerSocketChannelImpl.java:223)
	at sun.nio.ch.ServerSocketAdaptor.bind(ServerSocketAdaptor.java:74)
	at org.apache.tomcat.util.net.NioEndpoint.bind(NioEndpoint.java:210)
	at org.apache.tomcat.util.net.AbstractEndpoint.init(AbstractEndpoint.java:970)
	at org.apache.tomcat.util.net.AbstractJsseEndpoint.init(AbstractJsseEndpoint.java:244)
	at org.apache.coyote.AbstractProtocol.init(AbstractProtocol.java:613)
	at org.apache.coyote.http11.AbstractHttp11Protocol.init(AbstractHttp11Protocol.java:66)
	at org.apache.catalina.connector.Connector.initInternal(Connector.java:997)
	at org.apache.catalina.util.LifecycleBase.init(LifecycleBase.java:107)
	at org.apache.catalina.core.StandardService.initInternal(StandardService.java:549)
	at org.apache.catalina.util.LifecycleBase.init(LifecycleBase.java:107)
	at org.apache.catalina.core.StandardServer.initInternal(StandardServer.java:875)
	at org.apache.catalina.util.LifecycleBase.init(LifecycleBase.java:107)
	at org.apache.catalina.startup.Catalina.load(Catalina.java:607)
	at org.apache.catalina.startup.Catalina.load(Catalina.java:630)
	at sun.reflect.NativeMethodAccessorImpl.invoke0(Native Method)
	at sun.reflect.NativeMethodAccessorImpl.invoke(NativeMethodAccessorImpl.java:62)
	at sun.reflect.DelegatingMethodAccessorImpl.invoke(DelegatingMethodAccessorImpl.java:43)
	at java.lang.reflect.Method.invoke(Method.java:498)
	at org.apache.catalina.startup.Bootstrap.load(Bootstrap.java:311)
	at org.apache.catalina.startup.Bootstrap.main(Bootstrap.java:494)

12-Sep-2018 20:34:11.139 SEVERE [main] org.apache.catalina.core.StandardService.initInternal Failed to initialize connector [Connector[HTTP/1.1-80]]
 org.apache.catalina.LifecycleException: Failed to initialize component [Connector[HTTP/1.1-80]]
	at org.apache.catalina.util.LifecycleBase.init(LifecycleBase.java:112)
	at org.apache.catalina.core.StandardService.initInternal(StandardService.java:549)
	at org.apache.catalina.util.LifecycleBase.init(LifecycleBase.java:107)
	at org.apache.catalina.core.StandardServer.initInternal(StandardServer.java:875)
	at org.apache.catalina.util.LifecycleBase.init(LifecycleBase.java:107)
	at org.apache.catalina.startup.Catalina.load(Catalina.java:607)
	at org.apache.catalina.startup.Catalina.load(Catalina.java:630)
	at sun.reflect.NativeMethodAccessorImpl.invoke0(Native Method)
	at sun.reflect.NativeMethodAccessorImpl.invoke(NativeMethodAccessorImpl.java:62)
	at sun.reflect.DelegatingMethodAccessorImpl.invoke(DelegatingMethodAccessorImpl.java:43)
	at java.lang.reflect.Method.invoke(Method.java:498)
	at org.apache.catalina.startup.Bootstrap.load(Bootstrap.java:311)
	at org.apache.catalina.startup.Bootstrap.main(Bootstrap.java:494)
Caused by: org.apache.catalina.LifecycleException: Protocol handler initialization failed
	at org.apache.catalina.connector.Connector.initInternal(Connector.java:999)
	at org.apache.catalina.util.LifecycleBase.init(LifecycleBase.java:107)
	... 12 more
Caused by: java.net.BindException: Address already in use: bind
	at sun.nio.ch.Net.bind0(Native Method)
	at sun.nio.ch.Net.bind(Net.java:433)
	at sun.nio.ch.Net.bind(Net.java:425)
	at sun.nio.ch.ServerSocketChannelImpl.bind(ServerSocketChannelImpl.java:223)
	at sun.nio.ch.ServerSocketAdaptor.bind(ServerSocketAdaptor.java:74)
	at org.apache.tomcat.util.net.NioEndpoint.bind(NioEndpoint.java:210)
	at org.apache.tomcat.util.net.AbstractEndpoint.init(AbstractEndpoint.java:970)
	at org.apache.tomcat.util.net.AbstractJsseEndpoint.init(AbstractJsseEndpoint.java:244)
	at org.apache.coyote.AbstractProtocol.init(AbstractProtocol.java:613)
	at org.apache.coyote.http11.AbstractHttp11Protocol.init(AbstractHttp11Protocol.java:66)
	at org.apache.catalina.connector.Connector.initInternal(Connector.java:997)
	... 13 more

12-Sep-2018 20:34:11.144 INFO [main] org.apache.coyote.AbstractProtocol.init Initializing ProtocolHandler ["ajp-nio-8009"]
12-Sep-2018 20:34:11.145 SEVERE [main] org.apache.coyote.AbstractProtocol.init Failed to initialize end point associated with ProtocolHandler ["ajp-nio-8009"]
 java.net.BindException: Address already in use: bind
	at sun.nio.ch.Net.bind0(Native Method)
	at sun.nio.ch.Net.bind(Net.java:433)
	at sun.nio.ch.Net.bind(Net.java:425)
	at sun.nio.ch.ServerSocketChannelImpl.bind(ServerSocketChannelImpl.java:223)
	at sun.nio.ch.ServerSocketAdaptor.bind(ServerSocketAdaptor.java:74)
	at org.apache.tomcat.util.net.NioEndpoint.bind(NioEndpoint.java:210)
	at org.apache.tomcat.util.net.AbstractEndpoint.init(AbstractEndpoint.java:970)
	at org.apache.tomcat.util.net.AbstractJsseEndpoint.init(AbstractJsseEndpoint.java:244)
	at org.apache.coyote.AbstractProtocol.init(AbstractProtocol.java:613)
	at org.apache.catalina.connector.Connector.initInternal(Connector.java:997)
	at org.apache.catalina.util.LifecycleBase.init(LifecycleBase.java:107)
	at org.apache.catalina.core.StandardService.initInternal(StandardService.java:549)
	at org.apache.catalina.util.LifecycleBase.init(LifecycleBase.java:107)
	at org.apache.catalina.core.StandardServer.initInternal(StandardServer.java:875)
	at org.apache.catalina.util.LifecycleBase.init(LifecycleBase.java:107)
	at org.apache.catalina.startup.Catalina.load(Catalina.java:607)
	at org.apache.catalina.startup.Catalina.load(Catalina.java:630)
	at sun.reflect.NativeMethodAccessorImpl.invoke0(Native Method)
	at sun.reflect.NativeMethodAccessorImpl.invoke(NativeMethodAccessorImpl.java:62)
	at sun.reflect.DelegatingMethodAccessorImpl.invoke(DelegatingMethodAccessorImpl.java:43)
	at java.lang.reflect.Method.invoke(Method.java:498)
	at org.apache.catalina.startup.Bootstrap.load(Bootstrap.java:311)
	at org.apache.catalina.startup.Bootstrap.main(Bootstrap.java:494)

12-Sep-2018 20:34:11.145 SEVERE [main] org.apache.catalina.core.StandardService.initInternal Failed to initialize connector [Connector[AJP/1.3-8009]]
 org.apache.catalina.LifecycleException: Failed to initialize component [Connector[AJP/1.3-8009]]
	at org.apache.catalina.util.LifecycleBase.init(LifecycleBase.java:112)
	at org.apache.catalina.core.StandardService.initInternal(StandardService.java:549)
	at org.apache.catalina.util.LifecycleBase.init(LifecycleBase.java:107)
	at org.apache.catalina.core.StandardServer.initInternal(StandardServer.java:875)
	at org.apache.catalina.util.LifecycleBase.init(LifecycleBase.java:107)
	at org.apache.catalina.startup.Catalina.load(Catalina.java:607)
	at org.apache.catalina.startup.Catalina.load(Catalina.java:630)
	at sun.reflect.NativeMethodAccessorImpl.invoke0(Native Method)
	at sun.reflect.NativeMethodAccessorImpl.invoke(NativeMethodAccessorImpl.java:62)
	at sun.reflect.DelegatingMethodAccessorImpl.invoke(DelegatingMethodAccessorImpl.java:43)
	at java.lang.reflect.Method.invoke(Method.java:498)
	at org.apache.catalina.startup.Bootstrap.load(Bootstrap.java:311)
	at org.apache.catalina.startup.Bootstrap.main(Bootstrap.java:494)
Caused by: org.apache.catalina.LifecycleException: Protocol handler initialization failed
	at org.apache.catalina.connector.Connector.initInternal(Connector.java:999)
	at org.apache.catalina.util.LifecycleBase.init(LifecycleBase.java:107)
	... 12 more
Caused by: java.net.BindException: Address already in use: bind
	at sun.nio.ch.Net.bind0(Native Method)
	at sun.nio.ch.Net.bind(Net.java:433)
	at sun.nio.ch.Net.bind(Net.java:425)
	at sun.nio.ch.ServerSocketChannelImpl.bind(ServerSocketChannelImpl.java:223)
	at sun.nio.ch.ServerSocketAdaptor.bind(ServerSocketAdaptor.java:74)
	at org.apache.tomcat.util.net.NioEndpoint.bind(NioEndpoint.java:210)
	at org.apache.tomcat.util.net.AbstractEndpoint.init(AbstractEndpoint.java:970)
	at org.apache.tomcat.util.net.AbstractJsseEndpoint.init(AbstractJsseEndpoint.java:244)
	at org.apache.coyote.AbstractProtocol.init(AbstractProtocol.java:613)
	at org.apache.catalina.connector.Connector.initInternal(Connector.java:997)
	... 13 more

12-Sep-2018 20:34:11.146 INFO [main] org.apache.catalina.startup.Catalina.load Initialization processed in 356 ms
12-Sep-2018 20:34:11.171 INFO [main] org.apache.catalina.core.StandardService.startInternal Starting service [Catalina]
12-Sep-2018 20:34:11.172 INFO [main] org.apache.catalina.core.StandardEngine.startInternal Starting Servlet Engine: Apache Tomcat/8.5.15
12-Sep-2018 20:34:11.191 INFO [localhost-startStop-1] org.apache.catalina.startup.HostConfig.deployWAR Deploying web application archive [C:\Users\Brandon\Documents\_FTC\PowerStackers5029-RobotLive\webapps\Live.war]
12-Sep-2018 20:34:11.501 INFO [localhost-startStop-1] org.apache.catalina.startup.HostConfig.deployWAR Deployment of web application archive [C:\Users\Brandon\Documents\_FTC\PowerStackers5029-RobotLive\webapps\Live.war] has finished in [310] ms
12-Sep-2018 20:34:11.502 INFO [localhost-startStop-1] org.apache.catalina.startup.HostConfig.deployWAR Deploying web application archive [C:\Users\Brandon\Documents\_FTC\PowerStackers5029-RobotLive\webapps\RobotLive.war]
12-Sep-2018 20:34:11.530 INFO [localhost-startStop-1] org.apache.catalina.startup.HostConfig.deployWAR Deployment of web application archive [C:\Users\Brandon\Documents\_FTC\PowerStackers5029-RobotLive\webapps\RobotLive.war] has finished in [28] ms
12-Sep-2018 20:34:11.531 INFO [localhost-startStop-1] org.apache.catalina.startup.HostConfig.deployWAR Deploying web application archive [C:\Users\Brandon\Documents\_FTC\PowerStackers5029-RobotLive\webapps\ROOT.war]
12-Sep-2018 20:34:11.534 INFO [localhost-startStop-1] org.apache.catalina.startup.ExpandWar.expand An expanded directory [C:\Users\Brandon\Documents\_FTC\PowerStackers5029-RobotLive\webapps\ROOT] was found with a last modified time that did not match the associated WAR. It will be deleted.
12-Sep-2018 20:34:11.613 INFO [localhost-startStop-1] org.apache.catalina.startup.HostConfig.deployWAR Deployment of web application archive [C:\Users\Brandon\Documents\_FTC\PowerStackers5029-RobotLive\webapps\ROOT.war] has finished in [82] ms
12-Sep-2018 20:34:11.615 INFO [localhost-startStop-1] org.apache.catalina.startup.HostConfig.deployDirectory Deploying web application directory [C:\Users\Brandon\Documents\_FTC\PowerStackers5029-RobotLive\webapps\apache]
12-Sep-2018 20:34:11.630 INFO [localhost-startStop-1] org.apache.catalina.startup.HostConfig.deployDirectory Deployment of web application directory [C:\Users\Brandon\Documents\_FTC\PowerStackers5029-RobotLive\webapps\apache] has finished in [14] ms
12-Sep-2018 20:34:11.630 INFO [localhost-startStop-1] org.apache.catalina.startup.HostConfig.deployDirectory Deploying web application directory [C:\Users\Brandon\Documents\_FTC\PowerStackers5029-RobotLive\webapps\docs]
12-Sep-2018 20:34:11.644 INFO [localhost-startStop-1] org.apache.catalina.startup.HostConfig.deployDirectory Deployment of web application directory [C:\Users\Brandon\Documents\_FTC\PowerStackers5029-RobotLive\webapps\docs] has finished in [14] ms
12-Sep-2018 20:34:11.645 INFO [localhost-startStop-1] org.apache.catalina.startup.HostConfig.deployDirectory Deploying web application directory [C:\Users\Brandon\Documents\_FTC\PowerStackers5029-RobotLive\webapps\examples]
12-Sep-2018 20:34:11.875 INFO [localhost-startStop-1] org.apache.catalina.startup.HostConfig.deployDirectory Deployment of web application directory [C:\Users\Brandon\Documents\_FTC\PowerStackers5029-RobotLive\webapps\examples] has finished in [230] ms
12-Sep-2018 20:34:11.876 INFO [localhost-startStop-1] org.apache.catalina.startup.HostConfig.deployDirectory Deploying web application directory [C:\Users\Brandon\Documents\_FTC\PowerStackers5029-RobotLive\webapps\host-manager]
12-Sep-2018 20:34:11.896 INFO [localhost-startStop-1] org.apache.catalina.startup.HostConfig.deployDirectory Deployment of web application directory [C:\Users\Brandon\Documents\_FTC\PowerStackers5029-RobotLive\webapps\host-manager] has finished in [20] ms
12-Sep-2018 20:34:11.896 INFO [localhost-startStop-1] org.apache.catalina.startup.HostConfig.deployDirectory Deploying web application directory [C:\Users\Brandon\Documents\_FTC\PowerStackers5029-RobotLive\webapps\manager]
12-Sep-2018 20:34:11.913 INFO [localhost-startStop-1] org.apache.catalina.startup.HostConfig.deployDirectory Deployment of web application directory [C:\Users\Brandon\Documents\_FTC\PowerStackers5029-RobotLive\webapps\manager] has finished in [17] ms
12-Sep-2018 20:34:11.915 INFO [main] org.apache.catalina.startup.Catalina.start Server startup in 769 ms
12-Sep-2018 20:34:11.918 SEVERE [main] org.apache.catalina.core.StandardServer.await StandardServer.await: create[localhost:8005]: 
 java.net.BindException: Address already in use: JVM_Bind
	at java.net.DualStackPlainSocketImpl.bind0(Native Method)
	at java.net.DualStackPlainSocketImpl.socketBind(DualStackPlainSocketImpl.java:106)
	at java.net.AbstractPlainSocketImpl.bind(AbstractPlainSocketImpl.java:387)
	at java.net.PlainSocketImpl.bind(PlainSocketImpl.java:190)
	at java.net.ServerSocket.bind(ServerSocket.java:375)
	at java.net.ServerSocket.<init>(ServerSocket.java:237)
	at org.apache.catalina.core.StandardServer.await(StandardServer.java:440)
	at org.apache.catalina.startup.Catalina.await(Catalina.java:744)
	at org.apache.catalina.startup.Catalina.start(Catalina.java:690)
	at sun.reflect.NativeMethodAccessorImpl.invoke0(Native Method)
	at sun.reflect.NativeMethodAccessorImpl.invoke(NativeMethodAccessorImpl.java:62)
	at sun.reflect.DelegatingMethodAccessorImpl.invoke(DelegatingMethodAccessorImpl.java:43)
	at java.lang.reflect.Method.invoke(Method.java:498)
	at org.apache.catalina.startup.Bootstrap.start(Bootstrap.java:355)
	at org.apache.catalina.startup.Bootstrap.main(Bootstrap.java:495)

12-Sep-2018 20:34:11.919 INFO [main] org.apache.coyote.AbstractProtocol.pause Pausing ProtocolHandler ["http-nio-80"]
12-Sep-2018 20:34:11.919 INFO [main] org.apache.coyote.AbstractProtocol.pause Pausing ProtocolHandler ["ajp-nio-8009"]
12-Sep-2018 20:34:11.920 INFO [main] org.apache.catalina.core.StandardService.stopInternal Stopping service [Catalina]
12-Sep-2018 20:34:11.944 INFO [main] org.apache.coyote.AbstractProtocol.stop Stopping ProtocolHandler ["http-nio-80"]
12-Sep-2018 20:34:11.944 INFO [main] org.apache.coyote.AbstractProtocol.destroy Destroying ProtocolHandler ["http-nio-80"]
12-Sep-2018 20:34:11.945 INFO [main] org.apache.coyote.AbstractProtocol.stop Stopping ProtocolHandler ["ajp-nio-8009"]
12-Sep-2018 20:34:11.945 INFO [main] org.apache.coyote.AbstractProtocol.destroy Destroying ProtocolHandler ["ajp-nio-8009"]
12-Sep-2018 20:34:15.836 INFO [ContainerBackgroundProcessor[StandardEngine[Catalina]]] org.apache.catalina.startup.HostConfig.undeploy Undeploying context []
12-Sep-2018 20:34:18.082 SEVERE [main] org.apache.catalina.startup.Catalina.stopServer Could not contact [localhost:[8005]]. Tomcat may not be running.
12-Sep-2018 20:34:24.164 INFO [main] org.apache.coyote.AbstractProtocol.pause Pausing ProtocolHandler ["http-nio-80"]
12-Sep-2018 20:34:24.166 INFO [ContainerBackgroundProcessor[StandardEngine[Catalina]]] org.apache.catalina.core.StandardWrapper.unload Waiting for [6] instance(s) to be deallocated for Servlet [com.jwt.servlets.Chart]
12-Sep-2018 20:34:24.206 INFO [main] org.apache.coyote.AbstractProtocol.pause Pausing ProtocolHandler ["ajp-nio-8009"]
12-Sep-2018 20:34:24.233 INFO [main] org.apache.catalina.core.StandardService.stopInternal Stopping service [Catalina]
12-Sep-2018 20:34:24.237 WARNING [ContainerBackgroundProcessor[StandardEngine[Catalina]]] org.apache.catalina.loader.WebappClassLoaderBase.clearReferencesThreads The web application [ROOT] is still processing a request that has yet to finish. This is very likely to create a memory leak. You can control the time allowed for requests to finish by using the unloadDelay attribute of the standard Context implementation. Stack trace of request processing thread:[
 java.lang.Thread.currentThread(Native Method)
 org.apache.catalina.core.StandardContext.unbind(StandardContext.java:5857)
 org.apache.catalina.core.StandardHostValve.invoke(StandardHostValve.java:191)
 org.apache.catalina.valves.ErrorReportValve.invoke(ErrorReportValve.java:80)
 org.apache.catalina.valves.AbstractAccessLogValve.invoke(AbstractAccessLogValve.java:624)
 org.apache.catalina.core.StandardEngineValve.invoke(StandardEngineValve.java:87)
 org.apache.catalina.connector.CoyoteAdapter.service(CoyoteAdapter.java:342)
 org.apache.coyote.http11.Http11Processor.service(Http11Processor.java:799)
 org.apache.coyote.AbstractProcessorLight.process(AbstractProcessorLight.java:66)
 org.apache.coyote.AbstractProtocol$ConnectionHandler.process(AbstractProtocol.java:861)
 org.apache.tomcat.util.net.NioEndpoint$SocketProcessor.doRun(NioEndpoint.java:1455)
 org.apache.tomcat.util.net.SocketProcessorBase.run(SocketProcessorBase.java:49)
 java.util.concurrent.ThreadPoolExecutor.runWorker(ThreadPoolExecutor.java:1142)
 java.util.concurrent.ThreadPoolExecutor$Worker.run(ThreadPoolExecutor.java:617)
 org.apache.tomcat.util.threads.TaskThread$WrappingRunnable.run(TaskThread.java:61)
 java.lang.Thread.run(Thread.java:745)]
12-Sep-2018 20:34:24.255 INFO [localhost-startStop-2] org.apache.catalina.startup.HostConfig.deployWAR Deploying web application archive [C:\Users\Brandon\Documents\_FTC\PowerStackers5029-RobotLive\webapps\ROOT.war]
12-Sep-2018 20:34:24.320 INFO [localhost-startStop-2] org.apache.catalina.startup.HostConfig.deployWAR Deployment of web application archive [C:\Users\Brandon\Documents\_FTC\PowerStackers5029-RobotLive\webapps\ROOT.war] has finished in [65] ms
12-Sep-2018 20:34:24.345 INFO [main] org.apache.coyote.AbstractProtocol.stop Stopping ProtocolHandler ["http-nio-80"]
12-Sep-2018 20:34:24.347 INFO [main] org.apache.coyote.AbstractProtocol.stop Stopping ProtocolHandler ["ajp-nio-8009"]
12-Sep-2018 20:34:24.348 INFO [main] org.apache.coyote.AbstractProtocol.destroy Destroying ProtocolHandler ["http-nio-80"]
12-Sep-2018 20:34:24.355 INFO [main] org.apache.coyote.AbstractProtocol.destroy Destroying ProtocolHandler ["ajp-nio-8009"]
12-Sep-2018 20:34:26.394 SEVERE [main] org.apache.catalina.startup.Catalina.stopServer Catalina.stop: 
 java.net.ConnectException: Connection refused: connect
	at java.net.DualStackPlainSocketImpl.connect0(Native Method)
	at java.net.DualStackPlainSocketImpl.socketConnect(DualStackPlainSocketImpl.java:79)
	at java.net.AbstractPlainSocketImpl.doConnect(AbstractPlainSocketImpl.java:350)
	at java.net.AbstractPlainSocketImpl.connectToAddress(AbstractPlainSocketImpl.java:206)
	at java.net.AbstractPlainSocketImpl.connect(AbstractPlainSocketImpl.java:188)
	at java.net.PlainSocketImpl.connect(PlainSocketImpl.java:172)
	at java.net.SocksSocketImpl.connect(SocksSocketImpl.java:392)
	at java.net.Socket.connect(Socket.java:589)
	at java.net.Socket.connect(Socket.java:538)
	at java.net.Socket.<init>(Socket.java:434)
	at java.net.Socket.<init>(Socket.java:211)
	at org.apache.catalina.startup.Catalina.stopServer(Catalina.java:477)
	at sun.reflect.NativeMethodAccessorImpl.invoke0(Native Method)
	at sun.reflect.NativeMethodAccessorImpl.invoke(NativeMethodAccessorImpl.java:62)
	at sun.reflect.DelegatingMethodAccessorImpl.invoke(DelegatingMethodAccessorImpl.java:43)
	at java.lang.reflect.Method.invoke(Method.java:498)
	at org.apache.catalina.startup.Bootstrap.stopServer(Bootstrap.java:408)
	at org.apache.catalina.startup.Bootstrap.main(Bootstrap.java:497)

12-Sep-2018 20:34:28.828 INFO [main] org.apache.catalina.startup.VersionLoggerListener.log Server version:        Apache Tomcat/8.5.15
12-Sep-2018 20:34:28.830 INFO [main] org.apache.catalina.startup.VersionLoggerListener.log Server built:          May 5 2017 11:03:04 UTC
12-Sep-2018 20:34:28.830 INFO [main] org.apache.catalina.startup.VersionLoggerListener.log Server number:         8.5.15.0
12-Sep-2018 20:34:28.830 INFO [main] org.apache.catalina.startup.VersionLoggerListener.log OS Name:               Windows 10
12-Sep-2018 20:34:28.830 INFO [main] org.apache.catalina.startup.VersionLoggerListener.log OS Version:            10.0
12-Sep-2018 20:34:28.830 INFO [main] org.apache.catalina.startup.VersionLoggerListener.log Architecture:          x86
12-Sep-2018 20:34:28.830 INFO [main] org.apache.catalina.startup.VersionLoggerListener.log Java Home:             C:\Program Files (x86)\Java\jdk1.8.0_121\jre
12-Sep-2018 20:34:28.831 INFO [main] org.apache.catalina.startup.VersionLoggerListener.log JVM Version:           1.8.0_121-b13
12-Sep-2018 20:34:28.831 INFO [main] org.apache.catalina.startup.VersionLoggerListener.log JVM Vendor:            Oracle Corporation
12-Sep-2018 20:34:28.831 INFO [main] org.apache.catalina.startup.VersionLoggerListener.log CATALINA_BASE:         C:\Users\Brandon\Documents\_FTC\PowerStackers5029-RobotLive
12-Sep-2018 20:34:28.831 INFO [main] org.apache.catalina.startup.VersionLoggerListener.log CATALINA_HOME:         C:\Users\Brandon\Documents\_FTC\PowerStackers5029-RobotLive
12-Sep-2018 20:34:28.832 INFO [main] org.apache.catalina.startup.VersionLoggerListener.log Command line argument: -Djava.util.logging.config.file=C:\Users\Brandon\Documents\_FTC\PowerStackers5029-RobotLive\conf\logging.properties
12-Sep-2018 20:34:28.832 INFO [main] org.apache.catalina.startup.VersionLoggerListener.log Command line argument: -Djava.util.logging.manager=org.apache.juli.ClassLoaderLogManager
12-Sep-2018 20:34:28.832 INFO [main] org.apache.catalina.startup.VersionLoggerListener.log Command line argument: -Djdk.tls.ephemeralDHKeySize=2048
12-Sep-2018 20:34:28.832 INFO [main] org.apache.catalina.startup.VersionLoggerListener.log Command line argument: -Djava.protocol.handler.pkgs=org.apache.catalina.webresources
12-Sep-2018 20:34:28.832 INFO [main] org.apache.catalina.startup.VersionLoggerListener.log Command line argument: -Dcatalina.base=C:\Users\Brandon\Documents\_FTC\PowerStackers5029-RobotLive
12-Sep-2018 20:34:28.832 INFO [main] org.apache.catalina.startup.VersionLoggerListener.log Command line argument: -Dcatalina.home=C:\Users\Brandon\Documents\_FTC\PowerStackers5029-RobotLive
12-Sep-2018 20:34:28.833 INFO [main] org.apache.catalina.startup.VersionLoggerListener.log Command line argument: -Djava.io.tmpdir=C:\Users\Brandon\Documents\_FTC\PowerStackers5029-RobotLive\temp
12-Sep-2018 20:34:28.833 INFO [main] org.apache.catalina.core.AprLifecycleListener.lifecycleEvent The APR based Apache Tomcat Native library which allows optimal performance in production environments was not found on the java.library.path: [C:\Program Files (x86)\Java\jdk1.8.0_121\bin;C:\WINDOWS\Sun\Java\bin;C:\WINDOWS\system32;C:\WINDOWS;C:\Program Files (x86)\Common Files\Oracle\Java\javapath;C:\Program Files\Microsoft MPI\Bin\;C:\Program Files (x86)\NVIDIA Corporation\PhysX\Common;C:\ProgramData\Oracle\Java\javapath;C:\WINDOWS\system32;C:\WINDOWS;C:\WINDOWS\System32\Wbem;C:\WINDOWS\System32\WindowsPowerShell\v1.0\;C:\Program Files (x86)\Skype\Phone\;C:\Program Files (x86)\Common Files\Adobe\AGL;C:\Users\Brandon\AppData\Local\Android\sdk;C:\Program Files\Microsoft SQL Server\130\Tools\Binn\;C:\Program Files\dotnet\;C:\Program Files\Git\cmd;C:\Program Files (x86)\GtkSharp\2.12\bin;C:\WINDOWS\System32\OpenSSH\;C:\Users\Brandon\AppData\Local\Microsoft\WindowsApps;;C:\Program Files\Microsoft VS Code\bin;.]
12-Sep-2018 20:34:28.914 INFO [main] org.apache.coyote.AbstractProtocol.init Initializing ProtocolHandler ["http-nio-80"]
12-Sep-2018 20:34:28.998 INFO [main] org.apache.tomcat.util.net.NioSelectorPool.getSharedSelector Using a shared selector for servlet write/read
12-Sep-2018 20:34:29.000 INFO [main] org.apache.coyote.AbstractProtocol.init Initializing ProtocolHandler ["ajp-nio-8009"]
12-Sep-2018 20:34:29.002 INFO [main] org.apache.tomcat.util.net.NioSelectorPool.getSharedSelector Using a shared selector for servlet write/read
12-Sep-2018 20:34:29.003 INFO [main] org.apache.catalina.startup.Catalina.load Initialization processed in 422 ms
12-Sep-2018 20:34:29.022 INFO [main] org.apache.catalina.core.StandardService.startInternal Starting service [Catalina]
12-Sep-2018 20:34:29.023 INFO [main] org.apache.catalina.core.StandardEngine.startInternal Starting Servlet Engine: Apache Tomcat/8.5.15
12-Sep-2018 20:34:29.041 INFO [localhost-startStop-1] org.apache.catalina.startup.HostConfig.deployWAR Deploying web application archive [C:\Users\Brandon\Documents\_FTC\PowerStackers5029-RobotLive\webapps\Live.war]
12-Sep-2018 20:34:29.293 INFO [localhost-startStop-1] org.apache.catalina.startup.HostConfig.deployWAR Deployment of web application archive [C:\Users\Brandon\Documents\_FTC\PowerStackers5029-RobotLive\webapps\Live.war] has finished in [252] ms
12-Sep-2018 20:34:29.294 INFO [localhost-startStop-1] org.apache.catalina.startup.HostConfig.deployWAR Deploying web application archive [C:\Users\Brandon\Documents\_FTC\PowerStackers5029-RobotLive\webapps\RobotLive.war]
12-Sep-2018 20:34:29.319 INFO [localhost-startStop-1] org.apache.catalina.startup.HostConfig.deployWAR Deployment of web application archive [C:\Users\Brandon\Documents\_FTC\PowerStackers5029-RobotLive\webapps\RobotLive.war] has finished in [25] ms
12-Sep-2018 20:34:29.320 INFO [localhost-startStop-1] org.apache.catalina.startup.HostConfig.deployWAR Deploying web application archive [C:\Users\Brandon\Documents\_FTC\PowerStackers5029-RobotLive\webapps\ROOT.war]
12-Sep-2018 20:34:29.361 INFO [localhost-startStop-1] org.apache.catalina.startup.HostConfig.deployWAR Deployment of web application archive [C:\Users\Brandon\Documents\_FTC\PowerStackers5029-RobotLive\webapps\ROOT.war] has finished in [41] ms
12-Sep-2018 20:34:29.362 INFO [localhost-startStop-1] org.apache.catalina.startup.HostConfig.deployDirectory Deploying web application directory [C:\Users\Brandon\Documents\_FTC\PowerStackers5029-RobotLive\webapps\apache]
12-Sep-2018 20:34:29.377 INFO [localhost-startStop-1] org.apache.catalina.startup.HostConfig.deployDirectory Deployment of web application directory [C:\Users\Brandon\Documents\_FTC\PowerStackers5029-RobotLive\webapps\apache] has finished in [14] ms
12-Sep-2018 20:34:29.377 INFO [localhost-startStop-1] org.apache.catalina.startup.HostConfig.deployDirectory Deploying web application directory [C:\Users\Brandon\Documents\_FTC\PowerStackers5029-RobotLive\webapps\docs]
12-Sep-2018 20:34:29.391 INFO [localhost-startStop-1] org.apache.catalina.startup.HostConfig.deployDirectory Deployment of web application directory [C:\Users\Brandon\Documents\_FTC\PowerStackers5029-RobotLive\webapps\docs] has finished in [14] ms
12-Sep-2018 20:34:29.392 INFO [localhost-startStop-1] org.apache.catalina.startup.HostConfig.deployDirectory Deploying web application directory [C:\Users\Brandon\Documents\_FTC\PowerStackers5029-RobotLive\webapps\examples]
12-Sep-2018 20:34:29.609 INFO [localhost-startStop-1] org.apache.catalina.startup.HostConfig.deployDirectory Deployment of web application directory [C:\Users\Brandon\Documents\_FTC\PowerStackers5029-RobotLive\webapps\examples] has finished in [217] ms
12-Sep-2018 20:34:29.610 INFO [localhost-startStop-1] org.apache.catalina.startup.HostConfig.deployDirectory Deploying web application directory [C:\Users\Brandon\Documents\_FTC\PowerStackers5029-RobotLive\webapps\host-manager]
12-Sep-2018 20:34:29.629 INFO [localhost-startStop-1] org.apache.catalina.startup.HostConfig.deployDirectory Deployment of web application directory [C:\Users\Brandon\Documents\_FTC\PowerStackers5029-RobotLive\webapps\host-manager] has finished in [19] ms
12-Sep-2018 20:34:29.629 INFO [localhost-startStop-1] org.apache.catalina.startup.HostConfig.deployDirectory Deploying web application directory [C:\Users\Brandon\Documents\_FTC\PowerStackers5029-RobotLive\webapps\manager]
12-Sep-2018 20:34:29.646 INFO [localhost-startStop-1] org.apache.catalina.startup.HostConfig.deployDirectory Deployment of web application directory [C:\Users\Brandon\Documents\_FTC\PowerStackers5029-RobotLive\webapps\manager] has finished in [17] ms
12-Sep-2018 20:34:29.649 INFO [main] org.apache.coyote.AbstractProtocol.start Starting ProtocolHandler ["http-nio-80"]
12-Sep-2018 20:34:29.655 INFO [main] org.apache.coyote.AbstractProtocol.start Starting ProtocolHandler ["ajp-nio-8009"]
12-Sep-2018 20:34:29.658 INFO [main] org.apache.catalina.startup.Catalina.start Server startup in 655 ms
12-Sep-2018 20:34:45.142 INFO [main] org.apache.catalina.core.StandardServer.await A valid shutdown command was received via the shutdown port. Stopping the Server instance.
12-Sep-2018 20:34:45.142 INFO [main] org.apache.coyote.AbstractProtocol.pause Pausing ProtocolHandler ["http-nio-80"]
12-Sep-2018 20:34:45.194 INFO [main] org.apache.coyote.AbstractProtocol.pause Pausing ProtocolHandler ["ajp-nio-8009"]
12-Sep-2018 20:34:45.226 INFO [main] org.apache.catalina.core.StandardService.stopInternal Stopping service [Catalina]
12-Sep-2018 20:34:45.252 INFO [main] org.apache.coyote.AbstractProtocol.stop Stopping ProtocolHandler ["http-nio-80"]
12-Sep-2018 20:34:45.253 INFO [main] org.apache.coyote.AbstractProtocol.stop Stopping ProtocolHandler ["ajp-nio-8009"]
12-Sep-2018 20:34:45.255 INFO [main] org.apache.coyote.AbstractProtocol.destroy Destroying ProtocolHandler ["http-nio-80"]
12-Sep-2018 20:34:45.256 INFO [main] org.apache.coyote.AbstractProtocol.destroy Destroying ProtocolHandler ["ajp-nio-8009"]
12-Sep-2018 20:35:10.976 SEVERE [main] org.apache.catalina.startup.Catalina.stopServer Could not contact [localhost:[8005]]. Tomcat may not be running.
12-Sep-2018 20:35:10.983 SEVERE [main] org.apache.catalina.startup.Catalina.stopServer Catalina.stop: 
 java.net.ConnectException: Connection refused: connect
	at java.net.DualStackPlainSocketImpl.connect0(Native Method)
	at java.net.DualStackPlainSocketImpl.socketConnect(DualStackPlainSocketImpl.java:79)
	at java.net.AbstractPlainSocketImpl.doConnect(AbstractPlainSocketImpl.java:350)
	at java.net.AbstractPlainSocketImpl.connectToAddress(AbstractPlainSocketImpl.java:206)
	at java.net.AbstractPlainSocketImpl.connect(AbstractPlainSocketImpl.java:188)
	at java.net.PlainSocketImpl.connect(PlainSocketImpl.java:172)
	at java.net.SocksSocketImpl.connect(SocksSocketImpl.java:392)
	at java.net.Socket.connect(Socket.java:589)
	at java.net.Socket.connect(Socket.java:538)
	at java.net.Socket.<init>(Socket.java:434)
	at java.net.Socket.<init>(Socket.java:211)
	at org.apache.catalina.startup.Catalina.stopServer(Catalina.java:477)
	at sun.reflect.NativeMethodAccessorImpl.invoke0(Native Method)
	at sun.reflect.NativeMethodAccessorImpl.invoke(NativeMethodAccessorImpl.java:62)
	at sun.reflect.DelegatingMethodAccessorImpl.invoke(DelegatingMethodAccessorImpl.java:43)
	at java.lang.reflect.Method.invoke(Method.java:498)
	at org.apache.catalina.startup.Bootstrap.stopServer(Bootstrap.java:408)
	at org.apache.catalina.startup.Bootstrap.main(Bootstrap.java:497)

12-Sep-2018 20:35:12.545 INFO [main] org.apache.catalina.startup.VersionLoggerListener.log Server version:        Apache Tomcat/8.5.15
12-Sep-2018 20:35:12.547 INFO [main] org.apache.catalina.startup.VersionLoggerListener.log Server built:          May 5 2017 11:03:04 UTC
12-Sep-2018 20:35:12.547 INFO [main] org.apache.catalina.startup.VersionLoggerListener.log Server number:         8.5.15.0
12-Sep-2018 20:35:12.547 INFO [main] org.apache.catalina.startup.VersionLoggerListener.log OS Name:               Windows 10
12-Sep-2018 20:35:12.547 INFO [main] org.apache.catalina.startup.VersionLoggerListener.log OS Version:            10.0
12-Sep-2018 20:35:12.547 INFO [main] org.apache.catalina.startup.VersionLoggerListener.log Architecture:          x86
12-Sep-2018 20:35:12.547 INFO [main] org.apache.catalina.startup.VersionLoggerListener.log Java Home:             C:\Program Files (x86)\Java\jdk1.8.0_121\jre
12-Sep-2018 20:35:12.548 INFO [main] org.apache.catalina.startup.VersionLoggerListener.log JVM Version:           1.8.0_121-b13
12-Sep-2018 20:35:12.548 INFO [main] org.apache.catalina.startup.VersionLoggerListener.log JVM Vendor:            Oracle Corporation
12-Sep-2018 20:35:12.548 INFO [main] org.apache.catalina.startup.VersionLoggerListener.log CATALINA_BASE:         C:\Users\Brandon\Documents\_FTC\PowerStackers5029-RobotLive
12-Sep-2018 20:35:12.548 INFO [main] org.apache.catalina.startup.VersionLoggerListener.log CATALINA_HOME:         C:\Users\Brandon\Documents\_FTC\PowerStackers5029-RobotLive
12-Sep-2018 20:35:12.548 INFO [main] org.apache.catalina.startup.VersionLoggerListener.log Command line argument: -Djava.util.logging.config.file=C:\Users\Brandon\Documents\_FTC\PowerStackers5029-RobotLive\conf\logging.properties
12-Sep-2018 20:35:12.549 INFO [main] org.apache.catalina.startup.VersionLoggerListener.log Command line argument: -Djava.util.logging.manager=org.apache.juli.ClassLoaderLogManager
12-Sep-2018 20:35:12.549 INFO [main] org.apache.catalina.startup.VersionLoggerListener.log Command line argument: -Djdk.tls.ephemeralDHKeySize=2048
12-Sep-2018 20:35:12.549 INFO [main] org.apache.catalina.startup.VersionLoggerListener.log Command line argument: -Djava.protocol.handler.pkgs=org.apache.catalina.webresources
12-Sep-2018 20:35:12.549 INFO [main] org.apache.catalina.startup.VersionLoggerListener.log Command line argument: -Dcatalina.base=C:\Users\Brandon\Documents\_FTC\PowerStackers5029-RobotLive
12-Sep-2018 20:35:12.549 INFO [main] org.apache.catalina.startup.VersionLoggerListener.log Command line argument: -Dcatalina.home=C:\Users\Brandon\Documents\_FTC\PowerStackers5029-RobotLive
12-Sep-2018 20:35:12.550 INFO [main] org.apache.catalina.startup.VersionLoggerListener.log Command line argument: -Djava.io.tmpdir=C:\Users\Brandon\Documents\_FTC\PowerStackers5029-RobotLive\temp
12-Sep-2018 20:35:12.550 INFO [main] org.apache.catalina.core.AprLifecycleListener.lifecycleEvent The APR based Apache Tomcat Native library which allows optimal performance in production environments was not found on the java.library.path: [C:\Program Files (x86)\Java\jdk1.8.0_121\bin;C:\WINDOWS\Sun\Java\bin;C:\WINDOWS\system32;C:\WINDOWS;C:\Program Files (x86)\Common Files\Oracle\Java\javapath;C:\Program Files\Microsoft MPI\Bin\;C:\Program Files (x86)\NVIDIA Corporation\PhysX\Common;C:\ProgramData\Oracle\Java\javapath;C:\WINDOWS\system32;C:\WINDOWS;C:\WINDOWS\System32\Wbem;C:\WINDOWS\System32\WindowsPowerShell\v1.0\;C:\Program Files (x86)\Skype\Phone\;C:\Program Files (x86)\Common Files\Adobe\AGL;C:\Users\Brandon\AppData\Local\Android\sdk;C:\Program Files\Microsoft SQL Server\130\Tools\Binn\;C:\Program Files\dotnet\;C:\Program Files\Git\cmd;C:\Program Files (x86)\GtkSharp\2.12\bin;C:\WINDOWS\System32\OpenSSH\;C:\Users\Brandon\AppData\Local\Microsoft\WindowsApps;;C:\Program Files\Microsoft VS Code\bin;.]
12-Sep-2018 20:35:12.632 INFO [main] org.apache.coyote.AbstractProtocol.init Initializing ProtocolHandler ["http-nio-80"]
12-Sep-2018 20:35:12.719 INFO [main] org.apache.tomcat.util.net.NioSelectorPool.getSharedSelector Using a shared selector for servlet write/read
12-Sep-2018 20:35:12.721 INFO [main] org.apache.coyote.AbstractProtocol.init Initializing ProtocolHandler ["ajp-nio-8009"]
12-Sep-2018 20:35:12.723 INFO [main] org.apache.tomcat.util.net.NioSelectorPool.getSharedSelector Using a shared selector for servlet write/read
12-Sep-2018 20:35:12.724 INFO [main] org.apache.catalina.startup.Catalina.load Initialization processed in 436 ms
12-Sep-2018 20:35:12.744 INFO [main] org.apache.catalina.core.StandardService.startInternal Starting service [Catalina]
12-Sep-2018 20:35:12.745 INFO [main] org.apache.catalina.core.StandardEngine.startInternal Starting Servlet Engine: Apache Tomcat/8.5.15
12-Sep-2018 20:35:12.764 INFO [localhost-startStop-1] org.apache.catalina.startup.HostConfig.deployWAR Deploying web application archive [C:\Users\Brandon\Documents\_FTC\PowerStackers5029-RobotLive\webapps\Live.war]
12-Sep-2018 20:35:13.030 INFO [localhost-startStop-1] org.apache.catalina.startup.HostConfig.deployWAR Deployment of web application archive [C:\Users\Brandon\Documents\_FTC\PowerStackers5029-RobotLive\webapps\Live.war] has finished in [265] ms
12-Sep-2018 20:35:13.031 INFO [localhost-startStop-1] org.apache.catalina.startup.HostConfig.deployWAR Deploying web application archive [C:\Users\Brandon\Documents\_FTC\PowerStackers5029-RobotLive\webapps\RobotLive.war]
12-Sep-2018 20:35:13.059 INFO [localhost-startStop-1] org.apache.catalina.startup.HostConfig.deployWAR Deployment of web application archive [C:\Users\Brandon\Documents\_FTC\PowerStackers5029-RobotLive\webapps\RobotLive.war] has finished in [28] ms
12-Sep-2018 20:35:13.060 INFO [localhost-startStop-1] org.apache.catalina.startup.HostConfig.deployWAR Deploying web application archive [C:\Users\Brandon\Documents\_FTC\PowerStackers5029-RobotLive\webapps\ROOT.war]
12-Sep-2018 20:35:13.062 INFO [localhost-startStop-1] org.apache.catalina.startup.ExpandWar.expand An expanded directory [C:\Users\Brandon\Documents\_FTC\PowerStackers5029-RobotLive\webapps\ROOT] was found with a last modified time that did not match the associated WAR. It will be deleted.
12-Sep-2018 20:35:13.139 INFO [localhost-startStop-1] org.apache.catalina.startup.HostConfig.deployWAR Deployment of web application archive [C:\Users\Brandon\Documents\_FTC\PowerStackers5029-RobotLive\webapps\ROOT.war] has finished in [79] ms
12-Sep-2018 20:35:13.140 INFO [localhost-startStop-1] org.apache.catalina.startup.HostConfig.deployDirectory Deploying web application directory [C:\Users\Brandon\Documents\_FTC\PowerStackers5029-RobotLive\webapps\apache]
12-Sep-2018 20:35:13.156 INFO [localhost-startStop-1] org.apache.catalina.startup.HostConfig.deployDirectory Deployment of web application directory [C:\Users\Brandon\Documents\_FTC\PowerStackers5029-RobotLive\webapps\apache] has finished in [16] ms
12-Sep-2018 20:35:13.156 INFO [localhost-startStop-1] org.apache.catalina.startup.HostConfig.deployDirectory Deploying web application directory [C:\Users\Brandon\Documents\_FTC\PowerStackers5029-RobotLive\webapps\docs]
12-Sep-2018 20:35:13.171 INFO [localhost-startStop-1] org.apache.catalina.startup.HostConfig.deployDirectory Deployment of web application directory [C:\Users\Brandon\Documents\_FTC\PowerStackers5029-RobotLive\webapps\docs] has finished in [15] ms
12-Sep-2018 20:35:13.172 INFO [localhost-startStop-1] org.apache.catalina.startup.HostConfig.deployDirectory Deploying web application directory [C:\Users\Brandon\Documents\_FTC\PowerStackers5029-RobotLive\webapps\examples]
12-Sep-2018 20:35:13.405 INFO [localhost-startStop-1] org.apache.catalina.startup.HostConfig.deployDirectory Deployment of web application directory [C:\Users\Brandon\Documents\_FTC\PowerStackers5029-RobotLive\webapps\examples] has finished in [233] ms
12-Sep-2018 20:35:13.406 INFO [localhost-startStop-1] org.apache.catalina.startup.HostConfig.deployDirectory Deploying web application directory [C:\Users\Brandon\Documents\_FTC\PowerStackers5029-RobotLive\webapps\host-manager]
12-Sep-2018 20:35:13.425 INFO [localhost-startStop-1] org.apache.catalina.startup.HostConfig.deployDirectory Deployment of web application directory [C:\Users\Brandon\Documents\_FTC\PowerStackers5029-RobotLive\webapps\host-manager] has finished in [19] ms
12-Sep-2018 20:35:13.426 INFO [localhost-startStop-1] org.apache.catalina.startup.HostConfig.deployDirectory Deploying web application directory [C:\Users\Brandon\Documents\_FTC\PowerStackers5029-RobotLive\webapps\manager]
12-Sep-2018 20:35:13.444 INFO [localhost-startStop-1] org.apache.catalina.startup.HostConfig.deployDirectory Deployment of web application directory [C:\Users\Brandon\Documents\_FTC\PowerStackers5029-RobotLive\webapps\manager] has finished in [18] ms
12-Sep-2018 20:35:13.447 INFO [main] org.apache.coyote.AbstractProtocol.start Starting ProtocolHandler ["http-nio-80"]
12-Sep-2018 20:35:13.455 INFO [main] org.apache.coyote.AbstractProtocol.start Starting ProtocolHandler ["ajp-nio-8009"]
12-Sep-2018 20:35:13.457 INFO [main] org.apache.catalina.startup.Catalina.start Server startup in 733 ms
12-Sep-2018 20:35:38.375 INFO [main] org.apache.catalina.core.StandardServer.await A valid shutdown command was received via the shutdown port. Stopping the Server instance.
12-Sep-2018 20:35:38.376 INFO [main] org.apache.coyote.AbstractProtocol.pause Pausing ProtocolHandler ["http-nio-80"]
12-Sep-2018 20:35:38.426 INFO [main] org.apache.coyote.AbstractProtocol.pause Pausing ProtocolHandler ["ajp-nio-8009"]
12-Sep-2018 20:35:38.459 INFO [main] org.apache.catalina.core.StandardService.stopInternal Stopping service [Catalina]
12-Sep-2018 20:35:38.484 INFO [main] org.apache.coyote.AbstractProtocol.stop Stopping ProtocolHandler ["http-nio-80"]
12-Sep-2018 20:35:38.485 INFO [main] org.apache.coyote.AbstractProtocol.stop Stopping ProtocolHandler ["ajp-nio-8009"]
12-Sep-2018 20:35:38.487 INFO [main] org.apache.coyote.AbstractProtocol.destroy Destroying ProtocolHandler ["http-nio-80"]
12-Sep-2018 20:35:38.488 INFO [main] org.apache.coyote.AbstractProtocol.destroy Destroying ProtocolHandler ["ajp-nio-8009"]
12-Sep-2018 20:35:40.232 INFO [main] org.apache.catalina.startup.VersionLoggerListener.log Server version:        Apache Tomcat/8.5.15
12-Sep-2018 20:35:40.234 INFO [main] org.apache.catalina.startup.VersionLoggerListener.log Server built:          May 5 2017 11:03:04 UTC
12-Sep-2018 20:35:40.234 INFO [main] org.apache.catalina.startup.VersionLoggerListener.log Server number:         8.5.15.0
12-Sep-2018 20:35:40.234 INFO [main] org.apache.catalina.startup.VersionLoggerListener.log OS Name:               Windows 10
12-Sep-2018 20:35:40.234 INFO [main] org.apache.catalina.startup.VersionLoggerListener.log OS Version:            10.0
12-Sep-2018 20:35:40.235 INFO [main] org.apache.catalina.startup.VersionLoggerListener.log Architecture:          x86
12-Sep-2018 20:35:40.235 INFO [main] org.apache.catalina.startup.VersionLoggerListener.log Java Home:             C:\Program Files (x86)\Java\jdk1.8.0_121\jre
12-Sep-2018 20:35:40.235 INFO [main] org.apache.catalina.startup.VersionLoggerListener.log JVM Version:           1.8.0_121-b13
12-Sep-2018 20:35:40.235 INFO [main] org.apache.catalina.startup.VersionLoggerListener.log JVM Vendor:            Oracle Corporation
12-Sep-2018 20:35:40.235 INFO [main] org.apache.catalina.startup.VersionLoggerListener.log CATALINA_BASE:         C:\Users\Brandon\Documents\_FTC\PowerStackers5029-RobotLive
12-Sep-2018 20:35:40.236 INFO [main] org.apache.catalina.startup.VersionLoggerListener.log CATALINA_HOME:         C:\Users\Brandon\Documents\_FTC\PowerStackers5029-RobotLive
12-Sep-2018 20:35:40.236 INFO [main] org.apache.catalina.startup.VersionLoggerListener.log Command line argument: -Djava.util.logging.config.file=C:\Users\Brandon\Documents\_FTC\PowerStackers5029-RobotLive\conf\logging.properties
12-Sep-2018 20:35:40.236 INFO [main] org.apache.catalina.startup.VersionLoggerListener.log Command line argument: -Djava.util.logging.manager=org.apache.juli.ClassLoaderLogManager
12-Sep-2018 20:35:40.236 INFO [main] org.apache.catalina.startup.VersionLoggerListener.log Command line argument: -Djdk.tls.ephemeralDHKeySize=2048
12-Sep-2018 20:35:40.236 INFO [main] org.apache.catalina.startup.VersionLoggerListener.log Command line argument: -Djava.protocol.handler.pkgs=org.apache.catalina.webresources
12-Sep-2018 20:35:40.236 INFO [main] org.apache.catalina.startup.VersionLoggerListener.log Command line argument: -Dcatalina.base=C:\Users\Brandon\Documents\_FTC\PowerStackers5029-RobotLive
12-Sep-2018 20:35:40.237 INFO [main] org.apache.catalina.startup.VersionLoggerListener.log Command line argument: -Dcatalina.home=C:\Users\Brandon\Documents\_FTC\PowerStackers5029-RobotLive
12-Sep-2018 20:35:40.237 INFO [main] org.apache.catalina.startup.VersionLoggerListener.log Command line argument: -Djava.io.tmpdir=C:\Users\Brandon\Documents\_FTC\PowerStackers5029-RobotLive\temp
12-Sep-2018 20:35:40.237 INFO [main] org.apache.catalina.core.AprLifecycleListener.lifecycleEvent The APR based Apache Tomcat Native library which allows optimal performance in production environments was not found on the java.library.path: [C:\Program Files (x86)\Java\jdk1.8.0_121\bin;C:\WINDOWS\Sun\Java\bin;C:\WINDOWS\system32;C:\WINDOWS;C:\Program Files (x86)\Common Files\Oracle\Java\javapath;C:\Program Files\Microsoft MPI\Bin\;C:\Program Files (x86)\NVIDIA Corporation\PhysX\Common;C:\ProgramData\Oracle\Java\javapath;C:\WINDOWS\system32;C:\WINDOWS;C:\WINDOWS\System32\Wbem;C:\WINDOWS\System32\WindowsPowerShell\v1.0\;C:\Program Files (x86)\Skype\Phone\;C:\Program Files (x86)\Common Files\Adobe\AGL;C:\Users\Brandon\AppData\Local\Android\sdk;C:\Program Files\Microsoft SQL Server\130\Tools\Binn\;C:\Program Files\dotnet\;C:\Program Files\Git\cmd;C:\Program Files (x86)\GtkSharp\2.12\bin;C:\WINDOWS\System32\OpenSSH\;C:\Users\Brandon\AppData\Local\Microsoft\WindowsApps;;C:\Program Files\Microsoft VS Code\bin;.]
12-Sep-2018 20:35:40.318 INFO [main] org.apache.coyote.AbstractProtocol.init Initializing ProtocolHandler ["http-nio-80"]
12-Sep-2018 20:35:40.405 INFO [main] org.apache.tomcat.util.net.NioSelectorPool.getSharedSelector Using a shared selector for servlet write/read
12-Sep-2018 20:35:40.407 INFO [main] org.apache.coyote.AbstractProtocol.init Initializing ProtocolHandler ["ajp-nio-8009"]
12-Sep-2018 20:35:40.409 INFO [main] org.apache.tomcat.util.net.NioSelectorPool.getSharedSelector Using a shared selector for servlet write/read
12-Sep-2018 20:35:40.410 INFO [main] org.apache.catalina.startup.Catalina.load Initialization processed in 425 ms
12-Sep-2018 20:35:40.429 INFO [main] org.apache.catalina.core.StandardService.startInternal Starting service [Catalina]
12-Sep-2018 20:35:40.430 INFO [main] org.apache.catalina.core.StandardEngine.startInternal Starting Servlet Engine: Apache Tomcat/8.5.15
12-Sep-2018 20:35:40.448 INFO [localhost-startStop-1] org.apache.catalina.startup.HostConfig.deployWAR Deploying web application archive [C:\Users\Brandon\Documents\_FTC\PowerStackers5029-RobotLive\webapps\Live.war]
12-Sep-2018 20:35:40.714 INFO [localhost-startStop-1] org.apache.catalina.startup.HostConfig.deployWAR Deployment of web application archive [C:\Users\Brandon\Documents\_FTC\PowerStackers5029-RobotLive\webapps\Live.war] has finished in [265] ms
12-Sep-2018 20:35:40.717 INFO [localhost-startStop-1] org.apache.catalina.startup.HostConfig.deployWAR Deploying web application archive [C:\Users\Brandon\Documents\_FTC\PowerStackers5029-RobotLive\webapps\RobotLive.war]
12-Sep-2018 20:35:40.743 INFO [localhost-startStop-1] org.apache.catalina.startup.HostConfig.deployWAR Deployment of web application archive [C:\Users\Brandon\Documents\_FTC\PowerStackers5029-RobotLive\webapps\RobotLive.war] has finished in [26] ms
12-Sep-2018 20:35:40.744 INFO [localhost-startStop-1] org.apache.catalina.startup.HostConfig.deployWAR Deploying web application archive [C:\Users\Brandon\Documents\_FTC\PowerStackers5029-RobotLive\webapps\ROOT.war]
12-Sep-2018 20:35:40.746 INFO [localhost-startStop-1] org.apache.catalina.startup.ExpandWar.expand An expanded directory [C:\Users\Brandon\Documents\_FTC\PowerStackers5029-RobotLive\webapps\ROOT] was found with a last modified time that did not match the associated WAR. It will be deleted.
12-Sep-2018 20:35:40.814 INFO [localhost-startStop-1] org.apache.catalina.startup.HostConfig.deployWAR Deployment of web application archive [C:\Users\Brandon\Documents\_FTC\PowerStackers5029-RobotLive\webapps\ROOT.war] has finished in [70] ms
12-Sep-2018 20:35:40.815 INFO [localhost-startStop-1] org.apache.catalina.startup.HostConfig.deployDirectory Deploying web application directory [C:\Users\Brandon\Documents\_FTC\PowerStackers5029-RobotLive\webapps\apache]
12-Sep-2018 20:35:40.829 INFO [localhost-startStop-1] org.apache.catalina.startup.HostConfig.deployDirectory Deployment of web application directory [C:\Users\Brandon\Documents\_FTC\PowerStackers5029-RobotLive\webapps\apache] has finished in [14] ms
12-Sep-2018 20:35:40.830 INFO [localhost-startStop-1] org.apache.catalina.startup.HostConfig.deployDirectory Deploying web application directory [C:\Users\Brandon\Documents\_FTC\PowerStackers5029-RobotLive\webapps\docs]
12-Sep-2018 20:35:40.844 INFO [localhost-startStop-1] org.apache.catalina.startup.HostConfig.deployDirectory Deployment of web application directory [C:\Users\Brandon\Documents\_FTC\PowerStackers5029-RobotLive\webapps\docs] has finished in [15] ms
12-Sep-2018 20:35:40.845 INFO [localhost-startStop-1] org.apache.catalina.startup.HostConfig.deployDirectory Deploying web application directory [C:\Users\Brandon\Documents\_FTC\PowerStackers5029-RobotLive\webapps\examples]
12-Sep-2018 20:35:41.062 INFO [localhost-startStop-1] org.apache.catalina.startup.HostConfig.deployDirectory Deployment of web application directory [C:\Users\Brandon\Documents\_FTC\PowerStackers5029-RobotLive\webapps\examples] has finished in [217] ms
12-Sep-2018 20:35:41.062 INFO [localhost-startStop-1] org.apache.catalina.startup.HostConfig.deployDirectory Deploying web application directory [C:\Users\Brandon\Documents\_FTC\PowerStackers5029-RobotLive\webapps\host-manager]
12-Sep-2018 20:35:41.081 INFO [localhost-startStop-1] org.apache.catalina.startup.HostConfig.deployDirectory Deployment of web application directory [C:\Users\Brandon\Documents\_FTC\PowerStackers5029-RobotLive\webapps\host-manager] has finished in [19] ms
12-Sep-2018 20:35:41.082 INFO [localhost-startStop-1] org.apache.catalina.startup.HostConfig.deployDirectory Deploying web application directory [C:\Users\Brandon\Documents\_FTC\PowerStackers5029-RobotLive\webapps\manager]
12-Sep-2018 20:35:41.098 INFO [localhost-startStop-1] org.apache.catalina.startup.HostConfig.deployDirectory Deployment of web application directory [C:\Users\Brandon\Documents\_FTC\PowerStackers5029-RobotLive\webapps\manager] has finished in [16] ms
12-Sep-2018 20:35:41.101 INFO [main] org.apache.coyote.AbstractProtocol.start Starting ProtocolHandler ["http-nio-80"]
12-Sep-2018 20:35:41.109 INFO [main] org.apache.coyote.AbstractProtocol.start Starting ProtocolHandler ["ajp-nio-8009"]
12-Sep-2018 20:35:41.111 INFO [main] org.apache.catalina.startup.Catalina.start Server startup in 701 ms
12-Sep-2018 20:45:00.447 INFO [main] org.apache.catalina.core.StandardServer.await A valid shutdown command was received via the shutdown port. Stopping the Server instance.
12-Sep-2018 20:45:00.449 INFO [main] org.apache.coyote.AbstractProtocol.pause Pausing ProtocolHandler ["http-nio-80"]
12-Sep-2018 20:45:00.503 INFO [main] org.apache.coyote.AbstractProtocol.pause Pausing ProtocolHandler ["ajp-nio-8009"]
12-Sep-2018 20:45:00.541 INFO [main] org.apache.catalina.core.StandardService.stopInternal Stopping service [Catalina]
12-Sep-2018 20:45:00.570 INFO [main] org.apache.coyote.AbstractProtocol.stop Stopping ProtocolHandler ["http-nio-80"]
12-Sep-2018 20:45:00.572 INFO [main] org.apache.coyote.AbstractProtocol.stop Stopping ProtocolHandler ["ajp-nio-8009"]
12-Sep-2018 20:45:00.575 INFO [main] org.apache.coyote.AbstractProtocol.destroy Destroying ProtocolHandler ["http-nio-80"]
12-Sep-2018 20:45:00.575 INFO [main] org.apache.coyote.AbstractProtocol.destroy Destroying ProtocolHandler ["ajp-nio-8009"]
