09-Sep-2018 15:48:08.933 INFO [main] org.apache.catalina.startup.VersionLoggerListener.log Server version:        Apache Tomcat/8.5.15
09-Sep-2018 15:48:08.949 INFO [main] org.apache.catalina.startup.VersionLoggerListener.log Server built:          May 5 2017 11:03:04 UTC
09-Sep-2018 15:48:08.950 INFO [main] org.apache.catalina.startup.VersionLoggerListener.log Server number:         8.5.15.0
09-Sep-2018 15:48:08.950 INFO [main] org.apache.catalina.startup.VersionLoggerListener.log OS Name:               Windows 10
09-Sep-2018 15:48:08.950 INFO [main] org.apache.catalina.startup.VersionLoggerListener.log OS Version:            10.0
09-Sep-2018 15:48:08.950 INFO [main] org.apache.catalina.startup.VersionLoggerListener.log Architecture:          x86
09-Sep-2018 15:48:08.950 INFO [main] org.apache.catalina.startup.VersionLoggerListener.log Java Home:             C:\Program Files (x86)\Java\jdk1.8.0_121\jre
09-Sep-2018 15:48:08.951 INFO [main] org.apache.catalina.startup.VersionLoggerListener.log JVM Version:           1.8.0_121-b13
09-Sep-2018 15:48:08.951 INFO [main] org.apache.catalina.startup.VersionLoggerListener.log JVM Vendor:            Oracle Corporation
09-Sep-2018 15:48:08.951 INFO [main] org.apache.catalina.startup.VersionLoggerListener.log CATALINA_BASE:         C:\Users\Brandon\Documents\_FTC\PowerStackers5029-RobotLive
09-Sep-2018 15:48:08.951 INFO [main] org.apache.catalina.startup.VersionLoggerListener.log CATALINA_HOME:         C:\Users\Brandon\Documents\_FTC\PowerStackers5029-RobotLive
09-Sep-2018 15:48:08.952 INFO [main] org.apache.catalina.startup.VersionLoggerListener.log Command line argument: -Djava.util.logging.config.file=C:\Users\Brandon\Documents\_FTC\PowerStackers5029-RobotLive\conf\logging.properties
09-Sep-2018 15:48:08.952 INFO [main] org.apache.catalina.startup.VersionLoggerListener.log Command line argument: -Djava.util.logging.manager=org.apache.juli.ClassLoaderLogManager
09-Sep-2018 15:48:08.952 INFO [main] org.apache.catalina.startup.VersionLoggerListener.log Command line argument: -Djdk.tls.ephemeralDHKeySize=2048
09-Sep-2018 15:48:08.952 INFO [main] org.apache.catalina.startup.VersionLoggerListener.log Command line argument: -Djava.protocol.handler.pkgs=org.apache.catalina.webresources
09-Sep-2018 15:48:08.952 INFO [main] org.apache.catalina.startup.VersionLoggerListener.log Command line argument: -Dcatalina.base=C:\Users\Brandon\Documents\_FTC\PowerStackers5029-RobotLive
09-Sep-2018 15:48:08.952 INFO [main] org.apache.catalina.startup.VersionLoggerListener.log Command line argument: -Dcatalina.home=C:\Users\Brandon\Documents\_FTC\PowerStackers5029-RobotLive
09-Sep-2018 15:48:08.953 INFO [main] org.apache.catalina.startup.VersionLoggerListener.log Command line argument: -Djava.io.tmpdir=C:\Users\Brandon\Documents\_FTC\PowerStackers5029-RobotLive\temp
09-Sep-2018 15:48:08.954 INFO [main] org.apache.catalina.core.AprLifecycleListener.lifecycleEvent The APR based Apache Tomcat Native library which allows optimal performance in production environments was not found on the java.library.path: [C:\Program Files (x86)\Java\jdk1.8.0_121\bin;C:\WINDOWS\Sun\Java\bin;C:\WINDOWS\system32;C:\WINDOWS;C:\Program Files (x86)\Common Files\Oracle\Java\javapath;C:\Program Files\Microsoft MPI\Bin\;C:\Program Files (x86)\NVIDIA Corporation\PhysX\Common;C:\ProgramData\Oracle\Java\javapath;C:\WINDOWS\system32;C:\WINDOWS;C:\WINDOWS\System32\Wbem;C:\WINDOWS\System32\WindowsPowerShell\v1.0\;C:\Program Files (x86)\Skype\Phone\;C:\Program Files (x86)\Common Files\Adobe\AGL;C:\Users\Brandon\AppData\Local\Android\sdk;C:\Program Files\Microsoft SQL Server\130\Tools\Binn\;C:\Program Files\dotnet\;C:\Program Files\Git\cmd;C:\Program Files (x86)\GtkSharp\2.12\bin;C:\WINDOWS\System32\OpenSSH\;C:\Users\Brandon\AppData\Local\Microsoft\WindowsApps;;C:\Program Files\Microsoft VS Code\bin;.]
09-Sep-2018 15:48:09.490 INFO [main] org.apache.coyote.AbstractProtocol.init Initializing ProtocolHandler ["http-nio-80"]
09-Sep-2018 15:48:09.623 INFO [main] org.apache.tomcat.util.net.NioSelectorPool.getSharedSelector Using a shared selector for servlet write/read
09-Sep-2018 15:48:09.625 INFO [main] org.apache.coyote.AbstractProtocol.init Initializing ProtocolHandler ["ajp-nio-8009"]
09-Sep-2018 15:48:09.627 INFO [main] org.apache.tomcat.util.net.NioSelectorPool.getSharedSelector Using a shared selector for servlet write/read
09-Sep-2018 15:48:09.628 INFO [main] org.apache.catalina.startup.Catalina.load Initialization processed in 1078 ms
09-Sep-2018 15:48:09.663 INFO [main] org.apache.catalina.core.StandardService.startInternal Starting service [Catalina]
09-Sep-2018 15:48:09.664 INFO [main] org.apache.catalina.core.StandardEngine.startInternal Starting Servlet Engine: Apache Tomcat/8.5.15
09-Sep-2018 15:48:09.773 INFO [localhost-startStop-1] org.apache.catalina.startup.HostConfig.deployWAR Deploying web application archive [C:\Users\Brandon\Documents\_FTC\PowerStackers5029-RobotLive\webapps\Live.war]
09-Sep-2018 15:48:10.183 INFO [localhost-startStop-1] org.apache.catalina.startup.HostConfig.deployWAR Deployment of web application archive [C:\Users\Brandon\Documents\_FTC\PowerStackers5029-RobotLive\webapps\Live.war] has finished in [409] ms
09-Sep-2018 15:48:10.245 INFO [localhost-startStop-1] org.apache.catalina.startup.HostConfig.deployWAR Deploying web application archive [C:\Users\Brandon\Documents\_FTC\PowerStackers5029-RobotLive\webapps\RobotLive.war]
09-Sep-2018 15:48:10.280 INFO [localhost-startStop-1] org.apache.catalina.startup.HostConfig.deployWAR Deployment of web application archive [C:\Users\Brandon\Documents\_FTC\PowerStackers5029-RobotLive\webapps\RobotLive.war] has finished in [35] ms
09-Sep-2018 15:48:10.387 INFO [localhost-startStop-1] org.apache.catalina.startup.HostConfig.deployWAR Deploying web application archive [C:\Users\Brandon\Documents\_FTC\PowerStackers5029-RobotLive\webapps\ROOT.war]
09-Sep-2018 15:48:10.460 INFO [localhost-startStop-1] org.apache.catalina.startup.HostConfig.deployWAR Deployment of web application archive [C:\Users\Brandon\Documents\_FTC\PowerStackers5029-RobotLive\webapps\ROOT.war] has finished in [73] ms
09-Sep-2018 15:48:10.462 INFO [localhost-startStop-1] org.apache.catalina.startup.HostConfig.deployDirectory Deploying web application directory [C:\Users\Brandon\Documents\_FTC\PowerStackers5029-RobotLive\webapps\apache]
09-Sep-2018 15:48:10.484 INFO [localhost-startStop-1] org.apache.catalina.startup.HostConfig.deployDirectory Deployment of web application directory [C:\Users\Brandon\Documents\_FTC\PowerStackers5029-RobotLive\webapps\apache] has finished in [22] ms
09-Sep-2018 15:48:10.485 INFO [localhost-startStop-1] org.apache.catalina.startup.HostConfig.deployDirectory Deploying web application directory [C:\Users\Brandon\Documents\_FTC\PowerStackers5029-RobotLive\webapps\docs]
09-Sep-2018 15:48:10.505 INFO [localhost-startStop-1] org.apache.catalina.startup.HostConfig.deployDirectory Deployment of web application directory [C:\Users\Brandon\Documents\_FTC\PowerStackers5029-RobotLive\webapps\docs] has finished in [20] ms
09-Sep-2018 15:48:10.506 INFO [localhost-startStop-1] org.apache.catalina.startup.HostConfig.deployDirectory Deploying web application directory [C:\Users\Brandon\Documents\_FTC\PowerStackers5029-RobotLive\webapps\examples]
09-Sep-2018 15:48:11.212 INFO [localhost-startStop-1] org.apache.catalina.startup.HostConfig.deployDirectory Deployment of web application directory [C:\Users\Brandon\Documents\_FTC\PowerStackers5029-RobotLive\webapps\examples] has finished in [706] ms
09-Sep-2018 15:48:11.213 INFO [localhost-startStop-1] org.apache.catalina.startup.HostConfig.deployDirectory Deploying web application directory [C:\Users\Brandon\Documents\_FTC\PowerStackers5029-RobotLive\webapps\host-manager]
09-Sep-2018 15:48:11.238 INFO [localhost-startStop-1] org.apache.catalina.startup.HostConfig.deployDirectory Deployment of web application directory [C:\Users\Brandon\Documents\_FTC\PowerStackers5029-RobotLive\webapps\host-manager] has finished in [24] ms
09-Sep-2018 15:48:11.239 INFO [localhost-startStop-1] org.apache.catalina.startup.HostConfig.deployDirectory Deploying web application directory [C:\Users\Brandon\Documents\_FTC\PowerStackers5029-RobotLive\webapps\manager]
09-Sep-2018 15:48:11.264 INFO [localhost-startStop-1] org.apache.catalina.startup.HostConfig.deployDirectory Deployment of web application directory [C:\Users\Brandon\Documents\_FTC\PowerStackers5029-RobotLive\webapps\manager] has finished in [25] ms
09-Sep-2018 15:48:11.267 INFO [main] org.apache.coyote.AbstractProtocol.start Starting ProtocolHandler ["http-nio-80"]
09-Sep-2018 15:48:11.274 INFO [main] org.apache.coyote.AbstractProtocol.start Starting ProtocolHandler ["ajp-nio-8009"]
09-Sep-2018 15:48:11.276 INFO [main] org.apache.catalina.startup.Catalina.start Server startup in 1648 ms
