27-Aug-2018 16:18:34.842 INFO [main] org.apache.catalina.startup.VersionLoggerListener.log Server version:        Apache Tomcat/8.5.15
27-Aug-2018 16:18:34.858 INFO [main] org.apache.catalina.startup.VersionLoggerListener.log Server built:          May 5 2017 11:03:04 UTC
27-Aug-2018 16:18:34.858 INFO [main] org.apache.catalina.startup.VersionLoggerListener.log Server number:         8.5.15.0
27-Aug-2018 16:18:34.858 INFO [main] org.apache.catalina.startup.VersionLoggerListener.log OS Name:               Windows 10
27-Aug-2018 16:18:34.858 INFO [main] org.apache.catalina.startup.VersionLoggerListener.log OS Version:            10.0
27-Aug-2018 16:18:34.859 INFO [main] org.apache.catalina.startup.VersionLoggerListener.log Architecture:          x86
27-Aug-2018 16:18:34.859 INFO [main] org.apache.catalina.startup.VersionLoggerListener.log Java Home:             C:\Program Files (x86)\Java\jdk1.8.0_121\jre
27-Aug-2018 16:18:34.859 INFO [main] org.apache.catalina.startup.VersionLoggerListener.log JVM Version:           1.8.0_121-b13
27-Aug-2018 16:18:34.859 INFO [main] org.apache.catalina.startup.VersionLoggerListener.log JVM Vendor:            Oracle Corporation
27-Aug-2018 16:18:34.859 INFO [main] org.apache.catalina.startup.VersionLoggerListener.log CATALINA_BASE:         C:\Users\Brandon\Documents\Tomcat
27-Aug-2018 16:18:34.860 INFO [main] org.apache.catalina.startup.VersionLoggerListener.log CATALINA_HOME:         C:\Users\Brandon\Documents\Tomcat
27-Aug-2018 16:18:34.860 INFO [main] org.apache.catalina.startup.VersionLoggerListener.log Command line argument: -Djava.util.logging.config.file=C:\Users\Brandon\Documents\Tomcat\conf\logging.properties
27-Aug-2018 16:18:34.860 INFO [main] org.apache.catalina.startup.VersionLoggerListener.log Command line argument: -Djava.util.logging.manager=org.apache.juli.ClassLoaderLogManager
27-Aug-2018 16:18:34.860 INFO [main] org.apache.catalina.startup.VersionLoggerListener.log Command line argument: -Djdk.tls.ephemeralDHKeySize=2048
27-Aug-2018 16:18:34.860 INFO [main] org.apache.catalina.startup.VersionLoggerListener.log Command line argument: -Djava.protocol.handler.pkgs=org.apache.catalina.webresources
27-Aug-2018 16:18:34.860 INFO [main] org.apache.catalina.startup.VersionLoggerListener.log Command line argument: -Dcatalina.base=C:\Users\Brandon\Documents\Tomcat
27-Aug-2018 16:18:34.860 INFO [main] org.apache.catalina.startup.VersionLoggerListener.log Command line argument: -Dcatalina.home=C:\Users\Brandon\Documents\Tomcat
27-Aug-2018 16:18:34.861 INFO [main] org.apache.catalina.startup.VersionLoggerListener.log Command line argument: -Djava.io.tmpdir=C:\Users\Brandon\Documents\Tomcat\temp
27-Aug-2018 16:18:34.861 INFO [main] org.apache.catalina.core.AprLifecycleListener.lifecycleEvent The APR based Apache Tomcat Native library which allows optimal performance in production environments was not found on the java.library.path: [C:\Program Files (x86)\Java\jdk1.8.0_121\bin;C:\WINDOWS\Sun\Java\bin;C:\WINDOWS\system32;C:\WINDOWS;C:\Program Files (x86)\Common Files\Oracle\Java\javapath;C:\Program Files\Microsoft MPI\Bin\;C:\Program Files (x86)\NVIDIA Corporation\PhysX\Common;C:\ProgramData\Oracle\Java\javapath;C:\WINDOWS\system32;C:\WINDOWS;C:\WINDOWS\System32\Wbem;C:\WINDOWS\System32\WindowsPowerShell\v1.0\;C:\Program Files (x86)\Skype\Phone\;C:\Program Files (x86)\Common Files\Adobe\AGL;C:\Users\Brandon\AppData\Local\Android\sdk;C:\Program Files\Microsoft SQL Server\130\Tools\Binn\;C:\Program Files\dotnet\;C:\Program Files\Git\cmd;C:\Program Files (x86)\GtkSharp\2.12\bin;C:\WINDOWS\System32\OpenSSH\;C:\Users\Brandon\AppData\Local\Microsoft\WindowsApps;;C:\Program Files\Microsoft VS Code\bin;.]
27-Aug-2018 16:18:35.354 INFO [main] org.apache.coyote.AbstractProtocol.init Initializing ProtocolHandler ["http-nio-80"]
27-Aug-2018 16:18:35.467 INFO [main] org.apache.tomcat.util.net.NioSelectorPool.getSharedSelector Using a shared selector for servlet write/read
27-Aug-2018 16:18:35.471 INFO [main] org.apache.coyote.AbstractProtocol.init Initializing ProtocolHandler ["ajp-nio-8009"]
27-Aug-2018 16:18:35.472 INFO [main] org.apache.tomcat.util.net.NioSelectorPool.getSharedSelector Using a shared selector for servlet write/read
27-Aug-2018 16:18:35.473 INFO [main] org.apache.catalina.startup.Catalina.load Initialization processed in 966 ms
27-Aug-2018 16:18:35.505 INFO [main] org.apache.catalina.core.StandardService.startInternal Starting service [Catalina]
27-Aug-2018 16:18:35.505 INFO [main] org.apache.catalina.core.StandardEngine.startInternal Starting Servlet Engine: Apache Tomcat/8.5.15
27-Aug-2018 16:18:35.603 INFO [localhost-startStop-1] org.apache.catalina.startup.HostConfig.deployWAR Deploying web application archive [C:\Users\Brandon\Documents\Tomcat\webapps\Live.war]
27-Aug-2018 16:18:35.976 INFO [localhost-startStop-1] org.apache.catalina.startup.HostConfig.deployWAR Deployment of web application archive [C:\Users\Brandon\Documents\Tomcat\webapps\Live.war] has finished in [373] ms
27-Aug-2018 16:18:35.977 INFO [localhost-startStop-1] org.apache.catalina.startup.HostConfig.deployWAR Deploying web application archive [C:\Users\Brandon\Documents\Tomcat\webapps\RobotLive.war]
27-Aug-2018 16:18:36.014 INFO [localhost-startStop-1] org.apache.catalina.startup.HostConfig.deployWAR Deployment of web application archive [C:\Users\Brandon\Documents\Tomcat\webapps\RobotLive.war] has finished in [37] ms
27-Aug-2018 16:18:36.015 INFO [localhost-startStop-1] org.apache.catalina.startup.HostConfig.deployWAR Deploying web application archive [C:\Users\Brandon\Documents\Tomcat\webapps\ROOT.war]
27-Aug-2018 16:18:36.018 INFO [localhost-startStop-1] org.apache.catalina.startup.ExpandWar.expand An expanded directory [C:\Users\Brandon\Documents\Tomcat\webapps\ROOT] was found with a last modified time that did not match the associated WAR. It will be deleted.
27-Aug-2018 16:18:36.063 INFO [localhost-startStop-1] org.apache.catalina.startup.HostConfig.deployWAR Deployment of web application archive [C:\Users\Brandon\Documents\Tomcat\webapps\ROOT.war] has finished in [48] ms
27-Aug-2018 16:18:36.064 INFO [localhost-startStop-1] org.apache.catalina.startup.HostConfig.deployDirectory Deploying web application directory [C:\Users\Brandon\Documents\Tomcat\webapps\apache]
27-Aug-2018 16:18:36.089 INFO [localhost-startStop-1] org.apache.catalina.startup.HostConfig.deployDirectory Deployment of web application directory [C:\Users\Brandon\Documents\Tomcat\webapps\apache] has finished in [25] ms
27-Aug-2018 16:18:36.090 INFO [localhost-startStop-1] org.apache.catalina.startup.HostConfig.deployDirectory Deploying web application directory [C:\Users\Brandon\Documents\Tomcat\webapps\docs]
27-Aug-2018 16:18:36.109 INFO [localhost-startStop-1] org.apache.catalina.startup.HostConfig.deployDirectory Deployment of web application directory [C:\Users\Brandon\Documents\Tomcat\webapps\docs] has finished in [20] ms
27-Aug-2018 16:18:36.109 INFO [localhost-startStop-1] org.apache.catalina.startup.HostConfig.deployDirectory Deploying web application directory [C:\Users\Brandon\Documents\Tomcat\webapps\examples]
27-Aug-2018 16:18:37.061 INFO [localhost-startStop-1] org.apache.catalina.startup.HostConfig.deployDirectory Deployment of web application directory [C:\Users\Brandon\Documents\Tomcat\webapps\examples] has finished in [952] ms
27-Aug-2018 16:18:37.062 INFO [localhost-startStop-1] org.apache.catalina.startup.HostConfig.deployDirectory Deploying web application directory [C:\Users\Brandon\Documents\Tomcat\webapps\host-manager]
27-Aug-2018 16:18:37.090 INFO [localhost-startStop-1] org.apache.catalina.startup.HostConfig.deployDirectory Deployment of web application directory [C:\Users\Brandon\Documents\Tomcat\webapps\host-manager] has finished in [29] ms
27-Aug-2018 16:18:37.090 INFO [localhost-startStop-1] org.apache.catalina.startup.HostConfig.deployDirectory Deploying web application directory [C:\Users\Brandon\Documents\Tomcat\webapps\manager]
27-Aug-2018 16:18:37.117 INFO [localhost-startStop-1] org.apache.catalina.startup.HostConfig.deployDirectory Deployment of web application directory [C:\Users\Brandon\Documents\Tomcat\webapps\manager] has finished in [26] ms
27-Aug-2018 16:18:37.119 INFO [main] org.apache.coyote.AbstractProtocol.start Starting ProtocolHandler ["http-nio-80"]
27-Aug-2018 16:18:37.127 INFO [main] org.apache.coyote.AbstractProtocol.start Starting ProtocolHandler ["ajp-nio-8009"]
27-Aug-2018 16:18:37.130 INFO [main] org.apache.catalina.startup.Catalina.start Server startup in 1656 ms
27-Aug-2018 16:22:37.352 INFO [ContainerBackgroundProcessor[StandardEngine[Catalina]]] org.apache.catalina.startup.HostConfig.undeploy Undeploying context []
27-Aug-2018 16:22:37.407 INFO [localhost-startStop-2] org.apache.catalina.startup.HostConfig.deployWAR Deploying web application archive [C:\Users\Brandon\Documents\Tomcat\webapps\ROOT.war]
27-Aug-2018 16:22:37.450 INFO [localhost-startStop-2] org.apache.catalina.startup.HostConfig.deployWAR Deployment of web application archive [C:\Users\Brandon\Documents\Tomcat\webapps\ROOT.war] has finished in [43] ms
27-Aug-2018 16:22:42.779 INFO [main] org.apache.catalina.core.StandardServer.await A valid shutdown command was received via the shutdown port. Stopping the Server instance.
27-Aug-2018 16:22:42.779 INFO [main] org.apache.coyote.AbstractProtocol.pause Pausing ProtocolHandler ["http-nio-80"]
27-Aug-2018 16:22:42.834 INFO [main] org.apache.coyote.AbstractProtocol.pause Pausing ProtocolHandler ["ajp-nio-8009"]
27-Aug-2018 16:22:42.867 INFO [main] org.apache.catalina.core.StandardService.stopInternal Stopping service [Catalina]
27-Aug-2018 16:22:42.886 INFO [main] org.apache.coyote.AbstractProtocol.stop Stopping ProtocolHandler ["http-nio-80"]
27-Aug-2018 16:22:42.888 INFO [main] org.apache.coyote.AbstractProtocol.stop Stopping ProtocolHandler ["ajp-nio-8009"]
27-Aug-2018 16:22:42.889 INFO [main] org.apache.coyote.AbstractProtocol.destroy Destroying ProtocolHandler ["http-nio-80"]
27-Aug-2018 16:22:42.890 INFO [main] org.apache.coyote.AbstractProtocol.destroy Destroying ProtocolHandler ["ajp-nio-8009"]
27-Aug-2018 16:22:43.922 INFO [main] org.apache.catalina.startup.VersionLoggerListener.log Server version:        Apache Tomcat/8.5.15
27-Aug-2018 16:22:43.924 INFO [main] org.apache.catalina.startup.VersionLoggerListener.log Server built:          May 5 2017 11:03:04 UTC
27-Aug-2018 16:22:43.924 INFO [main] org.apache.catalina.startup.VersionLoggerListener.log Server number:         8.5.15.0
27-Aug-2018 16:22:43.924 INFO [main] org.apache.catalina.startup.VersionLoggerListener.log OS Name:               Windows 10
27-Aug-2018 16:22:43.925 INFO [main] org.apache.catalina.startup.VersionLoggerListener.log OS Version:            10.0
27-Aug-2018 16:22:43.925 INFO [main] org.apache.catalina.startup.VersionLoggerListener.log Architecture:          x86
27-Aug-2018 16:22:43.925 INFO [main] org.apache.catalina.startup.VersionLoggerListener.log Java Home:             C:\Program Files (x86)\Java\jdk1.8.0_121\jre
27-Aug-2018 16:22:43.925 INFO [main] org.apache.catalina.startup.VersionLoggerListener.log JVM Version:           1.8.0_121-b13
27-Aug-2018 16:22:43.925 INFO [main] org.apache.catalina.startup.VersionLoggerListener.log JVM Vendor:            Oracle Corporation
27-Aug-2018 16:22:43.925 INFO [main] org.apache.catalina.startup.VersionLoggerListener.log CATALINA_BASE:         C:\Users\Brandon\Documents\Tomcat
27-Aug-2018 16:22:43.926 INFO [main] org.apache.catalina.startup.VersionLoggerListener.log CATALINA_HOME:         C:\Users\Brandon\Documents\Tomcat
27-Aug-2018 16:22:43.926 INFO [main] org.apache.catalina.startup.VersionLoggerListener.log Command line argument: -Djava.util.logging.config.file=C:\Users\Brandon\Documents\Tomcat\conf\logging.properties
27-Aug-2018 16:22:43.926 INFO [main] org.apache.catalina.startup.VersionLoggerListener.log Command line argument: -Djava.util.logging.manager=org.apache.juli.ClassLoaderLogManager
27-Aug-2018 16:22:43.926 INFO [main] org.apache.catalina.startup.VersionLoggerListener.log Command line argument: -Djdk.tls.ephemeralDHKeySize=2048
27-Aug-2018 16:22:43.926 INFO [main] org.apache.catalina.startup.VersionLoggerListener.log Command line argument: -Djava.protocol.handler.pkgs=org.apache.catalina.webresources
27-Aug-2018 16:22:43.926 INFO [main] org.apache.catalina.startup.VersionLoggerListener.log Command line argument: -Dcatalina.base=C:\Users\Brandon\Documents\Tomcat
27-Aug-2018 16:22:43.927 INFO [main] org.apache.catalina.startup.VersionLoggerListener.log Command line argument: -Dcatalina.home=C:\Users\Brandon\Documents\Tomcat
27-Aug-2018 16:22:43.927 INFO [main] org.apache.catalina.startup.VersionLoggerListener.log Command line argument: -Djava.io.tmpdir=C:\Users\Brandon\Documents\Tomcat\temp
27-Aug-2018 16:22:43.927 INFO [main] org.apache.catalina.core.AprLifecycleListener.lifecycleEvent The APR based Apache Tomcat Native library which allows optimal performance in production environments was not found on the java.library.path: [C:\Program Files (x86)\Java\jdk1.8.0_121\bin;C:\WINDOWS\Sun\Java\bin;C:\WINDOWS\system32;C:\WINDOWS;C:\Program Files (x86)\Common Files\Oracle\Java\javapath;C:\Program Files\Microsoft MPI\Bin\;C:\Program Files (x86)\NVIDIA Corporation\PhysX\Common;C:\ProgramData\Oracle\Java\javapath;C:\WINDOWS\system32;C:\WINDOWS;C:\WINDOWS\System32\Wbem;C:\WINDOWS\System32\WindowsPowerShell\v1.0\;C:\Program Files (x86)\Skype\Phone\;C:\Program Files (x86)\Common Files\Adobe\AGL;C:\Users\Brandon\AppData\Local\Android\sdk;C:\Program Files\Microsoft SQL Server\130\Tools\Binn\;C:\Program Files\dotnet\;C:\Program Files\Git\cmd;C:\Program Files (x86)\GtkSharp\2.12\bin;C:\WINDOWS\System32\OpenSSH\;C:\Users\Brandon\AppData\Local\Microsoft\WindowsApps;;C:\Program Files\Microsoft VS Code\bin;.]
27-Aug-2018 16:22:44.016 INFO [main] org.apache.coyote.AbstractProtocol.init Initializing ProtocolHandler ["http-nio-80"]
27-Aug-2018 16:22:44.104 INFO [main] org.apache.tomcat.util.net.NioSelectorPool.getSharedSelector Using a shared selector for servlet write/read
27-Aug-2018 16:22:44.107 INFO [main] org.apache.coyote.AbstractProtocol.init Initializing ProtocolHandler ["ajp-nio-8009"]
27-Aug-2018 16:22:44.108 INFO [main] org.apache.tomcat.util.net.NioSelectorPool.getSharedSelector Using a shared selector for servlet write/read
27-Aug-2018 16:22:44.109 INFO [main] org.apache.catalina.startup.Catalina.load Initialization processed in 441 ms
27-Aug-2018 16:22:44.129 INFO [main] org.apache.catalina.core.StandardService.startInternal Starting service [Catalina]
27-Aug-2018 16:22:44.130 INFO [main] org.apache.catalina.core.StandardEngine.startInternal Starting Servlet Engine: Apache Tomcat/8.5.15
27-Aug-2018 16:22:44.149 INFO [localhost-startStop-1] org.apache.catalina.startup.HostConfig.deployWAR Deploying web application archive [C:\Users\Brandon\Documents\Tomcat\webapps\Live.war]
27-Aug-2018 16:22:44.427 INFO [localhost-startStop-1] org.apache.catalina.startup.HostConfig.deployWAR Deployment of web application archive [C:\Users\Brandon\Documents\Tomcat\webapps\Live.war] has finished in [278] ms
27-Aug-2018 16:22:44.428 INFO [localhost-startStop-1] org.apache.catalina.startup.HostConfig.deployWAR Deploying web application archive [C:\Users\Brandon\Documents\Tomcat\webapps\RobotLive.war]
27-Aug-2018 16:22:44.454 INFO [localhost-startStop-1] org.apache.catalina.startup.HostConfig.deployWAR Deployment of web application archive [C:\Users\Brandon\Documents\Tomcat\webapps\RobotLive.war] has finished in [26] ms
27-Aug-2018 16:22:44.455 INFO [localhost-startStop-1] org.apache.catalina.startup.HostConfig.deployWAR Deploying web application archive [C:\Users\Brandon\Documents\Tomcat\webapps\ROOT.war]
27-Aug-2018 16:22:44.483 INFO [localhost-startStop-1] org.apache.catalina.startup.HostConfig.deployWAR Deployment of web application archive [C:\Users\Brandon\Documents\Tomcat\webapps\ROOT.war] has finished in [28] ms
27-Aug-2018 16:22:44.484 INFO [localhost-startStop-1] org.apache.catalina.startup.HostConfig.deployDirectory Deploying web application directory [C:\Users\Brandon\Documents\Tomcat\webapps\apache]
27-Aug-2018 16:22:44.505 INFO [localhost-startStop-1] org.apache.catalina.startup.HostConfig.deployDirectory Deployment of web application directory [C:\Users\Brandon\Documents\Tomcat\webapps\apache] has finished in [21] ms
27-Aug-2018 16:22:44.505 INFO [localhost-startStop-1] org.apache.catalina.startup.HostConfig.deployDirectory Deploying web application directory [C:\Users\Brandon\Documents\Tomcat\webapps\docs]
27-Aug-2018 16:22:44.519 INFO [localhost-startStop-1] org.apache.catalina.startup.HostConfig.deployDirectory Deployment of web application directory [C:\Users\Brandon\Documents\Tomcat\webapps\docs] has finished in [14] ms
27-Aug-2018 16:22:44.520 INFO [localhost-startStop-1] org.apache.catalina.startup.HostConfig.deployDirectory Deploying web application directory [C:\Users\Brandon\Documents\Tomcat\webapps\examples]
27-Aug-2018 16:22:44.747 INFO [localhost-startStop-1] org.apache.catalina.startup.HostConfig.deployDirectory Deployment of web application directory [C:\Users\Brandon\Documents\Tomcat\webapps\examples] has finished in [227] ms
27-Aug-2018 16:22:44.748 INFO [localhost-startStop-1] org.apache.catalina.startup.HostConfig.deployDirectory Deploying web application directory [C:\Users\Brandon\Documents\Tomcat\webapps\host-manager]
27-Aug-2018 16:22:44.769 INFO [localhost-startStop-1] org.apache.catalina.startup.HostConfig.deployDirectory Deployment of web application directory [C:\Users\Brandon\Documents\Tomcat\webapps\host-manager] has finished in [21] ms
27-Aug-2018 16:22:44.769 INFO [localhost-startStop-1] org.apache.catalina.startup.HostConfig.deployDirectory Deploying web application directory [C:\Users\Brandon\Documents\Tomcat\webapps\manager]
27-Aug-2018 16:22:44.786 INFO [localhost-startStop-1] org.apache.catalina.startup.HostConfig.deployDirectory Deployment of web application directory [C:\Users\Brandon\Documents\Tomcat\webapps\manager] has finished in [17] ms
27-Aug-2018 16:22:44.789 INFO [main] org.apache.coyote.AbstractProtocol.start Starting ProtocolHandler ["http-nio-80"]
27-Aug-2018 16:22:44.796 INFO [main] org.apache.coyote.AbstractProtocol.start Starting ProtocolHandler ["ajp-nio-8009"]
27-Aug-2018 16:22:44.798 INFO [main] org.apache.catalina.startup.Catalina.start Server startup in 689 ms
27-Aug-2018 16:24:31.373 INFO [main] org.apache.catalina.core.StandardServer.await A valid shutdown command was received via the shutdown port. Stopping the Server instance.
27-Aug-2018 16:24:31.374 INFO [main] org.apache.coyote.AbstractProtocol.pause Pausing ProtocolHandler ["http-nio-80"]
27-Aug-2018 16:24:31.427 INFO [main] org.apache.coyote.AbstractProtocol.pause Pausing ProtocolHandler ["ajp-nio-8009"]
27-Aug-2018 16:24:31.458 INFO [main] org.apache.catalina.core.StandardService.stopInternal Stopping service [Catalina]
27-Aug-2018 16:24:31.477 INFO [main] org.apache.coyote.AbstractProtocol.stop Stopping ProtocolHandler ["http-nio-80"]
27-Aug-2018 16:24:31.479 INFO [main] org.apache.coyote.AbstractProtocol.stop Stopping ProtocolHandler ["ajp-nio-8009"]
27-Aug-2018 16:24:31.480 INFO [main] org.apache.coyote.AbstractProtocol.destroy Destroying ProtocolHandler ["http-nio-80"]
27-Aug-2018 16:24:31.480 INFO [main] org.apache.coyote.AbstractProtocol.destroy Destroying ProtocolHandler ["ajp-nio-8009"]
27-Aug-2018 16:24:32.735 INFO [main] org.apache.catalina.startup.VersionLoggerListener.log Server version:        Apache Tomcat/8.5.15
27-Aug-2018 16:24:32.736 INFO [main] org.apache.catalina.startup.VersionLoggerListener.log Server built:          May 5 2017 11:03:04 UTC
27-Aug-2018 16:24:32.737 INFO [main] org.apache.catalina.startup.VersionLoggerListener.log Server number:         8.5.15.0
27-Aug-2018 16:24:32.737 INFO [main] org.apache.catalina.startup.VersionLoggerListener.log OS Name:               Windows 10
27-Aug-2018 16:24:32.737 INFO [main] org.apache.catalina.startup.VersionLoggerListener.log OS Version:            10.0
27-Aug-2018 16:24:32.737 INFO [main] org.apache.catalina.startup.VersionLoggerListener.log Architecture:          x86
27-Aug-2018 16:24:32.738 INFO [main] org.apache.catalina.startup.VersionLoggerListener.log Java Home:             C:\Program Files (x86)\Java\jdk1.8.0_121\jre
27-Aug-2018 16:24:32.738 INFO [main] org.apache.catalina.startup.VersionLoggerListener.log JVM Version:           1.8.0_121-b13
27-Aug-2018 16:24:32.738 INFO [main] org.apache.catalina.startup.VersionLoggerListener.log JVM Vendor:            Oracle Corporation
27-Aug-2018 16:24:32.738 INFO [main] org.apache.catalina.startup.VersionLoggerListener.log CATALINA_BASE:         C:\Users\Brandon\Documents\Tomcat
27-Aug-2018 16:24:32.739 INFO [main] org.apache.catalina.startup.VersionLoggerListener.log CATALINA_HOME:         C:\Users\Brandon\Documents\Tomcat
27-Aug-2018 16:24:32.739 INFO [main] org.apache.catalina.startup.VersionLoggerListener.log Command line argument: -Djava.util.logging.config.file=C:\Users\Brandon\Documents\Tomcat\conf\logging.properties
27-Aug-2018 16:24:32.739 INFO [main] org.apache.catalina.startup.VersionLoggerListener.log Command line argument: -Djava.util.logging.manager=org.apache.juli.ClassLoaderLogManager
27-Aug-2018 16:24:32.739 INFO [main] org.apache.catalina.startup.VersionLoggerListener.log Command line argument: -Djdk.tls.ephemeralDHKeySize=2048
27-Aug-2018 16:24:32.739 INFO [main] org.apache.catalina.startup.VersionLoggerListener.log Command line argument: -Djava.protocol.handler.pkgs=org.apache.catalina.webresources
27-Aug-2018 16:24:32.739 INFO [main] org.apache.catalina.startup.VersionLoggerListener.log Command line argument: -Dcatalina.base=C:\Users\Brandon\Documents\Tomcat
27-Aug-2018 16:24:32.739 INFO [main] org.apache.catalina.startup.VersionLoggerListener.log Command line argument: -Dcatalina.home=C:\Users\Brandon\Documents\Tomcat
27-Aug-2018 16:24:32.740 INFO [main] org.apache.catalina.startup.VersionLoggerListener.log Command line argument: -Djava.io.tmpdir=C:\Users\Brandon\Documents\Tomcat\temp
27-Aug-2018 16:24:32.740 INFO [main] org.apache.catalina.core.AprLifecycleListener.lifecycleEvent The APR based Apache Tomcat Native library which allows optimal performance in production environments was not found on the java.library.path: [C:\Program Files (x86)\Java\jdk1.8.0_121\bin;C:\WINDOWS\Sun\Java\bin;C:\WINDOWS\system32;C:\WINDOWS;C:\Program Files (x86)\Common Files\Oracle\Java\javapath;C:\Program Files\Microsoft MPI\Bin\;C:\Program Files (x86)\NVIDIA Corporation\PhysX\Common;C:\ProgramData\Oracle\Java\javapath;C:\WINDOWS\system32;C:\WINDOWS;C:\WINDOWS\System32\Wbem;C:\WINDOWS\System32\WindowsPowerShell\v1.0\;C:\Program Files (x86)\Skype\Phone\;C:\Program Files (x86)\Common Files\Adobe\AGL;C:\Users\Brandon\AppData\Local\Android\sdk;C:\Program Files\Microsoft SQL Server\130\Tools\Binn\;C:\Program Files\dotnet\;C:\Program Files\Git\cmd;C:\Program Files (x86)\GtkSharp\2.12\bin;C:\WINDOWS\System32\OpenSSH\;C:\Users\Brandon\AppData\Local\Microsoft\WindowsApps;;C:\Program Files\Microsoft VS Code\bin;.]
27-Aug-2018 16:24:32.822 INFO [main] org.apache.coyote.AbstractProtocol.init Initializing ProtocolHandler ["http-nio-80"]
27-Aug-2018 16:24:32.906 INFO [main] org.apache.tomcat.util.net.NioSelectorPool.getSharedSelector Using a shared selector for servlet write/read
27-Aug-2018 16:24:32.909 INFO [main] org.apache.coyote.AbstractProtocol.init Initializing ProtocolHandler ["ajp-nio-8009"]
27-Aug-2018 16:24:32.911 INFO [main] org.apache.tomcat.util.net.NioSelectorPool.getSharedSelector Using a shared selector for servlet write/read
27-Aug-2018 16:24:32.911 INFO [main] org.apache.catalina.startup.Catalina.load Initialization processed in 426 ms
27-Aug-2018 16:24:32.931 INFO [main] org.apache.catalina.core.StandardService.startInternal Starting service [Catalina]
27-Aug-2018 16:24:32.932 INFO [main] org.apache.catalina.core.StandardEngine.startInternal Starting Servlet Engine: Apache Tomcat/8.5.15
27-Aug-2018 16:24:32.951 INFO [localhost-startStop-1] org.apache.catalina.startup.HostConfig.deployWAR Deploying web application archive [C:\Users\Brandon\Documents\Tomcat\webapps\Live.war]
27-Aug-2018 16:24:33.208 INFO [localhost-startStop-1] org.apache.catalina.startup.HostConfig.deployWAR Deployment of web application archive [C:\Users\Brandon\Documents\Tomcat\webapps\Live.war] has finished in [257] ms
27-Aug-2018 16:24:33.209 INFO [localhost-startStop-1] org.apache.catalina.startup.HostConfig.deployWAR Deploying web application archive [C:\Users\Brandon\Documents\Tomcat\webapps\RobotLive.war]
27-Aug-2018 16:24:33.234 INFO [localhost-startStop-1] org.apache.catalina.startup.HostConfig.deployWAR Deployment of web application archive [C:\Users\Brandon\Documents\Tomcat\webapps\RobotLive.war] has finished in [25] ms
27-Aug-2018 16:24:33.235 INFO [localhost-startStop-1] org.apache.catalina.startup.HostConfig.deployWAR Deploying web application archive [C:\Users\Brandon\Documents\Tomcat\webapps\ROOT.war]
27-Aug-2018 16:24:33.238 INFO [localhost-startStop-1] org.apache.catalina.startup.ExpandWar.expand An expanded directory [C:\Users\Brandon\Documents\Tomcat\webapps\ROOT] was found with a last modified time that did not match the associated WAR. It will be deleted.
27-Aug-2018 16:24:33.290 INFO [localhost-startStop-1] org.apache.catalina.startup.HostConfig.deployWAR Deployment of web application archive [C:\Users\Brandon\Documents\Tomcat\webapps\ROOT.war] has finished in [54] ms
27-Aug-2018 16:24:33.290 INFO [localhost-startStop-1] org.apache.catalina.startup.HostConfig.deployDirectory Deploying web application directory [C:\Users\Brandon\Documents\Tomcat\webapps\apache]
27-Aug-2018 16:24:33.309 INFO [localhost-startStop-1] org.apache.catalina.startup.HostConfig.deployDirectory Deployment of web application directory [C:\Users\Brandon\Documents\Tomcat\webapps\apache] has finished in [19] ms
27-Aug-2018 16:24:33.310 INFO [localhost-startStop-1] org.apache.catalina.startup.HostConfig.deployDirectory Deploying web application directory [C:\Users\Brandon\Documents\Tomcat\webapps\docs]
27-Aug-2018 16:24:33.325 INFO [localhost-startStop-1] org.apache.catalina.startup.HostConfig.deployDirectory Deployment of web application directory [C:\Users\Brandon\Documents\Tomcat\webapps\docs] has finished in [16] ms
27-Aug-2018 16:24:33.325 INFO [localhost-startStop-1] org.apache.catalina.startup.HostConfig.deployDirectory Deploying web application directory [C:\Users\Brandon\Documents\Tomcat\webapps\examples]
27-Aug-2018 16:24:33.578 INFO [localhost-startStop-1] org.apache.catalina.startup.HostConfig.deployDirectory Deployment of web application directory [C:\Users\Brandon\Documents\Tomcat\webapps\examples] has finished in [253] ms
27-Aug-2018 16:24:33.578 INFO [localhost-startStop-1] org.apache.catalina.startup.HostConfig.deployDirectory Deploying web application directory [C:\Users\Brandon\Documents\Tomcat\webapps\host-manager]
27-Aug-2018 16:24:33.597 INFO [localhost-startStop-1] org.apache.catalina.startup.HostConfig.deployDirectory Deployment of web application directory [C:\Users\Brandon\Documents\Tomcat\webapps\host-manager] has finished in [19] ms
27-Aug-2018 16:24:33.598 INFO [localhost-startStop-1] org.apache.catalina.startup.HostConfig.deployDirectory Deploying web application directory [C:\Users\Brandon\Documents\Tomcat\webapps\manager]
27-Aug-2018 16:24:33.614 INFO [localhost-startStop-1] org.apache.catalina.startup.HostConfig.deployDirectory Deployment of web application directory [C:\Users\Brandon\Documents\Tomcat\webapps\manager] has finished in [16] ms
27-Aug-2018 16:24:33.616 INFO [main] org.apache.coyote.AbstractProtocol.start Starting ProtocolHandler ["http-nio-80"]
27-Aug-2018 16:24:33.623 INFO [main] org.apache.coyote.AbstractProtocol.start Starting ProtocolHandler ["ajp-nio-8009"]
27-Aug-2018 16:24:33.625 INFO [main] org.apache.catalina.startup.Catalina.start Server startup in 713 ms
27-Aug-2018 16:26:16.239 INFO [main] org.apache.catalina.core.StandardServer.await A valid shutdown command was received via the shutdown port. Stopping the Server instance.
27-Aug-2018 16:26:16.240 INFO [main] org.apache.coyote.AbstractProtocol.pause Pausing ProtocolHandler ["http-nio-80"]
27-Aug-2018 16:26:16.294 INFO [main] org.apache.coyote.AbstractProtocol.pause Pausing ProtocolHandler ["ajp-nio-8009"]
27-Aug-2018 16:26:16.325 INFO [main] org.apache.catalina.core.StandardService.stopInternal Stopping service [Catalina]
27-Aug-2018 16:26:16.346 INFO [main] org.apache.coyote.AbstractProtocol.stop Stopping ProtocolHandler ["http-nio-80"]
27-Aug-2018 16:26:16.348 INFO [main] org.apache.coyote.AbstractProtocol.stop Stopping ProtocolHandler ["ajp-nio-8009"]
27-Aug-2018 16:26:16.349 INFO [main] org.apache.coyote.AbstractProtocol.destroy Destroying ProtocolHandler ["http-nio-80"]
27-Aug-2018 16:26:16.350 INFO [main] org.apache.coyote.AbstractProtocol.destroy Destroying ProtocolHandler ["ajp-nio-8009"]
27-Aug-2018 16:26:18.006 INFO [main] org.apache.catalina.startup.VersionLoggerListener.log Server version:        Apache Tomcat/8.5.15
27-Aug-2018 16:26:18.008 INFO [main] org.apache.catalina.startup.VersionLoggerListener.log Server built:          May 5 2017 11:03:04 UTC
27-Aug-2018 16:26:18.008 INFO [main] org.apache.catalina.startup.VersionLoggerListener.log Server number:         8.5.15.0
27-Aug-2018 16:26:18.009 INFO [main] org.apache.catalina.startup.VersionLoggerListener.log OS Name:               Windows 10
27-Aug-2018 16:26:18.009 INFO [main] org.apache.catalina.startup.VersionLoggerListener.log OS Version:            10.0
27-Aug-2018 16:26:18.009 INFO [main] org.apache.catalina.startup.VersionLoggerListener.log Architecture:          x86
27-Aug-2018 16:26:18.009 INFO [main] org.apache.catalina.startup.VersionLoggerListener.log Java Home:             C:\Program Files (x86)\Java\jdk1.8.0_121\jre
27-Aug-2018 16:26:18.009 INFO [main] org.apache.catalina.startup.VersionLoggerListener.log JVM Version:           1.8.0_121-b13
27-Aug-2018 16:26:18.009 INFO [main] org.apache.catalina.startup.VersionLoggerListener.log JVM Vendor:            Oracle Corporation
27-Aug-2018 16:26:18.010 INFO [main] org.apache.catalina.startup.VersionLoggerListener.log CATALINA_BASE:         C:\Users\Brandon\Documents\Tomcat
27-Aug-2018 16:26:18.010 INFO [main] org.apache.catalina.startup.VersionLoggerListener.log CATALINA_HOME:         C:\Users\Brandon\Documents\Tomcat
27-Aug-2018 16:26:18.010 INFO [main] org.apache.catalina.startup.VersionLoggerListener.log Command line argument: -Djava.util.logging.config.file=C:\Users\Brandon\Documents\Tomcat\conf\logging.properties
27-Aug-2018 16:26:18.010 INFO [main] org.apache.catalina.startup.VersionLoggerListener.log Command line argument: -Djava.util.logging.manager=org.apache.juli.ClassLoaderLogManager
27-Aug-2018 16:26:18.010 INFO [main] org.apache.catalina.startup.VersionLoggerListener.log Command line argument: -Djdk.tls.ephemeralDHKeySize=2048
27-Aug-2018 16:26:18.011 INFO [main] org.apache.catalina.startup.VersionLoggerListener.log Command line argument: -Djava.protocol.handler.pkgs=org.apache.catalina.webresources
27-Aug-2018 16:26:18.011 INFO [main] org.apache.catalina.startup.VersionLoggerListener.log Command line argument: -Dcatalina.base=C:\Users\Brandon\Documents\Tomcat
27-Aug-2018 16:26:18.011 INFO [main] org.apache.catalina.startup.VersionLoggerListener.log Command line argument: -Dcatalina.home=C:\Users\Brandon\Documents\Tomcat
27-Aug-2018 16:26:18.011 INFO [main] org.apache.catalina.startup.VersionLoggerListener.log Command line argument: -Djava.io.tmpdir=C:\Users\Brandon\Documents\Tomcat\temp
27-Aug-2018 16:26:18.012 INFO [main] org.apache.catalina.core.AprLifecycleListener.lifecycleEvent The APR based Apache Tomcat Native library which allows optimal performance in production environments was not found on the java.library.path: [C:\Program Files (x86)\Java\jdk1.8.0_121\bin;C:\WINDOWS\Sun\Java\bin;C:\WINDOWS\system32;C:\WINDOWS;C:\Program Files (x86)\Common Files\Oracle\Java\javapath;C:\Program Files\Microsoft MPI\Bin\;C:\Program Files (x86)\NVIDIA Corporation\PhysX\Common;C:\ProgramData\Oracle\Java\javapath;C:\WINDOWS\system32;C:\WINDOWS;C:\WINDOWS\System32\Wbem;C:\WINDOWS\System32\WindowsPowerShell\v1.0\;C:\Program Files (x86)\Skype\Phone\;C:\Program Files (x86)\Common Files\Adobe\AGL;C:\Users\Brandon\AppData\Local\Android\sdk;C:\Program Files\Microsoft SQL Server\130\Tools\Binn\;C:\Program Files\dotnet\;C:\Program Files\Git\cmd;C:\Program Files (x86)\GtkSharp\2.12\bin;C:\WINDOWS\System32\OpenSSH\;C:\Users\Brandon\AppData\Local\Microsoft\WindowsApps;;C:\Program Files\Microsoft VS Code\bin;.]
27-Aug-2018 16:26:18.093 INFO [main] org.apache.coyote.AbstractProtocol.init Initializing ProtocolHandler ["http-nio-80"]
27-Aug-2018 16:26:18.179 INFO [main] org.apache.tomcat.util.net.NioSelectorPool.getSharedSelector Using a shared selector for servlet write/read
27-Aug-2018 16:26:18.181 INFO [main] org.apache.coyote.AbstractProtocol.init Initializing ProtocolHandler ["ajp-nio-8009"]
27-Aug-2018 16:26:18.183 INFO [main] org.apache.tomcat.util.net.NioSelectorPool.getSharedSelector Using a shared selector for servlet write/read
27-Aug-2018 16:26:18.183 INFO [main] org.apache.catalina.startup.Catalina.load Initialization processed in 423 ms
27-Aug-2018 16:26:18.203 INFO [main] org.apache.catalina.core.StandardService.startInternal Starting service [Catalina]
27-Aug-2018 16:26:18.203 INFO [main] org.apache.catalina.core.StandardEngine.startInternal Starting Servlet Engine: Apache Tomcat/8.5.15
27-Aug-2018 16:26:18.222 INFO [localhost-startStop-1] org.apache.catalina.startup.HostConfig.deployWAR Deploying web application archive [C:\Users\Brandon\Documents\Tomcat\webapps\Live.war]
27-Aug-2018 16:26:18.481 INFO [localhost-startStop-1] org.apache.catalina.startup.HostConfig.deployWAR Deployment of web application archive [C:\Users\Brandon\Documents\Tomcat\webapps\Live.war] has finished in [258] ms
27-Aug-2018 16:26:18.482 INFO [localhost-startStop-1] org.apache.catalina.startup.HostConfig.deployWAR Deploying web application archive [C:\Users\Brandon\Documents\Tomcat\webapps\RobotLive.war]
27-Aug-2018 16:26:18.510 INFO [localhost-startStop-1] org.apache.catalina.startup.HostConfig.deployWAR Deployment of web application archive [C:\Users\Brandon\Documents\Tomcat\webapps\RobotLive.war] has finished in [28] ms
27-Aug-2018 16:26:18.511 INFO [localhost-startStop-1] org.apache.catalina.startup.HostConfig.deployWAR Deploying web application archive [C:\Users\Brandon\Documents\Tomcat\webapps\ROOT.war]
27-Aug-2018 16:26:18.513 INFO [localhost-startStop-1] org.apache.catalina.startup.ExpandWar.expand An expanded directory [C:\Users\Brandon\Documents\Tomcat\webapps\ROOT] was found with a last modified time that did not match the associated WAR. It will be deleted.
27-Aug-2018 16:26:18.564 INFO [localhost-startStop-1] org.apache.catalina.startup.HostConfig.deployWAR Deployment of web application archive [C:\Users\Brandon\Documents\Tomcat\webapps\ROOT.war] has finished in [53] ms
27-Aug-2018 16:26:18.565 INFO [localhost-startStop-1] org.apache.catalina.startup.HostConfig.deployDirectory Deploying web application directory [C:\Users\Brandon\Documents\Tomcat\webapps\apache]
27-Aug-2018 16:26:18.585 INFO [localhost-startStop-1] org.apache.catalina.startup.HostConfig.deployDirectory Deployment of web application directory [C:\Users\Brandon\Documents\Tomcat\webapps\apache] has finished in [20] ms
27-Aug-2018 16:26:18.585 INFO [localhost-startStop-1] org.apache.catalina.startup.HostConfig.deployDirectory Deploying web application directory [C:\Users\Brandon\Documents\Tomcat\webapps\docs]
27-Aug-2018 16:26:18.600 INFO [localhost-startStop-1] org.apache.catalina.startup.HostConfig.deployDirectory Deployment of web application directory [C:\Users\Brandon\Documents\Tomcat\webapps\docs] has finished in [15] ms
27-Aug-2018 16:26:18.601 INFO [localhost-startStop-1] org.apache.catalina.startup.HostConfig.deployDirectory Deploying web application directory [C:\Users\Brandon\Documents\Tomcat\webapps\examples]
27-Aug-2018 16:26:18.829 INFO [localhost-startStop-1] org.apache.catalina.startup.HostConfig.deployDirectory Deployment of web application directory [C:\Users\Brandon\Documents\Tomcat\webapps\examples] has finished in [228] ms
27-Aug-2018 16:26:18.829 INFO [localhost-startStop-1] org.apache.catalina.startup.HostConfig.deployDirectory Deploying web application directory [C:\Users\Brandon\Documents\Tomcat\webapps\host-manager]
27-Aug-2018 16:26:18.848 INFO [localhost-startStop-1] org.apache.catalina.startup.HostConfig.deployDirectory Deployment of web application directory [C:\Users\Brandon\Documents\Tomcat\webapps\host-manager] has finished in [19] ms
27-Aug-2018 16:26:18.849 INFO [localhost-startStop-1] org.apache.catalina.startup.HostConfig.deployDirectory Deploying web application directory [C:\Users\Brandon\Documents\Tomcat\webapps\manager]
27-Aug-2018 16:26:18.867 INFO [localhost-startStop-1] org.apache.catalina.startup.HostConfig.deployDirectory Deployment of web application directory [C:\Users\Brandon\Documents\Tomcat\webapps\manager] has finished in [18] ms
27-Aug-2018 16:26:18.870 INFO [main] org.apache.coyote.AbstractProtocol.start Starting ProtocolHandler ["http-nio-80"]
27-Aug-2018 16:26:18.877 INFO [main] org.apache.coyote.AbstractProtocol.start Starting ProtocolHandler ["ajp-nio-8009"]
27-Aug-2018 16:26:18.880 INFO [main] org.apache.catalina.startup.Catalina.start Server startup in 695 ms
27-Aug-2018 16:30:53.671 INFO [main] org.apache.catalina.core.StandardServer.await A valid shutdown command was received via the shutdown port. Stopping the Server instance.
27-Aug-2018 16:30:53.672 INFO [main] org.apache.coyote.AbstractProtocol.pause Pausing ProtocolHandler ["http-nio-80"]
27-Aug-2018 16:30:53.721 INFO [main] org.apache.coyote.AbstractProtocol.pause Pausing ProtocolHandler ["ajp-nio-8009"]
27-Aug-2018 16:30:53.753 INFO [main] org.apache.catalina.core.StandardService.stopInternal Stopping service [Catalina]
27-Aug-2018 16:30:53.775 INFO [main] org.apache.coyote.AbstractProtocol.stop Stopping ProtocolHandler ["http-nio-80"]
27-Aug-2018 16:30:53.776 INFO [main] org.apache.coyote.AbstractProtocol.stop Stopping ProtocolHandler ["ajp-nio-8009"]
27-Aug-2018 16:30:53.778 INFO [main] org.apache.coyote.AbstractProtocol.destroy Destroying ProtocolHandler ["http-nio-80"]
27-Aug-2018 16:30:53.778 INFO [main] org.apache.coyote.AbstractProtocol.destroy Destroying ProtocolHandler ["ajp-nio-8009"]
27-Aug-2018 16:30:54.812 INFO [main] org.apache.catalina.startup.VersionLoggerListener.log Server version:        Apache Tomcat/8.5.15
27-Aug-2018 16:30:54.815 INFO [main] org.apache.catalina.startup.VersionLoggerListener.log Server built:          May 5 2017 11:03:04 UTC
27-Aug-2018 16:30:54.815 INFO [main] org.apache.catalina.startup.VersionLoggerListener.log Server number:         8.5.15.0
27-Aug-2018 16:30:54.815 INFO [main] org.apache.catalina.startup.VersionLoggerListener.log OS Name:               Windows 10
27-Aug-2018 16:30:54.815 INFO [main] org.apache.catalina.startup.VersionLoggerListener.log OS Version:            10.0
27-Aug-2018 16:30:54.815 INFO [main] org.apache.catalina.startup.VersionLoggerListener.log Architecture:          x86
27-Aug-2018 16:30:54.816 INFO [main] org.apache.catalina.startup.VersionLoggerListener.log Java Home:             C:\Program Files (x86)\Java\jdk1.8.0_121\jre
27-Aug-2018 16:30:54.816 INFO [main] org.apache.catalina.startup.VersionLoggerListener.log JVM Version:           1.8.0_121-b13
27-Aug-2018 16:30:54.816 INFO [main] org.apache.catalina.startup.VersionLoggerListener.log JVM Vendor:            Oracle Corporation
27-Aug-2018 16:30:54.816 INFO [main] org.apache.catalina.startup.VersionLoggerListener.log CATALINA_BASE:         C:\Users\Brandon\Documents\Tomcat
27-Aug-2018 16:30:54.817 INFO [main] org.apache.catalina.startup.VersionLoggerListener.log CATALINA_HOME:         C:\Users\Brandon\Documents\Tomcat
27-Aug-2018 16:30:54.817 INFO [main] org.apache.catalina.startup.VersionLoggerListener.log Command line argument: -Djava.util.logging.config.file=C:\Users\Brandon\Documents\Tomcat\conf\logging.properties
27-Aug-2018 16:30:54.817 INFO [main] org.apache.catalina.startup.VersionLoggerListener.log Command line argument: -Djava.util.logging.manager=org.apache.juli.ClassLoaderLogManager
27-Aug-2018 16:30:54.817 INFO [main] org.apache.catalina.startup.VersionLoggerListener.log Command line argument: -Djdk.tls.ephemeralDHKeySize=2048
27-Aug-2018 16:30:54.817 INFO [main] org.apache.catalina.startup.VersionLoggerListener.log Command line argument: -Djava.protocol.handler.pkgs=org.apache.catalina.webresources
27-Aug-2018 16:30:54.817 INFO [main] org.apache.catalina.startup.VersionLoggerListener.log Command line argument: -Dcatalina.base=C:\Users\Brandon\Documents\Tomcat
27-Aug-2018 16:30:54.818 INFO [main] org.apache.catalina.startup.VersionLoggerListener.log Command line argument: -Dcatalina.home=C:\Users\Brandon\Documents\Tomcat
27-Aug-2018 16:30:54.818 INFO [main] org.apache.catalina.startup.VersionLoggerListener.log Command line argument: -Djava.io.tmpdir=C:\Users\Brandon\Documents\Tomcat\temp
27-Aug-2018 16:30:54.818 INFO [main] org.apache.catalina.core.AprLifecycleListener.lifecycleEvent The APR based Apache Tomcat Native library which allows optimal performance in production environments was not found on the java.library.path: [C:\Program Files (x86)\Java\jdk1.8.0_121\bin;C:\WINDOWS\Sun\Java\bin;C:\WINDOWS\system32;C:\WINDOWS;C:\Program Files (x86)\Common Files\Oracle\Java\javapath;C:\Program Files\Microsoft MPI\Bin\;C:\Program Files (x86)\NVIDIA Corporation\PhysX\Common;C:\ProgramData\Oracle\Java\javapath;C:\WINDOWS\system32;C:\WINDOWS;C:\WINDOWS\System32\Wbem;C:\WINDOWS\System32\WindowsPowerShell\v1.0\;C:\Program Files (x86)\Skype\Phone\;C:\Program Files (x86)\Common Files\Adobe\AGL;C:\Users\Brandon\AppData\Local\Android\sdk;C:\Program Files\Microsoft SQL Server\130\Tools\Binn\;C:\Program Files\dotnet\;C:\Program Files\Git\cmd;C:\Program Files (x86)\GtkSharp\2.12\bin;C:\WINDOWS\System32\OpenSSH\;C:\Users\Brandon\AppData\Local\Microsoft\WindowsApps;;C:\Program Files\Microsoft VS Code\bin;.]
27-Aug-2018 16:30:54.914 INFO [main] org.apache.coyote.AbstractProtocol.init Initializing ProtocolHandler ["http-nio-80"]
27-Aug-2018 16:30:55.008 INFO [main] org.apache.tomcat.util.net.NioSelectorPool.getSharedSelector Using a shared selector for servlet write/read
27-Aug-2018 16:30:55.011 INFO [main] org.apache.coyote.AbstractProtocol.init Initializing ProtocolHandler ["ajp-nio-8009"]
27-Aug-2018 16:30:55.013 INFO [main] org.apache.tomcat.util.net.NioSelectorPool.getSharedSelector Using a shared selector for servlet write/read
27-Aug-2018 16:30:55.014 INFO [main] org.apache.catalina.startup.Catalina.load Initialization processed in 461 ms
27-Aug-2018 16:30:55.039 INFO [main] org.apache.catalina.core.StandardService.startInternal Starting service [Catalina]
27-Aug-2018 16:30:55.041 INFO [main] org.apache.catalina.core.StandardEngine.startInternal Starting Servlet Engine: Apache Tomcat/8.5.15
27-Aug-2018 16:30:55.069 INFO [localhost-startStop-1] org.apache.catalina.startup.HostConfig.deployWAR Deploying web application archive [C:\Users\Brandon\Documents\Tomcat\webapps\Live.war]
27-Aug-2018 16:30:55.349 INFO [localhost-startStop-1] org.apache.catalina.startup.HostConfig.deployWAR Deployment of web application archive [C:\Users\Brandon\Documents\Tomcat\webapps\Live.war] has finished in [279] ms
27-Aug-2018 16:30:55.350 INFO [localhost-startStop-1] org.apache.catalina.startup.HostConfig.deployWAR Deploying web application archive [C:\Users\Brandon\Documents\Tomcat\webapps\RobotLive.war]
27-Aug-2018 16:30:55.377 INFO [localhost-startStop-1] org.apache.catalina.startup.HostConfig.deployWAR Deployment of web application archive [C:\Users\Brandon\Documents\Tomcat\webapps\RobotLive.war] has finished in [27] ms
27-Aug-2018 16:30:55.378 INFO [localhost-startStop-1] org.apache.catalina.startup.HostConfig.deployWAR Deploying web application archive [C:\Users\Brandon\Documents\Tomcat\webapps\ROOT.war]
27-Aug-2018 16:30:55.380 INFO [localhost-startStop-1] org.apache.catalina.startup.ExpandWar.expand An expanded directory [C:\Users\Brandon\Documents\Tomcat\webapps\ROOT] was found with a last modified time that did not match the associated WAR. It will be deleted.
27-Aug-2018 16:30:55.435 INFO [localhost-startStop-1] org.apache.catalina.startup.HostConfig.deployWAR Deployment of web application archive [C:\Users\Brandon\Documents\Tomcat\webapps\ROOT.war] has finished in [57] ms
27-Aug-2018 16:30:55.436 INFO [localhost-startStop-1] org.apache.catalina.startup.HostConfig.deployDirectory Deploying web application directory [C:\Users\Brandon\Documents\Tomcat\webapps\apache]
27-Aug-2018 16:30:55.454 INFO [localhost-startStop-1] org.apache.catalina.startup.HostConfig.deployDirectory Deployment of web application directory [C:\Users\Brandon\Documents\Tomcat\webapps\apache] has finished in [18] ms
27-Aug-2018 16:30:55.455 INFO [localhost-startStop-1] org.apache.catalina.startup.HostConfig.deployDirectory Deploying web application directory [C:\Users\Brandon\Documents\Tomcat\webapps\docs]
27-Aug-2018 16:30:55.470 INFO [localhost-startStop-1] org.apache.catalina.startup.HostConfig.deployDirectory Deployment of web application directory [C:\Users\Brandon\Documents\Tomcat\webapps\docs] has finished in [15] ms
27-Aug-2018 16:30:55.470 INFO [localhost-startStop-1] org.apache.catalina.startup.HostConfig.deployDirectory Deploying web application directory [C:\Users\Brandon\Documents\Tomcat\webapps\examples]
27-Aug-2018 16:30:55.740 INFO [localhost-startStop-1] org.apache.catalina.startup.HostConfig.deployDirectory Deployment of web application directory [C:\Users\Brandon\Documents\Tomcat\webapps\examples] has finished in [270] ms
27-Aug-2018 16:30:55.740 INFO [localhost-startStop-1] org.apache.catalina.startup.HostConfig.deployDirectory Deploying web application directory [C:\Users\Brandon\Documents\Tomcat\webapps\host-manager]
27-Aug-2018 16:30:55.761 INFO [localhost-startStop-1] org.apache.catalina.startup.HostConfig.deployDirectory Deployment of web application directory [C:\Users\Brandon\Documents\Tomcat\webapps\host-manager] has finished in [21] ms
27-Aug-2018 16:30:55.761 INFO [localhost-startStop-1] org.apache.catalina.startup.HostConfig.deployDirectory Deploying web application directory [C:\Users\Brandon\Documents\Tomcat\webapps\manager]
27-Aug-2018 16:30:55.780 INFO [localhost-startStop-1] org.apache.catalina.startup.HostConfig.deployDirectory Deployment of web application directory [C:\Users\Brandon\Documents\Tomcat\webapps\manager] has finished in [19] ms
27-Aug-2018 16:30:55.783 INFO [main] org.apache.coyote.AbstractProtocol.start Starting ProtocolHandler ["http-nio-80"]
27-Aug-2018 16:30:55.790 INFO [main] org.apache.coyote.AbstractProtocol.start Starting ProtocolHandler ["ajp-nio-8009"]
27-Aug-2018 16:30:55.792 INFO [main] org.apache.catalina.startup.Catalina.start Server startup in 777 ms
27-Aug-2018 16:34:15.074 INFO [main] org.apache.catalina.core.StandardServer.await A valid shutdown command was received via the shutdown port. Stopping the Server instance.
27-Aug-2018 16:34:15.074 INFO [main] org.apache.coyote.AbstractProtocol.pause Pausing ProtocolHandler ["http-nio-80"]
27-Aug-2018 16:34:15.129 INFO [main] org.apache.coyote.AbstractProtocol.pause Pausing ProtocolHandler ["ajp-nio-8009"]
27-Aug-2018 16:34:15.158 INFO [main] org.apache.catalina.core.StandardService.stopInternal Stopping service [Catalina]
27-Aug-2018 16:34:15.179 INFO [main] org.apache.coyote.AbstractProtocol.stop Stopping ProtocolHandler ["http-nio-80"]
27-Aug-2018 16:34:15.181 INFO [main] org.apache.coyote.AbstractProtocol.stop Stopping ProtocolHandler ["ajp-nio-8009"]
27-Aug-2018 16:34:15.182 INFO [main] org.apache.coyote.AbstractProtocol.destroy Destroying ProtocolHandler ["http-nio-80"]
27-Aug-2018 16:34:15.183 INFO [main] org.apache.coyote.AbstractProtocol.destroy Destroying ProtocolHandler ["ajp-nio-8009"]
27-Aug-2018 16:34:16.162 INFO [main] org.apache.catalina.startup.VersionLoggerListener.log Server version:        Apache Tomcat/8.5.15
27-Aug-2018 16:34:16.164 INFO [main] org.apache.catalina.startup.VersionLoggerListener.log Server built:          May 5 2017 11:03:04 UTC
27-Aug-2018 16:34:16.164 INFO [main] org.apache.catalina.startup.VersionLoggerListener.log Server number:         8.5.15.0
27-Aug-2018 16:34:16.164 INFO [main] org.apache.catalina.startup.VersionLoggerListener.log OS Name:               Windows 10
27-Aug-2018 16:34:16.165 INFO [main] org.apache.catalina.startup.VersionLoggerListener.log OS Version:            10.0
27-Aug-2018 16:34:16.165 INFO [main] org.apache.catalina.startup.VersionLoggerListener.log Architecture:          x86
27-Aug-2018 16:34:16.165 INFO [main] org.apache.catalina.startup.VersionLoggerListener.log Java Home:             C:\Program Files (x86)\Java\jdk1.8.0_121\jre
27-Aug-2018 16:34:16.165 INFO [main] org.apache.catalina.startup.VersionLoggerListener.log JVM Version:           1.8.0_121-b13
27-Aug-2018 16:34:16.165 INFO [main] org.apache.catalina.startup.VersionLoggerListener.log JVM Vendor:            Oracle Corporation
27-Aug-2018 16:34:16.166 INFO [main] org.apache.catalina.startup.VersionLoggerListener.log CATALINA_BASE:         C:\Users\Brandon\Documents\Tomcat
27-Aug-2018 16:34:16.166 INFO [main] org.apache.catalina.startup.VersionLoggerListener.log CATALINA_HOME:         C:\Users\Brandon\Documents\Tomcat
27-Aug-2018 16:34:16.166 INFO [main] org.apache.catalina.startup.VersionLoggerListener.log Command line argument: -Djava.util.logging.config.file=C:\Users\Brandon\Documents\Tomcat\conf\logging.properties
27-Aug-2018 16:34:16.166 INFO [main] org.apache.catalina.startup.VersionLoggerListener.log Command line argument: -Djava.util.logging.manager=org.apache.juli.ClassLoaderLogManager
27-Aug-2018 16:34:16.167 INFO [main] org.apache.catalina.startup.VersionLoggerListener.log Command line argument: -Djdk.tls.ephemeralDHKeySize=2048
27-Aug-2018 16:34:16.167 INFO [main] org.apache.catalina.startup.VersionLoggerListener.log Command line argument: -Djava.protocol.handler.pkgs=org.apache.catalina.webresources
27-Aug-2018 16:34:16.167 INFO [main] org.apache.catalina.startup.VersionLoggerListener.log Command line argument: -Dcatalina.base=C:\Users\Brandon\Documents\Tomcat
27-Aug-2018 16:34:16.167 INFO [main] org.apache.catalina.startup.VersionLoggerListener.log Command line argument: -Dcatalina.home=C:\Users\Brandon\Documents\Tomcat
27-Aug-2018 16:34:16.167 INFO [main] org.apache.catalina.startup.VersionLoggerListener.log Command line argument: -Djava.io.tmpdir=C:\Users\Brandon\Documents\Tomcat\temp
27-Aug-2018 16:34:16.168 INFO [main] org.apache.catalina.core.AprLifecycleListener.lifecycleEvent The APR based Apache Tomcat Native library which allows optimal performance in production environments was not found on the java.library.path: [C:\Program Files (x86)\Java\jdk1.8.0_121\bin;C:\WINDOWS\Sun\Java\bin;C:\WINDOWS\system32;C:\WINDOWS;C:\Program Files (x86)\Common Files\Oracle\Java\javapath;C:\Program Files\Microsoft MPI\Bin\;C:\Program Files (x86)\NVIDIA Corporation\PhysX\Common;C:\ProgramData\Oracle\Java\javapath;C:\WINDOWS\system32;C:\WINDOWS;C:\WINDOWS\System32\Wbem;C:\WINDOWS\System32\WindowsPowerShell\v1.0\;C:\Program Files (x86)\Skype\Phone\;C:\Program Files (x86)\Common Files\Adobe\AGL;C:\Users\Brandon\AppData\Local\Android\sdk;C:\Program Files\Microsoft SQL Server\130\Tools\Binn\;C:\Program Files\dotnet\;C:\Program Files\Git\cmd;C:\Program Files (x86)\GtkSharp\2.12\bin;C:\WINDOWS\System32\OpenSSH\;C:\Users\Brandon\AppData\Local\Microsoft\WindowsApps;;C:\Program Files\Microsoft VS Code\bin;.]
27-Aug-2018 16:34:16.257 INFO [main] org.apache.coyote.AbstractProtocol.init Initializing ProtocolHandler ["http-nio-80"]
27-Aug-2018 16:34:16.344 INFO [main] org.apache.tomcat.util.net.NioSelectorPool.getSharedSelector Using a shared selector for servlet write/read
27-Aug-2018 16:34:16.346 INFO [main] org.apache.coyote.AbstractProtocol.init Initializing ProtocolHandler ["ajp-nio-8009"]
27-Aug-2018 16:34:16.348 INFO [main] org.apache.tomcat.util.net.NioSelectorPool.getSharedSelector Using a shared selector for servlet write/read
27-Aug-2018 16:34:16.349 INFO [main] org.apache.catalina.startup.Catalina.load Initialization processed in 436 ms
27-Aug-2018 16:34:16.371 INFO [main] org.apache.catalina.core.StandardService.startInternal Starting service [Catalina]
27-Aug-2018 16:34:16.371 INFO [main] org.apache.catalina.core.StandardEngine.startInternal Starting Servlet Engine: Apache Tomcat/8.5.15
27-Aug-2018 16:34:16.390 INFO [localhost-startStop-1] org.apache.catalina.startup.HostConfig.deployWAR Deploying web application archive [C:\Users\Brandon\Documents\Tomcat\webapps\Live.war]
27-Aug-2018 16:34:16.651 INFO [localhost-startStop-1] org.apache.catalina.startup.HostConfig.deployWAR Deployment of web application archive [C:\Users\Brandon\Documents\Tomcat\webapps\Live.war] has finished in [260] ms
27-Aug-2018 16:34:16.651 INFO [localhost-startStop-1] org.apache.catalina.startup.HostConfig.deployWAR Deploying web application archive [C:\Users\Brandon\Documents\Tomcat\webapps\RobotLive.war]
27-Aug-2018 16:34:16.677 INFO [localhost-startStop-1] org.apache.catalina.startup.HostConfig.deployWAR Deployment of web application archive [C:\Users\Brandon\Documents\Tomcat\webapps\RobotLive.war] has finished in [26] ms
27-Aug-2018 16:34:16.678 INFO [localhost-startStop-1] org.apache.catalina.startup.HostConfig.deployWAR Deploying web application archive [C:\Users\Brandon\Documents\Tomcat\webapps\ROOT.war]
27-Aug-2018 16:34:16.681 INFO [localhost-startStop-1] org.apache.catalina.startup.ExpandWar.expand An expanded directory [C:\Users\Brandon\Documents\Tomcat\webapps\ROOT] was found with a last modified time that did not match the associated WAR. It will be deleted.
27-Aug-2018 16:34:16.741 INFO [localhost-startStop-1] org.apache.catalina.startup.HostConfig.deployWAR Deployment of web application archive [C:\Users\Brandon\Documents\Tomcat\webapps\ROOT.war] has finished in [63] ms
27-Aug-2018 16:34:16.742 INFO [localhost-startStop-1] org.apache.catalina.startup.HostConfig.deployDirectory Deploying web application directory [C:\Users\Brandon\Documents\Tomcat\webapps\apache]
27-Aug-2018 16:34:16.763 INFO [localhost-startStop-1] org.apache.catalina.startup.HostConfig.deployDirectory Deployment of web application directory [C:\Users\Brandon\Documents\Tomcat\webapps\apache] has finished in [21] ms
27-Aug-2018 16:34:16.764 INFO [localhost-startStop-1] org.apache.catalina.startup.HostConfig.deployDirectory Deploying web application directory [C:\Users\Brandon\Documents\Tomcat\webapps\docs]
27-Aug-2018 16:34:16.779 INFO [localhost-startStop-1] org.apache.catalina.startup.HostConfig.deployDirectory Deployment of web application directory [C:\Users\Brandon\Documents\Tomcat\webapps\docs] has finished in [16] ms
27-Aug-2018 16:34:16.779 INFO [localhost-startStop-1] org.apache.catalina.startup.HostConfig.deployDirectory Deploying web application directory [C:\Users\Brandon\Documents\Tomcat\webapps\examples]
27-Aug-2018 16:34:17.051 INFO [localhost-startStop-1] org.apache.catalina.startup.HostConfig.deployDirectory Deployment of web application directory [C:\Users\Brandon\Documents\Tomcat\webapps\examples] has finished in [272] ms
27-Aug-2018 16:34:17.051 INFO [localhost-startStop-1] org.apache.catalina.startup.HostConfig.deployDirectory Deploying web application directory [C:\Users\Brandon\Documents\Tomcat\webapps\host-manager]
27-Aug-2018 16:34:17.074 INFO [localhost-startStop-1] org.apache.catalina.startup.HostConfig.deployDirectory Deployment of web application directory [C:\Users\Brandon\Documents\Tomcat\webapps\host-manager] has finished in [23] ms
27-Aug-2018 16:34:17.075 INFO [localhost-startStop-1] org.apache.catalina.startup.HostConfig.deployDirectory Deploying web application directory [C:\Users\Brandon\Documents\Tomcat\webapps\manager]
27-Aug-2018 16:34:17.093 INFO [localhost-startStop-1] org.apache.catalina.startup.HostConfig.deployDirectory Deployment of web application directory [C:\Users\Brandon\Documents\Tomcat\webapps\manager] has finished in [18] ms
27-Aug-2018 16:34:17.096 INFO [main] org.apache.coyote.AbstractProtocol.start Starting ProtocolHandler ["http-nio-80"]
27-Aug-2018 16:34:17.105 INFO [main] org.apache.coyote.AbstractProtocol.start Starting ProtocolHandler ["ajp-nio-8009"]
27-Aug-2018 16:34:17.107 INFO [main] org.apache.catalina.startup.Catalina.start Server startup in 757 ms
27-Aug-2018 16:35:52.655 INFO [main] org.apache.catalina.core.StandardServer.await A valid shutdown command was received via the shutdown port. Stopping the Server instance.
27-Aug-2018 16:35:52.656 INFO [main] org.apache.coyote.AbstractProtocol.pause Pausing ProtocolHandler ["http-nio-80"]
27-Aug-2018 16:35:52.741 INFO [main] org.apache.coyote.AbstractProtocol.pause Pausing ProtocolHandler ["ajp-nio-8009"]
27-Aug-2018 16:35:52.776 INFO [main] org.apache.catalina.core.StandardService.stopInternal Stopping service [Catalina]
27-Aug-2018 16:35:52.803 INFO [main] org.apache.coyote.AbstractProtocol.stop Stopping ProtocolHandler ["http-nio-80"]
27-Aug-2018 16:35:52.804 INFO [main] org.apache.coyote.AbstractProtocol.stop Stopping ProtocolHandler ["ajp-nio-8009"]
27-Aug-2018 16:35:52.805 INFO [main] org.apache.coyote.AbstractProtocol.destroy Destroying ProtocolHandler ["http-nio-80"]
27-Aug-2018 16:35:52.806 INFO [main] org.apache.coyote.AbstractProtocol.destroy Destroying ProtocolHandler ["ajp-nio-8009"]
27-Aug-2018 16:35:53.848 INFO [main] org.apache.catalina.startup.VersionLoggerListener.log Server version:        Apache Tomcat/8.5.15
27-Aug-2018 16:35:53.850 INFO [main] org.apache.catalina.startup.VersionLoggerListener.log Server built:          May 5 2017 11:03:04 UTC
27-Aug-2018 16:35:53.850 INFO [main] org.apache.catalina.startup.VersionLoggerListener.log Server number:         8.5.15.0
27-Aug-2018 16:35:53.850 INFO [main] org.apache.catalina.startup.VersionLoggerListener.log OS Name:               Windows 10
27-Aug-2018 16:35:53.850 INFO [main] org.apache.catalina.startup.VersionLoggerListener.log OS Version:            10.0
27-Aug-2018 16:35:53.850 INFO [main] org.apache.catalina.startup.VersionLoggerListener.log Architecture:          x86
27-Aug-2018 16:35:53.850 INFO [main] org.apache.catalina.startup.VersionLoggerListener.log Java Home:             C:\Program Files (x86)\Java\jdk1.8.0_121\jre
27-Aug-2018 16:35:53.851 INFO [main] org.apache.catalina.startup.VersionLoggerListener.log JVM Version:           1.8.0_121-b13
27-Aug-2018 16:35:53.851 INFO [main] org.apache.catalina.startup.VersionLoggerListener.log JVM Vendor:            Oracle Corporation
27-Aug-2018 16:35:53.851 INFO [main] org.apache.catalina.startup.VersionLoggerListener.log CATALINA_BASE:         C:\Users\Brandon\Documents\Tomcat
27-Aug-2018 16:35:53.851 INFO [main] org.apache.catalina.startup.VersionLoggerListener.log CATALINA_HOME:         C:\Users\Brandon\Documents\Tomcat
27-Aug-2018 16:35:53.851 INFO [main] org.apache.catalina.startup.VersionLoggerListener.log Command line argument: -Djava.util.logging.config.file=C:\Users\Brandon\Documents\Tomcat\conf\logging.properties
27-Aug-2018 16:35:53.852 INFO [main] org.apache.catalina.startup.VersionLoggerListener.log Command line argument: -Djava.util.logging.manager=org.apache.juli.ClassLoaderLogManager
27-Aug-2018 16:35:53.852 INFO [main] org.apache.catalina.startup.VersionLoggerListener.log Command line argument: -Djdk.tls.ephemeralDHKeySize=2048
27-Aug-2018 16:35:53.852 INFO [main] org.apache.catalina.startup.VersionLoggerListener.log Command line argument: -Djava.protocol.handler.pkgs=org.apache.catalina.webresources
27-Aug-2018 16:35:53.852 INFO [main] org.apache.catalina.startup.VersionLoggerListener.log Command line argument: -Dcatalina.base=C:\Users\Brandon\Documents\Tomcat
27-Aug-2018 16:35:53.852 INFO [main] org.apache.catalina.startup.VersionLoggerListener.log Command line argument: -Dcatalina.home=C:\Users\Brandon\Documents\Tomcat
27-Aug-2018 16:35:53.852 INFO [main] org.apache.catalina.startup.VersionLoggerListener.log Command line argument: -Djava.io.tmpdir=C:\Users\Brandon\Documents\Tomcat\temp
27-Aug-2018 16:35:53.853 INFO [main] org.apache.catalina.core.AprLifecycleListener.lifecycleEvent The APR based Apache Tomcat Native library which allows optimal performance in production environments was not found on the java.library.path: [C:\Program Files (x86)\Java\jdk1.8.0_121\bin;C:\WINDOWS\Sun\Java\bin;C:\WINDOWS\system32;C:\WINDOWS;C:\Program Files (x86)\Common Files\Oracle\Java\javapath;C:\Program Files\Microsoft MPI\Bin\;C:\Program Files (x86)\NVIDIA Corporation\PhysX\Common;C:\ProgramData\Oracle\Java\javapath;C:\WINDOWS\system32;C:\WINDOWS;C:\WINDOWS\System32\Wbem;C:\WINDOWS\System32\WindowsPowerShell\v1.0\;C:\Program Files (x86)\Skype\Phone\;C:\Program Files (x86)\Common Files\Adobe\AGL;C:\Users\Brandon\AppData\Local\Android\sdk;C:\Program Files\Microsoft SQL Server\130\Tools\Binn\;C:\Program Files\dotnet\;C:\Program Files\Git\cmd;C:\Program Files (x86)\GtkSharp\2.12\bin;C:\WINDOWS\System32\OpenSSH\;C:\Users\Brandon\AppData\Local\Microsoft\WindowsApps;;C:\Program Files\Microsoft VS Code\bin;.]
27-Aug-2018 16:35:53.937 INFO [main] org.apache.coyote.AbstractProtocol.init Initializing ProtocolHandler ["http-nio-80"]
27-Aug-2018 16:35:54.027 INFO [main] org.apache.tomcat.util.net.NioSelectorPool.getSharedSelector Using a shared selector for servlet write/read
27-Aug-2018 16:35:54.029 INFO [main] org.apache.coyote.AbstractProtocol.init Initializing ProtocolHandler ["ajp-nio-8009"]
27-Aug-2018 16:35:54.031 INFO [main] org.apache.tomcat.util.net.NioSelectorPool.getSharedSelector Using a shared selector for servlet write/read
27-Aug-2018 16:35:54.031 INFO [main] org.apache.catalina.startup.Catalina.load Initialization processed in 445 ms
27-Aug-2018 16:35:54.051 INFO [main] org.apache.catalina.core.StandardService.startInternal Starting service [Catalina]
27-Aug-2018 16:35:54.051 INFO [main] org.apache.catalina.core.StandardEngine.startInternal Starting Servlet Engine: Apache Tomcat/8.5.15
27-Aug-2018 16:35:54.070 INFO [localhost-startStop-1] org.apache.catalina.startup.HostConfig.deployWAR Deploying web application archive [C:\Users\Brandon\Documents\Tomcat\webapps\Live.war]
27-Aug-2018 16:35:54.352 INFO [localhost-startStop-1] org.apache.catalina.startup.HostConfig.deployWAR Deployment of web application archive [C:\Users\Brandon\Documents\Tomcat\webapps\Live.war] has finished in [282] ms
27-Aug-2018 16:35:54.353 INFO [localhost-startStop-1] org.apache.catalina.startup.HostConfig.deployWAR Deploying web application archive [C:\Users\Brandon\Documents\Tomcat\webapps\RobotLive.war]
27-Aug-2018 16:35:54.380 INFO [localhost-startStop-1] org.apache.catalina.startup.HostConfig.deployWAR Deployment of web application archive [C:\Users\Brandon\Documents\Tomcat\webapps\RobotLive.war] has finished in [27] ms
27-Aug-2018 16:35:54.380 INFO [localhost-startStop-1] org.apache.catalina.startup.HostConfig.deployWAR Deploying web application archive [C:\Users\Brandon\Documents\Tomcat\webapps\ROOT.war]
27-Aug-2018 16:35:54.382 INFO [localhost-startStop-1] org.apache.catalina.startup.ExpandWar.expand An expanded directory [C:\Users\Brandon\Documents\Tomcat\webapps\ROOT] was found with a last modified time that did not match the associated WAR. It will be deleted.
27-Aug-2018 16:35:54.438 INFO [localhost-startStop-1] org.apache.catalina.startup.HostConfig.deployWAR Deployment of web application archive [C:\Users\Brandon\Documents\Tomcat\webapps\ROOT.war] has finished in [58] ms
27-Aug-2018 16:35:54.439 INFO [localhost-startStop-1] org.apache.catalina.startup.HostConfig.deployDirectory Deploying web application directory [C:\Users\Brandon\Documents\Tomcat\webapps\apache]
27-Aug-2018 16:35:54.459 INFO [localhost-startStop-1] org.apache.catalina.startup.HostConfig.deployDirectory Deployment of web application directory [C:\Users\Brandon\Documents\Tomcat\webapps\apache] has finished in [20] ms
27-Aug-2018 16:35:54.460 INFO [localhost-startStop-1] org.apache.catalina.startup.HostConfig.deployDirectory Deploying web application directory [C:\Users\Brandon\Documents\Tomcat\webapps\docs]
27-Aug-2018 16:35:54.476 INFO [localhost-startStop-1] org.apache.catalina.startup.HostConfig.deployDirectory Deployment of web application directory [C:\Users\Brandon\Documents\Tomcat\webapps\docs] has finished in [16] ms
27-Aug-2018 16:35:54.476 INFO [localhost-startStop-1] org.apache.catalina.startup.HostConfig.deployDirectory Deploying web application directory [C:\Users\Brandon\Documents\Tomcat\webapps\examples]
27-Aug-2018 16:35:54.700 INFO [localhost-startStop-1] org.apache.catalina.startup.HostConfig.deployDirectory Deployment of web application directory [C:\Users\Brandon\Documents\Tomcat\webapps\examples] has finished in [224] ms
27-Aug-2018 16:35:54.700 INFO [localhost-startStop-1] org.apache.catalina.startup.HostConfig.deployDirectory Deploying web application directory [C:\Users\Brandon\Documents\Tomcat\webapps\host-manager]
27-Aug-2018 16:35:54.720 INFO [localhost-startStop-1] org.apache.catalina.startup.HostConfig.deployDirectory Deployment of web application directory [C:\Users\Brandon\Documents\Tomcat\webapps\host-manager] has finished in [20] ms
27-Aug-2018 16:35:54.721 INFO [localhost-startStop-1] org.apache.catalina.startup.HostConfig.deployDirectory Deploying web application directory [C:\Users\Brandon\Documents\Tomcat\webapps\manager]
27-Aug-2018 16:35:54.739 INFO [localhost-startStop-1] org.apache.catalina.startup.HostConfig.deployDirectory Deployment of web application directory [C:\Users\Brandon\Documents\Tomcat\webapps\manager] has finished in [18] ms
27-Aug-2018 16:35:54.741 INFO [main] org.apache.coyote.AbstractProtocol.start Starting ProtocolHandler ["http-nio-80"]
27-Aug-2018 16:35:54.748 INFO [main] org.apache.coyote.AbstractProtocol.start Starting ProtocolHandler ["ajp-nio-8009"]
27-Aug-2018 16:35:54.750 INFO [main] org.apache.catalina.startup.Catalina.start Server startup in 718 ms
27-Aug-2018 17:23:48.367 INFO [ContainerBackgroundProcessor[StandardEngine[Catalina]]] org.apache.catalina.startup.HostConfig.undeploy Undeploying context []
27-Aug-2018 17:23:48.392 SEVERE [ContainerBackgroundProcessor[StandardEngine[Catalina]]] org.apache.catalina.startup.ExpandWar.deleteDir [C:\Users\Brandon\Documents\Tomcat\work\Catalina\localhost\ROOT] could not be completely deleted. The presence of the remaining files may cause problems
27-Aug-2018 17:23:48.393 SEVERE [ContainerBackgroundProcessor[StandardEngine[Catalina]]] org.apache.catalina.startup.ExpandWar.delete [C:\Users\Brandon\Documents\Tomcat\work\Catalina\localhost\ROOT] could not be completely deleted. The presence of the remaining files may cause problems
27-Aug-2018 17:23:48.409 INFO [localhost-startStop-2] org.apache.catalina.startup.HostConfig.deployWAR Deploying web application archive [C:\Users\Brandon\Documents\Tomcat\webapps\ROOT.war]
27-Aug-2018 17:23:48.478 INFO [localhost-startStop-2] org.apache.catalina.startup.HostConfig.deployWAR Deployment of web application archive [C:\Users\Brandon\Documents\Tomcat\webapps\ROOT.war] has finished in [69] ms
27-Aug-2018 17:23:49.509 INFO [main] org.apache.catalina.core.StandardServer.await A valid shutdown command was received via the shutdown port. Stopping the Server instance.
27-Aug-2018 17:23:49.510 INFO [main] org.apache.coyote.AbstractProtocol.pause Pausing ProtocolHandler ["http-nio-80"]
27-Aug-2018 17:23:49.559 INFO [main] org.apache.coyote.AbstractProtocol.pause Pausing ProtocolHandler ["ajp-nio-8009"]
27-Aug-2018 17:23:49.596 INFO [main] org.apache.catalina.core.StandardService.stopInternal Stopping service [Catalina]
27-Aug-2018 17:23:49.623 INFO [main] org.apache.coyote.AbstractProtocol.stop Stopping ProtocolHandler ["http-nio-80"]
27-Aug-2018 17:23:49.624 INFO [main] org.apache.coyote.AbstractProtocol.stop Stopping ProtocolHandler ["ajp-nio-8009"]
27-Aug-2018 17:23:49.626 INFO [main] org.apache.coyote.AbstractProtocol.destroy Destroying ProtocolHandler ["http-nio-80"]
27-Aug-2018 17:23:49.626 INFO [main] org.apache.coyote.AbstractProtocol.destroy Destroying ProtocolHandler ["ajp-nio-8009"]
27-Aug-2018 17:23:50.653 INFO [main] org.apache.catalina.startup.VersionLoggerListener.log Server version:        Apache Tomcat/8.5.15
27-Aug-2018 17:23:50.655 INFO [main] org.apache.catalina.startup.VersionLoggerListener.log Server built:          May 5 2017 11:03:04 UTC
27-Aug-2018 17:23:50.655 INFO [main] org.apache.catalina.startup.VersionLoggerListener.log Server number:         8.5.15.0
27-Aug-2018 17:23:50.655 INFO [main] org.apache.catalina.startup.VersionLoggerListener.log OS Name:               Windows 10
27-Aug-2018 17:23:50.655 INFO [main] org.apache.catalina.startup.VersionLoggerListener.log OS Version:            10.0
27-Aug-2018 17:23:50.655 INFO [main] org.apache.catalina.startup.VersionLoggerListener.log Architecture:          x86
27-Aug-2018 17:23:50.656 INFO [main] org.apache.catalina.startup.VersionLoggerListener.log Java Home:             C:\Program Files (x86)\Java\jdk1.8.0_121\jre
27-Aug-2018 17:23:50.656 INFO [main] org.apache.catalina.startup.VersionLoggerListener.log JVM Version:           1.8.0_121-b13
27-Aug-2018 17:23:50.656 INFO [main] org.apache.catalina.startup.VersionLoggerListener.log JVM Vendor:            Oracle Corporation
27-Aug-2018 17:23:50.656 INFO [main] org.apache.catalina.startup.VersionLoggerListener.log CATALINA_BASE:         C:\Users\Brandon\Documents\Tomcat
27-Aug-2018 17:23:50.656 INFO [main] org.apache.catalina.startup.VersionLoggerListener.log CATALINA_HOME:         C:\Users\Brandon\Documents\Tomcat
27-Aug-2018 17:23:50.657 INFO [main] org.apache.catalina.startup.VersionLoggerListener.log Command line argument: -Djava.util.logging.config.file=C:\Users\Brandon\Documents\Tomcat\conf\logging.properties
27-Aug-2018 17:23:50.657 INFO [main] org.apache.catalina.startup.VersionLoggerListener.log Command line argument: -Djava.util.logging.manager=org.apache.juli.ClassLoaderLogManager
27-Aug-2018 17:23:50.657 INFO [main] org.apache.catalina.startup.VersionLoggerListener.log Command line argument: -Djdk.tls.ephemeralDHKeySize=2048
27-Aug-2018 17:23:50.657 INFO [main] org.apache.catalina.startup.VersionLoggerListener.log Command line argument: -Djava.protocol.handler.pkgs=org.apache.catalina.webresources
27-Aug-2018 17:23:50.657 INFO [main] org.apache.catalina.startup.VersionLoggerListener.log Command line argument: -Dcatalina.base=C:\Users\Brandon\Documents\Tomcat
27-Aug-2018 17:23:50.657 INFO [main] org.apache.catalina.startup.VersionLoggerListener.log Command line argument: -Dcatalina.home=C:\Users\Brandon\Documents\Tomcat
27-Aug-2018 17:23:50.658 INFO [main] org.apache.catalina.startup.VersionLoggerListener.log Command line argument: -Djava.io.tmpdir=C:\Users\Brandon\Documents\Tomcat\temp
27-Aug-2018 17:23:50.658 INFO [main] org.apache.catalina.core.AprLifecycleListener.lifecycleEvent The APR based Apache Tomcat Native library which allows optimal performance in production environments was not found on the java.library.path: [C:\Program Files (x86)\Java\jdk1.8.0_121\bin;C:\WINDOWS\Sun\Java\bin;C:\WINDOWS\system32;C:\WINDOWS;C:\Program Files (x86)\Common Files\Oracle\Java\javapath;C:\Program Files\Microsoft MPI\Bin\;C:\Program Files (x86)\NVIDIA Corporation\PhysX\Common;C:\ProgramData\Oracle\Java\javapath;C:\WINDOWS\system32;C:\WINDOWS;C:\WINDOWS\System32\Wbem;C:\WINDOWS\System32\WindowsPowerShell\v1.0\;C:\Program Files (x86)\Skype\Phone\;C:\Program Files (x86)\Common Files\Adobe\AGL;C:\Users\Brandon\AppData\Local\Android\sdk;C:\Program Files\Microsoft SQL Server\130\Tools\Binn\;C:\Program Files\dotnet\;C:\Program Files\Git\cmd;C:\Program Files (x86)\GtkSharp\2.12\bin;C:\WINDOWS\System32\OpenSSH\;C:\Users\Brandon\AppData\Local\Microsoft\WindowsApps;;C:\Program Files\Microsoft VS Code\bin;.]
27-Aug-2018 17:23:50.739 INFO [main] org.apache.coyote.AbstractProtocol.init Initializing ProtocolHandler ["http-nio-80"]
27-Aug-2018 17:23:50.824 INFO [main] org.apache.tomcat.util.net.NioSelectorPool.getSharedSelector Using a shared selector for servlet write/read
27-Aug-2018 17:23:50.826 INFO [main] org.apache.coyote.AbstractProtocol.init Initializing ProtocolHandler ["ajp-nio-8009"]
27-Aug-2018 17:23:50.828 INFO [main] org.apache.tomcat.util.net.NioSelectorPool.getSharedSelector Using a shared selector for servlet write/read
27-Aug-2018 17:23:50.829 INFO [main] org.apache.catalina.startup.Catalina.load Initialization processed in 425 ms
27-Aug-2018 17:23:50.848 INFO [main] org.apache.catalina.core.StandardService.startInternal Starting service [Catalina]
27-Aug-2018 17:23:50.849 INFO [main] org.apache.catalina.core.StandardEngine.startInternal Starting Servlet Engine: Apache Tomcat/8.5.15
27-Aug-2018 17:23:50.868 INFO [localhost-startStop-1] org.apache.catalina.startup.HostConfig.deployWAR Deploying web application archive [C:\Users\Brandon\Documents\Tomcat\webapps\Live.war]
27-Aug-2018 17:23:51.117 INFO [localhost-startStop-1] org.apache.catalina.startup.HostConfig.deployWAR Deployment of web application archive [C:\Users\Brandon\Documents\Tomcat\webapps\Live.war] has finished in [249] ms
27-Aug-2018 17:23:51.118 INFO [localhost-startStop-1] org.apache.catalina.startup.HostConfig.deployWAR Deploying web application archive [C:\Users\Brandon\Documents\Tomcat\webapps\RobotLive.war]
27-Aug-2018 17:23:51.143 INFO [localhost-startStop-1] org.apache.catalina.startup.HostConfig.deployWAR Deployment of web application archive [C:\Users\Brandon\Documents\Tomcat\webapps\RobotLive.war] has finished in [25] ms
27-Aug-2018 17:23:51.145 INFO [localhost-startStop-1] org.apache.catalina.startup.HostConfig.deployWAR Deploying web application archive [C:\Users\Brandon\Documents\Tomcat\webapps\ROOT.war]
27-Aug-2018 17:23:51.174 INFO [localhost-startStop-1] org.apache.catalina.startup.HostConfig.deployWAR Deployment of web application archive [C:\Users\Brandon\Documents\Tomcat\webapps\ROOT.war] has finished in [29] ms
27-Aug-2018 17:23:51.175 INFO [localhost-startStop-1] org.apache.catalina.startup.HostConfig.deployDirectory Deploying web application directory [C:\Users\Brandon\Documents\Tomcat\webapps\apache]
27-Aug-2018 17:23:51.193 INFO [localhost-startStop-1] org.apache.catalina.startup.HostConfig.deployDirectory Deployment of web application directory [C:\Users\Brandon\Documents\Tomcat\webapps\apache] has finished in [18] ms
27-Aug-2018 17:23:51.194 INFO [localhost-startStop-1] org.apache.catalina.startup.HostConfig.deployDirectory Deploying web application directory [C:\Users\Brandon\Documents\Tomcat\webapps\docs]
27-Aug-2018 17:23:51.208 INFO [localhost-startStop-1] org.apache.catalina.startup.HostConfig.deployDirectory Deployment of web application directory [C:\Users\Brandon\Documents\Tomcat\webapps\docs] has finished in [14] ms
27-Aug-2018 17:23:51.209 INFO [localhost-startStop-1] org.apache.catalina.startup.HostConfig.deployDirectory Deploying web application directory [C:\Users\Brandon\Documents\Tomcat\webapps\examples]
27-Aug-2018 17:23:51.421 INFO [localhost-startStop-1] org.apache.catalina.startup.HostConfig.deployDirectory Deployment of web application directory [C:\Users\Brandon\Documents\Tomcat\webapps\examples] has finished in [212] ms
27-Aug-2018 17:23:51.422 INFO [localhost-startStop-1] org.apache.catalina.startup.HostConfig.deployDirectory Deploying web application directory [C:\Users\Brandon\Documents\Tomcat\webapps\host-manager]
27-Aug-2018 17:23:51.440 INFO [localhost-startStop-1] org.apache.catalina.startup.HostConfig.deployDirectory Deployment of web application directory [C:\Users\Brandon\Documents\Tomcat\webapps\host-manager] has finished in [19] ms
27-Aug-2018 17:23:51.440 INFO [localhost-startStop-1] org.apache.catalina.startup.HostConfig.deployDirectory Deploying web application directory [C:\Users\Brandon\Documents\Tomcat\webapps\manager]
27-Aug-2018 17:23:51.457 INFO [localhost-startStop-1] org.apache.catalina.startup.HostConfig.deployDirectory Deployment of web application directory [C:\Users\Brandon\Documents\Tomcat\webapps\manager] has finished in [17] ms
27-Aug-2018 17:23:51.459 INFO [main] org.apache.coyote.AbstractProtocol.start Starting ProtocolHandler ["http-nio-80"]
27-Aug-2018 17:23:51.466 INFO [main] org.apache.coyote.AbstractProtocol.start Starting ProtocolHandler ["ajp-nio-8009"]
27-Aug-2018 17:23:51.468 INFO [main] org.apache.catalina.startup.Catalina.start Server startup in 639 ms
27-Aug-2018 17:26:08.234 INFO [main] org.apache.catalina.core.StandardServer.await A valid shutdown command was received via the shutdown port. Stopping the Server instance.
27-Aug-2018 17:26:08.235 INFO [main] org.apache.coyote.AbstractProtocol.pause Pausing ProtocolHandler ["http-nio-80"]
27-Aug-2018 17:26:08.287 INFO [main] org.apache.coyote.AbstractProtocol.pause Pausing ProtocolHandler ["ajp-nio-8009"]
27-Aug-2018 17:26:08.321 INFO [main] org.apache.catalina.core.StandardService.stopInternal Stopping service [Catalina]
27-Aug-2018 17:26:08.343 INFO [main] org.apache.coyote.AbstractProtocol.stop Stopping ProtocolHandler ["http-nio-80"]
27-Aug-2018 17:26:08.345 INFO [main] org.apache.coyote.AbstractProtocol.stop Stopping ProtocolHandler ["ajp-nio-8009"]
27-Aug-2018 17:26:08.347 INFO [main] org.apache.coyote.AbstractProtocol.destroy Destroying ProtocolHandler ["http-nio-80"]
27-Aug-2018 17:26:08.348 INFO [main] org.apache.coyote.AbstractProtocol.destroy Destroying ProtocolHandler ["ajp-nio-8009"]
27-Aug-2018 17:26:09.392 INFO [main] org.apache.catalina.startup.VersionLoggerListener.log Server version:        Apache Tomcat/8.5.15
27-Aug-2018 17:26:09.394 INFO [main] org.apache.catalina.startup.VersionLoggerListener.log Server built:          May 5 2017 11:03:04 UTC
27-Aug-2018 17:26:09.394 INFO [main] org.apache.catalina.startup.VersionLoggerListener.log Server number:         8.5.15.0
27-Aug-2018 17:26:09.395 INFO [main] org.apache.catalina.startup.VersionLoggerListener.log OS Name:               Windows 10
27-Aug-2018 17:26:09.395 INFO [main] org.apache.catalina.startup.VersionLoggerListener.log OS Version:            10.0
27-Aug-2018 17:26:09.395 INFO [main] org.apache.catalina.startup.VersionLoggerListener.log Architecture:          x86
27-Aug-2018 17:26:09.395 INFO [main] org.apache.catalina.startup.VersionLoggerListener.log Java Home:             C:\Program Files (x86)\Java\jdk1.8.0_121\jre
27-Aug-2018 17:26:09.395 INFO [main] org.apache.catalina.startup.VersionLoggerListener.log JVM Version:           1.8.0_121-b13
27-Aug-2018 17:26:09.395 INFO [main] org.apache.catalina.startup.VersionLoggerListener.log JVM Vendor:            Oracle Corporation
27-Aug-2018 17:26:09.396 INFO [main] org.apache.catalina.startup.VersionLoggerListener.log CATALINA_BASE:         C:\Users\Brandon\Documents\Tomcat
27-Aug-2018 17:26:09.396 INFO [main] org.apache.catalina.startup.VersionLoggerListener.log CATALINA_HOME:         C:\Users\Brandon\Documents\Tomcat
27-Aug-2018 17:26:09.396 INFO [main] org.apache.catalina.startup.VersionLoggerListener.log Command line argument: -Djava.util.logging.config.file=C:\Users\Brandon\Documents\Tomcat\conf\logging.properties
27-Aug-2018 17:26:09.396 INFO [main] org.apache.catalina.startup.VersionLoggerListener.log Command line argument: -Djava.util.logging.manager=org.apache.juli.ClassLoaderLogManager
27-Aug-2018 17:26:09.396 INFO [main] org.apache.catalina.startup.VersionLoggerListener.log Command line argument: -Djdk.tls.ephemeralDHKeySize=2048
27-Aug-2018 17:26:09.396 INFO [main] org.apache.catalina.startup.VersionLoggerListener.log Command line argument: -Djava.protocol.handler.pkgs=org.apache.catalina.webresources
27-Aug-2018 17:26:09.397 INFO [main] org.apache.catalina.startup.VersionLoggerListener.log Command line argument: -Dcatalina.base=C:\Users\Brandon\Documents\Tomcat
27-Aug-2018 17:26:09.397 INFO [main] org.apache.catalina.startup.VersionLoggerListener.log Command line argument: -Dcatalina.home=C:\Users\Brandon\Documents\Tomcat
27-Aug-2018 17:26:09.397 INFO [main] org.apache.catalina.startup.VersionLoggerListener.log Command line argument: -Djava.io.tmpdir=C:\Users\Brandon\Documents\Tomcat\temp
27-Aug-2018 17:26:09.397 INFO [main] org.apache.catalina.core.AprLifecycleListener.lifecycleEvent The APR based Apache Tomcat Native library which allows optimal performance in production environments was not found on the java.library.path: [C:\Program Files (x86)\Java\jdk1.8.0_121\bin;C:\WINDOWS\Sun\Java\bin;C:\WINDOWS\system32;C:\WINDOWS;C:\Program Files (x86)\Common Files\Oracle\Java\javapath;C:\Program Files\Microsoft MPI\Bin\;C:\Program Files (x86)\NVIDIA Corporation\PhysX\Common;C:\ProgramData\Oracle\Java\javapath;C:\WINDOWS\system32;C:\WINDOWS;C:\WINDOWS\System32\Wbem;C:\WINDOWS\System32\WindowsPowerShell\v1.0\;C:\Program Files (x86)\Skype\Phone\;C:\Program Files (x86)\Common Files\Adobe\AGL;C:\Users\Brandon\AppData\Local\Android\sdk;C:\Program Files\Microsoft SQL Server\130\Tools\Binn\;C:\Program Files\dotnet\;C:\Program Files\Git\cmd;C:\Program Files (x86)\GtkSharp\2.12\bin;C:\WINDOWS\System32\OpenSSH\;C:\Users\Brandon\AppData\Local\Microsoft\WindowsApps;;C:\Program Files\Microsoft VS Code\bin;.]
27-Aug-2018 17:26:09.483 INFO [main] org.apache.coyote.AbstractProtocol.init Initializing ProtocolHandler ["http-nio-80"]
27-Aug-2018 17:26:09.572 INFO [main] org.apache.tomcat.util.net.NioSelectorPool.getSharedSelector Using a shared selector for servlet write/read
27-Aug-2018 17:26:09.574 INFO [main] org.apache.coyote.AbstractProtocol.init Initializing ProtocolHandler ["ajp-nio-8009"]
27-Aug-2018 17:26:09.576 INFO [main] org.apache.tomcat.util.net.NioSelectorPool.getSharedSelector Using a shared selector for servlet write/read
27-Aug-2018 17:26:09.576 INFO [main] org.apache.catalina.startup.Catalina.load Initialization processed in 448 ms
27-Aug-2018 17:26:09.596 INFO [main] org.apache.catalina.core.StandardService.startInternal Starting service [Catalina]
27-Aug-2018 17:26:09.597 INFO [main] org.apache.catalina.core.StandardEngine.startInternal Starting Servlet Engine: Apache Tomcat/8.5.15
27-Aug-2018 17:26:09.618 INFO [localhost-startStop-1] org.apache.catalina.startup.HostConfig.deployWAR Deploying web application archive [C:\Users\Brandon\Documents\Tomcat\webapps\Live.war]
27-Aug-2018 17:26:09.879 INFO [localhost-startStop-1] org.apache.catalina.startup.HostConfig.deployWAR Deployment of web application archive [C:\Users\Brandon\Documents\Tomcat\webapps\Live.war] has finished in [260] ms
27-Aug-2018 17:26:09.880 INFO [localhost-startStop-1] org.apache.catalina.startup.HostConfig.deployWAR Deploying web application archive [C:\Users\Brandon\Documents\Tomcat\webapps\RobotLive.war]
27-Aug-2018 17:26:09.905 INFO [localhost-startStop-1] org.apache.catalina.startup.HostConfig.deployWAR Deployment of web application archive [C:\Users\Brandon\Documents\Tomcat\webapps\RobotLive.war] has finished in [25] ms
27-Aug-2018 17:26:09.905 INFO [localhost-startStop-1] org.apache.catalina.startup.HostConfig.deployWAR Deploying web application archive [C:\Users\Brandon\Documents\Tomcat\webapps\ROOT.war]
27-Aug-2018 17:26:09.967 INFO [localhost-startStop-1] org.apache.catalina.startup.HostConfig.deployWAR Deployment of web application archive [C:\Users\Brandon\Documents\Tomcat\webapps\ROOT.war] has finished in [61] ms
27-Aug-2018 17:26:09.968 INFO [localhost-startStop-1] org.apache.catalina.startup.HostConfig.deployDirectory Deploying web application directory [C:\Users\Brandon\Documents\Tomcat\webapps\apache]
27-Aug-2018 17:26:09.995 INFO [localhost-startStop-1] org.apache.catalina.startup.HostConfig.deployDirectory Deployment of web application directory [C:\Users\Brandon\Documents\Tomcat\webapps\apache] has finished in [27] ms
27-Aug-2018 17:26:09.996 INFO [localhost-startStop-1] org.apache.catalina.startup.HostConfig.deployDirectory Deploying web application directory [C:\Users\Brandon\Documents\Tomcat\webapps\docs]
27-Aug-2018 17:26:10.012 INFO [localhost-startStop-1] org.apache.catalina.startup.HostConfig.deployDirectory Deployment of web application directory [C:\Users\Brandon\Documents\Tomcat\webapps\docs] has finished in [15] ms
27-Aug-2018 17:26:10.015 INFO [localhost-startStop-1] org.apache.catalina.startup.HostConfig.deployDirectory Deploying web application directory [C:\Users\Brandon\Documents\Tomcat\webapps\examples]
27-Aug-2018 17:26:10.251 INFO [localhost-startStop-1] org.apache.catalina.startup.HostConfig.deployDirectory Deployment of web application directory [C:\Users\Brandon\Documents\Tomcat\webapps\examples] has finished in [236] ms
27-Aug-2018 17:26:10.251 INFO [localhost-startStop-1] org.apache.catalina.startup.HostConfig.deployDirectory Deploying web application directory [C:\Users\Brandon\Documents\Tomcat\webapps\host-manager]
27-Aug-2018 17:26:10.269 INFO [localhost-startStop-1] org.apache.catalina.startup.HostConfig.deployDirectory Deployment of web application directory [C:\Users\Brandon\Documents\Tomcat\webapps\host-manager] has finished in [18] ms
27-Aug-2018 17:26:10.270 INFO [localhost-startStop-1] org.apache.catalina.startup.HostConfig.deployDirectory Deploying web application directory [C:\Users\Brandon\Documents\Tomcat\webapps\manager]
27-Aug-2018 17:26:10.286 INFO [localhost-startStop-1] org.apache.catalina.startup.HostConfig.deployDirectory Deployment of web application directory [C:\Users\Brandon\Documents\Tomcat\webapps\manager] has finished in [16] ms
27-Aug-2018 17:26:10.289 INFO [main] org.apache.coyote.AbstractProtocol.start Starting ProtocolHandler ["http-nio-80"]
27-Aug-2018 17:26:10.295 INFO [main] org.apache.coyote.AbstractProtocol.start Starting ProtocolHandler ["ajp-nio-8009"]
27-Aug-2018 17:26:10.298 INFO [main] org.apache.catalina.startup.Catalina.start Server startup in 721 ms
27-Aug-2018 17:26:48.259 INFO [main] org.apache.catalina.core.StandardServer.await A valid shutdown command was received via the shutdown port. Stopping the Server instance.
27-Aug-2018 17:26:48.260 INFO [main] org.apache.coyote.AbstractProtocol.pause Pausing ProtocolHandler ["http-nio-80"]
27-Aug-2018 17:26:48.307 INFO [main] org.apache.coyote.AbstractProtocol.pause Pausing ProtocolHandler ["ajp-nio-8009"]
27-Aug-2018 17:26:48.341 INFO [main] org.apache.catalina.core.StandardService.stopInternal Stopping service [Catalina]
27-Aug-2018 17:26:48.364 INFO [main] org.apache.coyote.AbstractProtocol.stop Stopping ProtocolHandler ["http-nio-80"]
27-Aug-2018 17:26:48.365 INFO [main] org.apache.coyote.AbstractProtocol.stop Stopping ProtocolHandler ["ajp-nio-8009"]
27-Aug-2018 17:26:48.367 INFO [main] org.apache.coyote.AbstractProtocol.destroy Destroying ProtocolHandler ["http-nio-80"]
27-Aug-2018 17:26:48.368 INFO [main] org.apache.coyote.AbstractProtocol.destroy Destroying ProtocolHandler ["ajp-nio-8009"]
