18-Sep-2018 16:01:25.772 INFO [main] org.apache.catalina.startup.VersionLoggerListener.log Server version:        Apache Tomcat/8.5.15
18-Sep-2018 16:01:25.787 INFO [main] org.apache.catalina.startup.VersionLoggerListener.log Server built:          May 5 2017 11:03:04 UTC
18-Sep-2018 16:01:25.788 INFO [main] org.apache.catalina.startup.VersionLoggerListener.log Server number:         8.5.15.0
18-Sep-2018 16:01:25.788 INFO [main] org.apache.catalina.startup.VersionLoggerListener.log OS Name:               Windows 10
18-Sep-2018 16:01:25.788 INFO [main] org.apache.catalina.startup.VersionLoggerListener.log OS Version:            10.0
18-Sep-2018 16:01:25.788 INFO [main] org.apache.catalina.startup.VersionLoggerListener.log Architecture:          x86
18-Sep-2018 16:01:25.788 INFO [main] org.apache.catalina.startup.VersionLoggerListener.log Java Home:             C:\Program Files (x86)\Java\jdk1.8.0_121\jre
18-Sep-2018 16:01:25.789 INFO [main] org.apache.catalina.startup.VersionLoggerListener.log JVM Version:           1.8.0_121-b13
18-Sep-2018 16:01:25.789 INFO [main] org.apache.catalina.startup.VersionLoggerListener.log JVM Vendor:            Oracle Corporation
18-Sep-2018 16:01:25.789 INFO [main] org.apache.catalina.startup.VersionLoggerListener.log CATALINA_BASE:         C:\Users\Brandon\Documents\_FTC\PowerStackers5029-RobotLive
18-Sep-2018 16:01:25.789 INFO [main] org.apache.catalina.startup.VersionLoggerListener.log CATALINA_HOME:         C:\Users\Brandon\Documents\_FTC\PowerStackers5029-RobotLive
18-Sep-2018 16:01:25.790 INFO [main] org.apache.catalina.startup.VersionLoggerListener.log Command line argument: -Djava.util.logging.config.file=C:\Users\Brandon\Documents\_FTC\PowerStackers5029-RobotLive\conf\logging.properties
18-Sep-2018 16:01:25.790 INFO [main] org.apache.catalina.startup.VersionLoggerListener.log Command line argument: -Djava.util.logging.manager=org.apache.juli.ClassLoaderLogManager
18-Sep-2018 16:01:25.790 INFO [main] org.apache.catalina.startup.VersionLoggerListener.log Command line argument: -Djdk.tls.ephemeralDHKeySize=2048
18-Sep-2018 16:01:25.790 INFO [main] org.apache.catalina.startup.VersionLoggerListener.log Command line argument: -Djava.protocol.handler.pkgs=org.apache.catalina.webresources
18-Sep-2018 16:01:25.790 INFO [main] org.apache.catalina.startup.VersionLoggerListener.log Command line argument: -Dcatalina.base=C:\Users\Brandon\Documents\_FTC\PowerStackers5029-RobotLive
18-Sep-2018 16:01:25.790 INFO [main] org.apache.catalina.startup.VersionLoggerListener.log Command line argument: -Dcatalina.home=C:\Users\Brandon\Documents\_FTC\PowerStackers5029-RobotLive
18-Sep-2018 16:01:25.791 INFO [main] org.apache.catalina.startup.VersionLoggerListener.log Command line argument: -Djava.io.tmpdir=C:\Users\Brandon\Documents\_FTC\PowerStackers5029-RobotLive\temp
18-Sep-2018 16:01:25.791 INFO [main] org.apache.catalina.core.AprLifecycleListener.lifecycleEvent The APR based Apache Tomcat Native library which allows optimal performance in production environments was not found on the java.library.path: [C:\Program Files (x86)\Java\jdk1.8.0_121\bin;C:\WINDOWS\Sun\Java\bin;C:\WINDOWS\system32;C:\WINDOWS;C:\Program Files (x86)\Common Files\Oracle\Java\javapath;C:\Program Files\Microsoft MPI\Bin\;C:\Program Files (x86)\NVIDIA Corporation\PhysX\Common;C:\ProgramData\Oracle\Java\javapath;C:\WINDOWS\system32;C:\WINDOWS;C:\WINDOWS\System32\Wbem;C:\WINDOWS\System32\WindowsPowerShell\v1.0\;C:\Program Files (x86)\Skype\Phone\;C:\Program Files (x86)\Common Files\Adobe\AGL;C:\Users\Brandon\AppData\Local\Android\sdk;C:\Program Files\Microsoft SQL Server\130\Tools\Binn\;C:\Program Files\dotnet\;C:\Program Files\Git\cmd;C:\Program Files (x86)\GtkSharp\2.12\bin;C:\WINDOWS\System32\OpenSSH\;C:\Users\Brandon\AppData\Local\Microsoft\WindowsApps;;C:\Program Files\Microsoft VS Code\bin;.]
18-Sep-2018 16:01:26.295 INFO [main] org.apache.coyote.AbstractProtocol.init Initializing ProtocolHandler ["http-nio-80"]
18-Sep-2018 16:01:26.412 INFO [main] org.apache.tomcat.util.net.NioSelectorPool.getSharedSelector Using a shared selector for servlet write/read
18-Sep-2018 16:01:26.415 INFO [main] org.apache.coyote.AbstractProtocol.init Initializing ProtocolHandler ["ajp-nio-8009"]
18-Sep-2018 16:01:26.417 INFO [main] org.apache.tomcat.util.net.NioSelectorPool.getSharedSelector Using a shared selector for servlet write/read
18-Sep-2018 16:01:26.418 INFO [main] org.apache.catalina.startup.Catalina.load Initialization processed in 1020 ms
18-Sep-2018 16:01:26.450 INFO [main] org.apache.catalina.core.StandardService.startInternal Starting service [Catalina]
18-Sep-2018 16:01:26.451 INFO [main] org.apache.catalina.core.StandardEngine.startInternal Starting Servlet Engine: Apache Tomcat/8.5.15
18-Sep-2018 16:01:26.547 INFO [localhost-startStop-1] org.apache.catalina.startup.HostConfig.deployWAR Deploying web application archive [C:\Users\Brandon\Documents\_FTC\PowerStackers5029-RobotLive\webapps\Live.war]
18-Sep-2018 16:01:26.947 INFO [localhost-startStop-1] org.apache.catalina.startup.HostConfig.deployWAR Deployment of web application archive [C:\Users\Brandon\Documents\_FTC\PowerStackers5029-RobotLive\webapps\Live.war] has finished in [399] ms
18-Sep-2018 16:01:26.948 INFO [localhost-startStop-1] org.apache.catalina.startup.HostConfig.deployWAR Deploying web application archive [C:\Users\Brandon\Documents\_FTC\PowerStackers5029-RobotLive\webapps\RobotLive.war]
18-Sep-2018 16:01:26.990 INFO [localhost-startStop-1] org.apache.catalina.startup.HostConfig.deployWAR Deployment of web application archive [C:\Users\Brandon\Documents\_FTC\PowerStackers5029-RobotLive\webapps\RobotLive.war] has finished in [42] ms
18-Sep-2018 16:01:26.991 INFO [localhost-startStop-1] org.apache.catalina.startup.HostConfig.deployWAR Deploying web application archive [C:\Users\Brandon\Documents\_FTC\PowerStackers5029-RobotLive\webapps\ROOT.war]
18-Sep-2018 16:01:26.994 INFO [localhost-startStop-1] org.apache.catalina.startup.ExpandWar.expand An expanded directory [C:\Users\Brandon\Documents\_FTC\PowerStackers5029-RobotLive\webapps\ROOT] was found with a last modified time that did not match the associated WAR. It will be deleted.
18-Sep-2018 16:01:27.086 INFO [localhost-startStop-1] org.apache.catalina.startup.HostConfig.deployWAR Deployment of web application archive [C:\Users\Brandon\Documents\_FTC\PowerStackers5029-RobotLive\webapps\ROOT.war] has finished in [95] ms
18-Sep-2018 16:01:27.087 INFO [localhost-startStop-1] org.apache.catalina.startup.HostConfig.deployDirectory Deploying web application directory [C:\Users\Brandon\Documents\_FTC\PowerStackers5029-RobotLive\webapps\apache]
18-Sep-2018 16:01:27.109 INFO [localhost-startStop-1] org.apache.catalina.startup.HostConfig.deployDirectory Deployment of web application directory [C:\Users\Brandon\Documents\_FTC\PowerStackers5029-RobotLive\webapps\apache] has finished in [22] ms
18-Sep-2018 16:01:27.110 INFO [localhost-startStop-1] org.apache.catalina.startup.HostConfig.deployDirectory Deploying web application directory [C:\Users\Brandon\Documents\_FTC\PowerStackers5029-RobotLive\webapps\docs]
18-Sep-2018 16:01:27.131 INFO [localhost-startStop-1] org.apache.catalina.startup.HostConfig.deployDirectory Deployment of web application directory [C:\Users\Brandon\Documents\_FTC\PowerStackers5029-RobotLive\webapps\docs] has finished in [22] ms
18-Sep-2018 16:01:27.131 INFO [localhost-startStop-1] org.apache.catalina.startup.HostConfig.deployDirectory Deploying web application directory [C:\Users\Brandon\Documents\_FTC\PowerStackers5029-RobotLive\webapps\examples]
18-Sep-2018 16:01:28.465 INFO [localhost-startStop-1] org.apache.catalina.startup.HostConfig.deployDirectory Deployment of web application directory [C:\Users\Brandon\Documents\_FTC\PowerStackers5029-RobotLive\webapps\examples] has finished in [1,334] ms
18-Sep-2018 16:01:28.466 INFO [localhost-startStop-1] org.apache.catalina.startup.HostConfig.deployDirectory Deploying web application directory [C:\Users\Brandon\Documents\_FTC\PowerStackers5029-RobotLive\webapps\host-manager]
18-Sep-2018 16:01:28.502 INFO [localhost-startStop-1] org.apache.catalina.startup.HostConfig.deployDirectory Deployment of web application directory [C:\Users\Brandon\Documents\_FTC\PowerStackers5029-RobotLive\webapps\host-manager] has finished in [36] ms
18-Sep-2018 16:01:28.503 INFO [localhost-startStop-1] org.apache.catalina.startup.HostConfig.deployDirectory Deploying web application directory [C:\Users\Brandon\Documents\_FTC\PowerStackers5029-RobotLive\webapps\manager]
18-Sep-2018 16:01:28.541 INFO [localhost-startStop-1] org.apache.catalina.startup.HostConfig.deployDirectory Deployment of web application directory [C:\Users\Brandon\Documents\_FTC\PowerStackers5029-RobotLive\webapps\manager] has finished in [38] ms
18-Sep-2018 16:01:28.545 INFO [main] org.apache.coyote.AbstractProtocol.start Starting ProtocolHandler ["http-nio-80"]
18-Sep-2018 16:01:28.554 INFO [main] org.apache.coyote.AbstractProtocol.start Starting ProtocolHandler ["ajp-nio-8009"]
18-Sep-2018 16:01:28.556 INFO [main] org.apache.catalina.startup.Catalina.start Server startup in 2138 ms
18-Sep-2018 16:02:24.433 INFO [main] org.apache.catalina.core.StandardServer.await A valid shutdown command was received via the shutdown port. Stopping the Server instance.
18-Sep-2018 16:02:24.434 INFO [main] org.apache.coyote.AbstractProtocol.pause Pausing ProtocolHandler ["http-nio-80"]
18-Sep-2018 16:02:24.485 INFO [main] org.apache.coyote.AbstractProtocol.pause Pausing ProtocolHandler ["ajp-nio-8009"]
18-Sep-2018 16:02:24.520 INFO [main] org.apache.catalina.core.StandardService.stopInternal Stopping service [Catalina]
18-Sep-2018 16:02:24.553 INFO [main] org.apache.coyote.AbstractProtocol.stop Stopping ProtocolHandler ["http-nio-80"]
18-Sep-2018 16:02:24.556 INFO [main] org.apache.coyote.AbstractProtocol.stop Stopping ProtocolHandler ["ajp-nio-8009"]
18-Sep-2018 16:02:24.558 INFO [main] org.apache.coyote.AbstractProtocol.destroy Destroying ProtocolHandler ["http-nio-80"]
18-Sep-2018 16:02:24.559 INFO [main] org.apache.coyote.AbstractProtocol.destroy Destroying ProtocolHandler ["ajp-nio-8009"]
18-Sep-2018 16:02:33.887 INFO [main] org.apache.catalina.startup.VersionLoggerListener.log Server version:        Apache Tomcat/8.5.15
18-Sep-2018 16:02:33.889 INFO [main] org.apache.catalina.startup.VersionLoggerListener.log Server built:          May 5 2017 11:03:04 UTC
18-Sep-2018 16:02:33.889 INFO [main] org.apache.catalina.startup.VersionLoggerListener.log Server number:         8.5.15.0
18-Sep-2018 16:02:33.889 INFO [main] org.apache.catalina.startup.VersionLoggerListener.log OS Name:               Windows 10
18-Sep-2018 16:02:33.889 INFO [main] org.apache.catalina.startup.VersionLoggerListener.log OS Version:            10.0
18-Sep-2018 16:02:33.890 INFO [main] org.apache.catalina.startup.VersionLoggerListener.log Architecture:          x86
18-Sep-2018 16:02:33.890 INFO [main] org.apache.catalina.startup.VersionLoggerListener.log Java Home:             C:\Program Files (x86)\Java\jdk1.8.0_121\jre
18-Sep-2018 16:02:33.890 INFO [main] org.apache.catalina.startup.VersionLoggerListener.log JVM Version:           1.8.0_121-b13
18-Sep-2018 16:02:33.890 INFO [main] org.apache.catalina.startup.VersionLoggerListener.log JVM Vendor:            Oracle Corporation
18-Sep-2018 16:02:33.890 INFO [main] org.apache.catalina.startup.VersionLoggerListener.log CATALINA_BASE:         C:\Users\Brandon\Documents\_FTC\PowerStackers5029-RobotLive
18-Sep-2018 16:02:33.891 INFO [main] org.apache.catalina.startup.VersionLoggerListener.log CATALINA_HOME:         C:\Users\Brandon\Documents\_FTC\PowerStackers5029-RobotLive
18-Sep-2018 16:02:33.891 INFO [main] org.apache.catalina.startup.VersionLoggerListener.log Command line argument: -Djava.util.logging.config.file=C:\Users\Brandon\Documents\_FTC\PowerStackers5029-RobotLive\conf\logging.properties
18-Sep-2018 16:02:33.891 INFO [main] org.apache.catalina.startup.VersionLoggerListener.log Command line argument: -Djava.util.logging.manager=org.apache.juli.ClassLoaderLogManager
18-Sep-2018 16:02:33.891 INFO [main] org.apache.catalina.startup.VersionLoggerListener.log Command line argument: -Djdk.tls.ephemeralDHKeySize=2048
18-Sep-2018 16:02:33.892 INFO [main] org.apache.catalina.startup.VersionLoggerListener.log Command line argument: -Djava.protocol.handler.pkgs=org.apache.catalina.webresources
18-Sep-2018 16:02:33.892 INFO [main] org.apache.catalina.startup.VersionLoggerListener.log Command line argument: -Dcatalina.base=C:\Users\Brandon\Documents\_FTC\PowerStackers5029-RobotLive
18-Sep-2018 16:02:33.892 INFO [main] org.apache.catalina.startup.VersionLoggerListener.log Command line argument: -Dcatalina.home=C:\Users\Brandon\Documents\_FTC\PowerStackers5029-RobotLive
18-Sep-2018 16:02:33.892 INFO [main] org.apache.catalina.startup.VersionLoggerListener.log Command line argument: -Djava.io.tmpdir=C:\Users\Brandon\Documents\_FTC\PowerStackers5029-RobotLive\temp
18-Sep-2018 16:02:33.892 INFO [main] org.apache.catalina.core.AprLifecycleListener.lifecycleEvent The APR based Apache Tomcat Native library which allows optimal performance in production environments was not found on the java.library.path: [C:\Program Files (x86)\Java\jdk1.8.0_121\bin;C:\WINDOWS\Sun\Java\bin;C:\WINDOWS\system32;C:\WINDOWS;C:\Program Files (x86)\Common Files\Oracle\Java\javapath;C:\Program Files\Microsoft MPI\Bin\;C:\Program Files (x86)\NVIDIA Corporation\PhysX\Common;C:\ProgramData\Oracle\Java\javapath;C:\WINDOWS\system32;C:\WINDOWS;C:\WINDOWS\System32\Wbem;C:\WINDOWS\System32\WindowsPowerShell\v1.0\;C:\Program Files (x86)\Skype\Phone\;C:\Program Files (x86)\Common Files\Adobe\AGL;C:\Users\Brandon\AppData\Local\Android\sdk;C:\Program Files\Microsoft SQL Server\130\Tools\Binn\;C:\Program Files\dotnet\;C:\Program Files\Git\cmd;C:\Program Files (x86)\GtkSharp\2.12\bin;C:\WINDOWS\System32\OpenSSH\;C:\Users\Brandon\AppData\Local\Microsoft\WindowsApps;;C:\Program Files\Microsoft VS Code\bin;.]
18-Sep-2018 16:02:33.975 INFO [main] org.apache.coyote.AbstractProtocol.init Initializing ProtocolHandler ["http-nio-80"]
18-Sep-2018 16:02:34.081 INFO [main] org.apache.tomcat.util.net.NioSelectorPool.getSharedSelector Using a shared selector for servlet write/read
18-Sep-2018 16:02:34.083 INFO [main] org.apache.coyote.AbstractProtocol.init Initializing ProtocolHandler ["ajp-nio-8009"]
18-Sep-2018 16:02:34.084 INFO [main] org.apache.tomcat.util.net.NioSelectorPool.getSharedSelector Using a shared selector for servlet write/read
18-Sep-2018 16:02:34.085 INFO [main] org.apache.catalina.startup.Catalina.load Initialization processed in 488 ms
18-Sep-2018 16:02:34.107 INFO [main] org.apache.catalina.core.StandardService.startInternal Starting service [Catalina]
18-Sep-2018 16:02:34.109 INFO [main] org.apache.catalina.core.StandardEngine.startInternal Starting Servlet Engine: Apache Tomcat/8.5.15
18-Sep-2018 16:02:34.128 INFO [localhost-startStop-1] org.apache.catalina.startup.HostConfig.deployWAR Deploying web application archive [C:\Users\Brandon\Documents\_FTC\PowerStackers5029-RobotLive\webapps\Live.war]
18-Sep-2018 16:02:34.432 INFO [localhost-startStop-1] org.apache.catalina.startup.HostConfig.deployWAR Deployment of web application archive [C:\Users\Brandon\Documents\_FTC\PowerStackers5029-RobotLive\webapps\Live.war] has finished in [303] ms
18-Sep-2018 16:02:34.432 INFO [localhost-startStop-1] org.apache.catalina.startup.HostConfig.deployWAR Deploying web application archive [C:\Users\Brandon\Documents\_FTC\PowerStackers5029-RobotLive\webapps\RobotLive.war]
18-Sep-2018 16:02:34.468 INFO [localhost-startStop-1] org.apache.catalina.startup.HostConfig.deployWAR Deployment of web application archive [C:\Users\Brandon\Documents\_FTC\PowerStackers5029-RobotLive\webapps\RobotLive.war] has finished in [35] ms
18-Sep-2018 16:02:34.468 INFO [localhost-startStop-1] org.apache.catalina.startup.HostConfig.deployWAR Deploying web application archive [C:\Users\Brandon\Documents\_FTC\PowerStackers5029-RobotLive\webapps\ROOT.war]
18-Sep-2018 16:02:34.471 INFO [localhost-startStop-1] org.apache.catalina.startup.ExpandWar.expand An expanded directory [C:\Users\Brandon\Documents\_FTC\PowerStackers5029-RobotLive\webapps\ROOT] was found with a last modified time that did not match the associated WAR. It will be deleted.
18-Sep-2018 16:02:34.573 INFO [localhost-startStop-1] org.apache.catalina.startup.HostConfig.deployWAR Deployment of web application archive [C:\Users\Brandon\Documents\_FTC\PowerStackers5029-RobotLive\webapps\ROOT.war] has finished in [105] ms
18-Sep-2018 16:02:34.574 INFO [localhost-startStop-1] org.apache.catalina.startup.HostConfig.deployDirectory Deploying web application directory [C:\Users\Brandon\Documents\_FTC\PowerStackers5029-RobotLive\webapps\apache]
18-Sep-2018 16:02:34.590 INFO [localhost-startStop-1] org.apache.catalina.startup.HostConfig.deployDirectory Deployment of web application directory [C:\Users\Brandon\Documents\_FTC\PowerStackers5029-RobotLive\webapps\apache] has finished in [17] ms
18-Sep-2018 16:02:34.592 INFO [localhost-startStop-1] org.apache.catalina.startup.HostConfig.deployDirectory Deploying web application directory [C:\Users\Brandon\Documents\_FTC\PowerStackers5029-RobotLive\webapps\docs]
18-Sep-2018 16:02:34.608 INFO [localhost-startStop-1] org.apache.catalina.startup.HostConfig.deployDirectory Deployment of web application directory [C:\Users\Brandon\Documents\_FTC\PowerStackers5029-RobotLive\webapps\docs] has finished in [17] ms
18-Sep-2018 16:02:34.609 INFO [localhost-startStop-1] org.apache.catalina.startup.HostConfig.deployDirectory Deploying web application directory [C:\Users\Brandon\Documents\_FTC\PowerStackers5029-RobotLive\webapps\examples]
18-Sep-2018 16:02:34.847 INFO [localhost-startStop-1] org.apache.catalina.startup.HostConfig.deployDirectory Deployment of web application directory [C:\Users\Brandon\Documents\_FTC\PowerStackers5029-RobotLive\webapps\examples] has finished in [238] ms
18-Sep-2018 16:02:34.848 INFO [localhost-startStop-1] org.apache.catalina.startup.HostConfig.deployDirectory Deploying web application directory [C:\Users\Brandon\Documents\_FTC\PowerStackers5029-RobotLive\webapps\host-manager]
18-Sep-2018 16:02:34.859 INFO [localhost-startStop-1] org.apache.catalina.startup.HostConfig.deployDirectory Deployment of web application directory [C:\Users\Brandon\Documents\_FTC\PowerStackers5029-RobotLive\webapps\host-manager] has finished in [11] ms
18-Sep-2018 16:02:34.859 INFO [localhost-startStop-1] org.apache.catalina.startup.HostConfig.deployDirectory Deploying web application directory [C:\Users\Brandon\Documents\_FTC\PowerStackers5029-RobotLive\webapps\manager]
18-Sep-2018 16:02:34.875 INFO [localhost-startStop-1] org.apache.catalina.startup.HostConfig.deployDirectory Deployment of web application directory [C:\Users\Brandon\Documents\_FTC\PowerStackers5029-RobotLive\webapps\manager] has finished in [16] ms
18-Sep-2018 16:02:34.891 INFO [main] org.apache.coyote.AbstractProtocol.start Starting ProtocolHandler ["http-nio-80"]
18-Sep-2018 16:02:34.891 INFO [main] org.apache.coyote.AbstractProtocol.start Starting ProtocolHandler ["ajp-nio-8009"]
18-Sep-2018 16:02:34.891 INFO [main] org.apache.catalina.startup.Catalina.start Server startup in 814 ms
18-Sep-2018 16:21:16.009 INFO [ContainerBackgroundProcessor[StandardEngine[Catalina]]] org.apache.catalina.startup.HostConfig.undeploy Undeploying context []
18-Sep-2018 16:21:16.059 SEVERE [ContainerBackgroundProcessor[StandardEngine[Catalina]]] org.apache.catalina.startup.ExpandWar.deleteDir [C:\Users\Brandon\Documents\_FTC\PowerStackers5029-RobotLive\work\Catalina\localhost\ROOT] could not be completely deleted. The presence of the remaining files may cause problems
18-Sep-2018 16:21:16.060 SEVERE [ContainerBackgroundProcessor[StandardEngine[Catalina]]] org.apache.catalina.startup.ExpandWar.delete [C:\Users\Brandon\Documents\_FTC\PowerStackers5029-RobotLive\work\Catalina\localhost\ROOT] could not be completely deleted. The presence of the remaining files may cause problems
18-Sep-2018 16:21:16.070 INFO [localhost-startStop-2] org.apache.catalina.startup.HostConfig.deployWAR Deploying web application archive [C:\Users\Brandon\Documents\_FTC\PowerStackers5029-RobotLive\webapps\ROOT.war]
18-Sep-2018 16:21:16.156 INFO [localhost-startStop-2] org.apache.catalina.startup.HostConfig.deployWAR Deployment of web application archive [C:\Users\Brandon\Documents\_FTC\PowerStackers5029-RobotLive\webapps\ROOT.war] has finished in [86] ms
18-Sep-2018 16:22:05.042 INFO [main] org.apache.catalina.core.StandardServer.await A valid shutdown command was received via the shutdown port. Stopping the Server instance.
18-Sep-2018 16:22:05.042 INFO [main] org.apache.coyote.AbstractProtocol.pause Pausing ProtocolHandler ["http-nio-80"]
18-Sep-2018 16:22:05.104 INFO [main] org.apache.coyote.AbstractProtocol.pause Pausing ProtocolHandler ["ajp-nio-8009"]
18-Sep-2018 16:22:05.136 INFO [main] org.apache.catalina.core.StandardService.stopInternal Stopping service [Catalina]
18-Sep-2018 16:22:05.167 INFO [main] org.apache.coyote.AbstractProtocol.stop Stopping ProtocolHandler ["http-nio-80"]
18-Sep-2018 16:22:05.167 INFO [main] org.apache.coyote.AbstractProtocol.stop Stopping ProtocolHandler ["ajp-nio-8009"]
18-Sep-2018 16:22:05.167 INFO [main] org.apache.coyote.AbstractProtocol.destroy Destroying ProtocolHandler ["http-nio-80"]
18-Sep-2018 16:22:05.167 INFO [main] org.apache.coyote.AbstractProtocol.destroy Destroying ProtocolHandler ["ajp-nio-8009"]
