22-Aug-2018 16:47:26.957 INFO [main] org.apache.catalina.startup.VersionLoggerListener.log Server version:        Apache Tomcat/8.5.15
22-Aug-2018 16:47:26.972 INFO [main] org.apache.catalina.startup.VersionLoggerListener.log Server built:          May 5 2017 11:03:04 UTC
22-Aug-2018 16:47:26.973 INFO [main] org.apache.catalina.startup.VersionLoggerListener.log Server number:         8.5.15.0
22-Aug-2018 16:47:26.973 INFO [main] org.apache.catalina.startup.VersionLoggerListener.log OS Name:               Windows 10
22-Aug-2018 16:47:26.973 INFO [main] org.apache.catalina.startup.VersionLoggerListener.log OS Version:            10.0
22-Aug-2018 16:47:26.974 INFO [main] org.apache.catalina.startup.VersionLoggerListener.log Architecture:          x86
22-Aug-2018 16:47:26.974 INFO [main] org.apache.catalina.startup.VersionLoggerListener.log Java Home:             C:\Program Files (x86)\Java\jdk1.8.0_121\jre
22-Aug-2018 16:47:26.974 INFO [main] org.apache.catalina.startup.VersionLoggerListener.log JVM Version:           1.8.0_121-b13
22-Aug-2018 16:47:26.974 INFO [main] org.apache.catalina.startup.VersionLoggerListener.log JVM Vendor:            Oracle Corporation
22-Aug-2018 16:47:26.974 INFO [main] org.apache.catalina.startup.VersionLoggerListener.log CATALINA_BASE:         C:\Users\Brandon\Documents\Tomcat
22-Aug-2018 16:47:26.975 INFO [main] org.apache.catalina.startup.VersionLoggerListener.log CATALINA_HOME:         C:\Users\Brandon\Documents\Tomcat
22-Aug-2018 16:47:26.975 INFO [main] org.apache.catalina.startup.VersionLoggerListener.log Command line argument: -Djava.util.logging.config.file=C:\Users\Brandon\Documents\Tomcat\conf\logging.properties
22-Aug-2018 16:47:26.975 INFO [main] org.apache.catalina.startup.VersionLoggerListener.log Command line argument: -Djava.util.logging.manager=org.apache.juli.ClassLoaderLogManager
22-Aug-2018 16:47:26.975 INFO [main] org.apache.catalina.startup.VersionLoggerListener.log Command line argument: -Djdk.tls.ephemeralDHKeySize=2048
22-Aug-2018 16:47:26.975 INFO [main] org.apache.catalina.startup.VersionLoggerListener.log Command line argument: -Djava.protocol.handler.pkgs=org.apache.catalina.webresources
22-Aug-2018 16:47:26.975 INFO [main] org.apache.catalina.startup.VersionLoggerListener.log Command line argument: -Dcatalina.base=C:\Users\Brandon\Documents\Tomcat
22-Aug-2018 16:47:26.976 INFO [main] org.apache.catalina.startup.VersionLoggerListener.log Command line argument: -Dcatalina.home=C:\Users\Brandon\Documents\Tomcat
22-Aug-2018 16:47:26.976 INFO [main] org.apache.catalina.startup.VersionLoggerListener.log Command line argument: -Djava.io.tmpdir=C:\Users\Brandon\Documents\Tomcat\temp
22-Aug-2018 16:47:26.977 INFO [main] org.apache.catalina.core.AprLifecycleListener.lifecycleEvent The APR based Apache Tomcat Native library which allows optimal performance in production environments was not found on the java.library.path: [C:\Program Files (x86)\Java\jdk1.8.0_121\bin;C:\WINDOWS\Sun\Java\bin;C:\WINDOWS\system32;C:\WINDOWS;C:\Program Files (x86)\Common Files\Oracle\Java\javapath;C:\Program Files\Microsoft MPI\Bin\;C:\Program Files (x86)\NVIDIA Corporation\PhysX\Common;C:\ProgramData\Oracle\Java\javapath;C:\WINDOWS\system32;C:\WINDOWS;C:\WINDOWS\System32\Wbem;C:\WINDOWS\System32\WindowsPowerShell\v1.0\;C:\Program Files (x86)\Skype\Phone\;C:\Program Files (x86)\Common Files\Adobe\AGL;C:\Users\Brandon\AppData\Local\Android\sdk;C:\Program Files\Microsoft SQL Server\130\Tools\Binn\;C:\Program Files\dotnet\;C:\Program Files\Git\cmd;C:\Program Files (x86)\GtkSharp\2.12\bin;C:\WINDOWS\System32\OpenSSH\;C:\Users\Brandon\AppData\Local\Microsoft\WindowsApps;;C:\Program Files\Microsoft VS Code\bin;.]
22-Aug-2018 16:47:27.499 INFO [main] org.apache.coyote.AbstractProtocol.init Initializing ProtocolHandler ["http-nio-80"]
22-Aug-2018 16:47:27.613 INFO [main] org.apache.tomcat.util.net.NioSelectorPool.getSharedSelector Using a shared selector for servlet write/read
22-Aug-2018 16:47:27.615 INFO [main] org.apache.coyote.AbstractProtocol.init Initializing ProtocolHandler ["ajp-nio-8009"]
22-Aug-2018 16:47:27.617 INFO [main] org.apache.tomcat.util.net.NioSelectorPool.getSharedSelector Using a shared selector for servlet write/read
22-Aug-2018 16:47:27.618 INFO [main] org.apache.catalina.startup.Catalina.load Initialization processed in 1059 ms
22-Aug-2018 16:47:27.651 INFO [main] org.apache.catalina.core.StandardService.startInternal Starting service [Catalina]
22-Aug-2018 16:47:27.651 INFO [main] org.apache.catalina.core.StandardEngine.startInternal Starting Servlet Engine: Apache Tomcat/8.5.15
22-Aug-2018 16:47:27.751 INFO [localhost-startStop-1] org.apache.catalina.startup.HostConfig.deployWAR Deploying web application archive [C:\Users\Brandon\Documents\Tomcat\webapps\Live.war]
22-Aug-2018 16:47:28.148 INFO [localhost-startStop-1] org.apache.catalina.startup.HostConfig.deployWAR Deployment of web application archive [C:\Users\Brandon\Documents\Tomcat\webapps\Live.war] has finished in [396] ms
22-Aug-2018 16:47:28.149 INFO [localhost-startStop-1] org.apache.catalina.startup.HostConfig.deployWAR Deploying web application archive [C:\Users\Brandon\Documents\Tomcat\webapps\RobotLive.war]
22-Aug-2018 16:47:28.189 INFO [localhost-startStop-1] org.apache.catalina.startup.HostConfig.deployWAR Deployment of web application archive [C:\Users\Brandon\Documents\Tomcat\webapps\RobotLive.war] has finished in [41] ms
22-Aug-2018 16:47:28.189 INFO [localhost-startStop-1] org.apache.catalina.startup.HostConfig.deployWAR Deploying web application archive [C:\Users\Brandon\Documents\Tomcat\webapps\ROOT.war]
22-Aug-2018 16:47:28.191 INFO [localhost-startStop-1] org.apache.catalina.startup.ExpandWar.expand An expanded directory [C:\Users\Brandon\Documents\Tomcat\webapps\ROOT] was found with a last modified time that did not match the associated WAR. It will be deleted.
22-Aug-2018 16:47:28.250 INFO [localhost-startStop-1] org.apache.catalina.startup.HostConfig.deployWAR Deployment of web application archive [C:\Users\Brandon\Documents\Tomcat\webapps\ROOT.war] has finished in [60] ms
22-Aug-2018 16:47:28.251 INFO [localhost-startStop-1] org.apache.catalina.startup.HostConfig.deployDirectory Deploying web application directory [C:\Users\Brandon\Documents\Tomcat\webapps\apache]
22-Aug-2018 16:47:28.274 INFO [localhost-startStop-1] org.apache.catalina.startup.HostConfig.deployDirectory Deployment of web application directory [C:\Users\Brandon\Documents\Tomcat\webapps\apache] has finished in [24] ms
22-Aug-2018 16:47:28.275 INFO [localhost-startStop-1] org.apache.catalina.startup.HostConfig.deployDirectory Deploying web application directory [C:\Users\Brandon\Documents\Tomcat\webapps\docs]
22-Aug-2018 16:47:28.294 INFO [localhost-startStop-1] org.apache.catalina.startup.HostConfig.deployDirectory Deployment of web application directory [C:\Users\Brandon\Documents\Tomcat\webapps\docs] has finished in [19] ms
22-Aug-2018 16:47:28.295 INFO [localhost-startStop-1] org.apache.catalina.startup.HostConfig.deployDirectory Deploying web application directory [C:\Users\Brandon\Documents\Tomcat\webapps\examples]
22-Aug-2018 16:47:29.299 INFO [localhost-startStop-1] org.apache.catalina.startup.HostConfig.deployDirectory Deployment of web application directory [C:\Users\Brandon\Documents\Tomcat\webapps\examples] has finished in [1,005] ms
22-Aug-2018 16:47:29.300 INFO [localhost-startStop-1] org.apache.catalina.startup.HostConfig.deployDirectory Deploying web application directory [C:\Users\Brandon\Documents\Tomcat\webapps\host-manager]
22-Aug-2018 16:47:29.331 INFO [localhost-startStop-1] org.apache.catalina.startup.HostConfig.deployDirectory Deployment of web application directory [C:\Users\Brandon\Documents\Tomcat\webapps\host-manager] has finished in [31] ms
22-Aug-2018 16:47:29.332 INFO [localhost-startStop-1] org.apache.catalina.startup.HostConfig.deployDirectory Deploying web application directory [C:\Users\Brandon\Documents\Tomcat\webapps\manager]
22-Aug-2018 16:47:29.358 INFO [localhost-startStop-1] org.apache.catalina.startup.HostConfig.deployDirectory Deployment of web application directory [C:\Users\Brandon\Documents\Tomcat\webapps\manager] has finished in [26] ms
22-Aug-2018 16:47:29.361 INFO [main] org.apache.coyote.AbstractProtocol.start Starting ProtocolHandler ["http-nio-80"]
22-Aug-2018 16:47:29.367 INFO [main] org.apache.coyote.AbstractProtocol.start Starting ProtocolHandler ["ajp-nio-8009"]
22-Aug-2018 16:47:29.369 INFO [main] org.apache.catalina.startup.Catalina.start Server startup in 1750 ms
22-Aug-2018 16:49:54.076 INFO [main] org.apache.catalina.core.StandardServer.await A valid shutdown command was received via the shutdown port. Stopping the Server instance.
22-Aug-2018 16:49:54.077 INFO [main] org.apache.coyote.AbstractProtocol.pause Pausing ProtocolHandler ["http-nio-80"]
22-Aug-2018 16:49:54.143 INFO [main] org.apache.coyote.AbstractProtocol.pause Pausing ProtocolHandler ["ajp-nio-8009"]
22-Aug-2018 16:49:54.173 INFO [main] org.apache.catalina.core.StandardService.stopInternal Stopping service [Catalina]
22-Aug-2018 16:49:54.206 INFO [main] org.apache.coyote.AbstractProtocol.stop Stopping ProtocolHandler ["http-nio-80"]
22-Aug-2018 16:49:54.208 INFO [main] org.apache.coyote.AbstractProtocol.stop Stopping ProtocolHandler ["ajp-nio-8009"]
22-Aug-2018 16:49:54.209 INFO [main] org.apache.coyote.AbstractProtocol.destroy Destroying ProtocolHandler ["http-nio-80"]
22-Aug-2018 16:49:54.211 INFO [main] org.apache.coyote.AbstractProtocol.destroy Destroying ProtocolHandler ["ajp-nio-8009"]
